0.0
(11.772045448422432, 28.46062494218463)
0.0
(12.176476880908012, 28.69303053393903)
12.176476880908012
28.69303053393903
1.0
1.0
(11.611752539873123, 29.118274987809627)
23.223505079746246
58.236549975619255
2.0
2.0
(11.738842859864235, 29.14546132427617)
35.216528579592705
87.43638397282851
3.0
3.0
(11.718939481303096, 29.12657390180709)
46.87575792521238
116.50629560722837
4.0
4.0
(11.553362394869328, 28.959579276993118)
57.76681197434664
144.79789638496558
5.0
5.0
(11.573445537437996, 28.998483898594255)
69.44067322462797
173.99090339156552
6.0
6.0
(11.690889148839883, 28.911008110852173)
81.83622404187918
202.3770567759652
7.0
7.0
(11.723375889472663, 28.90039361810691)
93.78700711578131
231.2031489448553
8.0
8.0
(11.715314589440823, 28.860521202553645)
105.4378313049674
259.7446908229828
9.0
9.0
(11.625349934399129, 28.835234555511654)
116.25349934399128
288.35234555511653
10.0
10.0
(11.657480325888503, 28.757533982337375)
128.23228358477354
316.33287380571113
11.0
11.0
(11.670274808381995, 28.734728427089163)
140.04329770058393
344.81674112506994
12.0
12.0
(11.661722051982697, 28.74516628321405)
151.60238667577505
373.68716168178264
13.0
13.0
(11.676002961184297, 28.71591251899599)
163.46404145658016
402.02277526594384
14.0
14.0
(11.716719880700111, 28.713958119382248)
175.75079821050167
430.7093717907337
15.0
15.0
(11.758645828813314, 28.753038892064115)
188.13833326101303
460.04862227302584
16.0
16.0
(11.74635010081179, 28.755581023525565)
199.68795171380043
488.8448773999346
17.0
17.0
(11.756547700613737, 28.724219282441545)
211.61785861104727
517.0359470839478
18.0
18.0
(11.754471486728443, 28.701460193689314)
223.3349582478404
545.327743680097
19.0
19.0
(11.744095259159803, 28.722149261642226)
234.88190518319607
574.4429852328445
20.0
20.0
(11.761205543010007, 28.697064261831095)
246.98531640321016
602.638349498453
21.0
21.0
(11.743878134272315, 28.67468533932508)
258.36531895399094
630.8430774651517
22.0
22.0
(11.73986970114967, 28.613925767195433)
270.01700312644243
658.1202926454949
23.0
23.0
(11.785092255100608, 28.613350336222652)
282.8422141224146
686.7204080693436
24.0
24.0
(11.782395592033863, 28.610957811575414)
294.5598898008466
715.2739452893853
25.0
25.0
(11.823027380670492, 28.62355715732678)
307.3987118974328
744.2124860904962
26.0
26.0
(11.813132206874865, 28.63910304070803)
318.95456958562136
773.2557820991168
27.0
27.0
(11.793332381173968, 28.623282267091678)
330.2133066728711
801.451903478567
28.0
28.0
(11.789487124517047, 28.648613320208817)
341.89512661099434
830.8097862860557
29.0
29.0
(11.781254771600167, 28.639507338482392)
353.437643148005
859.1852201544717
30.0
30.0
(11.789503627006084, 28.649569625163686)
365.4746124371886
888.1366583800742
31.0
31.0
(11.785086690448225, 28.62717204627676)
377.1227740943432
916.0695054808563
32.0
32.0
(11.792329979665352, 28.615464567934026)
389.1468893289566
944.3103307418229
33.0
33.0
(11.781510935110205, 28.61685861073625)
400.57137179374695
972.9731927650325
34.0
34.0
