0.0
(0.11492843669207684, 0.14855912929719847, 28.424123764038086, 47.46714782714844)
1.0
(0.11484062359930078, 0.14749246672306535, 28.261061668395996, 47.20592498779297)
2.0
(0.11439961954468918, 0.14605658697790322, 29.28155263264974, 47.66229756673177)
3.0
(0.11620599153645586, 0.15023073770464848, 28.130249500274658, 46.503854751586914)
4.0
(0.11456121938272142, 0.14996103970699812, 27.768790817260744, 46.56658172607422)
5.0
(0.11533725574931643, 0.15190811450066752, 27.775073687235516, 46.501182556152344)
6.0
(0.11431323430429906, 0.1520889916338008, 27.40924154009138, 46.248421805245535)
7.0
(0.11450299078932662, 0.15314817286443366, 27.328513622283936, 46.275782108306885)
8.0
(0.11489198503405904, 0.15327217623749878, 27.41805182562934, 46.566322326660156)
9.0
(0.11484516498188593, 0.1522654924247909, 27.419853973388673, 46.75500221252442)
10.0
(0.11435317364494986, 0.15247573678044757, 26.950528751720082, 46.4228120283647)
11.0
(0.11451900057836817, 0.15193648965228992, 27.461889108022053, 46.58513991038004)
12.0
(0.11438010658394425, 0.15232196092057826, 27.32545441847581, 46.481705298790565)
13.0
(0.11421338584186415, 0.15226723069836443, 27.476581845964706, 46.5884827205113)
14.0
(0.11365131822117476, 0.1517335443054044, 27.451453272501627, 46.653357950846356)
15.0
(0.11359143954286094, 0.1517766850038828, 27.22819948196411, 46.55253005027771)
16.0
(0.11332858815486459, 0.15183388761204614, 27.19949935464298, 46.49417473288143)
17.0
(0.11302613132232481, 0.15145929573885697, 27.25593418545193, 46.55110104878744)
18.0
(0.11332711053121333, 0.15103019284732339, 27.349178113435443, 46.6343984101948)
19.0
(0.11347528702125131, 0.15057581953461627, 27.52866334915161, 46.716892623901366)
20.0
(0.11298441158738892, 0.15002286034636214, 27.658810660952614, 46.77898951939174)
21.0
(0.11320922761806873, 0.1496259197787058, 27.68188615278764, 46.8513877175071)
22.0
(0.1131627796236442, 0.14933629516837782, 27.69539849654488, 46.878469218378484)
23.0
(0.11318167300466901, 0.14941094122128862, 27.681535323460896, 46.85723718007406)
24.0
(0.11298280481310755, 0.1493984924014464, 27.709269256591796, 46.905149688720705)
25.0
(0.11278572462634537, 0.1490778385832244, 27.723533336932842, 46.97122383117676)
26.0
(0.1126743479609166, 0.1492556550126356, 27.67933541757089, 46.95366061175311)
27.0
(0.11308808108603786, 0.14951865165276781, 27.62696497780936, 46.93594101497105)
28.0
(0.11321619777698491, 0.14944484055417953, 27.77730606342184, 47.02043796407765)
29.0
(0.11318321299821933, 0.14944548379003258, 27.682820065816244, 46.98993174235026)
30.0
(0.11312819544063853, 0.14950919719549077, 27.64094857246645, 46.962898623558786)
31.0
(0.1128914059133399, 0.14936533659416323, 27.70206928253174, 47.02417802810669)
32.0
(0.11289051446497624, 0.14931739177747164, 27.681330305157285, 47.02509169145064)
33.0
(0.11268826275076861, 0.14911272418487798, 27.68393830692067, 47.031600278966565)
34.0
(0.11292720502626397, 0.14903246898925773, 27.746274076189312, 47.044240897042414)
35.0
(0.11299956857892265, 0.14925357327232147, 27.727596018049454, 47.05861685011122)
36.0
(0.11275216088168771, 0.14900288875802917, 27.765491176295924, 47.0889442031448)
37.0
(0.11286944632768185, 0.14905059375855625, 27.744367197940225, 47.09540487590589)
38.0
(0.11309910527211588, 0.14895714879659025, 27.816937471047424, 47.11377178094326)
39.0
(0.11308155177082709, 0.14891365689126493, 27.850021076202392, 47.134362602233885)
40.0
(0.11310638238091116, 0.14918710754216735, 27.821442999490877, 47.15317656354206)
41.0
(0.11298945171905703, 0.14924187733594188, 27.76793929508754, 47.135586693173366)
42.0
(0.11290397309080039, 0.14939998677669278, 27.717390592708146, 47.11483267850654)
43.0
(0.1131280489398654, 0.14943831882676759, 27.756885181773793, 47.1459491036155)
44.0
(0.11313552393741579, 0.14956490213197512, 27.733958053588868, 47.12449340820312)
45.0
(0.1131082068040208, 0.14945167954584707, 27.732547013655953, 47.12809620732846)
46.0
(0.11315521976549217, 0.1495212892014656, 27.695226141747007, 47.12577316608835)
47.0
(0.11318514342713117, 0.1496079240869633, 27.727554122606914, 47.151972691218056)
48.0
(0.11312380253433407, 0.14951338320340268, 27.746412199370717, 47.17279527625259)
49.0
(0.11299186051635175, 0.14942947990315789, 27.720891723632814, 47.167121963500975)
50.0
(0.11295453546505158, 0.1493043879269374, 27.77718293433096, 47.20060961854224)
51.0
(0.11287292162174192, 0.1491618694348235, 27.792951400463398, 47.224435146038346)
52.0
(0.11311798714024743, 0.1493531860504087, 27.843016750407667, 47.23834768331276)
53.0
(0.11318894065904753, 0.14947339366614457, 27.82946282845956, 47.20754227814851)
54.0
(0.11343609869832848, 0.1495409034685093, 27.85195260481401, 47.1969441500577)
55.0
(0.11336732300407222, 0.1495492513771828, 27.85812599318368, 47.18751730237688)
56.0
(0.11356961231245041, 0.1495618055280811, 27.818898753116006, 47.18073834870991)
57.0
(0.11349505243949319, 0.14939134460661863, 27.906100273132324, 47.22179116873905)
58.0
(0.11341164416482186, 0.1492804730319158, 27.889186083260228, 47.207441685563424)
59.0
(0.11324057258987429, 0.14912990430989623, 27.883658854166665, 47.21090202331543)
60.0
(0.11323922492459094, 0.1490746177752635, 27.94784086258685, 47.269250025514694)
61.0
(0.11322446099097508, 0.14900797771023175, 28.01100693979571, 47.29479937399587)
62.0
(0.11321734890962169, 0.14888093772152464, 28.0342349400596, 47.32142003377279)
63.0
(0.11331423598954533, 0.14890027471806028, 28.006638318300247, 47.29428976774216)
64.0
(0.11334159101397265, 0.14906765462460536, 27.96407423753005, 47.292694619985724)
65.0
(0.11342911910179759, 0.14904744671601655, 27.946027611241195, 47.29035394841974)
66.0
(0.11354385693274072, 0.1490631702124121, 27.928897886133907, 47.28811793540841)
67.0
(0.11345354286728078, 0.14903606860217983, 27.952257605159986, 47.31410553876091)
68.0
(0.11340591596314514, 0.148986049487511, 27.952047790306203, 47.32689086250637)
69.0
(0.11338070665698298, 0.14890592601082764, 27.954500661577498, 47.325547627040315)
70.0
(0.11338563093867864, 0.14897923255304335, 27.958084321357834, 47.32704952401175)
71.0
(0.11348106499977188, 0.14901288465983215, 27.973518265618218, 47.32516203986274)
72.0
(0.11347430550115734, 0.14897092138778203, 28.005056537993966, 47.34689090676503)
73.0
(0.11351175178303521, 0.14894195699718127, 28.00940938898035, 47.33885342365986)
74.0
(0.11347882785303592, 0.14887135054864165, 27.98172561645508, 47.34325154622396)
75.0
(0.11343600016894086, 0.1488407366060743, 27.98406154231021, 47.337730407714844)
76.0
(0.11346726322192842, 0.14875243645238925, 28.02135219821682, 47.33253488912211)
77.0
(0.11343191822741769, 0.14872470534709445, 28.042434056599934, 47.33587431296324)
78.0
(0.11343482398028558, 0.14876588874034047, 28.040839859201938, 47.32778341558915)
79.0
(0.11342292957505277, 0.14871664864378004, 28.07906918525696, 47.34254446029663)
80.0
(0.11326937347321704, 0.14861561571615126, 28.08423798172562, 47.342835226176696)
81.0
(0.11324633806112508, 0.1485527892699875, 28.1100562956275, 47.35612585486435)
82.0
(0.11324134403099717, 0.14848062772555587, 28.13298563210361, 47.37724331775343)
83.0
(0.11323280899417246, 0.14849652349391854, 28.14638798577445, 47.382848648797896)
84.0
(0.11326150565284424, 0.1485646214119276, 28.139887619018555, 47.39425457225126)
85.0
(0.11325380416718622, 0.14848202753827042, 28.141399516615756, 47.40557963349099)
86.0
(0.11329078392289693, 0.14845015977485992, 28.138317042383655, 47.413087559842516)
87.0
(0.11318400636860432, 0.14849812760067735, 28.070298585024748, 47.37124625119296)
88.0
(0.11314362820312474, 0.14850160052971842, 28.08092713088132, 47.396182671021876)
89.0
(0.11304545238171097, 0.14848956524350448, 28.050524753994413, 47.39333678351508)
90.0
(0.11313457135145666, 0.14848382981405123, 28.080570619184893, 47.40928436111618)
91.0
(0.11309649810819523, 0.14850788338573925, 28.083346304686174, 47.41120073069697)
92.0
(0.11309113750322528, 0.1485015318839281, 28.08271744430706, 47.41227258661742)
93.0
(0.11310109748463293, 0.14855084741670802, 28.10597297993112, 47.42517171007522)
94.0
(0.11311941759529409, 0.1487024338421279, 28.068289345189143, 47.402469394081514)
95.0
(0.11313968425223858, 0.14869912767800533, 28.045257925987244, 47.39803103605906)
96.0
(0.11309279293456978, 0.1486766095656224, 28.043351635490495, 47.38854689450608)
97.0
(0.11304078453692915, 0.14859236430181097, 28.05764727689782, 47.41759522107183)
98.0
(0.11301579523463753, 0.1485885575966524, 28.05115705547911, 47.40929401282108)
99.0
(0.1130051448262964, 0.14852200211838565, 28.065639667510986, 47.42297832489014)
100.0
(0.11308425048103675, 0.14855304349101453, 28.103533338792253, 47.43135931940362)
101.0
(0.11300328519928154, 0.14844997326747378, 28.126965073978198, 47.448793186860925)
102.0
(0.11302401544185423, 0.1485078826446006, 28.122326582380868, 47.44257943607071)
103.0
(0.11299754381087826, 0.14855546328615235, 28.08754933797396, 47.40546395228459)
104.0
(0.11305012011958515, 0.14863041930226553, 28.080675978887648, 47.410089111328126)
105.0
(0.11298491321022351, 0.14860577041763023, 28.081007777519947, 47.40515762904905)
106.0
(0.11306495706266478, 0.14865648969633036, 28.07276212389224, 47.40847942316643)
107.0
(0.11309089909607156, 0.14874516951868935, 28.056191444396973, 47.39005442018862)
108.0
(0.1130856253665424, 0.14867540651030853, 28.076953660457505, 47.419617714138205)
109.0
(0.11316823003453245, 0.14862465135501432, 28.10255693955855, 47.435229977694426)
110.0
(0.11317717696768251, 0.14857873638754387, 28.0980897508226, 47.43539153777801)
111.0
(0.11320164711970293, 0.1485438846118752, 28.092475363186427, 47.4209223815373)
112.0
(0.11326027030588329, 0.14856192608506447, 28.085057570870998, 47.423645188323164)
113.0
(0.11325219786869785, 0.14852561519360985, 28.07735508366635, 47.42107478359289)
114.0
(0.11324266686915013, 0.1485050584518433, 28.08663449494735, 47.432590318762735)
115.0
(0.11328086629875542, 0.14848910421767803, 28.110239916834338, 47.447330968133336)
116.0
(0.11330665213434078, 0.14849912230158685, 28.11595212496244, 47.4357783325717)
117.0
(0.11332987777538847, 0.1485182835475002, 28.106126575146693, 47.4251110270872)
118.0
(0.1133457485118067, 0.1485093447787204, 28.130663414963152, 47.43219391638491)
119.0
(0.11335797464238076, 0.14850501211569714, 28.106742350260415, 47.41705849965413)
120.0
(0.1132865178213165, 0.14844785201760852, 28.125279371403465, 47.4293214151682)
121.0
(0.11335712856982856, 0.14844195343648808, 28.13501922419814, 47.42770504560627)
122.0
(0.11340268373689943, 0.14843968236964614, 28.146100780828213, 47.43835424407711)
123.0
(0.11345518363143339, 0.14840837760805559, 28.15708743372271, 47.4450939547631)
124.0
(0.11350035483895617, 0.14840509201695207, 28.1559794921875, 47.45776922607422)
125.0
(0.11345337004757415, 0.14836861177254132, 28.16178303673154, 47.45993141900925)
126.0
(0.11348945163161567, 0.14840260579182546, 28.17956883888545, 47.46586458701787)
127.0
(0.11344291575368137, 0.14841601678957259, 28.153332963585854, 47.44228211045265)
128.0
(0.11342423717142222, 0.14835620281952264, 28.173770919326664, 47.45563548479893)
129.0
(0.11349158584061157, 0.148332713525422, 28.186295142540565, 47.46381967984713)
130.0
(0.11353560599056521, 0.14833701341602815, 28.194302566178884, 47.46699998578953)
131.0
(0.11360279227217045, 0.14840741882990116, 28.17577973279086, 47.44981072165749)
132.0
(0.11359272583092145, 0.14842741413470373, 28.173791326078256, 47.44677043140383)
133.0
(0.11363879169498024, 0.14850160879903002, 28.168721654521885, 47.44550198227612)
134.0
(0.11362336674299932, 0.14857994706696273, 28.13805433202673, 47.427132867883756)
135.0
(0.11363017521439019, 0.14853162308148454, 28.15623694307664, 47.44214175729191)
136.0
(0.11357787618899795, 0.14850344001780424, 28.14480363887592, 47.433246055658714)
137.0
(0.11355350331178236, 0.14851742854834432, 28.111755053202312, 47.42341464498769)
138.0
(0.1135511927303897, 0.148491716585047, 28.099358620403482, 47.42380144956301)
139.0
(0.11355867565578044, 0.14853397477544977, 28.088736643110003, 47.41688202449254)
140.0
(0.11352639577623623, 0.14850128911042298, 28.09209450255049, 47.42977226203215)
141.0
(0.11352026624399744, 0.14847486196460694, 28.090219014127488, 47.424717325559804)
142.0
(0.11354222220023782, 0.1484895240045605, 28.0943116408128, 47.42993465503613)
143.0
(0.11359938177686645, 0.14849743723617737, 28.09934667746226, 47.43113864792718)
144.0
(0.11357558771302005, 0.14854852706592972, 28.095641063821727, 47.42666210306102)
145.0
(0.11360594605287977, 0.14854564264588951, 28.077935035914592, 47.421252551144114)
146.0
(0.11362961436548859, 0.14856350514277994, 28.05879561755122, 47.42279236981658)
147.0
(0.11360480456936632, 0.14857643187265143, 28.048723517237484, 47.414353602641334)
148.0
(0.11367730810280145, 0.1485729460873059, 28.067053199614456, 47.423954829273605)
149.0
(0.11371819167589128, 0.14858328279888547, 28.076167399088543, 47.42693199157715)
150.0
(0.1137324252364566, 0.14861055434258774, 28.082059973912525, 47.43586877481827)
151.0
(0.11377154711354608, 0.14857209175521455, 28.096179171612388, 47.43398023906507)
152.0
(0.11376760447696355, 0.1485956729889112, 28.081033818862018, 47.43132345660839)
153.0
(0.11377663357019546, 0.1485786254680357, 28.074404605023272, 47.43114719143161)
154.0
(0.11374572897346927, 0.1485304842991464, 28.073609998149255, 47.435113131615424)
155.0
(0.11378126524131897, 0.1485808885867892, 28.082440266242394, 47.438635899470405)
156.0
(0.11381619977004777, 0.14862419884376787, 28.084194851529066, 47.45255891836373)
157.0
(0.11368859754857095, 0.14857301857222793, 28.066807457163364, 47.44900128811221)
158.0
(0.11370040650042931, 0.14858697946695404, 28.056127188340675, 47.44470625103644)
159.0
(0.1137189346501625, 0.14861850001751575, 28.05963600873947, 47.43906602859497)
160.0
(0.11363818698386584, 0.1486320672630061, 28.042086796730942, 47.41846255189884)
161.0
(0.1136647849685325, 0.14859505661500763, 28.04141569726261, 47.42009047520013)
162.0
(0.11366532890699298, 0.14858702166762014, 28.052093283530393, 47.42365307018069)
163.0
(0.11371037256262143, 0.14856054096049082, 28.054169875819507, 47.42711869681754)
164.0
(0.11365753015623062, 0.1485462070029457, 28.053113463430694, 47.425411663633405)
165.0
(0.11365400813557228, 0.1485347627159825, 28.05052764157215, 47.428560394838634)
166.0
(0.11367311869853189, 0.14854126453699984, 28.044034752303254, 47.42421016578903)
167.0
(0.11366481012684151, 0.1485156585014035, 28.041239261627197, 47.42394597189767)
168.0
(0.11368258863734063, 0.14850914050653552, 28.05321396596333, 47.428058917705826)
169.0
(0.11370160981067072, 0.1484765526758003, 28.073905406278723, 47.44348294875201)
170.0
(0.11370602737067138, 0.14846467717669803, 28.076528393037137, 47.44090795238116)
171.0
(0.11371893008455528, 0.1484343426926981, 28.08623295052107, 47.44776506202165)
172.0
(0.1137158523268352, 0.14842332802423777, 28.102825583750114, 47.45555527086203)
173.0
(0.11369068474402146, 0.1484023661664712, 28.082837806350884, 47.43855629844227)
174.0
(0.1136360411767096, 0.14840042696136344, 28.066470587594168, 47.425901053292414)
175.0
(0.11363985960505764, 0.14843838847996565, 28.05990305813876, 47.42367549376054)
176.0
(0.11364701798938315, 0.1484179453004517, 28.07349428079896, 47.43061246710309)
177.0
(0.1136335556310766, 0.14841856368885692, 28.06350291177128, 47.42493256558193)
178.0
(0.11360161835764652, 0.14840809977565808, 28.056794257137362, 47.42258986148088)
179.0
(0.11360276871747349, 0.14840981221614516, 28.065607007344564, 47.42267600165473)
180.0
(0.11358714680560372, 0.1483870568154313, 28.0777723828732, 47.42607561395972)
181.0
(0.11357959945515764, 0.14838458038005292, 28.05880360026936, 47.41938838329944)
182.0
(0.11360464425886685, 0.14842455089167478, 28.061184450576867, 47.41628081941865)
183.0
(0.11360707838545211, 0.1483996429057044, 28.066277908242267, 47.40671296741652)
184.0
(0.1136313715432904, 0.1484048922791914, 28.066075763186895, 47.40884059184307)
185.0
(0.1136112066705088, 0.14838042239896576, 28.054272938800114, 47.408303988877165)
186.0
(0.11364691854739797, 0.14835641313720163, 28.06416260622402, 47.41317596027558)
187.0
(0.11363021979823877, 0.14832003205582936, 28.061362388286184, 47.42909778432643)
188.0
(0.1136159305157182, 0.14831067880239662, 28.061862572160347, 47.431830370867694)
189.0
(0.11361969123454067, 0.1483596908954213, 28.051696596647563, 47.42376538326866)
190.0
(0.11360132810398271, 0.14836580632779428, 28.040975950151214, 47.4136422441892)
191.0
(0.11360257385044031, 0.14835475259418693, 28.06059189637502, 47.41049748659134)
192.0
(0.11362323676807333, 0.14832490887010463, 28.073820815802854, 47.41952933672179)
193.0
(0.11367403278924235, 0.14833104036690223, 28.066413318987973, 47.41758244308)
194.0
(0.11365665612440387, 0.1483343214768764, 28.055813598632813, 47.409696099697015)
195.0
(0.1136531905587068, 0.1483156746750799, 28.06223791472766, 47.41849455541494)
196.0
(0.11360471653357816, 0.14829576937515151, 28.05856458789806, 47.41576542346006)
197.0
(0.11361232280354074, 0.14835347727203868, 28.05552876597703, 47.41591628874191)
198.0
(0.11362340040560409, 0.1483519710741262, 28.06707881563273, 47.41866603448762)
199.0
(0.11364424829019264, 0.14836497420709457, 28.064271640777587, 47.4172285079956)
200.0
(0.11359331800206225, 0.1484044273761893, 28.04152695575164, 47.40797437601422)
201.0
(0.11362115976643543, 0.14838717176942526, 28.056862623384685, 47.41373090460749)
202.0
(0.11361424064898928, 0.14848347342402876, 28.045614825093686, 47.40868864388302)
203.0
(0.11360124493485352, 0.14850555057397874, 28.04400789971445, 47.40568400364296)
204.0
(0.11364881532361328, 0.14852470541060342, 28.047103407324816, 47.40977357073528)
205.0
(0.11367896088964649, 0.1485060520697521, 28.04756599722557, 47.41818259526225)
206.0
(0.11369359723540072, 0.14852482091041375, 28.045461488806684, 47.416186622951344)
207.0
(0.11370318491483888, 0.1485784675868948, 28.047562351593605, 47.40786128777724)
208.0
(0.11369063424694932, 0.1485473224846347, 28.053682089992687, 47.40659622484417)
209.0
(0.11370209386583534, 0.14859800641732762, 28.04763666788737, 47.400080163138256)
210.0
(0.11374763022636164, 0.14856884701993434, 28.06344681328507, 47.40907750423486)
211.0
(0.11376818202530288, 0.14860803518835738, 28.050998282882404, 47.402267707968655)
212.0
(0.1137485296640875, 0.14860414272581443, 28.052665746267973, 47.39999108471221)
213.0
(0.11374333338606178, 0.14863083509697028, 28.063813102579562, 47.388754211853595)
214.0
(0.11368544503404998, 0.14867580380145218, 28.051858946334484, 47.3807318221691)
215.0
(0.11363470568399948, 0.1486827562638668, 28.04503619229352, 47.372645713664866)
216.0
(0.11361599670847292, 0.14867038861113602, 28.035004145538753, 47.36580107728457)
217.0
(0.11367288873874509, 0.14868301690518268, 28.038583475515384, 47.36877871872088)
218.0
(0.11372213652792952, 0.14867502828197748, 28.0330604831922, 47.3870405258109)
219.0
(0.11377078060322075, 0.14870410407948678, 28.036153533241965, 47.38891046697443)
220.0
(0.11376512508653243, 0.14872910112680626, 28.022338694576764, 47.3831143098719)
221.0
(0.11372810018315554, 0.14873856887843928, 28.010262137060767, 47.38132949347968)
222.0
(0.11368679313945051, 0.14878929235079033, 28.008137159817956, 47.37940984135786)
223.0
(0.11364982898657737, 0.14877146728835608, 27.985713447843278, 47.37141561508179)
224.0
(0.1136778280951384, 0.14873954152976232, 28.000067257351347, 47.38015413072374)
225.0
(0.11368268161041035, 0.1487795133474724, 27.986706531153317, 47.371686935424805)
226.0
(0.11367380382837822, 0.14877979809250544, 27.980759213149284, 47.36902033599988)
227.0
(0.11367023813087973, 0.1487645231616105, 27.99348470620942, 47.37525976749889)
228.0
(0.11365708371081294, 0.1487512999624067, 27.99662086953242, 47.37586347088543)
229.0
(0.11369376915648885, 0.14876668622788314, 27.991947845790698, 47.36948419653851)
230.0
(0.11376131626704533, 0.14880142531308402, 27.979578695255956, 47.36425460881485)
231.0
(0.11374790815070797, 0.14877644186095285, 27.990220349410485, 47.370043919004246)
232.0
(0.11379348668115, 0.14877627740743932, 27.98820223828754, 47.37418588138957)
233.0
(0.11378884652891035, 0.14875293209380192, 27.99553220699995, 47.38649120493832)
234.0
(0.11375901644418449, 0.1487181801904354, 28.004481165459815, 47.38872817019199)
235.0
(0.1137529153860468, 0.14871964328039897, 28.00995880062297, 47.39504140110339)
236.0
(0.11378348472535257, 0.14875605172698705, 28.006850962900412, 47.39363328314029)
237.0
(0.11375283514876164, 0.1487223672771755, 28.00417915312182, 47.39309923188025)
238.0
(0.11372115296825298, 0.14870099400600587, 28.019389475738652, 47.39924883343684)
239.0
(0.11372912480224621, 0.1486972788432747, 28.0191730260849, 47.39741997718811)
240.0
(0.11374032049405652, 0.14866974175506123, 28.030377906387773, 47.40291899368476)
241.0
(0.11372338679352816, 0.1487051788314427, 28.00646321635601, 47.38548214179425)
242.0
(0.1137611336932088, 0.14874943739042373, 28.004739981129337, 47.377007268583824)
243.0
(0.11376469286736204, 0.14878621660921318, 27.99219144758631, 47.36482154345903)
244.0
(0.11377192998297557, 0.14880711749614592, 27.985184105075135, 47.35539145956234)
245.0
(0.11378258288712474, 0.1488119784455519, 27.97307723130637, 47.34986505275819)
246.0
(0.113810134002704, 0.14885320396996693, 27.976660655095028, 47.349586718478186)
247.0
(0.11380664272002074, 0.1488909681391568, 27.959658976524107, 47.34379602247669)
248.0
(0.11379905092988654, 0.1488775710546432, 27.961471634217535, 47.3430888317675)
249.0
(0.11382154733919471, 0.14886418115730557, 27.974377906799315, 47.34913693237305)
250.0
(0.11384292270152, 0.14889819762659728, 27.96487174471061, 47.347899433151184)
251.0
(0.11382546085539214, 0.14892012488281667, 27.951554586016943, 47.33750375111898)
252.0
(0.11381183739675402, 0.14896634720490837, 27.932604959359754, 47.33044917592889)
253.0
(0.11383373191896497, 0.14895375521392018, 27.948913363959846, 47.34036136236716)
254.0
(0.11383333826025444, 0.14897910947391493, 27.947748416077857, 47.33830862606273)
255.0
(0.11382426304494335, 0.14895179074519932, 27.9490602388978, 47.345617190003395)
256.0
(0.1138063010074343, 0.14894809659443375, 27.94902173647157, 47.342714925684355)
257.0
(0.11380862398122829, 0.14893739726166733, 27.946813073269155, 47.3443625546241)
258.0
(0.11379122184362701, 0.14894228711999494, 27.946424042396103, 47.34393155896986)
259.0
(0.11378546587154326, 0.14891272191721774, 27.94640462581928, 47.34378022413988)
260.0
(0.11381927034150141, 0.14893082770097105, 27.939188807403447, 47.336745426572605)
261.0
(0.1138384605547153, 0.14893177724328058, 27.929242607291417, 47.334250268135364)
262.0
(0.1138484609734419, 0.14892374809851364, 27.92594225778326, 47.33137130737305)
263.0
(0.11384499961027025, 0.14893579790763753, 27.939053896701697, 47.33447267069961)
264.0
(0.11384148495847789, 0.14894344940393422, 27.947503295034732, 47.33899773651699)
265.0
(0.1138751660907775, 0.14894576746457794, 27.956801837548277, 47.34481372689842)
266.0
(0.11387054474711106, 0.14894376066521411, 27.950661177045845, 47.34266476863333)
267.0
(0.11386092328614233, 0.14892654725668478, 27.953482015809016, 47.34329020087399)
268.0
(0.11388890635132105, 0.1489252436155891, 27.96504904878184, 47.34680552996667)
269.0
(0.11386998551113492, 0.14891606891968348, 27.962158054775664, 47.34983387699834)
270.0
(0.11385302841158741, 0.14897342141506278, 27.964546710362733, 47.353038013641246)
271.0
(0.11387174180615194, 0.14896132745536686, 27.97152212788077, 47.3591889072867)
272.0
(0.11390715763848192, 0.14895707340198897, 27.985806797013616, 47.36120893317701)
273.0
(0.11389813566859375, 0.14894810330918742, 27.971855442019276, 47.3580700950901)
274.0
(0.11390131237874351, 0.14895878835340587, 27.957276091142134, 47.34899203213779)
275.0
(0.11389434754552819, 0.14893799820948891, 27.96128033209538, 47.353423892587855)
276.0
(0.1138968510146548, 0.1489154507367561, 27.966900691228652, 47.36096694064915)
277.0
(0.11388707216926973, 0.14889706618670323, 27.972028622524345, 47.36712035858374)
278.0
(0.11386478661900994, 0.14890911344817845, 27.96465192815309, 47.363983017569375)
279.0
(0.11384213020070076, 0.14889450315190025, 27.966144834245956, 47.36732093266078)
280.0
(0.11379768963248488, 0.1488949455339043, 27.958887846868656, 47.36703413830957)
281.0
(0.11380638220076007, 0.14894405671777175, 27.956352159486595, 47.365438339558054)
282.0
(0.11379639868779785, 0.1489352336129973, 27.95317176037037, 47.36835861206055)
283.0
(0.11379697392134307, 0.14894806398815572, 27.952287539629868, 47.36705656454597)
284.0
(0.11380687602796936, 0.1489701678591085, 27.95049659996702, 47.36775720161304)
285.0
(0.11380241838660522, 0.14896218770359074, 27.94887364660943, 47.371249872487745)
286.0
(0.1137999388155816, 0.14894757294217842, 27.957148316014518, 47.37814910569673)
287.0
(0.11382989299379383, 0.14895563237868065, 27.957172565990025, 47.375074876679314)
288.0
(0.11382522030439592, 0.14893453946907675, 27.971109614652747, 47.37673804999223)
289.0
(0.11378641789030199, 0.14891266923619045, 27.970531009805615, 47.37723678062702)
290.0
(0.11379513538261762, 0.14892521081368465, 27.97947870497032, 47.38047230776233)
291.0
(0.11376857026473346, 0.14893446159052612, 27.975798691788764, 47.375616622297734)
292.0
(0.11377675946677573, 0.14891187701533404, 27.990774206740863, 47.383026266260764)
293.0
(0.11378990656843552, 0.14889213143998123, 27.999832017081125, 47.39245242164249)
294.0
(0.1137903367925436, 0.14889408096759058, 28.00400404202736, 47.39078269570561)
295.0
(0.11380399989818131, 0.1489046961683866, 27.993368522540944, 47.38248788988268)
296.0
(0.11380265468931375, 0.1488959254555589, 27.992506887776283, 47.38239570900246)
297.0
(0.11377758999859743, 0.14890569155911795, 27.98631632248027, 47.37859125585364)
298.0
(0.11377946944855367, 0.14888945576661006, 27.995313708200104, 47.3872433793186)
299.0
(0.1137807773770722, 0.14888919536655112, 27.991694672902426, 47.38580242156982)
300.0
(0.11375262081807022, 0.1488708033010348, 27.98603213744306, 47.38363587895897)
301.0
(0.11375822696254265, 0.14886483771425132, 27.997934935108717, 47.390616562192804)
302.0
(0.11375363588290821, 0.1488500837564487, 28.000359916057523, 47.38813809435753)
303.0
(0.1137661285371401, 0.14884780161879685, 27.999486502848175, 47.388373952162894)
304.0
(0.1137518398463654, 0.14883714038921597, 28.006398791954165, 47.397053390252786)
305.0
(0.11376189939830393, 0.14882806631507522, 28.007396299075456, 47.4004901686525)
306.0
(0.11375024878929463, 0.14881033324097384, 28.007889918473335, 47.400964705874166)
307.0
(0.11376213375722327, 0.14879400092075262, 28.01307607625986, 47.40982013553768)
308.0
(0.11376788705682282, 0.1487782900343525, 28.015373532440286, 47.40951356610048)
309.0
(0.11375258989248715, 0.14877327773764906, 28.013895022484565, 47.40652559341923)
310.0
(0.11373913884100256, 0.14876456155706086, 28.01877243189183, 47.4080015593403)
311.0
(0.11373716081124524, 0.1487631688414288, 28.01980593876961, 47.40762105354896)
312.0
(0.11372723042044103, 0.14874530653659193, 28.030899352539844, 47.412744162562554)
313.0
(0.11374172202188514, 0.1487324802660187, 28.038374833999924, 47.41819539647194)
314.0
(0.1137604936853294, 0.14871889094276014, 28.049233530438137, 47.419811260889446)
315.0
(0.11374919120989953, 0.14873546603874768, 28.041651122177704, 47.41502683373946)
316.0
(0.11374113714579269, 0.1487493578899578, 28.040185374792443, 47.410871331247996)
317.0
(0.11375600738939395, 0.14874889617208623, 28.03170262942524, 47.405675492196714)
318.0
(0.11374255969268368, 0.1487601897500527, 28.02761099405797, 47.40553442736778)
319.0
(0.11373642208571202, 0.14874095805916854, 28.028812104463576, 47.41047477722168)
320.0
(0.11370861446909544, 0.14875694646908402, 28.011384993698737, 47.39904414381936)
321.0
(0.1137296154205526, 0.14876217215546134, 28.009443970200437, 47.39702642926518)
322.0
(0.11371344086822571, 0.14879118564197463, 27.996332505170038, 47.389619089132495)
323.0
(0.1136866780582212, 0.1487866231302085, 27.995714175848313, 47.389798329200275)
324.0
(0.11371257718807816, 0.14878162641690937, 27.996713274442232, 47.38849284245418)
325.0
(0.11372882433445718, 0.14876610475350527, 28.005485967624406, 47.39332168672714)
326.0
(0.11372871531558384, 0.14874177928200633, 28.012516395032225, 47.3951044111806)
327.0
(0.11371879993167489, 0.14875183546365625, 28.01360364076568, 47.39590234291263)
328.0
(0.11372182917967819, 0.14873074052829077, 28.019544642022314, 47.399293360376795)
329.0
(0.11371819806799749, 0.14872460173845228, 28.01167856274229, 47.39603306163441)
330.0
(0.1137124732465214, 0.14871581085522995, 28.01125211802134, 47.39417405142885)
331.0
(0.11371601859735424, 0.1487166190725974, 28.011840917977942, 47.39002122074724)
332.0
(0.11372304557668686, 0.14871087635294877, 28.01996846241994, 47.39080844913517)
333.0
(0.11371671450306088, 0.1487168682349414, 28.024635434864525, 47.392514428692664)
334.0
(0.1136923430480726, 0.14871441336362184, 28.020392141769182, 47.39015394751706)
335.0
(0.11370614601239733, 0.14872030388223548, 28.01275260675521, 47.38836744853428)
336.0
(0.11372704667272038, 0.14871264587921781, 28.01352801450282, 47.39000592104405)
337.0
(0.11372514271052604, 0.1487020519583984, 28.014749301255808, 47.39219984923594)
338.0
(0.11373225373431335, 0.1486938714998844, 28.014328149216013, 47.393582223087634)
339.0
(0.11372108004320101, 0.14868234639969882, 28.023871898651123, 47.400350806292366)
340.0
(0.11373938983753, 0.14868491361591576, 28.027656918746636, 47.40509761463512)
341.0
(0.11374725192159055, 0.14872570912061694, 28.02655581981815, 47.404558728312885)
342.0
(0.1137464479950426, 0.14871144791447938, 28.03051669396047, 47.407657723385114)
343.0
(0.11374848206881502, 0.14872638780912506, 28.0274259156959, 47.407151044801225)
344.0
(0.11375574053079801, 0.14870919590403534, 28.03698708354563, 47.41382949386818)
345.0
(0.11377619962387175, 0.1487414631858396, 28.034364694804815, 47.415552470036324)
346.0
(0.11378260685083832, 0.1487324649100369, 28.03547630529926, 47.41772585162512)
347.0
(0.11376693117010699, 0.14875560798653034, 28.026342276869148, 47.41287770764581)
348.0
(0.11379557194176065, 0.1487896431838258, 28.02877989607759, 47.40853192129928)
349.0
(0.11381401008952344, 0.14881505193582462, 28.02260480608259, 47.4070310320173)
350.0
(0.11384080560680176, 0.14883392015697472, 28.02970948721948, 47.41122841902948)
351.0
(0.11383771334824505, 0.14884197205505809, 28.021029515699908, 47.405249704014174)
352.0
(0.11384682037295353, 0.14883407209451577, 28.024472525707385, 47.40362317568857)
353.0
(0.11386381062457772, 0.14885515997424784, 28.018260034464173, 47.3975631261276)
354.0
(0.113895711821619, 0.14886011010080796, 28.000159126604107, 47.39424929551675)
355.0
(0.11387496809772098, 0.14884280602168634, 28.00358340445529, 47.39488014478362)
356.0
(0.1138741930575069, 0.14882661479065554, 27.999131216054536, 47.39182162885906)
357.0
(0.1138915074908691, 0.14881500592384053, 28.006573202889726, 47.39620941844066)
358.0
(0.11387822353370507, 0.1488001194574852, 28.011630305340695, 47.39456958823882)
359.0
(0.11387101017217227, 0.14881140976350804, 28.011022435294258, 47.39061897065904)
360.0
(0.11386407605589036, 0.1487889722737878, 28.014139666781862, 47.39564254211257)
361.0
(0.11386172280948575, 0.14878182829442124, 28.025727877959362, 47.39828744119043)
362.0
(0.11387123269824953, 0.14878035959572875, 28.026118517578798, 47.39660192652511)
363.0
(0.113874537431324, 0.14876750302203895, 28.038629898658165, 47.401822090148926)
364.0
(0.11389217441057427, 0.14877902346716454, 28.041120706845636, 47.398917347111116)
365.0
(0.1139249759978798, 0.14881105381026485, 28.026035241090536, 47.393508202391246)
366.0
(0.11390833183345854, 0.14880326728020893, 28.027047991427803, 47.39459917655758)
367.0
(0.11391110809819634, 0.14880311469681337, 28.030727298363395, 47.39523580799932)
368.0
(0.1139288037253884, 0.14878445246326444, 28.031899656383647, 47.394586764700044)
369.0
(0.11396149388673513, 0.14877358480365196, 28.040728007136163, 47.39887693250501)
370.0
(0.11394308867088448, 0.1487789336904616, 28.0424847615697, 47.39772498446976)
371.0
(0.11395616839781912, 0.14879064466908393, 28.044474873491513, 47.39605623675931)
372.0
(0.11395620829528609, 0.14880221138444255, 28.044625520066983, 47.39336090496973)
373.0
(0.11396934903095737, 0.14879021758975614, 28.046001709718755, 47.39531967856667)
374.0
(0.11394503474374366, 0.14877425415050227, 28.05409756978353, 47.40119148763021)
375.0
(0.11395595986250442, 0.14876333103285727, 28.056031927149345, 47.40372477186487)
376.0
(0.1139652397924476, 0.1487495765041011, 28.051925659179688, 47.40324014314606)
377.0
(0.11396289681367121, 0.14874373664660057, 28.056305103201083, 47.40858481674598)
378.0
(0.11395912897937693, 0.14875953586684806, 28.049594607390954, 47.406385597893305)
379.0
(0.11396155046294836, 0.14878361791494094, 28.049767720071895, 47.405210996928965)
380.0
(0.11394862024367346, 0.14877973565080913, 28.043181001357834, 47.40142004258364)
381.0
(0.11391850668170744, 0.1487793861102444, 28.036248561599493, 47.39138456414507)
382.0
(0.1139113883698193, 0.14876596327883795, 28.03531848917431, 47.39380369858704)
383.0
(0.11391663433347683, 0.1487782577677818, 28.03045156598091, 47.39100278417269)
384.0
(0.11391452981629577, 0.14877521031501256, 28.018893363259057, 47.38444033536044)
385.0
(0.11393104361548988, 0.1487591770829919, 28.025655869992903, 47.39151679913615)
386.0
(0.11391246672822991, 0.14876410408398824, 28.01102304581832, 47.38042311951788)
387.0
(0.11392422176622832, 0.14875197579039603, 28.02328161849189, 47.3838302474661)
388.0
(0.11390586157466695, 0.1487474954138818, 28.021363481457865, 47.38243192265763)
389.0
(0.11390427739208127, 0.14872583919685414, 28.029806498992137, 47.38608536353478)
390.0
(0.1139021696892457, 0.1487223220443656, 28.03349649570787, 47.38767766342748)
391.0
(0.11392111707369151, 0.1487292216971101, 28.038434276775437, 47.387360027858186)
392.0
(0.11393665512594713, 0.14871222342304127, 28.042865787146958, 47.38989498536399)
393.0
(0.11393535428171793, 0.1486966298344613, 28.04157618217662, 47.39124251622234)
394.0
(0.11394833716634141, 0.14869870543292368, 28.03443508872503, 47.38394392955152)
395.0
(0.11392248614255499, 0.14867955887013654, 28.03768629016298, 47.38203049669362)
396.0
(0.11393999448390289, 0.14868190294128558, 28.03741455078125, 47.383292546500485)
397.0
(0.11394787609884958, 0.14867118761620632, 28.040594422038478, 47.38677195448372)
398.0
(0.11393399542761391, 0.14865625816472516, 28.040000279744465, 47.384133322197094)
399.0
(0.1139248492749332, 0.14864949671150054, 28.041700859069824, 47.38284197807312)
400.0
(0.11393320041696775, 0.14863759488024034, 28.04513745296031, 47.38880113711084)
401.0
(0.11394178110623075, 0.14867390667451566, 28.031531115669516, 47.38144864134527)
402.0
(0.11393564049527752, 0.14867019671502069, 28.024004820262824, 47.38242691267217)
403.0
(0.11391928097478601, 0.14868497022214203, 28.015239333162214, 47.37648133948298)
404.0
(0.11388698087066985, 0.148678694135289, 28.009369631166813, 47.36954350412628)
405.0
(0.11388818752625388, 0.14868492655893398, 28.004889925125198, 47.36485570522365)
406.0
(0.11389124089983654, 0.14867208124838102, 28.00054934921077, 47.36359825415459)
407.0
(0.1138794973819826, 0.1486698473819671, 27.98650068395278, 47.362525332207774)
408.0
(0.11387658996322902, 0.1486536518014237, 27.992856657592476, 47.36573001516477)
409.0
(0.1138714739598433, 0.14864944995512816, 27.990592258732494, 47.363810264773484)
410.0
(0.11386330598161691, 0.14863498146129714, 27.99591686777825, 47.36423261322244)
411.0
(0.11385719297555373, 0.14863171302288175, 27.990920224236053, 47.36251422733937)
412.0
(0.11385508408579706, 0.1486225433768542, 27.9867336882806, 47.36114660821873)
413.0
(0.11385980206028874, 0.148618326570815, 27.985645538366935, 47.36098518924437)
414.0
(0.11386522842788592, 0.14861505014267803, 27.98993367574301, 47.35931537122612)
415.0
(0.11385744633283583, 0.1486192115108253, 27.98995826794551, 47.35704706265376)
416.0
(0.11385359070777049, 0.14863516781889974, 27.988452888507066, 47.35566617201844)
417.0
(0.11385955167540401, 0.14862851376661637, 27.982020451121354, 47.35687496787623)
418.0
(0.11387577703229457, 0.14862587355269555, 27.981608379427744, 47.35764555828668)
419.0
(0.11387312477682138, 0.14861318420425287, 27.9846416700454, 47.36257187979562)
420.0
(0.11387142533532528, 0.14861190885154457, 27.984325558442684, 47.363704083367935)
421.0
(0.11387532138953352, 0.14862992797419713, 27.984479592309743, 47.36803098199492)
422.0
(0.11387302657306528, 0.14861894154626823, 27.98930106828117, 47.368420512963695)
423.0
(0.11386190746949466, 0.14861939182758227, 27.991478946973693, 47.37054286812836)
424.0
(0.11387018606481104, 0.14861880316645326, 27.990125853594613, 47.37278613819795)
425.0
(0.11387711051708244, 0.14861656223176395, 27.992306028733232, 47.37453372937413)
426.0
(0.11387540037650422, 0.1486255459014193, 27.98929757200862, 47.37226326292516)
427.0
(0.11385733575427187, 0.14862713918577802, 27.987860180507198, 47.37298878999514)
428.0
(0.11385221397389682, 0.14862039191667142, 27.985492088300088, 47.37156617669237)
429.0
(0.1138479852553995, 0.14860853645150454, 27.9778621673584, 47.367047083655066)
430.0
(0.11384361046218279, 0.14859402283177625, 27.982086022326122, 47.37094110900454)
431.0
(0.11383986063705198, 0.14860507645906587, 27.989417274792988, 47.370435335018016)
432.0
(0.11386144371341925, 0.14861416709149267, 27.991953962119016, 47.37472056681785)
433.0
(0.11385677893108538, 0.1486294206611467, 27.9829498282226, 47.36743406656151)
434.0
(0.11387021342514654, 0.148622198314256, 27.98227397874854, 47.370173557325344)
435.0
(0.11384684063194506, 0.14862017913682157, 27.977204545922234, 47.36696126920368)
436.0
(0.11386880699285779, 0.14861897945075556, 27.976460991516813, 47.36848960370166)
437.0
(0.113859795648853, 0.14861895641771167, 27.972560930469808, 47.364348293983774)
438.0
(0.11386299162952464, 0.14864682815503313, 27.974478111180193, 47.36447844798581)
439.0
(0.11386645407338662, 0.1486387927573067, 27.98654372475364, 47.36603060635653)
440.0
(0.11386234310980425, 0.14863302069570578, 27.991424430795266, 47.366771550946225)
441.0
(0.11386754500400328, 0.14862919319440043, 27.99471663997184, 47.3674581191119)
442.0
(0.11385497531007084, 0.1486185878487225, 27.996875956688186, 47.368669359194236)
443.0
(0.11384140434817179, 0.1486193246569538, 27.99234205538088, 47.36816759367247)
444.0
(0.11386719277881976, 0.14861954416165965, 27.98898591888085, 47.36933805487129)
445.0
(0.11387551615271072, 0.14862762118253156, 27.98714786153203, 47.36599999158372)
446.0
(0.11387092053848519, 0.14862245268120064, 27.988952824466715, 47.36735990383481)
447.0
(0.11390260394451036, 0.14861086349234456, 28.00439794574465, 47.371805948870524)
448.0
(0.11390384847718325, 0.14859605439923576, 28.003909856545633, 47.37256385276471)
449.0
(0.11391468014466875, 0.1486054689696966, 28.008263999091255, 47.37577412075466)
450.0
(0.1139237371163078, 0.14861345036963933, 28.01004006751625, 47.376926472868995)
451.0
(0.11392586693817719, 0.14860415766787022, 28.010016935061564, 47.37523337170086)
452.0
(0.11390702262964847, 0.14861603550523533, 28.01213790775661, 47.37689861609183)
453.0
(0.11388751374157742, 0.14862301044497278, 28.00214893072187, 47.37187901467479)
454.0
(0.11390981738334706, 0.14861616779431924, 28.00104687868894, 47.372344819792026)
455.0
(0.11393373659111583, 0.14862656608444572, 28.00541961820502, 47.37503847322966)
456.0
(0.11395468323472999, 0.14862248260418084, 28.001525227820064, 47.37709693992164)
457.0
(0.11396192838505949, 0.14861308875139634, 28.003780514912833, 47.37473708573387)
458.0
(0.11395719762884089, 0.14859656309674316, 28.010017232957228, 47.37769928477169)
459.0
(0.11394857634470237, 0.14859125757105143, 28.008742315872855, 47.379083318295685)
460.0
(0.11393308352505087, 0.14860524748061912, 28.005244401944175, 47.3720038325047)
461.0
(0.11390735420688021, 0.14859666794706447, 28.004460838449983, 47.37320426016143)
462.0
(0.11390672577100212, 0.1485842859508262, 28.007506281974248, 47.3729347904609)
463.0
(0.11388659284375188, 0.1485908449268168, 28.003272068911585, 47.37083308450107)
464.0
(0.11386408828345174, 0.14858174417275782, 28.004849337506037, 47.37256334366337)
465.0
(0.11386661007293243, 0.14857833933474665, 28.010770687217875, 47.37387731658543)
466.0
(0.11387149740045592, 0.1485741244608493, 28.008451098293, 47.37180386365608)
467.0
(0.11387830028106115, 0.14856207562335066, 28.013117643503044, 47.37650922628549)
468.0
(0.11388287341212716, 0.14857996461603296, 28.012717867202596, 47.37478894719691)
469.0
(0.11388725797236288, 0.14858755424463835, 28.008816783986195, 47.37322397434965)
470.0
(0.11387557790441313, 0.14860712299549936, 28.008160759182747, 47.37178284954873)
471.0
(0.11385370486128613, 0.1485954488997353, 28.010873778391694, 47.375744827723096)
472.0
(0.11384860941420392, 0.1485809262326206, 28.011194487202747, 47.376652272004655)
473.0
(0.11386034559647949, 0.1485739907221841, 28.01102033848501, 47.37590927413747)
474.0
(0.11386632063584665, 0.148569211960954, 28.008418093229594, 47.37569275705438)
475.0
(0.11387414917872561, 0.14857330522478185, 28.003741897454784, 47.37272000513157)
476.0
(0.11385430046349036, 0.14856972036272573, 28.00345204911142, 47.37142373330938)
477.0
(0.1138724187393442, 0.14857572437364525, 28.007431445261425, 47.37197668482569)
478.0
(0.11388351113584276, 0.14857658044840422, 28.01059569197557, 47.373769803933165)
479.0
(0.11388810781546019, 0.14858928985070058, 28.012974838415783, 47.37315745353699)
480.0
(0.11388596641083293, 0.1485789528120825, 28.013997254401385, 47.3719110389757)
481.0
(0.11387935014759736, 0.1485830018772259, 28.00782003046566, 47.36952856071757)
482.0
(0.11388296975966124, 0.148582169167533, 28.00527130742991, 47.36773297801521)
483.0
(0.11387948784013963, 0.1485821479352476, 28.003998650007013, 47.36670970916748)
484.0
(0.11387221740105462, 0.14856903116275993, 28.00712150495077, 47.36959132558292)
485.0
(0.11385800208267921, 0.1485871316408122, 28.003075713483394, 47.368249579221626)
486.0
(0.11387212490718478, 0.14861136571474132, 28.00117660694788, 47.368447039406405)
487.0
(0.11385168328779421, 0.1486135008563054, 27.996978974733196, 47.36640481479832)
488.0
(0.11385155221325, 0.14859763681158977, 27.99988153375731, 47.37143797767187)
489.0
(0.11387078682757777, 0.14861579833722968, 27.998786101049305, 47.37312565239108)
490.0
(0.11386787192913883, 0.1486137378083801, 27.995293821191108, 47.37195943766359)
491.0
(0.11386788855875526, 0.14861773601483802, 27.995997432770768, 47.373800804944544)
492.0
(0.1138576351036783, 0.14861536828359007, 27.991655697928966, 47.371443084964405)
493.0
(0.11384953537337389, 0.1486230905723191, 27.99221133799688, 47.372286298497)
494.0
(0.11384619919411425, 0.1486190093660931, 27.992959039861507, 47.37318788008256)
495.0
(0.11383943623596747, 0.148620663657409, 27.995166378636515, 47.37347622840635)
496.0
(0.11384096971510185, 0.14862529964414328, 27.996144546109665, 47.374457507066325)
497.0
(0.11383215258653462, 0.14862144459813392, 27.99565568410728, 47.37213232048065)
498.0
(0.11381860990239767, 0.14862532948740745, 27.993674681516353, 47.37394689128012)
499.0
(0.11381520635949209, 0.14863029398630642, 27.99540838241577, 47.37432165527344)
500.0
(0.11381481717134334, 0.1486162128089389, 28.00252009485058, 47.38008262344939)
501.0
(0.11381739736660453, 0.1486146605056279, 28.005325351578307, 47.38063206615676)
502.0
(0.11382390810570875, 0.14860790318191544, 28.011422026465475, 47.38382096034632)
503.0
(0.11383866911970121, 0.14862335428684378, 28.01031105858939, 47.384032446240624)
504.0
(0.11386065229732122, 0.1486279309406557, 28.01213593058067, 47.385719692116915)
505.0
(0.11385433631492664, 0.1486190151808627, 28.01119104392915, 47.38439437805899)
506.0
(0.11384870029808977, 0.14862248567688707, 28.01069311559553, 47.38556534204728)
507.0
(0.11385474958864897, 0.1486307474674243, 28.00524018880889, 47.38273068675845)
508.0
(0.11383535234448411, 0.14863631790439533, 28.000318564694147, 47.37821165283443)
509.0
(0.11382995237212659, 0.14862380985077928, 28.002157390818876, 47.37870486390357)
510.0
(0.11384732601082344, 0.14863559672347335, 28.00031656015176, 47.379802494832916)
511.0
(0.1138426499977107, 0.14864672583687313, 27.994933556765318, 47.37672020494938)
512.0
(0.11383099139304938, 0.14864531654253296, 27.99014852572138, 47.37558387919941)
513.0
(0.11382819529988406, 0.14863382309493509, 27.99396694866136, 47.37752993097565)
514.0
(0.11382846871841151, 0.1486169610458947, 27.99842900026192, 47.37711931987874)
515.0
(0.11383270645154149, 0.14863423956695385, 27.998716546583545, 47.37526325846827)
516.0
(0.11381432524228437, 0.14863028964973496, 27.99549848383123, 47.372537461655284)
517.0
(0.11383118235374624, 0.14862250741051355, 27.99836542431452, 47.37644669816301)
518.0
(0.11380882423755502, 0.1486093614081778, 27.9970280862268, 47.375076573248776)
519.0
(0.1138192498586358, 0.14860042136937476, 28.002087926864625, 47.38010683793288)
520.0
(0.11383141140182033, 0.14863126315610242, 27.998259183770177, 47.37744030796864)
521.0
(0.11384464699075733, 0.14863588942462722, 27.99688551891809, 47.37742794519183)
522.0
(0.11384854791575817, 0.14863231517750822, 28.001799257034097, 47.3802238376829)
523.0
(0.1138434639176179, 0.14862627524455543, 28.00198376269741, 47.38767990083185)
524.0
(0.11384470545772991, 0.1486219965119482, 27.99399802435012, 47.3846606082008)
525.0
(0.11385559504198119, 0.14862952254793793, 27.997920739786707, 47.38344148265998)
526.0
(0.11386965964697313, 0.1486467251862845, 27.996763084599824, 47.38331082830845)
527.0
(0.11387366109577704, 0.14864051963557487, 27.992314353133693, 47.37984516403892)
528.0
(0.1138777954974896, 0.14864255860672165, 27.990928595818733, 47.381246108864566)
529.0
(0.1138809396301805, 0.14863420846906816, 27.99611164668821, 47.382825009328016)
530.0
(0.11386697956958718, 0.14862842671031462, 27.99349093392295, 47.38070826701076)
531.0
(0.11386557233905674, 0.14865848297430656, 27.986175956582663, 47.37660866930969)
532.0
(0.11387686377867352, 0.14865261897095164, 27.991569905522617, 47.37915951583891)
533.0
(0.11390603724340959, 0.1486603859625105, 27.986739172917627, 47.380863725469354)
534.0
(0.11391704730413421, 0.14866129921642293, 27.98506638714086, 47.37688290604921)
535.0
(0.11391366889770035, 0.14865485863015068, 27.98518000076066, 47.380250539352645)
536.0
(0.11390472103231214, 0.1486532937760447, 27.984244319979705, 47.37881694914464)
537.0
(0.11389288256887625, 0.1486486212722834, 27.982564365996748, 47.37973537232353)
538.0
(0.11388938882917576, 0.1486586448489476, 27.979885840902522, 47.37762500005662)
539.0
(0.11388890024744827, 0.14866782226535769, 27.97901372556333, 47.375195778740775)
540.0
(0.11389075007696967, 0.14865899349907818, 27.98034742711432, 47.37513888741597)
541.0
(0.1138901753562092, 0.14867472690038847, 27.979262390699773, 47.374142206902874)
542.0
(0.11388251421141107, 0.1486788408384412, 27.982504154437155, 47.37079334434664)
543.0
(0.11389251530688084, 0.14868346987296993, 27.983509123325348, 47.37197403346791)
544.0
(0.11390353245431553, 0.14868270318361096, 27.98137400215919, 47.37057973179248)
545.0
(0.11388391034343709, 0.14866436904685787, 27.985277794219634, 47.37376742659907)
546.0
(0.11390250540038863, 0.14865365022411017, 27.99301793588363, 47.37582025057219)
547.0
(0.11390173133027412, 0.1486487272836288, 27.99167424570905, 47.37638046793694)
548.0
(0.11391859944257292, 0.14864600163599073, 27.99138263014496, 47.37940317511776)
549.0
(0.11391124648387894, 0.14864676088864934, 27.99061321952126, 47.38219164068049)
550.0
(0.11389500214496778, 0.14863381072629867, 27.994677001897738, 47.38309012826688)
551.0
(0.11390029764920727, 0.1486353129261735, 27.994039466415625, 47.38419415985329)
552.0
(0.113904983309618, 0.14863994328440888, 27.989107776938468, 47.38185561802676)
553.0
(0.11390422835746666, 0.14864251288458338, 27.988359058807042, 47.38180174293931)
554.0
(0.11390611285395949, 0.14863207579241788, 27.989401812166783, 47.382834879557294)
555.0
(0.11390466431771766, 0.14864334930991388, 27.984358214645933, 47.38165252328777)
556.0
(0.11389710825425642, 0.14864807905952204, 27.97630014539407, 47.376440407771824)
557.0
(0.11388612434796894, 0.1486469493898258, 27.975463515114185, 47.37630767548811)
558.0
(0.113878925411241, 0.14864295643073938, 27.973883210866312, 47.38069414879214)
559.0
(0.11388428214911778, 0.1486447100422857, 27.975013855525425, 47.379420028414046)
560.0
(0.11388679719504734, 0.1486439815156431, 27.973630432564093, 47.37835196972743)
561.0
(0.11388650176067262, 0.14862780485940585, 27.97892604773579, 47.38127846225725)
562.0
(0.11389335141515466, 0.14862518531565633, 27.979039996809476, 47.382248670127424)
563.0
(0.11389683752724937, 0.14863960180434163, 27.982691758067894, 47.37855040773432)
564.0
(0.113901472953607, 0.14864634655469253, 27.976191350211085, 47.3781215701483)
565.0
(0.11389428161901104, 0.14865614702501623, 27.973342545040925, 47.375204787237486)
566.0
(0.11388755451812613, 0.14865105753928715, 27.973699855636248, 47.37768501537397)
567.0
(0.1138920086999997, 0.14865046191491968, 27.97307299896025, 47.37683136362425)
568.0
(0.11388629481470518, 0.1486473129879777, 27.970094241660174, 47.37517072949133)
569.0
(0.11388540960627333, 0.14865696295924682, 27.968765536525794, 47.37581525434528)
570.0
(0.11389621679532493, 0.14864630237303408, 27.967586407101926, 47.37684702163402)
571.0
(0.11389408848380538, 0.1486426919120503, 27.969444878451473, 47.377018261622716)
572.0
(0.11388657739597192, 0.14863138973339976, 27.97054427581308, 47.37739019743435)
573.0
(0.11387572354428588, 0.14863946241554427, 27.969514178897445, 47.386730453278545)
574.0
(0.11386637940177598, 0.1486387794944008, 27.96714811242145, 47.38463496332583)
575.0
(0.11387182495548699, 0.14862723229281166, 27.96715920832422, 47.38691165049871)
576.0
(0.11387341558180585, 0.14862560567392788, 27.966194830486224, 47.387379770262406)
577.0
(0.11387816455866855, 0.14862247262749242, 27.96769276127271, 47.38789412554573)
578.0
(0.11389349840866428, 0.14861939298789537, 27.965682891160508, 47.38821331412887)
579.0
(0.1139149289788742, 0.14862409325903045, 27.957088312609443, 47.38528961313182)
580.0
(0.11391859700172156, 0.14862161477038238, 27.963740100959082, 47.38760519766356)
581.0
(0.11391662625291459, 0.14862722658654803, 27.962893023933333, 47.38692071921227)
582.0
(0.11393036192884035, 0.14863288710099445, 27.959943764819084, 47.38751266505665)
583.0
(0.1139366760032256, 0.14863290264506468, 27.961297998689627, 47.38808631896973)
584.0
(0.1139556757098402, 0.14864853003001818, 27.95659404004741, 47.385217852470205)
585.0
(0.11394900206922924, 0.14865023682655445, 27.95394584017809, 47.38463007305263)
586.0
(0.11393653381178184, 0.14863894616290396, 27.95646670079922, 47.38407249385697)
587.0
(0.1139171299466942, 0.14864614945174473, 27.95178307319174, 47.38120068660399)
588.0
(0.11392553404278008, 0.14863328702039302, 27.956903554790088, 47.38640970770896)
589.0
(0.11392910268606199, 0.14863594121692567, 27.955868607860502, 47.385542924525375)
590.0
(0.1139303511174564, 0.14862405385981983, 27.961881153474604, 47.38794579158983)
591.0
(0.11392639525115253, 0.14863111106205734, 27.961336332398492, 47.389400662602604)
592.0
(0.11392855443897089, 0.14861909170457344, 27.966329876930274, 47.39197702391755)
593.0
(0.11394191339126923, 0.14863017642928614, 27.96779390457102, 47.392516505437264)
594.0
(0.11394676819541133, 0.14865659881125368, 27.96502448971532, 47.392365611100395)
595.0
(0.11393640479703794, 0.14865073232387144, 27.96379431462128, 47.39311881353391)
596.0
(0.11395410670456134, 0.14864357939622963, 27.973568477023587, 47.39848314218186)
597.0
(0.11394326763239632, 0.14863442474924823, 27.973046835449626, 47.39910260331272)
598.0
(0.11393850355500829, 0.14863212651591867, 27.97422502673727, 47.39922379890149)
599.0
(0.11394283257037922, 0.14866574727429366, 27.972557961146038, 47.3966235033671)
600.0
(0.113948201711522, 0.14866510754038667, 27.977034008641805, 47.40019015980243)
601.0
(0.11395628208994238, 0.1486585121650163, 27.985525837768353, 47.40177456801912)
602.0
(0.11394016388143684, 0.14866778871720912, 27.980436663524824, 47.401017285500394)
603.0
(0.11394392984214112, 0.1486743166149853, 27.98439949553534, 47.40080816382604)
604.0
(0.11395362225091621, 0.1486714606558486, 27.982338434014437, 47.39807710884031)
605.0
(0.11395885216536922, 0.1486661379842943, 27.987271211328284, 47.40008827561986)
606.0
(0.11395474298669818, 0.14866902866755777, 27.978890596543742, 47.39657358989684)
607.0
(0.11396080471497942, 0.14866619173729462, 27.983147310583217, 47.398206441025984)
608.0
(0.11395703102773332, 0.1486678018524131, 27.983622367746136, 47.40139279420348)
609.0
(0.11396175920847666, 0.14866391925448488, 27.98604913617744, 47.40245906642226)
610.0
(0.11396714047127886, 0.1486845878444811, 27.986529938718107, 47.39947877499944)
611.0
(0.11396092838559282, 0.14867082411162383, 27.988303424486148, 47.400486416286896)
612.0
(0.11396245900777263, 0.1486871034464294, 27.982574942061408, 47.39553718504665)
613.0
(0.11397412281500217, 0.14868174908044224, 27.98072593452876, 47.39545135622304)
614.0
(0.11396258389395932, 0.14867888912915933, 27.98079518263902, 47.39509755576529)
615.0
(0.11395454798058534, 0.14867250788003092, 27.980733533958336, 47.39606285095215)
616.0
(0.11394430604379065, 0.14867266620323372, 27.976792494713585, 47.395673643634616)
617.0
(0.1139425845228232, 0.14867861654419479, 27.974011436635237, 47.39407101726841)
618.0
(0.11395105089877225, 0.14868646985476688, 27.978479665777794, 47.39314657035668)
619.0
(0.11394180116642395, 0.14868817481652394, 27.975250222606043, 47.39114595228626)
620.0
(0.11394520586009076, 0.14867980867771527, 27.977506732787102, 47.39082689024208)
621.0
(0.1139533044140977, 0.14866947908456976, 27.9803336563601, 47.39108849185073)
622.0
(0.11396043086818858, 0.1486685358539761, 27.982670947789764, 47.39269236385535)
623.0
(0.11395041231331256, 0.14865788317285009, 27.98416886268518, 47.39414388094193)
624.0
(0.11395543803661476, 0.14864820338451298, 27.989507806396485, 47.3981442565918)
625.0
(0.11396448568508602, 0.14865589705881802, 27.98866553809315, 47.39638588756037)
626.0
(0.11395931467627302, 0.14864961935626303, 27.990296776024728, 47.39621086059765)
627.0
(0.11396711742394301, 0.14864985451872642, 27.993994728015487, 47.4005831517991)
628.0
(0.11397210342136178, 0.14865571022086482, 27.99293865877039, 47.39915271631674)
629.0
(0.11398101077854184, 0.14865243783255427, 27.99473812466576, 47.40196779039171)
630.0
(0.11398362054814651, 0.14864856350227018, 27.998751678104068, 47.40471704183781)
631.0
(0.11399895009232602, 0.14864209159716904, 28.000835780855976, 47.40760026400602)
632.0
(0.1139923141162253, 0.1486387211389251, 28.002000775570743, 47.4074543595879)
633.0
(0.11397915415198029, 0.14864499256558425, 28.005235446364345, 47.40789699855287)
634.0
(0.11398898785787506, 0.1486367143901882, 28.00785598754883, 47.41029893769993)
635.0
(0.1139871873400787, 0.148646175639873, 28.00401181394949, 47.406831981251074)
636.0
(0.11398366599492755, 0.148639597883182, 28.00539533534267, 47.40698354173119)
637.0
(0.11399154319907569, 0.14864715833235412, 28.006284525401913, 47.40646506402186)
638.0
(0.11398050240034008, 0.1486401462361084, 28.007800512657106, 47.40675550410072)
639.0
(0.11396503432801948, 0.14862963179266755, 28.001317429542542, 47.40478742718697)
640.0
(0.113966109097296, 0.14862517618338753, 28.00340163279993, 47.4049016265155)
641.0
(0.11395922632487815, 0.14863112146509477, 27.99963949031176, 47.40435083335805)
642.0
(0.1139750308118736, 0.1486531701889948, 27.999454269883792, 47.40160527088408)
643.0
(0.11397099881575486, 0.1486595762753875, 27.99681076203814, 47.400011459492745)
644.0
(0.113981437697369, 0.14865373562091028, 27.997882680375447, 47.400787430400996)
645.0
(0.11398734213636393, 0.1486477218740167, 27.99842747962881, 47.39993155630011)
646.0
(0.11397928708944435, 0.1486394977305912, 28.0034193926285, 47.40289665705638)
647.0
(0.11396880219656261, 0.14862927404427748, 28.00550510265209, 47.40490309397379)
648.0
(0.1139774943972363, 0.1486306622967439, 28.008770353437757, 47.40605269374759)
649.0
(0.11397484639536602, 0.1486228464126925, 28.00736017373892, 47.405191685603214)
650.0
(0.11397338075851304, 0.1486118789206123, 28.00709388662593, 47.405580289169755)
651.0
(0.11397347151524871, 0.14860751325980662, 28.007402718432843, 47.404534649995206)
652.0
(0.11398188128477388, 0.14862141021288855, 28.01156371731488, 47.40685522245959)
653.0
(0.11398368038115571, 0.14862218949650421, 28.012977433860847, 47.40739170272781)
654.0
(0.1139797723611544, 0.14861829007327748, 28.010651616103775, 47.407777084467064)
655.0
(0.11398342011656397, 0.1486129513029775, 28.011364573385656, 47.410009942403654)
656.0
(0.11396736163671109, 0.14860288667026852, 28.01786766168371, 47.41183814828254)
657.0
(0.11397354833192645, 0.1485936876119654, 28.021312467233027, 47.41533898002833)
658.0
(0.11398887905232319, 0.14859841347270225, 28.018779511516843, 47.414763026606515)
659.0
(0.1139808216507953, 0.14858574207966035, 28.022399578672466, 47.416320690964206)
660.0
(0.11398057191992614, 0.14859336252040117, 28.02312375413488, 47.416682839213266)
661.0
(0.11398239530344091, 0.14860654127404072, 28.01830671777178, 47.41624204629858)
662.0
(0.11397561267592173, 0.14859671151492299, 28.02232511586553, 47.4185639348325)
663.0
(0.11396879428659423, 0.14860198994101687, 28.023378297507044, 47.420128782111476)
664.0
(0.11398073790070685, 0.1485972027591969, 28.024585167447427, 47.42018861698925)
665.0
(0.11396554653972289, 0.14859813093417426, 28.017656804563046, 47.41545417716911)
666.0
(0.11396984155419178, 0.1486088020770437, 28.018523063259323, 47.41590196189137)
667.0
(0.11396210230135412, 0.1486103781845109, 28.016760609107102, 47.4152929797144)
668.0
(0.11396881395472558, 0.14860253019011813, 28.024001265498732, 47.41776435863455)
669.0
(0.11397936464553958, 0.14860810164965135, 28.02143955515392, 47.41732348541715)
670.0
(0.11397856671337722, 0.14860401437063317, 28.027492011535006, 47.41966789347937)
671.0
(0.11397934377696226, 0.14860778406090341, 28.024934728940327, 47.418812978835334)
672.0
(0.11397685825597272, 0.14860569804378063, 28.02285113908561, 47.417000519751085)
673.0
(0.11396982098521603, 0.14860221341049906, 28.024108051899987, 47.417135498997716)
674.0
(0.11396684246666842, 0.14859632742150305, 28.02241533915202, 47.416289492006655)
675.0
(0.11396564001762911, 0.1486255322936942, 28.016034580546723, 47.40994620464257)
676.0
(0.11396365721107864, 0.14863550023783506, 28.016085279568962, 47.410107842224214)
677.0
(0.11396059894500454, 0.1486333835107497, 28.01972567296661, 47.410825442423864)
678.0
(0.11395151378506532, 0.14863971358924144, 28.016369905317305, 47.408809824790445)
679.0
(0.11394592658357737, 0.14863304728212148, 28.016112251842724, 47.40908978967106)
680.0
(0.11394353769228896, 0.14863882588624483, 28.01361289003347, 47.407402139403224)
681.0
(0.11393782755850076, 0.1486402817146128, 28.013262843806025, 47.40716461002652)
682.0
(0.11394612902947913, 0.14864958577325454, 28.009207062281416, 47.40806506423615)
683.0
(0.1139399572471947, 0.1486495015515668, 28.00250501800002, 47.40465661656787)
684.0
(0.11393207528098923, 0.14864501077726475, 28.00059053462787, 47.40491187659493)
685.0
(0.11392868023712857, 0.1486548592468261, 27.99977153244241, 47.40309865968221)
686.0
(0.11391089686261424, 0.14864853173436351, 28.000070113802582, 47.40468419170796)
687.0
(0.11392049009927849, 0.14864289661810073, 28.00320799128954, 47.40805897047353)
688.0
(0.11391151700311264, 0.1486350411449412, 28.0026146123302, 47.4089174146057)
689.0
(0.11390240534691075, 0.1486283515188621, 28.002393686598626, 47.41049141814743)
690.0
(0.11390885556043073, 0.1486237111655623, 28.006154616558778, 47.41072324319445)
691.0
(0.11389750217437176, 0.14863485715166136, 28.002215884324443, 47.40868106467186)
692.0
(0.11388826865784825, 0.14862581846732303, 28.002882378097908, 47.40920055549038)
693.0
(0.11388826066109818, 0.14862828335242773, 28.003365475437484, 47.40736789318601)
694.0
(0.11388707408853299, 0.14863648790438386, 27.99774619726826, 47.405717160890426)
695.0
(0.11387854699925404, 0.14864125388908098, 27.998831137843517, 47.40715478480547)
696.0
(0.11387435342355272, 0.14863840657177477, 27.996955466578303, 47.40947947235326)
697.0
(0.11387714379477157, 0.14864356989071967, 27.99246869456119, 47.40922577538258)
698.0
(0.11387577114715992, 0.14863259855013747, 27.99900504618414, 47.41179899289373)
699.0
(0.11387928134777417, 0.14863017034715703, 28.004201423100064, 47.414620432172505)
700.0
(0.11389110137693086, 0.1486290257632894, 28.002304556026267, 47.41362589946317)
701.0
(0.11390791189149219, 0.14864190834616728, 27.998136786653784, 47.41323740597804)
702.0
(0.1138999451491596, 0.1486332718940962, 27.99749970198695, 47.41323142777466)
703.0
(0.11390914417288979, 0.14863230843785602, 27.994859503074125, 47.41340225393122)
704.0
(0.11389850697640394, 0.14863712461652417, 27.991297817906588, 47.41194233454711)
705.0
(0.11389540414953357, 0.14862709744172625, 27.995719952894, 47.414044447728664)
706.0
(0.11388549553546606, 0.14861891388874787, 27.99377801833092, 47.412815417730826)
707.0
(0.1138895820115625, 0.14861578784557852, 27.996752291749427, 47.41489112444517)
708.0
(0.11389326929797965, 0.1486139583981403, 27.996385394097718, 47.41535353559701)
709.0
(0.11390084869303485, 0.1486153195209026, 27.99448372746857, 47.41495151788416)
710.0
(0.11390133121913075, 0.1486121112498102, 27.99270586692499, 47.41653203628905)
711.0
(0.11389702765015225, 0.14860729489018187, 27.9957331459174, 47.41869802153512)
712.0
(0.11389560524844414, 0.148614348411762, 27.99036161361202, 47.416501065290326)
713.0
(0.11388924311826278, 0.14861804545134774, 27.98635751259427, 47.413072137271655)
714.0
(0.1138853600778941, 0.14861715493173147, 27.98707924422684, 47.41198193743512)
715.0
(0.11388385166933343, 0.14861014667564137, 27.985626614959546, 47.41221719880344)
716.0
(0.11388375940393371, 0.1486118165115989, 27.984277762462238, 47.41117468372382)
717.0
(0.11388876452088283, 0.14862427460762312, 27.985233907247984, 47.41020065562639)
718.0
(0.11388355385450444, 0.1486294965246433, 27.981757255522364, 47.41036350106994)
719.0
(0.11388176297687731, 0.1486351547622996, 27.98195039431254, 47.409330415725705)
720.0
(0.11388552825445926, 0.14863027438895685, 27.984303470458137, 47.41023995112447)
721.0
(0.11388885637792288, 0.14863436143422337, 27.984138557455218, 47.40963740890376)
722.0
(0.11388553431485705, 0.1486457675422371, 27.982320827732114, 47.40837687575471)
723.0
(0.11388271459274213, 0.14864539348178224, 27.98370746486095, 47.408972866627394)
724.0
(0.11387063034690093, 0.14863778335406613, 27.98349502300394, 47.408668802195585)
725.0
(0.11387583083255144, 0.14864046516911, 27.98497853660058, 47.40816673825267)
726.0
(0.11387950665814477, 0.14863782133289916, 27.984936964725037, 47.407998868163055)
727.0
(0.1138747273038386, 0.14864485233811223, 27.979844415580832, 47.406009799831516)
728.0
(0.11387223162995555, 0.1486375080508724, 27.98384273984305, 47.40682178073459)
