0.0
(11.839447498321533, 28.923322891693378, 20.194866180419922, 42.488121032714844)
1.0
(11.843834966421127, 28.952585487636348, 19.81145668029785, 41.785491943359375)
2.0
(11.870058675607046, 29.071915064381614, 19.70099131266276, 41.71027119954427)
3.0
(11.907607913017273, 28.902288509426008, 19.575183391571045, 41.703773498535156)
4.0
(11.897211027145385, 28.893079130495856, 19.403657531738283, 41.688866424560544)
5.0
(11.745929698149363, 28.7790099542855, 19.027295112609863, 41.516496658325195)
6.0
(11.658108072621483, 28.828171916289914, 18.935854503086635, 41.50254167829241)
7.0
(11.592472784221172, 28.816117144500748, 18.78495192527771, 41.332345962524414)
8.0
(11.585013349850973, 28.702334185061066, 18.715458128187393, 41.368262396918404)
9.0
(11.498529213666917, 28.70413761771449, 18.597050285339357, 41.25812759399414)
10.0
(11.470397461544383, 28.68528120090535, 18.547108563509855, 41.179574793035336)
11.0
(11.571191241343817, 28.665542172657364, 18.68383852640788, 41.35251045227051)
12.0
(11.55493042560724, 28.671887283559133, 18.69012084374061, 41.39724261944111)
13.0
(11.534391863005501, 28.640746128918476, 18.71476868220738, 41.37697083609445)
14.0
(11.566700387001038, 28.654866583927745, 18.76049868265788, 41.42610600789388)
15.0
(11.600160602480173, 28.66840553189884, 18.783127069473267, 41.457053422927856)
16.0
(11.646875174606548, 28.653444675983536, 18.89496679867015, 41.563092175652)
17.0
(11.656266268756655, 28.650795591329963, 18.908992343478733, 41.610597398546005)
18.0
(11.70002453578146, 28.66368469855041, 18.919253600271123, 41.626581493176914)
19.0
(11.745875534415244, 28.681486206626897, 18.982674407958985, 41.67405071258545)
20.0
(11.729383258592515, 28.667858567867125, 18.941371009463357, 41.63403520129976)
21.0
(11.761066726662897, 28.706305956739048, 18.996137792413887, 41.74418154629794)
22.0
(11.761475275392117, 28.699334757008668, 18.9818462703539, 41.72692041811736)
23.0
(11.739727221429348, 28.677839279011987, 18.930941740671795, 41.67565584182739)
24.0
(11.719637715816498, 28.65287305927442, 18.91431739807129, 41.62115158081055)
25.0
(11.730851019804295, 28.644952295778946, 18.92641492990347, 41.62378105750451)
26.0
(11.707938803566826, 28.619265349185618, 18.881454326488353, 41.59197786119249)
27.0
(11.688463010958262, 28.60814852063835, 18.87370845249721, 41.5779128755842)
28.0
(11.713536704408712, 28.618222681504374, 18.921879012009192, 41.6231452678812)
29.0
(11.72525815765063, 28.63670417350372, 18.93472735087077, 41.61594683329265)
30.0
(11.718682316041761, 28.654148716994463, 18.889052667925434, 41.56572083503969)
31.0
(11.71705080382526, 28.644297845692712, 18.879478931427002, 41.55879259109497)
32.0
(11.692203808914531, 28.65721319640494, 18.837688503843367, 41.51243695345792)
33.0
(11.698291541898952, 28.656422785829808, 18.86064966987161, 41.559437583474555)
34.0
(11.688046322550093, 28.683560668644144, 18.847294998168945, 41.599081311907085)
35.0
(11.70530118379328, 28.67195741283908, 18.85673740175035, 41.605890380011665)
36.0
(11.698474561845934, 28.673783152643797, 18.86793059271735, 41.60217501666095)
37.0
(11.681474260593715, 28.6802873163935, 18.850576601530378, 41.58073646143863)
38.0
(11.666904975206425, 28.67765275793957, 18.833093056311974, 41.5522214449369)
39.0
(11.663245062530041, 28.669826695563824, 18.814577627182008, 41.53704233169556)
40.0
(11.661826058131892, 28.652959251075472, 18.80083009673328, 41.519849265493995)
41.0
(11.667844597782407, 28.635211317163485, 18.794575554983957, 41.51283400399344)
42.0
(11.688983613668485, 28.6687224269922, 18.81430683579556, 41.55363198213799)
43.0
(11.687344074249268, 28.64884121718229, 18.8019549629905, 41.553872715343125)
44.0
(11.662885950671303, 28.632654977214937, 18.772273974948458, 41.53848300509983)
45.0
(11.651655312465584, 28.640209630351457, 18.757951902306598, 41.532083428424336)
46.0
(11.649352078742169, 28.62539101241441, 18.755904907875873, 41.54902640809404)
47.0
(11.651465779791275, 28.611681785702014, 18.772448658943176, 41.538990100224815)
48.0
(11.631489444752129, 28.62311584410103, 18.75980591287418, 41.52006927801638)
49.0
(11.624408283233642, 28.62312318225716, 18.74019142150879, 41.50558624267578)
50.0
(11.613421498560438, 28.62171300311407, 18.710473191504384, 41.47309688493317)
51.0
(11.61256470473913, 28.616819177861863, 18.706633274371807, 41.49761706132155)
52.0
(11.593534001764262, 28.60000475616272, 18.66687720676638, 41.466700355961635)
53.0
(11.597006820970112, 28.594456999835753, 18.656647470262314, 41.465885939421476)
54.0
(11.601489969817075, 28.61692866923638, 18.655128721757368, 41.44644692160866)
55.0
(11.588273493306977, 28.619190937072947, 18.659988233021327, 41.40066426140921)
56.0
(11.589330743279373, 28.61821948473134, 18.678565610919083, 41.41887477406284)
57.0
(11.586162849746902, 28.61239830984606, 18.680388680819807, 41.431759472551015)
58.0
(11.582137226048163, 28.61437576125667, 18.683396032301047, 41.41650978993561)
59.0
(11.581994573275248, 28.618496736479482, 18.685295073191323, 41.43301258087158)
60.0
(11.580324661536295, 28.62029611372444, 18.668772713082735, 41.43413725055632)
61.0
(11.581599194195963, 28.616655339302604, 18.676305247891335, 41.44295403265184)
62.0
(11.581442588851566, 28.610951165291702, 18.666152499970934, 41.44970818171426)
63.0
(11.592498281039298, 28.610158767059307, 18.681333243846893, 41.482017517089844)
64.0
(11.585656675925621, 28.6118632865379, 18.680474912203277, 41.44761516864483)
65.0
(11.585511389103802, 28.60950844218943, 18.691168813994437, 41.45336625070283)
66.0
(11.59342493050134, 28.60880722021408, 18.707006169788873, 41.464221441923684)
67.0
(11.582590958651375, 28.607510561921863, 18.68860356947955, 41.4564208984375)
68.0
(11.57872538462929, 28.60734186265711, 18.681827959807023, 41.45957327580106)
69.0
(11.589287614822387, 28.613339405604634, 18.703881645202635, 41.46798422677176)
70.0
(11.591952265987933, 28.604427226608223, 18.707339971837865, 41.45364116614973)
71.0
(11.601947228941652, 28.604672964207833, 18.73052642080519, 41.465480433570015)
72.0
(11.599873390099773, 28.62214143268513, 18.728133763352485, 41.468382534915456)
73.0
(11.592666914334169, 28.61369617973384, 18.721302238670557, 41.465673498205234)
74.0
(11.5879145971934, 28.608699182760937, 18.70357411702474, 41.4678130086263)
75.0
(11.587592253559514, 28.605788686521823, 18.711017282385576, 41.46093724903307)
76.0
(11.60081059746928, 28.605608782019186, 18.725930300625887, 41.47509795349914)
77.0
(11.599215419628681, 28.60369043001863, 18.72610916235508, 41.45245062999236)
78.0
(11.601241279251967, 28.606212252973773, 18.728136497207835, 41.45162070552005)
79.0
(11.601395379006863, 28.61815177047085, 18.737602329254152, 41.45651354789734)
80.0
(11.608161238240607, 28.619546063687846, 18.746259642236026, 41.47413729443962)
81.0
(11.603688349811042, 28.608402454298073, 18.73021404917647, 41.46520526234696)
82.0
(11.601606539933078, 28.615645749430584, 18.72188611777432, 41.451847811779345)
83.0
(11.60871723436174, 28.612513685169272, 18.72946409952073, 41.46333167666481)
84.0
(11.620219438917497, 28.614836168412673, 18.74630299736472, 41.484320965935204)
85.0
(11.611511455025784, 28.60111248184526, 18.737516447555187, 41.470767220785454)
86.0
(11.608775573215265, 28.603609415871432, 18.731806042550623, 41.459499227589575)
87.0
(11.605907694859939, 28.59939179632519, 18.731468374078926, 41.4499735398726)
88.0
(11.605752817700418, 28.600705228175695, 18.726352777373926, 41.45816262920251)
89.0
(11.602490880754258, 28.605211817286058, 18.73536294301351, 41.45158123440213)
90.0
(11.6073349072383, 28.608811737438362, 18.745971595848, 41.45163554935665)
91.0
(11.611045452563658, 28.617520919018233, 18.74459882404493, 41.451268113177754)
92.0
(11.608325908901872, 28.61574796595773, 18.732682217833815, 41.444253449798914)
93.0
(11.611212091243013, 28.617656439950544, 18.7383069789156, 41.46252404882553)
94.0
(11.600538453930303, 28.62226995523388, 18.72427225614849, 41.448391482704565)
95.0
(11.604212148115039, 28.621584265789227, 18.738231480121613, 41.47019159793854)
96.0
(11.613251862452202, 28.628948086223478, 18.754402101654367, 41.49083186670677)
97.0
(11.617287241682714, 28.63199985854021, 18.761359234245457, 41.48940035761619)
98.0
(11.61711146072908, 28.631537583669235, 18.757430163296785, 41.481523687189274)
99.0
(11.617079681158065, 28.646029530481222, 18.752875480651856, 41.52586994171143)
100.0
(11.616434910509845, 28.647476106996265, 18.762587953322004, 41.525482555427175)
101.0
(11.608833374930363, 28.639781945819323, 18.751838721481025, 41.52291473687864)
102.0
(11.607644140141682, 28.642794554520076, 18.753179235365785, 41.52225846225775)
103.0
(11.605293013728582, 28.649035314155967, 18.750058082433846, 41.50808913891132)
104.0
(11.603921192032951, 28.648795668383187, 18.748442023141042, 41.50068584623791)
105.0
(11.603048749127478, 28.64444435671883, 18.74259784986388, 41.49849855674888)
106.0
(11.601215826573773, 28.65077744976762, 18.734989540599216, 41.48195341591523)
107.0
(11.60473124296577, 28.651814487016626, 18.73500899915342, 41.48481139430293)
108.0
(11.608446908106497, 28.6467311609663, 18.740100440629032, 41.50089620887687)
109.0
(11.61038436401974, 28.641687017700352, 18.743764755942603, 41.51706438931552)
110.0
(11.609372276443619, 28.63996611745991, 18.7455253429241, 41.50889480865754)
111.0
(11.614562684403998, 28.644371878142387, 18.754140666552953, 41.52254411152431)
112.0
(11.609698529264568, 28.638925278502036, 18.746110122815697, 41.517831312871614)
113.0
(11.600258827209473, 28.63907650052869, 18.724470439710114, 41.49237753215589)
114.0
(11.594477273588595, 28.635556957594844, 18.72034810936969, 41.48687409110691)
115.0
(11.595183018980356, 28.63550639537409, 18.71952959586834, 41.485222652040676)
116.0
(11.597522997958029, 28.637056611094117, 18.721623722304646, 41.482362665681755)
117.0
(11.609330478866221, 28.641126869946678, 18.738231545787748, 41.49336171554307)
118.0
(11.606885736729918, 28.643337383764806, 18.743966912021158, 41.49137166768563)
119.0
(11.601846728722254, 28.64031373401716, 18.73562879562378, 41.4852432568868)
120.0
(11.598329268211176, 28.634781417410586, 18.724990860489775, 41.48276765681496)
121.0
(11.59308090366301, 28.633328329301616, 18.714944010875264, 41.46700687095767)
122.0
(11.591683738599947, 28.63154658416783, 18.711069587769547, 41.456646492810755)
123.0
(11.585678705284673, 28.62894646496588, 18.69752037909723, 41.450886880197835)
124.0
(11.581725714206696, 28.633520970418726, 18.696966751098632, 41.43453659057617)
125.0
(11.585557603646839, 28.637251029988168, 18.696442043970503, 41.44088412088061)
126.0
(11.586862802505493, 28.63874927290848, 18.69517323351282, 41.434945444422446)
127.0
(11.589822220616043, 28.639425718710257, 18.696531146764755, 41.42678940296173)
128.0
(11.586270234843557, 28.64184559308169, 18.689545550087626, 41.425087832665255)
129.0
(11.586269828447929, 28.635249351875995, 18.690375958956206, 41.424229255089394)
130.0
(11.591825756862873, 28.63413182102939, 18.693340316073584, 41.432969333561324)
131.0
(11.590740317648107, 28.634064618365535, 18.69219074827252, 41.43528039527662)
132.0
(11.592234092995636, 28.63307816336198, 18.691708758361358, 41.43836559209608)
133.0
(11.593860046632255, 28.629985331966225, 18.696765031387557, 41.44042555965594)
134.0
(11.5930936994376, 28.630319020253438, 18.691383460715965, 41.43934275309245)
135.0
(11.593551601118902, 28.636223228623578, 18.69214501100428, 41.44868861927706)
136.0
(11.593577859175467, 28.634269725980495, 18.69141119239974, 41.45580297316948)
137.0
(11.602515571359275, 28.63333285539676, 18.705816116885863, 41.46296901979308)
138.0
(11.60596752166748, 28.633236211137845, 18.71184014244903, 41.46899820231705)
139.0
(11.610744974017143, 28.638106745998112, 18.719457517351422, 41.4688941683088)
140.0
(11.61416817091881, 28.63588559521505, 18.72227008630198, 41.476738922984886)
141.0
(11.611657708463534, 28.634736303622308, 18.716492357388347, 41.47028563056194)
142.0
(11.618610350402085, 28.638449415056645, 18.722832513022254, 41.473476623321744)
143.0
(11.623123407777813, 28.634980335054834, 18.726949214935303, 41.4727070596483)
144.0
(11.624229600922815, 28.63491170637354, 18.730538282723263, 41.4735948759934)
145.0
(11.625624221481688, 28.630845039868028, 18.737689775963354, 41.48276673930965)
146.0
(11.624059235563083, 28.62964062283643, 18.737987686987637, 41.48519323958831)
147.0
(11.621130361347586, 28.628504638552208, 18.732386692150218, 41.48099499779779)
148.0
(11.62661460582042, 28.626098233729564, 18.74241028856111, 41.490823886538514)
149.0
(11.62619229276975, 28.626213883781528, 18.7392635345459, 41.487834752400715)
150.0
(11.627574463948509, 28.621716719559725, 18.73692878824196, 41.47854955306906)
151.0
(11.631941780055824, 28.623085136311175, 18.74281748972441, 41.48601298583181)
152.0
(11.631566409192054, 28.625960128133592, 18.73858859492283, 41.48271528256485)
153.0
(11.628883578560568, 28.623875902378067, 18.728412343310072, 41.479219733894645)
154.0
(11.633495022020032, 28.626502606358613, 18.73619458598475, 41.49158413794733)
155.0
(11.63491275982979, 28.621582090689753, 18.73777058185675, 41.502202131809334)
156.0
(11.631544092658219, 28.6236975921404, 18.733797316338606, 41.49830510813719)
157.0
(11.632749131208733, 28.622284069529922, 18.736932440649106, 41.50361546383628)
158.0
(11.637503827517888, 28.626199813891365, 18.741360166537685, 41.50279391786587)
159.0
(11.635327877104283, 28.624201268634312, 18.732243418693542, 41.49491944313049)
160.0
(11.636113702510455, 28.627399035354863, 18.733026836229406, 41.49732021071156)
161.0
(11.635370577191129, 28.623795962104722, 18.73617669093756, 41.4981608685152)
162.0
(11.634855561461185, 28.62114149524476, 18.736784461085783, 41.49888557012827)
163.0
(11.63160342704959, 28.61842778174178, 18.732384437467992, 41.49338210501322)
164.0
(11.63199146046783, 28.617822727641258, 18.731490117853337, 41.494189245050606)
165.0
(11.633941254342895, 28.621156999628422, 18.735521948481182, 41.495688909507656)
166.0
(11.637399557821764, 28.61927498729556, 18.748403926095563, 41.503954219247056)
167.0
(11.634021555738789, 28.620702725294386, 18.741888716107322, 41.493557929992676)
168.0
(11.635694599363225, 28.618361237485324, 18.741468339276736, 41.48825285420615)
169.0
(11.630629635207793, 28.61780917111395, 18.730530435898725, 41.48158098108628)
170.0
(11.629742978609096, 28.616708403882434, 18.729957457871464, 41.48769949751291)
171.0
(11.630736564480982, 28.613167281961033, 18.735533891722213, 41.48750835241273)
172.0
(11.63172794146345, 28.612331946495562, 18.74125440961364, 41.49067959206642)
173.0
(11.63268916668563, 28.606752573282545, 18.744826075674474, 41.492386872741)
174.0
(11.632179201330457, 28.60750849366913, 18.744911815098355, 41.49975444248744)
175.0
(11.629553559490226, 28.60273277695131, 18.74382880601016, 41.48965187506242)
176.0
(11.628804052280167, 28.600438035132434, 18.73740116485768, 41.48357139199467)
177.0
(11.632164216443394, 28.60027902257596, 18.745014404982662, 41.49190315503753)
178.0
(11.63371355706753, 28.603925943486487, 18.75035966841202, 41.49524861341082)
179.0
(11.637221008208062, 28.60299114289552, 18.752529758877223, 41.5025723139445)
180.0
(11.640069526532736, 28.604120235159378, 18.755006347571946, 41.50399740229654)
181.0
(11.643306943413975, 28.609584398472098, 18.757892640082392, 41.51229818574675)
182.0
(11.635892857293614, 28.605555672980362, 18.74569571865061, 41.498593460666676)
183.0
(11.638173824743085, 28.603864875981227, 18.746568565783292, 41.49760665064273)
184.0
(11.641536180715303, 28.599985142998438, 18.754087437810124, 41.50843355333483)
185.0
(11.638946890190084, 28.600063886411537, 18.750904965144333, 41.50162723500242)
186.0
(11.638270826900706, 28.60231457093107, 18.746937654872628, 41.49446728140275)
187.0
(11.64093727253853, 28.599885273553205, 18.750860954852815, 41.499946918893365)
188.0
(11.642765214203527, 28.600176287751985, 18.75250623591993, 41.50322073477286)
189.0
(11.64416092885168, 28.59796019389171, 18.753469938980906, 41.51089415299265)
190.0
(11.644104386811481, 28.597821164324966, 18.75279972815389, 41.51177726865439)
191.0
(11.644762294056514, 28.600367624263303, 18.757552832365036, 41.51145710547765)
192.0
(11.641542183302844, 28.60100281626581, 18.753647611548864, 41.505873645525526)
193.0
(11.64327939976122, 28.601146388841094, 18.752399945996473, 41.5033862713686)
194.0
(11.646186748223426, 28.60217286472887, 18.7603275396885, 41.51160483727088)
195.0
(11.650333161560857, 28.605263452727108, 18.765848928568314, 41.5168409736789)
196.0
(11.64178534510172, 28.606145739489108, 18.75619564927774, 41.509806579744755)
197.0
(11.640825247824795, 28.607561136073574, 18.752469833451087, 41.504192506424104)
198.0
(11.63846840750632, 28.60628639420258, 18.750507527260325, 41.49977232583204)
199.0
(11.639860276579856, 28.606289284232584, 18.753873701095582, 41.50571525573731)
200.0
(11.640377225863993, 28.609549931847805, 18.75339075344712, 41.498798977676316)
201.0
(11.638104242263454, 28.610455524472346, 18.753312800190237, 41.49648016750223)
202.0
(11.638886998733277, 28.606840189737202, 18.75565590881949, 41.494825090680806)
203.0
(11.639504887894088, 28.610188127039443, 18.758147370581533, 41.50540480894201)
204.0
(11.640048869353969, 28.612155691138366, 18.760178291506882, 41.505724632449265)
205.0
(11.643027705474964, 28.614270495131915, 18.7676835291594, 41.51277584705538)
206.0
(11.647522725920746, 28.617162930163982, 18.777954516203508, 41.52173666101723)
207.0
(11.648216428951574, 28.615377564630705, 18.77786725301009, 41.521020705883316)
208.0
(11.652248426772761, 28.61615973961829, 18.77955421192224, 41.52031926789352)
209.0
(11.65413070661681, 28.618903162697517, 18.78077796754383, 41.51634268987746)
210.0
(11.657523894761976, 28.618901380051927, 18.789960282673768, 41.521965713862556)
211.0
(11.660264871592792, 28.62040736374287, 18.793499262827748, 41.521449268988846)
212.0
(11.662907188766999, 28.622133575481122, 18.799164901876672, 41.53480058768545)
213.0
(11.662897438367951, 28.6231220417844, 18.796376263983895, 41.5304364534182)
214.0
(11.665835266057835, 28.623801077313363, 18.800619160851767, 41.53759589971498)
215.0
(11.664385104069003, 28.619356466474137, 18.799580388598972, 41.53790369740239)
216.0
(11.664539981272913, 28.618478074334103, 18.79849498942151, 41.53561626381588)
217.0
(11.660885153287047, 28.622464837968312, 18.79662493609507, 41.5371994228538)
218.0
(11.657471180234326, 28.621348970891116, 18.78972973235666, 41.53428170887847)
219.0
(11.65592584284869, 28.61912541899954, 18.782838769392534, 41.52593432339755)
220.0
(11.656707705685456, 28.617953574175882, 18.783388491669392, 41.536883876334485)
221.0
(11.65943210135709, 28.618718761294996, 18.789544981879157, 41.543561127808715)
222.0
(11.657506365947125, 28.617362547860242, 18.78609391285165, 41.537117107032124)
223.0
(11.660352047532797, 28.6187356480802, 18.790777487414225, 41.54073994500296)
224.0
(11.660982920063866, 28.61434734170812, 18.791523378160264, 41.54267803615994)
225.0
(11.664614016767096, 28.615267124916326, 18.795499894471295, 41.54845171903087)
226.0
(11.665620771011067, 28.616046720949246, 18.794831103690395, 41.54595179284722)
227.0
(11.664367802310409, 28.61529882736455, 18.797576561308745, 41.54150688439085)
228.0
(11.664888935578443, 28.613594157605103, 18.79979222726614, 41.543019740342054)
229.0
(11.666392875495164, 28.61062032065601, 18.80251580943232, 41.543866514123)
230.0
(11.668340325871588, 28.611500607576833, 18.81071728132504, 41.54874758699756)
231.0
(11.669215943792771, 28.610263826627556, 18.81181188287406, 41.55349318734531)
232.0
(11.66745757238036, 28.611466824844566, 18.809840345587343, 41.55056422155814)
233.0
(11.66620276371638, 28.61427782498942, 18.806941953479733, 41.546865072005836)
234.0
(11.666510362574394, 28.613987555975722, 18.81187000680477, 41.54956910153653)
235.0
(11.666993441218036, 28.611887166343852, 18.813295041100453, 41.54937493599067)
236.0
(11.665785638591911, 28.60954387406609, 18.812957602714185, 41.55172195112655)
237.0
(11.664943427097898, 28.60553283481043, 18.81062951608866, 41.54948056645754)
238.0
(11.662809106096564, 28.608405636532435, 18.8073427846741, 41.54669005900746)
239.0
(11.664649637788534, 28.610137185847538, 18.81522916952769, 41.546419366200766)
240.0
(11.665667251185264, 28.611749392456232, 18.816432549251065, 41.55395878202193)
241.0
(11.666318981608084, 28.609900753982412, 18.814788920820252, 41.550060351032855)
242.0
(11.668348461512185, 28.608107801280383, 18.823343944157102, 41.55905319339454)
243.0
(11.670706529842048, 28.609083417355773, 18.828158683464174, 41.56380009260334)
244.0
(11.671480579035622, 28.60881774438211, 18.83006946018764, 41.56409891868124)
245.0
(11.67061006441349, 28.609981805171543, 18.831559064911634, 41.559152370545924)
246.0
(11.668741392461877, 28.610131148516786, 18.826550201848452, 41.554762836409964)
247.0
(11.667394740687262, 28.60877270408576, 18.827751505759455, 41.54705915143413)
248.0
(11.66682133210232, 28.606011728625536, 18.829968594164253, 41.549369229849084)
249.0
(11.667777946710586, 28.60366610904272, 18.830986991882323, 41.55409663391113)
250.0
(11.666922348429008, 28.603358952385108, 18.833349113920296, 41.551227782352036)
251.0
(11.667481557480873, 28.604054828132334, 18.832531111580984, 41.551018639216345)
252.0
(11.6673264421022, 28.60405397963926, 18.829672515627895, 41.5498379492477)
253.0
(11.670281317290359, 28.60415351646851, 18.832010689682846, 41.55353403466893)
254.0
(11.669812907892116, 28.60494832152766, 18.832256459254843, 41.552751862769036)
255.0
(11.670315120136365, 28.604809337329186, 18.831553429365158, 41.54882834851742)
256.0
(11.668868327882967, 28.608810343205867, 18.83341465664281, 41.5470080691089)
257.0
(11.671159663172656, 28.60887470480298, 18.836243045422457, 41.551553326983786)
258.0
(11.671289898023643, 28.605389267577365, 18.83455196955029, 41.55514454197239)
259.0
(11.672388090766393, 28.604292547620123, 18.83565293091994, 41.559446144104)
260.0
(11.673025556451059, 28.604716020800815, 18.836513628904846, 41.56044555897914)
261.0
(11.670938932486163, 28.602596008304182, 18.83118978165488, 41.55672347090626)
262.0
(11.671949603485064, 28.601347978695166, 18.83249150845488, 41.55546835257527)
263.0
(11.67478564494487, 28.60059738523242, 18.83652247804584, 41.559698061509565)
264.0
(11.677640168846779, 28.602359751058206, 18.840775795702665, 41.5659099506882)
265.0
(11.675647676887369, 28.60125721027539, 18.834159600107295, 41.561074923751946)
266.0
(11.675808455613668, 28.597607927400347, 18.83803120445223, 41.564888586265766)
267.0
(11.676891086039259, 28.59816003283498, 18.836373208174066, 41.56554553757852)
268.0
(11.673773766893436, 28.597529967406675, 18.8314992628133, 41.5684168790796)
269.0
(11.673147804207272, 28.59733580422481, 18.82807285167553, 41.566031816270616)
270.0
(11.67371967489869, 28.5964165335164, 18.832888297049323, 41.571705103800305)
271.0
(11.672961847966208, 28.596974059559173, 18.82895067158867, 41.568107689128205)
272.0
(11.674206151412083, 28.597026985931286, 18.830247564630195, 41.56976404993525)
273.0
(11.671683547923164, 28.59579582862212, 18.8268688020915, 41.570794070724155)
274.0
(11.673484024351293, 28.593630230760482, 18.82982270674272, 41.57343759710138)
275.0
(11.67423581969047, 28.592053549808497, 18.828530581101127, 41.5720077044722)
276.0
(11.674105346633208, 28.589322389024023, 18.83448489220134, 41.57524829134614)
277.0
(11.675205373506753, 28.588423789230514, 18.837535967929757, 41.5770743802297)
278.0
(11.676249909358212, 28.586718495785988, 18.8395928755456, 41.57376005658112)
279.0
(11.677436548471452, 28.58581361932058, 18.84378424371992, 41.579332160949704)
280.0
(11.678578553250675, 28.58780259343151, 18.84242408046519, 41.58106484192546)
281.0
(11.677785333800824, 28.587013703930886, 18.84235271156257, 41.57795723448408)
282.0
(11.67719694982569, 28.586962040135568, 18.84162501143061, 41.57554789566741)
283.0
(11.675971857049095, 28.584929515190158, 18.841153185132523, 41.57477276761767)
284.0
(11.67499487609194, 28.583605599336327, 18.83709204155102, 41.568688201904294)
285.0
(11.674640081145547, 28.586030584362653, 18.83585863180094, 41.5681496066647)
286.0
(11.673642488306823, 28.58672819278961, 18.83107726997615, 41.5635848228109)
287.0
(11.67355734606584, 28.584366112478808, 18.831150399314033, 41.56345706515842)
288.0
(11.67217956241027, 28.58245367787371, 18.830117466540486, 41.56414965197289)
289.0
(11.672821785252669, 28.5826537903619, 18.83104916276603, 41.56485466792666)
290.0
(11.675231758466701, 28.58265924997802, 18.83543478582323, 41.56547653879906)
291.0
(11.67464049997395, 28.583025298090195, 18.834122821076274, 41.567207297233686)
292.0
(11.672748773984942, 28.583482375963143, 18.833146593269635, 41.56581488078771)
293.0
(11.671935030797712, 28.585567046499985, 18.83167076759598, 41.56392948643691)
294.0
(11.672104583958449, 28.583548599016748, 18.831865646879553, 41.56423844159659)
295.0
(11.670128018872157, 28.583068387137768, 18.829699980246055, 41.56233364826924)
296.0
(11.669504788186815, 28.581956944411395, 18.82728726936109, 41.566508501868455)
297.0
(11.670206152952758, 28.58180196679855, 18.82873077520588, 41.57330327386024)
298.0
(11.67098498483964, 28.580240087358806, 18.831128059820987, 41.5765608848138)
299.0
(11.668407542904218, 28.57861213943861, 18.828626562754312, 41.57473214467367)
300.0
(11.666978686552904, 28.581449353481972, 18.828233408373457, 41.57098400077947)
301.0
(11.665500371464042, 28.58225310536985, 18.82613789640515, 41.567898137679954)
302.0
(11.666406743990706, 28.58132399730652, 18.827963756649407, 41.570441054038874)
303.0
(11.664936704659148, 28.581204232065094, 18.827063893017016, 41.56790863840204)
304.0
(11.663950378582125, 28.580949439839905, 18.823491462332303, 41.56465379058338)
305.0
(11.663045559638466, 28.58367078561702, 18.82751242319743, 41.57064960205477)
306.0
(11.662242297240887, 28.583058770111883, 18.823767453917462, 41.566412512564895)
307.0
(11.662454170259563, 28.583138474075728, 18.82317965990537, 41.56601051231483)
308.0
(11.662412972897773, 28.580770737817218, 18.82467716180005, 41.56608321057168)
309.0
(11.661464419864839, 28.580540280611352, 18.822733325342977, 41.56428585667764)
310.0
(11.66277594639174, 28.58257963591529, 18.823134155518755, 41.56493957862977)
311.0
(11.662838682914392, 28.581048517872375, 18.823271152300713, 41.56338788301517)
312.0
(11.664404353965967, 28.58071978534599, 18.826443608195635, 41.56423178724587)
313.0
(11.664062579725957, 28.57961440453262, 18.826140828952667, 41.563165445995935)
314.0
(11.662360308283851, 28.57711332411229, 18.82562153528607, 41.56202484615265)
315.0
(11.663185992007014, 28.57645958846022, 18.82545268384716, 41.563696209388446)
316.0
(11.662980344017221, 28.57794484609327, 18.824380952853133, 41.564574413119054)
317.0
(11.664932534192344, 28.577623552198677, 18.828275452619827, 41.569518275230934)
318.0
(11.665475743317678, 28.575205398406393, 18.82747301562079, 41.56941189661295)
319.0
(11.666350789368153, 28.57538500110499, 18.82812080383301, 41.56892718076706)
320.0
(11.665259057487654, 28.575780318349928, 18.829553081239123, 41.56806923221576)
321.0
(11.665391468298361, 28.577246619341445, 18.83171930964689, 41.56818164801746)
322.0
(11.66332224924867, 28.577218685418778, 18.827800614915027, 41.565026758625045)
323.0
(11.66417392683618, 28.579595847809294, 18.829840507036373, 41.56901659788909)
324.0
(11.6628443138416, 28.580678150005305, 18.826846143282378, 41.563682861328125)
325.0
(11.662088319384978, 28.57978820227943, 18.827119558135426, 41.559495808888066)
326.0
(11.660990969485828, 28.578706416036013, 18.826801760845594, 41.55991364691965)
327.0
(11.663100099963385, 28.579704919266355, 18.831184311610897, 41.56231783657539)
328.0
(11.662597130316007, 28.57938983559561, 18.82936629553334, 41.56417310998795)
329.0
(11.663076906854457, 28.579512550279038, 18.827783844687723, 41.56237839207505)
330.0
(11.662711886480857, 28.578865456601857, 18.82805043476946, 41.5586054245871)
331.0
(11.662569318191114, 28.578214256796844, 18.83251883035683, 41.56431849606066)
332.0
(11.663188112032664, 28.581788631145965, 18.833103013826204, 41.56157084055491)
333.0
(11.662380385720088, 28.58279677143485, 18.830917518295927, 41.5586978889511)
334.0
(11.663689323859428, 28.582600892001732, 18.834247173480133, 41.56104313864637)
335.0
(11.661751105494442, 28.583786553690235, 18.828772840045747, 41.562223366328645)
336.0
(11.662999813210009, 28.58289921685783, 18.829408396599202, 41.564045891917424)
337.0
(11.664894856644805, 28.585189948191452, 18.831249079055336, 41.56752810957869)
338.0
(11.662641707247337, 28.585979656915033, 18.827476630871978, 41.562147562482714)
339.0
(11.664504251760595, 28.586479171869037, 18.829172190497903, 41.5624033759622)
340.0
(11.663194158909258, 28.589251935130367, 18.826805455943358, 41.56259681052826)
341.0
(11.662612961572513, 28.58645458577633, 18.824488305208977, 41.56010962369149)
342.0
(11.662797313737451, 28.585672578874888, 18.825395378357467, 41.55931017906256)
343.0
(11.664773637298929, 28.587276345060953, 18.826254345649897, 41.55910776936731)
344.0
(11.663791261894115, 28.587598999114658, 18.82359257020812, 41.559276647153105)
345.0
(11.663421457041206, 28.589704101663095, 18.821764499465854, 41.55752161059076)
346.0
(11.666823254710316, 28.591567354083445, 18.82598859363743, 41.558799754645705)
347.0
(11.666449158356107, 28.591564448733, 18.823982880033295, 41.561520379165124)
348.0
(11.664360813732475, 28.59186041769876, 18.818801792439896, 41.559129862525744)
349.0
(11.66486654656274, 28.589895380883416, 18.82097535269601, 41.5607438659668)
350.0
(11.664061862179357, 28.58943601230874, 18.8181154300005, 41.557606754139954)
351.0
(11.665894307365472, 28.58996328081887, 18.825778711925853, 41.562537811019205)
352.0
(11.667618471400933, 28.59198137594715, 18.831341578669992, 41.56519753129219)
353.0
(11.667059919254928, 28.589973847471015, 18.830156353233896, 41.56404891795358)
354.0
(11.667971044359073, 28.5904432002732, 18.832058737311566, 41.5689508679887)
355.0
(11.66762832828452, 28.590183808405477, 18.83176789658793, 41.56978463590815)
356.0
(11.667356008908996, 28.590499737240947, 18.83151190087241, 41.566027569169755)
357.0
(11.668425523701993, 28.591748202288457, 18.835242852152394, 41.565421781060415)
358.0
(11.667426009198085, 28.591520357702773, 18.83337511790496, 41.562689725403004)
359.0
(11.669665330813991, 28.591595493179693, 18.838351069556342, 41.56661914189657)
360.0
(11.670205975833692, 28.591839950229108, 18.837500078196012, 41.56792677142283)
361.0
(11.66952979976301, 28.59003811046423, 18.835980605025316, 41.56662890397383)
362.0
(11.668854371082684, 28.590688497450053, 18.833403700310992, 41.56541772847662)
363.0
(11.669035643502907, 28.5904002613928, 18.83664744764894, 41.569320940709375)
364.0
(11.671350181429354, 28.592298973070925, 18.840119479453726, 41.56953423905046)
365.0
(11.670323006768044, 28.593208104320706, 18.83983619356416, 41.56857914742225)
366.0
(11.669741891710245, 28.593658823520258, 18.840003582697147, 41.56667185479354)
367.0
(11.67038407371096, 28.594855310100673, 18.84077987463578, 41.56628806694694)
368.0
(11.671184147115, 28.595154438063936, 18.839871796812144, 41.564520580012626)
369.0
(11.672665448929813, 28.59484549935869, 18.842408113221865, 41.56786382520521)
370.0
(11.670048909849234, 28.594769556976466, 18.838135351710562, 41.56667845075664)
371.0
(11.670385329152948, 28.595337663797043, 18.841069390696862, 41.57025053167856)
372.0
(11.670491635959205, 28.596516306245363, 18.841024138013417, 41.570694204949184)
373.0
(11.668995033610951, 28.59967277795907, 18.839879352141192, 41.56803453414835)
374.0
(11.668971333185832, 28.59872503486994, 18.842959325154624, 41.57146073404948)
375.0
(11.669628040429126, 28.60140411384922, 18.843173478512053, 41.571726281592184)
376.0
(11.66857393714414, 28.60133299817035, 18.84340343424749, 41.57174312277878)
377.0
(11.670714748126489, 28.601153078765638, 18.846014224662984, 41.57494169568259)
378.0
(11.670465311777622, 28.601018665181275, 18.84588589831833, 41.57892019830467)
379.0
(11.670050175566422, 28.59799036135588, 18.846231972543816, 41.58260940752531)
380.0
(11.67039686644797, 28.598097143181928, 18.84875716562346, 41.58261967456247)
381.0
(11.669870931908722, 28.599615460513895, 18.847416423378192, 41.58493914778944)
382.0
(11.66991876980032, 28.599718434668517, 18.84760560317077, 41.58329989082197)
383.0
(11.672080368424455, 28.601679706033735, 18.850589285294216, 41.587741961081825)
384.0
(11.6710275718144, 28.601620049674583, 18.847000949413747, 41.58500149219067)
385.0
(11.671971520920492, 28.602278319592386, 18.846492446148332, 41.586175780222206)
386.0
(11.67352148744179, 28.603972777678308, 18.848811659702037, 41.58988080283468)
387.0
(11.675091039120536, 28.604225156409083, 18.85286362146594, 41.593499262308335)
388.0
(11.67418774954764, 28.604529639673796, 18.85036147345614, 41.591516872298136)
389.0
(11.674901161285547, 28.60405769085056, 18.850964692922737, 41.593799571501904)
390.0
(11.672714677613104, 28.602735331258522, 18.845823770898686, 41.59026489843188)
391.0
(11.672651393072945, 28.60236736842289, 18.84555941211934, 41.58791709432796)
392.0
(11.672321094963083, 28.60248139900893, 18.843317109513222, 41.58451175447032)
393.0
(11.672944533794665, 28.602560103186423, 18.849797016472987, 41.590473262186585)
394.0
(11.672559331640413, 28.602697454193212, 18.84990732217137, 41.590215272541286)
395.0
(11.671257768917565, 28.6049166100566, 18.84770562432029, 41.584283202585546)
396.0
(11.6699005282796, 28.605156079076334, 18.844342517612564, 41.58342126034369)
397.0
(11.670256321154648, 28.603448256543054, 18.84700302622426, 41.579855904507276)
398.0
(11.67100088787557, 28.60499472115119, 18.8486555524936, 41.58095353587827)
399.0
(11.669440894424916, 28.60436420728367, 18.84597762107849, 41.577980756759644)
400.0
(11.670037610869752, 28.604633263444622, 18.844464646907817, 41.576116300283225)
401.0
(11.66906304205235, 28.602155778338755, 18.842630704243977, 41.574540095542794)
402.0
(11.669597698944083, 28.60019159038714, 18.84361120370718, 41.572191953067446)
403.0
(11.670344930031511, 28.601507996720237, 18.843485454521556, 41.57284098332471)
404.0
(11.670015252225193, 28.602220722309816, 18.841867672955548, 41.56882934570312)
405.0
(11.669429803129487, 28.601943770513707, 18.840065942022015, 41.567947678965304)
406.0
(11.669687344196095, 28.60046335952401, 18.840661960386235, 41.56690714693187)
407.0
(11.670250307403359, 28.600166938235514, 18.842268527722826, 41.56896065730675)
408.0
(11.670616806136367, 28.600590461536694, 18.843532912014165, 41.573857668851)
409.0
(11.67139390183658, 28.601153823553876, 18.84492191686863, 41.575641083135835)
410.0
(11.671856466581062, 28.601439005701245, 18.847464006892665, 41.57676693992893)
411.0
(11.671402828496637, 28.599175669736944, 18.849939934258323, 41.57787406328812)
412.0
(11.671100371109082, 28.599588581783458, 18.84937036989965, 41.57756591131843)
413.0
(11.670265039384077, 28.597875543141566, 18.8493567434486, 41.575606452094185)
414.0
(11.670115165968975, 28.59683666043788, 18.85070297516972, 41.579021315976796)
415.0
(11.668971434522133, 28.596837825609484, 18.847171545028687, 41.57786372074714)
416.0
(11.667514247145299, 28.596065319233265, 18.84400678767289, 41.57563884195378)
417.0
(11.6676481712663, 28.593982374273423, 18.847642501575525, 41.58406740398498)
418.0
(11.66763389139016, 28.597102912793265, 18.84739604030418, 41.583008313235915)
419.0
(11.667724075061935, 28.596416232546645, 18.84819081624349, 41.58625506446475)
420.0
(11.666705301566815, 28.595687660477495, 18.84553622519885, 41.58398503645582)
421.0
(11.667113509364603, 28.594912737871038, 18.846120558643793, 41.58603893298108)
422.0
(11.666997769482029, 28.595117050094935, 18.844814395228177, 41.585314613143886)
423.0
(11.666924407600233, 28.595441175531047, 18.844002408801384, 41.58498559807831)
424.0
(11.665286853453692, 28.593779207334187, 18.8433071271111, 41.588843985164864)
425.0
(11.664337844915792, 28.592360771723857, 18.841794784080253, 41.58713845803704)
426.0
(11.664807782798517, 28.590755362386787, 18.84242042166288, 41.589512737908464)
427.0
(11.663900182486694, 28.591045900478143, 18.841156634214883, 41.59106493441858)
428.0
(11.663104370062724, 28.59149529375401, 18.838612211889878, 41.59034974424989)
429.0
(11.662135963938956, 28.58993122877082, 18.83835790767226, 41.588186006767806)
430.0
(11.661836984262665, 28.58823686480011, 18.83829796120628, 41.58773496587979)
431.0
(11.662375489732733, 28.58849443903535, 18.840377679577582, 41.58773750729031)
432.0
(11.660377776237338, 28.586729812143517, 18.838839828279774, 41.5931300808596)
433.0
(11.660845829045169, 28.58783257480404, 18.837403363346503, 41.5943112351378)
434.0
(11.659744999600553, 28.58606443396365, 18.836789120202777, 41.59379054102404)
435.0
(11.65788679057305, 28.585262479940315, 18.83399862761891, 41.590530605491146)
436.0
(11.656818883506329, 28.58410184488357, 18.831410981970468, 41.58990938548911)
437.0
(11.657194451790422, 28.583974908407516, 18.830994201033082, 41.5906968835282)
438.0
(11.657438055800958, 28.58257641291632, 18.83217695579442, 41.59110541550065)
439.0
(11.658471581881697, 28.58446907166129, 18.83260644132441, 41.59510693983598)
440.0
(11.657762122667837, 28.582820331319212, 18.831005433789727, 41.592579493446955)
441.0
(11.657505407457437, 28.5838651469825, 18.831047528469725, 41.594828584075515)
442.0
(11.656549936088966, 28.583498393456086, 18.82855714578392, 41.59436793790176)
443.0
(11.656883921037924, 28.584122299982937, 18.830172401290756, 41.59255569045608)
444.0
(11.656871784938856, 28.584934988940983, 18.831168639793823, 41.59441842068447)
445.0
(11.657130919764395, 28.58338786619967, 18.832843340031236, 41.59935403832406)
446.0
(11.6594129482105, 28.58318919318246, 18.835306504695474, 41.60212657168941)
447.0
(11.659370260446199, 28.583770512936415, 18.83534198999405, 41.59925464221409)
448.0
(11.657536809056799, 28.584188879884923, 18.831814445206742, 41.59697140564101)
449.0
(11.655479432344437, 28.58296553743979, 18.82867211235894, 41.598550720214845)
450.0
(11.653266497038949, 28.583800790007025, 18.824872183958338, 41.59657069373289)
451.0
(11.654809985936215, 28.58308322207595, 18.826499913646057, 41.596892280916194)
452.0
(11.65446787375225, 28.58211753046974, 18.82585443408284, 41.598556442766)
453.0
(11.654901612697719, 28.58237308891865, 18.825454052324336, 41.600938486107644)
454.0
(11.656795084869469, 28.584108314066484, 18.82958202152462, 41.604259038233494)
455.0
(11.655488263227438, 28.58263278818175, 18.827817071948136, 41.60313245706391)
456.0
(11.656372595146395, 28.583509632306985, 18.829180602693455, 41.603402344351004)
457.0
(11.656551974439205, 28.58451862411143, 18.830878607570863, 41.60168375406723)
458.0
(11.657612652041035, 28.584466177791136, 18.832273404322937, 41.60514012089482)
459.0
(11.65810567697753, 28.58408885056978, 18.831213229635487, 41.60222877834154)
460.0
(11.65805231981836, 28.58383097315511, 18.83292248243882, 41.60307690998996)
461.0
(11.658359040171552, 28.582523562920322, 18.833120139646322, 41.605024172630145)
462.0
(11.658401268218558, 28.583140153012415, 18.834739936350747, 41.607048529013184)
463.0
(11.660184211386689, 28.582960052323784, 18.835357242617114, 41.6055717797115)
464.0
(11.658783752815697, 28.582146494163492, 18.833340376166888, 41.60536171697801)
465.0
(11.658552376625364, 28.582362618806133, 18.831583800745623, 41.60269730694816)
466.0
(11.658787495957197, 28.582801026060974, 18.832777660459726, 41.603922498813276)
467.0
(11.658707297383211, 28.58180393009545, 18.833894697010006, 41.60303479382115)
468.0
(11.659813655846154, 28.58095352002774, 18.83342904373527, 41.605318146727996)
469.0
(11.659138343942926, 28.58050571168642, 18.8310362430329, 41.603755236686546)
470.0
(11.660157646343206, 28.58164804203756, 18.831714221120134, 41.600436273400696)
471.0
(11.660744876174604, 28.582221703559767, 18.83281661292254, 41.599090220564506)
472.0
(11.66021524372867, 28.58229221913355, 18.83586901690945, 41.601991262294774)
473.0
(11.65885275790963, 28.58226237385843, 18.834714583706756, 41.59699158326483)
474.0
(11.660742877408078, 28.582332711600376, 18.83725092436138, 41.598792965537626)
475.0
(11.661072155257234, 28.582572224815753, 18.837748275083655, 41.599049191514986)
476.0
(11.660850570386811, 28.58322439721655, 18.83828920888201, 41.59886754833677)
477.0
(11.661528132949414, 28.5842611900951, 18.838583650948113, 41.598707318804756)
478.0
(11.660528467194272, 28.58525373012095, 18.835798199838784, 41.59606354619864)
479.0
(11.657993147770563, 28.584340223206745, 18.831156917413075, 41.58987348079681)
480.0
(11.657849365361267, 28.583777637785193, 18.83048671397251, 41.59251337983256)
481.0
(11.658503360891737, 28.58495509835012, 18.83005222937873, 41.593718445647305)
482.0
(11.659157456818575, 28.58574774877489, 18.831347191062278, 41.594553013519224)
483.0
(11.659153683003316, 28.585820311425117, 18.831095269888884, 41.593945290431506)
484.0
(11.659863922768032, 28.588527104597777, 18.833340127689322, 41.59709678728556)
485.0
(11.659659564127157, 28.588065896893877, 18.83183718316349, 41.59485663896726)
486.0
(11.660623832649764, 28.588545534697946, 18.831883643931675, 41.59611321670564)
487.0
(11.661349114580233, 28.59048811592411, 18.831587318514213, 41.59648327749284)
488.0
(11.661090899830215, 28.589882489432686, 18.83125353932137, 41.596781139724825)
489.0
(11.66157230722661, 28.58959282365758, 18.832478655601033, 41.599209353388574)
490.0
(11.66182401187551, 28.588783593845697, 18.832999775220323, 41.59882542751957)
491.0
(11.662569270991698, 28.58923304350227, 18.83335769079565, 41.59970780504428)
492.0
(11.661549994839133, 28.587762296830377, 18.832454224870848, 41.60027546911646)
493.0
(11.660822925297355, 28.588143841266017, 18.830589082076965, 41.59701485575935)
494.0
(11.661194142909965, 28.588114452080305, 18.830038209394974, 41.599202358361445)
495.0
(11.660671925112124, 28.590180246401033, 18.82943339886204, 41.59909426781439)
496.0
(11.660030667450826, 28.590319983011142, 18.829574888141103, 41.599470748747855)
497.0
(11.659872502926364, 28.589334636091493, 18.83141148425489, 41.59962857870692)
498.0
(11.662147962975359, 28.59028105699487, 18.836544916003884, 41.60356028524334)
499.0
(11.661695761919022, 28.58896089404643, 18.83652646636963, 41.605507431030276)
500.0
(11.661846982028909, 28.589811950523263, 18.833902892000424, 41.60124518723783)
501.0
(11.66159681732436, 28.59022548009944, 18.8340384076791, 41.599049853138716)
502.0
(11.662439248078385, 28.589937782365496, 18.83512980421305, 41.59797580483894)
503.0
(11.66416745822108, 28.59037701631937, 18.837726324323622, 41.599470577542746)
504.0
(11.663759429502015, 28.589052359450495, 18.837289549572635, 41.59642088484056)
505.0
(11.664860972538296, 28.58905004624919, 18.84000061246246, 41.598287906571336)
506.0
(11.663662644062757, 28.589069405010566, 18.83653781070747, 41.59339162913065)
507.0
(11.663339690664621, 28.588681080518537, 18.837186892201583, 41.59399359995925)
508.0
(11.663407003949809, 28.58837436060664, 18.835780006963283, 41.59428919134533)
509.0
(11.663739003854639, 28.589759098558282, 18.83636096879548, 41.595237507539636)
510.0
(11.663821469897627, 28.58926969310757, 18.836153455909685, 41.6011670480269)
511.0
(11.664398660650477, 28.592043850022268, 18.836318630725145, 41.603189677000046)
512.0
(11.6644999475507, 28.592602067328542, 18.83500301071078, 41.6035406250238)
513.0
(11.662816793074404, 28.592745736240317, 18.83101469997302, 41.598322204114865)
514.0
(11.662910212243645, 28.593650185195266, 18.829763386550457, 41.59829213410905)
515.0
(11.662161398188088, 28.595212481058386, 18.827902161797812, 41.597953596780464)
516.0
(11.66236095940352, 28.59680675082668, 18.829443228775112, 41.596547021626044)
517.0
(11.663189664425538, 28.596868078105967, 18.830049941898775, 41.597093309674946)
518.0
(11.661973950835321, 28.595530317429677, 18.82937977447216, 41.59546617276407)
519.0
(11.66243554915373, 28.59477138181291, 18.82992547108577, 41.59811685268696)
520.0
(11.662605422472085, 28.594973043840575, 18.82860838657606, 41.596447752441875)
521.0
(11.661152491624328, 28.59456351254262, 18.827842628362077, 41.59634353374613)
522.0
(11.660783081505997, 28.592671675234904, 18.828082925274998, 41.59627866289128)
523.0
(11.659980936018565, 28.591530139650704, 18.82738191662854, 41.594244265374336)
524.0
(11.65996098927089, 28.59264387022624, 18.828501539684478, 41.596207413446336)
525.0
(11.658983176991967, 28.592887619831394, 18.82816067394648, 41.59228761477162)
526.0
(11.660152137845019, 28.591890088190507, 18.828724624083662, 41.59358535274382)
527.0
(11.659943813401641, 28.58980650052956, 18.827918142983407, 41.592308752464525)
528.0
(11.66016815143632, 28.588640200416563, 18.827852526774706, 41.59343941585779)
529.0
(11.660143890920676, 28.58834866000462, 18.828405380249023, 41.59273524014455)
530.0
(11.659122539329887, 28.588830007495638, 18.828362351756986, 41.5909999337349)
531.0
(11.659099754982424, 28.589110288924132, 18.827716103173735, 41.59257986312522)
532.0
(11.658204045237564, 28.590303737817546, 18.826540544377483, 41.59389170204721)
533.0
(11.658475449915683, 28.59069092935498, 18.825564598769283, 41.59317490224088)
534.0
(11.659956283992695, 28.592775532312285, 18.82751683030173, 41.596822328656636)
535.0
(11.660025464287445, 28.593698553789338, 18.82690255677522, 41.595169309359875)
536.0
(11.66075066270331, 28.593253117337504, 18.826677595880888, 41.5968405086013)
537.0
(11.660274197842552, 28.594080877684327, 18.82621024532389, 41.595581898458825)
538.0
(11.659823214521213, 28.595123743815574, 18.82496079708517, 41.59259957506396)
539.0
(11.659915875836655, 28.595154899840455, 18.825723566832366, 41.59462806560375)
540.0
(11.658353115185792, 28.597178432662147, 18.826905393336045, 41.58978288407246)
541.0
(11.656575318082233, 28.5951997369667, 18.824153706596345, 41.58919293590137)
542.0
(11.656188705239726, 28.595599706662448, 18.823472737826915, 41.58718191325994)
543.0
(11.655400830047096, 28.594853356137456, 18.822120677022372, 41.58542044022504)
544.0
(11.653971574393982, 28.59642298698168, 18.820024878825617, 41.585063815335616)
545.0
(11.653917540124048, 28.595846016065114, 18.819835931826862, 41.583124887375604)
546.0
(11.654922325933654, 28.595734623547745, 18.820907442835612, 41.582617144262116)
547.0
(11.65496163059325, 28.59354664721372, 18.82065691565075, 41.583062638331505)
548.0
(11.655658988027625, 28.594310316572408, 18.822038184966765, 41.585036140539174)
549.0
(11.657185721722517, 28.59399925939275, 18.82382291273637, 41.58843247847123)
550.0
(11.657296004831899, 28.59458167530529, 18.822750378866594, 41.587129873286145)
551.0
(11.658058717522932, 28.59377758187405, 18.824811928514123, 41.58829779555832)
552.0
(11.658593106011155, 28.596521339181407, 18.826446995381637, 41.59007369415669)
553.0
(11.657314317536269, 28.596566272526882, 18.82344514454315, 41.58605450241144)
554.0
(11.65858160418433, 28.596983190469306, 18.82794490161243, 41.58790160170547)
555.0
(11.657651034404905, 28.598165867622168, 18.82650276568296, 41.5864250471266)
556.0
(11.658294765482685, 28.59889259553896, 18.827234648288474, 41.586061919398965)
557.0
(11.65733262234264, 28.59858448415537, 18.82603566706394, 41.584978753093324)
558.0
(11.656978523795209, 28.59895450026564, 18.823291833157615, 41.58169010414847)
559.0
(11.657492962373155, 28.599142766441926, 18.82378842149462, 41.58305950845991)
560.0
(11.658162192864852, 28.60067455088973, 18.824255744403697, 41.58505848087304)
561.0
(11.657488508580842, 28.59988274449619, 18.8235255170123, 41.58423742111043)
562.0
(11.656835679686091, 28.599135796805275, 18.82201413955824, 41.58241003656472)
563.0
(11.657105540764247, 28.60019737718414, 18.8231954439312, 41.583364094402775)
564.0
(11.656850191027717, 28.60081344961655, 18.8218354385511, 41.58458559829577)
565.0
(11.658476244223834, 28.600735296076977, 18.82415197257861, 41.58734725305133)
566.0
(11.660663426448007, 28.600980107413623, 18.82657721181395, 41.589741580700746)
567.0
(11.661429709322016, 28.601746482853518, 18.8289286888821, 41.59055669542769)
568.0
(11.662641289573562, 28.60221086225837, 18.83011387186436, 41.594135579409205)
569.0
(11.661721752400984, 28.601087339205527, 18.829778450413755, 41.592640967118115)
570.0
(11.660564828566201, 28.599999323494295, 18.831213909356272, 41.592670307059215)
571.0
(11.65959010111702, 28.60076091856355, 18.8282171429454, 41.58771473544461)
572.0
(11.661871065540048, 28.60168645400276, 18.83214752170636, 41.58880877536421)
573.0
(11.66199413720739, 28.602625446094407, 18.831593496874234, 41.59025935927335)
574.0
(11.66322329002878, 28.602684399354736, 18.831970559825066, 41.58904336680537)
575.0
(11.664358641848796, 28.6045563147533, 18.833452271090614, 41.59051772620943)
576.0
(11.664461364365946, 28.60607621402233, 18.833411638203692, 41.590312488364184)
577.0
(11.663172037440601, 28.604649826060204, 18.829884918503282, 41.58869039146133)
578.0
(11.662219549090134, 28.60213895447245, 18.827839474192142, 41.586555540252846)
579.0
(11.66110188570516, 28.602441637634215, 18.82823596165098, 41.58587964814285)
580.0
(11.66119301021612, 28.601776550436806, 18.82907028329557, 41.58555746160563)
581.0
(11.663401808935342, 28.60222510327691, 18.832251630697872, 41.58938154240244)
582.0
(11.6621995383225, 28.60267158965824, 18.830572429284018, 41.58792622666007)
583.0
(11.661448841225612, 28.602043985314307, 18.82951970949565, 41.587696735173054)
584.0
(11.660951525329525, 28.602154380175183, 18.828260989066884, 41.58746272682125)
585.0
(11.661627805171973, 28.60145165061856, 18.827748314919326, 41.588074824102094)
586.0
(11.661911007899036, 28.601970959559544, 18.826040417412884, 41.58692427835026)
587.0
(11.65977377530669, 28.60263320945969, 18.821958684596886, 41.58612310967478)
588.0
(11.659600072481838, 28.602672015016882, 18.821009987278988, 41.5837983421235)
589.0
(11.659497022628784, 28.60297608048487, 18.82073057465634, 41.58403048757779)
590.0
(11.658557004835803, 28.60290918956937, 18.818827614566395, 41.582412829455585)
591.0
(11.658510210848338, 28.602907370443898, 18.81869143408698, 41.582419981827606)
592.0
(11.657575962816885, 28.602403374208315, 18.816737688009894, 41.58073768165421)
593.0
(11.657622902180611, 28.603207008164837, 18.816235577618635, 41.57966220740116)
594.0
(11.657552619741745, 28.60290681523092, 18.814666722401853, 41.58030237790917)
595.0
(11.657251352331782, 28.603977227466245, 18.81354924336376, 41.579535292299)
596.0
(11.657235351040136, 28.60352140711359, 18.81402686293201, 41.58134593995572)
597.0
(11.656050325337063, 28.601927720707366, 18.811387808426566, 41.5791896450081)
598.0
(11.655988675724087, 28.60291873368098, 18.810713333359146, 41.577871727027954)
599.0
(11.656700538694858, 28.601903238759835, 18.811182820002237, 41.57853635787964)
600.0
(11.65705307331339, 28.600541833717916, 18.812692864365665, 41.58139854342291)
601.0
(11.658349877873132, 28.60152809422324, 18.814871436337697, 41.584437500202775)
602.0
(11.660807749722926, 28.602666754148316, 18.81764816802928, 41.58789924760758)
603.0
(11.659547184674155, 28.603732675520828, 18.81591408457977, 41.588876048460705)
604.0
(11.65999859679829, 28.604339710693825, 18.816097691433487, 41.590561947152636)
605.0
(11.660123402824496, 28.604507039668047, 18.816452888765745, 41.589494075712196)
606.0
(11.66033530333486, 28.60495208051405, 18.81703844651752, 41.588401316810874)
607.0
(11.659940830480895, 28.605040691420186, 18.818062951690273, 41.58637288997048)
608.0
(11.659715094296216, 28.60500761173945, 18.818035069357585, 41.58524519821693)
609.0
(11.65999971354594, 28.605260843335316, 18.81827157130007, 41.587225022863166)
610.0
(11.660059097355594, 28.604103889234928, 18.81862751512793, 41.584396917964355)
611.0
(11.659836218734972, 28.60312717695473, 18.81823632296394, 41.585349357206056)
612.0
(11.659973469391149, 28.60461239884679, 18.818720224825437, 41.583901266872786)
613.0
(11.660466402574936, 28.60524003614618, 18.820825781806672, 41.58556280850588)
614.0
(11.658990508850996, 28.604532027935043, 18.819350020866082, 41.582698313395184)
615.0
(11.658868960552402, 28.603083976001695, 18.819648702423294, 41.58417196397657)
616.0
(11.657985565051847, 28.602376839458618, 18.817597013624987, 41.582440300544235)
617.0
(11.658235038368447, 28.602561018656246, 18.817033008464332, 41.583421775052464)
618.0
(11.659075157611552, 28.602942657944862, 18.817118291901078, 41.58616565464001)
619.0
(11.658642679452896, 28.60293392289305, 18.816510545053788, 41.5867184546686)
620.0
(11.658929962178934, 28.602295096196556, 18.81719802082449, 41.58865937557005)
621.0
(11.658987535349425, 28.60254975412255, 18.8186848692572, 41.59000299827846)
622.0
(11.658490991707216, 28.6023219373559, 18.8176719702266, 41.58998373653112)
623.0
(11.659060048655821, 28.601605630451814, 18.81692523528368, 41.589567924157166)
624.0
(11.658689945793151, 28.602504252547806, 18.81865881958008, 41.59035631713867)
625.0
(11.658690800015538, 28.600451067657122, 18.81852416565624, 41.59066628648069)
626.0
(11.659649972805376, 28.59981455747912, 18.819831972867487, 41.592023450982246)
627.0
(11.659267360997049, 28.60089253770872, 18.819210268129968, 41.589700814265356)
628.0
(11.658958033745922, 28.60038593258725, 18.819184444288002, 41.58975451398161)
629.0
(11.657701366193711, 28.599829483055515, 18.816220634702653, 41.587625509595114)
630.0
(11.658447040147525, 28.598948760902882, 18.81708179298558, 41.58811341903856)
631.0
(11.659059827180602, 28.599125164968783, 18.81659966480883, 41.589837309680405)
632.0
(11.658505346161117, 28.59921210323419, 18.81519114538015, 41.58858473719014)
633.0
(11.659267971098235, 28.59875206492931, 18.816030730960495, 41.59037174260955)
634.0
(11.658917591797085, 28.598820107194065, 18.813602453517163, 41.58865904920683)
635.0
(11.658481899016309, 28.598622689913753, 18.812891735220855, 41.588437818131354)
636.0
(11.657496531960355, 28.599435107045185, 18.811669165522936, 41.58690298370888)
637.0
(11.65836003021013, 28.599900729675948, 18.81478929669132, 41.58632278442383)
638.0
(11.658228125184168, 28.600243458340426, 18.815435728929785, 41.58383442575756)
639.0
(11.658176323119552, 28.59957176402825, 18.81563205122948, 41.582706075906756)
640.0
(11.65847243273314, 28.60017589153434, 18.814959521598638, 41.58087024301895)
641.0
(11.657541368980645, 28.59901203146799, 18.816706589077864, 41.58163065925194)
642.0
(11.65775114863323, 28.598342563171514, 18.817711184962914, 41.58179787714411)
643.0
(11.657385753548663, 28.59852941591303, 18.81682164328439, 41.57930093966656)
644.0
(11.65848698375761, 28.598631781936078, 18.820021669254746, 41.58049898960794)
645.0
(11.659155476480814, 28.598603512111975, 18.821741275373995, 41.58324846911356)
646.0
(11.658431058965474, 28.59840949926398, 18.821030559274476, 41.582965137416835)
647.0
(11.658966405432166, 28.5982981545817, 18.821685676221495, 41.58272996949561)
648.0
(11.65841084195212, 28.598160798371893, 18.820528215546453, 41.581489868634286)
649.0
(11.657737256930425, 28.598056541753373, 18.818838691711427, 41.57871202322153)
650.0
(11.65835902419874, 28.597299749425236, 18.81973392586188, 41.57947709044004)
651.0
(11.658211485922703, 28.5975943015282, 18.819860417418685, 41.577800341179035)
652.0
(11.658063359684089, 28.596707147679627, 18.819205843471277, 41.577576145096174)
653.0
(11.65850996406071, 28.597192582592765, 18.822725211443885, 41.578358419809135)
654.0
(11.659031310882277, 28.597720741799375, 18.823488844078007, 41.579972495741515)
655.0
(11.6590047103421, 28.597222164172763, 18.82411190358604, 41.581248033337474)
656.0
(11.657966996346072, 28.597798150297447, 18.82331677731495, 41.579170029638746)
657.0
(11.656481014106049, 28.59645229170133, 18.820397858199378, 41.5755907018134)
658.0
(11.657142572862426, 28.596962553790654, 18.819930141721038, 41.575292271800755)
659.0
(11.659192886948585, 28.59888531777584, 18.822218640645346, 41.577560343886866)
660.0
(11.657638370630059, 28.599097008472324, 18.819856799496463, 41.57649497004753)
661.0
(11.657803794678605, 28.59869851190485, 18.820042189514528, 41.57764081004163)
662.0
(11.658147872752913, 28.598114870439627, 18.821120689357567, 41.5770119829595)
663.0
(11.65783796333764, 28.59694290885986, 18.82096091523228, 41.57514452072511)
664.0
(11.658371067047119, 28.596328837499573, 18.820295827191575, 41.575805136314905)
665.0
(11.659588003212267, 28.596623887009432, 18.821598531247616, 41.57760285042428)
666.0
(11.659233410497833, 28.595043881166177, 18.82217860186118, 41.57699630142509)
667.0
(11.659627806908356, 28.594831453216816, 18.822069507872985, 41.575661996167575)
668.0
(11.659079535659654, 28.594006125658165, 18.820660361616422, 41.57383262736915)
669.0
(11.65942415203621, 28.594293571751063, 18.820786863298558, 41.57405036812398)
670.0
(11.660482617408793, 28.594427575116278, 18.821646651994275, 41.57784492958854)
671.0
(11.660741490090178, 28.594320257042426, 18.820419004985265, 41.576004754929315)
672.0
(11.659820158892542, 28.592985386762013, 18.818620537223644, 41.575665563212105)
673.0
(11.6608831559692, 28.592925239939266, 18.81853099392854, 41.57526667110998)
674.0
(11.66079057596348, 28.593112676855007, 18.818375888400606, 41.575717264811196)
675.0
(11.659928251300338, 28.59447366409056, 18.817682082836445, 41.57374962688198)
676.0
(11.65828611192182, 28.595110889387488, 18.81454737675947, 41.56947392586239)
677.0
(11.65778368904879, 28.595162242889895, 18.813651591275647, 41.56899838180317)
678.0
(11.659316258156599, 28.595677007975212, 18.815477295371323, 41.57035780444588)
679.0
(11.659781254565015, 28.59647302093085, 18.816391661587883, 41.5687429932987)
680.0
(11.660297255246475, 28.59677444480808, 18.817421113516964, 41.569939875217614)
681.0
(11.660474773026632, 28.59695415979898, 18.818537449207472, 41.57094014075495)
682.0
(11.659711499688916, 28.596256508486782, 18.81665428351518, 41.56938386417238)
683.0
(11.659815641000257, 28.595401619904358, 18.816187579729405, 41.56918957358912)
684.0
(11.660068185747106, 28.59569823802696, 18.817434787054133, 41.57035864391466)
685.0
(11.660616250410024, 28.59565696340765, 18.81801901336314, 41.56960379486529)
686.0
(11.660555866174128, 28.594343594576728, 18.81865679089853, 41.57038496814267)
687.0
(11.66160433444866, 28.594598167016038, 18.820730913517085, 41.5725140516148)
688.0
(11.660693459137084, 28.59453004973262, 18.818716500424856, 41.571958317639)
689.0
(11.66038789446803, 28.593872320539695, 18.820721949701724, 41.571052888510884)
690.0
(11.6606220039721, 28.59415661605815, 18.821689186151396, 41.57164131197674)
691.0
(11.659885407872283, 28.595174293799683, 18.821203970495677, 41.5694029813557)
692.0
(11.659912314593878, 28.595062702239694, 18.82104978244886, 41.57012752846722)
693.0
(11.660636638787707, 28.595327125849916, 18.821761683703155, 41.57295186925003)
694.0
(11.660588017470545, 28.5938256931705, 18.821394872322358, 41.57270243802517)
695.0
(11.661734321936109, 28.593689993656646, 18.822970532822882, 41.573956511486536)
696.0
(11.661074479563506, 28.594872089242067, 18.821639505657267, 41.57219931932228)
697.0
(11.659804247853408, 28.593943235846435, 18.820501884963246, 41.5727385982743)
698.0
(11.658782717837115, 28.59461127682365, 18.820349888399093, 41.57159304311859)
699.0
(11.659451641525541, 28.595005907673542, 18.820911677224295, 41.57199753352574)
700.0
(11.660568018782666, 28.59565262950972, 18.82163623532283, 41.571476042525745)
701.0
(11.660966931584893, 28.595622494774673, 18.821848037915352, 41.57257494695506)
702.0
(11.66051359620915, 28.59515099384647, 18.820536652805117, 41.573301350578646)
703.0
(11.661762406710874, 28.59458656113427, 18.82270005616275, 41.5755920139226)
704.0
(11.661862608050624, 28.594417972240596, 18.822048425336256, 41.57575817243427)
705.0
(11.660761956114944, 28.593710411607226, 18.819609369164485, 41.57385741279754)
706.0
(11.66041357682483, 28.595135374173587, 18.819366786908226, 41.5720878396041)
707.0
(11.660893982244751, 28.595423785367775, 18.81900044619027, 41.57141835810774)
708.0
(11.661613065365843, 28.595832916088394, 18.820049861590515, 41.57180229800376)
709.0
(11.661842841413659, 28.59640588142612, 18.820575894100564, 41.57252318153919)
710.0
(11.66154198405109, 28.59734865413039, 18.82084351283421, 41.57326178678145)
711.0
(11.66127064665047, 28.598316333311, 18.819758391112423, 41.57332521610046)
712.0
(11.659845111246364, 28.597913962219938, 18.817405890615927, 41.57267862349372)
713.0
(11.660156437078443, 28.598581669495665, 18.81716685735879, 41.57569285267208)
714.0
(11.65985876813635, 28.59806885802286, 18.816118160327832, 41.57458895703296)
715.0
(11.661148606149178, 28.598594714383534, 18.81837853373096, 41.576239159653305)
716.0
(11.660606514626135, 28.59952040805506, 18.817776726545816, 41.57606936232648)
717.0
(11.660244541413936, 28.599909131327102, 18.8174382451517, 41.576244503010614)
718.0
(11.659998521768333, 28.599204367605058, 18.815642976296626, 41.57580072458663)
719.0
(11.660308512217469, 28.59855325146205, 18.816327344046698, 41.57553845511542)
720.0
(11.659332359548085, 28.598997961883544, 18.81433550957668, 41.57315668748917)
721.0
(11.659301827158624, 28.598390980005902, 18.81529518243679, 41.57490109472724)
722.0
(11.658852953798709, 28.597188149065804, 18.814955936922573, 41.57519880534867)
723.0
(11.659677466387906, 28.59757978618379, 18.816403328384485, 41.57693223268288)
724.0
(11.659255317490677, 28.597600715205502, 18.815931262312265, 41.576224054796945)
725.0
(11.659173535906579, 28.597221013041313, 18.81484139655247, 41.57511080592132)
726.0
(11.65997356930658, 28.597133457269894, 18.81619300212624, 41.57722243318204)
727.0
(11.659599918503682, 28.59650319774699, 18.815930479175442, 41.578145399198426)
728.0
(11.659994564651159, 28.596968228796744, 18.81589409157082, 41.57846448189274)
