0.0
(0.014366054586509604, 0.01856989116214981, 3.5530154705047607, 5.933393478393555)
8.0
(0.014355077949912597, 0.01843655834038317, 3.5326327085494995, 5.900740623474121)
16.0
(0.014299952443086147, 0.018257073372237902, 3.6601940790812173, 5.957787195841472)
24.0
(0.014525748942056983, 0.01877884221308106, 3.5162811875343323, 5.812981843948364)
32.0
(0.014320152422840177, 0.018745129963374765, 3.471098852157593, 5.820822715759277)
40.0
(0.014417156968664553, 0.01898851431258344, 3.4718842109044394, 5.812647819519043)
48.0
(0.014289154288037382, 0.0190111239542251, 3.4261551925114224, 5.781052725655692)
56.0
(0.014312873848665827, 0.019143521608054208, 3.416064202785492, 5.784472763538361)
64.0
(0.01436149812925738, 0.019159022029687348, 3.4272564782036676, 5.8207902908325195)
72.0
(0.014355645622735742, 0.019033186553098862, 3.427481746673584, 5.844375276565552)
80.0
(0.014294146705618732, 0.019059467097555946, 3.3688160939650102, 5.802851503545588)
88.0
(0.014314875072296021, 0.01899206120653624, 3.4327361385027566, 5.823142488797505)
96.0
(0.014297513322993031, 0.019040245115072282, 3.4156818023094764, 5.810213162348821)
104.0
(0.014276673230233019, 0.019033403837295553, 3.434572730745588, 5.823560340063913)
112.0
(0.014206414777646845, 0.01896669303817555, 3.4314316590627034, 5.8316697438557945)
120.0
(0.014198929942857617, 0.01897208562548535, 3.403524935245514, 5.819066256284714)
128.0
(0.014166073519358073, 0.018979235951505767, 3.3999374193303726, 5.811771841610179)
136.0
(0.014128266415290601, 0.01893241196735712, 3.4069917731814914, 5.81888763109843)
144.0
(0.014165888816401667, 0.018878774105915423, 3.4186472641794303, 5.82929980127435)
152.0
(0.014184410877656414, 0.018821977441827033, 3.4410829186439513, 5.839611577987671)
160.0
(0.014123051448423615, 0.018752857543295268, 3.457351332619077, 5.847373689923968)
168.0
(0.014151153452258591, 0.018703239972338224, 3.460235769098455, 5.856423464688388)
176.0
(0.014145347452955525, 0.018667036896047227, 3.46192481206811, 5.8598086522973105)
184.0
(0.014147709125583626, 0.018676367652661077, 3.460191915432612, 5.857154647509257)
192.0
(0.014122850601638443, 0.0186748115501808, 3.4636586570739745, 5.863143711090088)
200.0
(0.014098215578293171, 0.01863472982290305, 3.4654416671166053, 5.871402978897095)
208.0
(0.014084293495114576, 0.01865695687657945, 3.4599169271963612, 5.8692075764691385)
216.0
(0.014136010135754733, 0.018689831456595977, 3.45337062222617, 5.866992626871381)
224.0
(0.014152024722123114, 0.01868060506927244, 3.47216325792773, 5.877554745509706)
232.0
(0.014147901624777416, 0.018680685473754073, 3.4603525082270306, 5.873741467793782)
240.0
(0.014141024430079816, 0.018688649649436347, 3.455118571558306, 5.870362327944848)
248.0
(0.014111425739167488, 0.018670667074270404, 3.4627586603164673, 5.878022253513336)
256.0
(0.01411131430812203, 0.018664673972183955, 3.4601662881446607, 5.87813646143133)
264.0
0.0
(0.014366054586509604, 0.01856989116214981, 3.5530154705047607, 5.933393478393555)
8.0
(0.014355077949912597, 0.01843655834038317, 3.5326327085494995, 5.900740623474121)
16.0
(0.014299952443086147, 0.018257073372237902, 3.6601940790812173, 5.957787195841472)
24.0
(0.014525748942056983, 0.01877884221308106, 3.5162811875343323, 5.812981843948364)
32.0
(0.014320152422840177, 0.018745129963374765, 3.471098852157593, 5.820822715759277)
40.0
(0.014417156968664553, 0.01898851431258344, 3.4718842109044394, 5.812647819519043)
48.0
(0.014289154288037382, 0.0190111239542251, 3.4261551925114224, 5.781052725655692)
56.0
(0.014312873848665827, 0.019143521608054208, 3.416064202785492, 5.784472763538361)
64.0
(0.01436149812925738, 0.019159022029687348, 3.4272564782036676, 5.8207902908325195)
72.0
(0.014355645622735742, 0.019033186553098862, 3.427481746673584, 5.844375276565552)
80.0
(0.014294146705618732, 0.019059467097555946, 3.3688160939650102, 5.802851503545588)
88.0
(0.014314875072296021, 0.01899206120653624, 3.4327361385027566, 5.823142488797505)
96.0
(0.014297513322993031, 0.019040245115072282, 3.4156818023094764, 5.810213162348821)
104.0
(0.014276673230233019, 0.019033403837295553, 3.434572730745588, 5.823560340063913)
112.0
(0.014206414777646845, 0.01896669303817555, 3.4314316590627034, 5.8316697438557945)
120.0
(0.014198929942857617, 0.01897208562548535, 3.403524935245514, 5.819066256284714)
128.0
(0.014166073519358073, 0.018979235951505767, 3.3999374193303726, 5.811771841610179)
136.0
(0.014128266415290601, 0.01893241196735712, 3.4069917731814914, 5.81888763109843)
144.0
(0.014165888816401667, 0.018878774105915423, 3.4186472641794303, 5.82929980127435)
152.0
(0.014184410877656414, 0.018821977441827033, 3.4410829186439513, 5.839611577987671)
160.0
(0.014123051448423615, 0.018752857543295268, 3.457351332619077, 5.847373689923968)
168.0
(0.014151153452258591, 0.018703239972338224, 3.460235769098455, 5.856423464688388)
176.0
(0.014145347452955525, 0.018667036896047227, 3.46192481206811, 5.8598086522973105)
184.0
(0.014147709125583626, 0.018676367652661077, 3.460191915432612, 5.857154647509257)
192.0
(0.014122850601638443, 0.0186748115501808, 3.4636586570739745, 5.863143711090088)
200.0
(0.014098215578293171, 0.01863472982290305, 3.4654416671166053, 5.871402978897095)
208.0
(0.014084293495114576, 0.01865695687657945, 3.4599169271963612, 5.8692075764691385)
216.0
(0.014136010135754733, 0.018689831456595977, 3.45337062222617, 5.866992626871381)
224.0
(0.014152024722123114, 0.01868060506927244, 3.47216325792773, 5.877554745509706)
232.0
(0.014147901624777416, 0.018680685473754073, 3.4603525082270306, 5.873741467793782)
240.0
(0.014141024430079816, 0.018688649649436347, 3.455118571558306, 5.870362327944848)
248.0
(0.014111425739167488, 0.018670667074270404, 3.4627586603164673, 5.878022253513336)
256.0
(0.01411131430812203, 0.018664673972183955, 3.4601662881446607, 5.87813646143133)
264.0
(0.014086032843846076, 0.018639090523109747, 3.4604922883650837, 5.878950034870821)
272.0
(0.014115900628282996, 0.018629058623657217, 3.468284259523664, 5.880530112130302)
280.0
(0.014124946072365332, 0.018656696659040184, 3.4659495022561817, 5.882327106263903)
288.0
(0.014094020110210964, 0.018625361094753646, 3.4706863970369906, 5.8861180253931)
296.0
(0.014108680790960232, 0.018631324219819532, 3.468045899742528, 5.8869256094882365)
304.0
(0.014137388159014485, 0.01861964359957378, 3.477117183880928, 5.8892214726179075)
312.0
(0.014135193971353386, 0.018614207111408116, 3.481252634525299, 5.891795325279236)
320.0
(0.014138297797613894, 0.01864838844277092, 3.4776803749363596, 5.894147070442758)
328.0
(0.014123681464882128, 0.018655234666992735, 3.4709924118859425, 5.891948336646671)
336.0
(0.014112996636350048, 0.018674998347086597, 3.464673824088518, 5.889354084813317)
344.0
(0.014141006117483175, 0.018679789853345948, 3.469610647721724, 5.8932436379519375)
352.0
(0.014141940492176973, 0.01869561276649689, 3.4667447566986085, 5.89056167602539)
360.0
(0.0141385258505026, 0.018681459943230883, 3.466568376706994, 5.891012025916058)
368.0
(0.014144402470686521, 0.0186901611501832, 3.461903267718376, 5.890721645761044)
376.0
(0.014148142928391396, 0.018700990510870413, 3.4659442653258643, 5.893996586402257)
384.0
(0.014140475316791759, 0.018689172900425335, 3.4683015249213396, 5.896599409531574)
392.0
(0.014123982564543969, 0.018678684987894736, 3.4651114654541018, 5.895890245437622)
400.0
(0.014119316933131447, 0.018663048490867175, 3.47214786679137, 5.90007620231778)
408.0
(0.01410911520271774, 0.01864523367935294, 3.4741189250579247, 5.903054393254793)
416.0
(0.014139748392530928, 0.018669148256301088, 3.4803770938009584, 5.904793460414095)
424.0
(0.01414861758238094, 0.01868417420826807, 3.478682853557445, 5.900942784768564)
432.0
(0.01417951233729106, 0.01869261293356366, 3.481494075601751, 5.899618018757213)
440.0
(0.014170915375509028, 0.01869365642214785, 3.48226574914796, 5.89843966279711)
448.0
(0.014196201539056302, 0.018695225691010137, 3.4773623441395007, 5.897592293588739)
456.0
(0.014186881554936649, 0.018673918075827328, 3.4882625341415405, 5.902723896092382)
464.0
(0.014176455520602732, 0.018660059128989475, 3.4861482604075285, 5.900930210695428)
472.0
(0.014155071573734286, 0.01864123803873703, 3.485457356770833, 5.901362752914428)
480.0
(0.014154903115573868, 0.01863432722190794, 3.4934801078233564, 5.908656253189337)
488.0
(0.014153057623871885, 0.01862599721377897, 3.5013758674744637, 5.911849921749484)
496.0
(0.014152168613702712, 0.01861011721519058, 3.50427936750745, 5.915177504221599)
504.0
(0.014164279498693167, 0.018612534339757535, 3.500829789787531, 5.91178622096777)
512.0
(0.014167698876746581, 0.01863345682807567, 3.495509279691256, 5.9115868274982155)
520.0
(0.014178639887724699, 0.01863093083950207, 3.4932534514051494, 5.911294243552468)
528.0
(0.01419298211659259, 0.018632896276551514, 3.4911122357667383, 5.911014741926051)
536.0
(0.014181692858410097, 0.01862950857527248, 3.494032200644998, 5.914263192345114)
544.0
(0.014175739495393143, 0.018623256185938877, 3.4940059737882754, 5.915861357813296)
552.0
(0.014172588332122872, 0.018613240751353455, 3.4943125826971873, 5.915693453380039)
560.0
(0.01417320386733483, 0.01862240406913042, 3.4947605401697293, 5.9158811905014685)
568.0
(0.014185133124971485, 0.018626610582479018, 3.496689783202277, 5.915645254982842)
576.0
(0.014184288187644667, 0.018621365173472754, 3.5006320672492457, 5.918361363345629)
584.0
(0.014188968972879402, 0.01861774462464766, 3.501176173622544, 5.917356677957483)
592.0
(0.01418485348162949, 0.018608918818580206, 3.497715702056885, 5.917906443277995)
600.0
(0.014179500021117607, 0.018605092075759288, 3.4980076927887764, 5.9172163009643555)
608.0
(0.014183407902741052, 0.018594054556548657, 3.5026690247771026, 5.9165668611402635)
616.0
(0.014178989778427211, 0.018590588168386806, 3.5053042570749917, 5.916984289120405)
624.0
(0.014179352997535697, 0.01859573609254256, 3.5051049824002423, 5.915972926948644)
632.0
(0.014177866196881597, 0.018589581080472505, 3.50988364815712, 5.917818057537079)
640.0
(0.01415867168415213, 0.018576951964518907, 3.5105297477157027, 5.917854403272087)
648.0
(0.014155792257640635, 0.018569098658748437, 3.5137570369534377, 5.919515731858044)
656.0
(0.014155168003874646, 0.018560078465694484, 3.516623204012951, 5.922155414719179)
664.0
(0.014154101124271557, 0.018562065436739817, 3.518298498221806, 5.922856081099737)
672.0
(0.01415768820660553, 0.01857057767649095, 3.5174859523773194, 5.924281821531408)
680.0
(0.014156725520898278, 0.018560253442283802, 3.5176749395769695, 5.925697454186373)
688.0
(0.014161347990362116, 0.01855626997185749, 3.517289630297957, 5.9266359449803145)
696.0
(0.01414800079607554, 0.01856226595008467, 3.5087873231280935, 5.92140578139912)
704.0
(0.014142953525390592, 0.018562700066214802, 3.510115891360165, 5.9245228338777345)
712.0
(0.014130681547713872, 0.01856119565543806, 3.5063155942493016, 5.924167097939385)
720.0
(0.014141821418932082, 0.018560478726756403, 3.5100713273981117, 5.926160545139522)
728.0
(0.014137062263524404, 0.018563485423217407, 3.5104182880857717, 5.926400091337121)
736.0
(0.01413639218790316, 0.01856269148549101, 3.5103396805383826, 5.926534073327177)
744.0
(0.014137637185579116, 0.018568855927088502, 3.51324662249139, 5.928146463759402)
752.0
(0.014139927199411761, 0.018587804230265986, 3.508536168148643, 5.925308674260189)
760.0
(0.014142460531529823, 0.018587390959750667, 3.5056572407484055, 5.924753879507382)
768.0
(0.014136599116821223, 0.0185845761957028, 3.505418954436312, 5.92356836181326)
776.0
(0.014130098067116143, 0.01857404553772637, 3.5072059096122277, 5.9271994026339785)
784.0
(0.014126974404329692, 0.01857356969958155, 3.5063946319348887, 5.926161751602635)
792.0
(0.01412564310328705, 0.018565250264798206, 3.5082049584388733, 5.927872290611267)
800.0
(0.014135531310129594, 0.018569130436376816, 3.5129416673490317, 5.928919914925452)
808.0
(0.014125410649910193, 0.018556246658434222, 3.5158706342472748, 5.931099148357616)
816.0
(0.014128001930231778, 0.018563485330575075, 3.5152908227976085, 5.930322429508839)
824.0
(0.014124692976359782, 0.018569432910769044, 3.510943667246745, 5.925682994035574)
832.0
(0.014131265014948144, 0.01857880241278319, 3.510084497360956, 5.926261138916016)
840.0
(0.014123114151277939, 0.01857572130220378, 3.5101259721899933, 5.925644703631131)
848.0
(0.014133119632833098, 0.018582061212041295, 3.50909526548653, 5.926059927895804)
856.0
(0.014136362387008945, 0.01859314618983617, 3.5070239305496216, 5.923756802523577)
864.0
(0.0141357031708178, 0.018584425813788566, 3.509619207557188, 5.927452214267276)
872.0
(0.014146028754316557, 0.01857808141937679, 3.5128196174448187, 5.929403747211803)
880.0
(0.014147147120960313, 0.018572342048442984, 3.512261218852825, 5.929423942222251)
888.0
(0.014150205889962866, 0.0185679855764844, 3.5115594203983034, 5.927615297692163)
896.0
(0.014157533788235411, 0.01857024076063306, 3.5106321963588747, 5.9279556485403955)
904.0
(0.014156524733587231, 0.01856570189920123, 3.509669385458294, 5.927634347949112)
912.0
(0.014155333358643767, 0.018563132306480414, 3.510829311868419, 5.929073789845342)
920.0
(0.014160108287344427, 0.018561138027209753, 3.5137799896042923, 5.930916371016667)
928.0
(0.014163331516792598, 0.018562390287698356, 3.514494015620305, 5.929472291571463)
936.0
(0.014166234721923559, 0.018564785443437527, 3.5132658218933366, 5.9281388783859)
944.0
(0.014168218563975838, 0.01856366809734005, 3.516332926870394, 5.929024239548114)
952.0
(0.014169746830297595, 0.018563126514462142, 3.513342793782552, 5.9271323124567665)
960.0
(0.014160814727664563, 0.018555981502201065, 3.515659921425433, 5.928665176896025)
968.0
(0.01416964107122857, 0.01855524417956101, 3.5168774030247674, 5.928463130700783)
976.0
(0.01417533546711243, 0.018554960296205767, 3.5182625976035267, 5.929794280509639)
984.0
(0.014181897953929174, 0.018551047201006948, 3.519635929215339, 5.930636744345388)
992.0
(0.01418754435486952, 0.01855063650211901, 3.5194974365234377, 5.9322211532592775)
1000.0
(0.014181671255946769, 0.018546076471567665, 3.5202228795914423, 5.932491427376156)
1008.0
(0.014186181453951958, 0.018550325723978182, 3.5224461048606814, 5.933233073377234)
1016.0
(0.014180364469210172, 0.018552002098696573, 3.5191666204482317, 5.9302852638065815)
1024.0
(0.014178029646427778, 0.01854452535244033, 3.521721364915833, 5.931954435599867)
1032.0
(0.014186448230076447, 0.01854158919067775, 3.5232868928175707, 5.932977459980891)
1040.0
(0.014191950748820651, 0.01854212667700352, 3.5242878207723605, 5.933374998223691)
1048.0
(0.014200349034021306, 0.018550927353737645, 3.5219724665988577, 5.9312263402071865)
1056.0
(0.014199090728865181, 0.018553426766837966, 3.521723915759782, 5.930846303925478)
1064.0
(0.01420484896187253, 0.018562701099878752, 3.5210902068152357, 5.930687747784515)
1072.0
(0.014202920842874915, 0.01857249338337034, 3.5172567915033413, 5.9283916084854695)
1080.0
(0.014203771901798773, 0.018566452885185568, 3.51952961788458, 5.930267719661488)
1088.0
(0.014197234523624744, 0.01856293000222553, 3.51810045485949, 5.929155756957339)
1096.0
(0.014194187913972795, 0.01856467856854304, 3.513969381650289, 5.927926830623461)
1104.0
(0.014193899091298713, 0.018561464573130876, 3.5124198275504352, 5.927975181195376)
1112.0
(0.014194834456972555, 0.01856674684693122, 3.5110920803887504, 5.927110253061567)
1120.0
(0.014190799472029529, 0.018562661138802873, 3.5115118128188114, 5.928721532754019)
1128.0
(0.01419003328049968, 0.018559357745575867, 3.511277376765936, 5.9280896656949755)
1136.0
(0.014192777775029728, 0.018561190500570063, 3.5117889551016, 5.928741831879516)
1144.0
(0.014199922722108306, 0.01856217965452217, 3.5124183346827826, 5.928892330990897)
1152.0
(0.014196948464127506, 0.018568565883241215, 3.511955132977716, 5.9283327628826274)
1160.0
(0.014200743256609971, 0.01856820533073619, 3.509741879489324, 5.927656568893014)
1168.0
(0.014203701795686073, 0.018570438142847492, 3.5073494521939024, 5.927849046227072)
1176.0
(0.01420060057117079, 0.01857205398408143, 3.5060904396546855, 5.926794200330167)
1184.0
(0.014209663512850182, 0.018571618260913237, 3.508381649951807, 5.927994353659201)
1192.0
(0.01421477395948641, 0.018572910349860684, 3.509520924886068, 5.928366498947144)
1200.0
(0.014216553154557075, 0.018576319292823468, 3.5102574967390656, 5.929483596852283)
1208.0
(0.01422144338919326, 0.01857151146940182, 3.5120223964515485, 5.929247529883134)
1216.0
(0.014220950559620443, 0.0185744591236139, 3.5101292273577522, 5.928915432076049)
1224.0
(0.014222079196274433, 0.018572328183504464, 3.509300575627909, 5.928893398928952)
1232.0
(0.014218216121683658, 0.0185663105373933, 3.509201249768657, 5.929389141451928)
1240.0
(0.014222658155164871, 0.01857261107334865, 3.510305033280299, 5.929829487433801)
1248.0
(0.014227024971255971, 0.018578024855470984, 3.5105243564411333, 5.931569864795466)
1256.0
(0.01421107469357137, 0.01857162732152849, 3.5083509321454205, 5.931125161014026)
1264.0
(0.014212550812553664, 0.018573372433369255, 3.5070158985425843, 5.930588281379555)
1272.0
(0.014214866831270313, 0.01857731250218947, 3.507454501092434, 5.9298832535743715)
1280.0
(0.01420477337298323, 0.018579008407875762, 3.5052608495913677, 5.927307818987355)
1288.0
(0.014208098121066562, 0.018574382076875954, 3.5051769621578264, 5.927511309400017)
1296.0
(0.014208166113374122, 0.018573377708452517, 3.506511660441299, 5.927956633772586)
1304.0
(0.014213796570327678, 0.018570067620061352, 3.5067712344774384, 5.928389837102192)
1312.0
(0.014207191269528827, 0.018568275875368214, 3.506639182928837, 5.928176457954176)
1320.0
(0.014206751016946535, 0.018566845339497814, 3.5063159551965186, 5.928570049354829)
1328.0
(0.014209139837316486, 0.01856765806712498, 3.505504344037907, 5.928026270723628)
1336.0
(0.01420810126585519, 0.018564457312675437, 3.5051549077033997, 5.927993246487209)
1344.0
(0.014210323579667578, 0.01856364256331694, 3.5066517457454163, 5.928507364713228)
1352.0
(0.01421270122633384, 0.018559569084475036, 3.5092381757848403, 5.930435368594002)
1360.0
(0.014213253421333923, 0.018558084647087254, 3.509566049129642, 5.930113494047645)
1368.0
(0.01421486626056941, 0.01855429283658726, 3.5107791188151336, 5.9309706327527065)
1376.0
(0.0142144815408544, 0.01855291600302972, 3.5128531979687643, 5.9319444088577535)
1384.0
(0.014211335593002682, 0.0185502957708089, 3.5103547257938605, 5.929819537305284)
1392.0
(0.0142045051470887, 0.01855005337017043, 3.508308823449271, 5.928237631661552)
1400.0
(0.014204982450632205, 0.018554798559995707, 3.507487882267345, 5.927959436720068)
1408.0
(0.014205877248672893, 0.01855224316255646, 3.50918678509987, 5.928826558387886)
1416.0
(0.014204194453884576, 0.018552320461107115, 3.50793786397141, 5.928116570697742)
1424.0
(0.014200202294705816, 0.01855101247195726, 3.5070992821421703, 5.92782373268511)
1432.0
(0.014200346089684186, 0.018551226527018145, 3.5082008759180705, 5.927834500206841)
1440.0
(0.014198393350700465, 0.018548382101928912, 3.50972154785915, 5.928259451744965)
1448.0
(0.014197449931894705, 0.018548072547506615, 3.50735045003367, 5.92742354791243)
1456.0
(0.014200580532358356, 0.018553068861459347, 3.5076480563221084, 5.927035102427332)
1464.0
(0.014200884798181514, 0.01854995536321305, 3.5082847385302833, 5.925839120927065)
1472.0
(0.0142039214429113, 0.018550611534898925, 3.508259470398362, 5.926105073980383)
1480.0
(0.0142014008338136, 0.01854755279987072, 3.5067841173500143, 5.926037998609646)
1488.0
(0.014205864818424747, 0.018544551642150204, 3.5080203257780025, 5.926646995034448)
1496.0
(0.014203777474779846, 0.01854000400697867, 3.507670298535773, 5.928637223040804)
1504.0
(0.014201991314464774, 0.018538834850299578, 3.5077328215200434, 5.928978796358462)
1512.0
(0.014202461404317584, 0.018544961361927664, 3.5064620745809454, 5.927970672908582)
1520.0
(0.014200166012997839, 0.018545725790974285, 3.5051219937689018, 5.92670528052365)
1528.0
(0.01420032173130504, 0.018544344074273366, 3.5075739870468774, 5.926312185823917)
1536.0
(0.014202904596009166, 0.01854061360876308, 3.5092276019753568, 5.927441167090223)
1544.0
(0.014209254098655293, 0.01854138004586278, 3.5083016648734966, 5.927197805385)
1552.0
(0.014207082015550484, 0.01854179018460955, 3.5069766998291017, 5.926212012462127)
1560.0
(0.01420664881983835, 0.018539459334384986, 3.5077797393409575, 5.927311819426867)
1568.0
(0.01420058956669727, 0.01853697117189394, 3.5073205734872577, 5.926970677932507)
1576.0
(0.014201540350442592, 0.018544184659004835, 3.5069410957471288, 5.926989536092739)
1584.0
(0.014202925050700511, 0.018543996384265776, 3.508384851954091, 5.927333254310953)
1592.0
(0.01420553103627408, 0.018545621775886822, 3.5080339550971984, 5.92715356349945)
1600.0
(0.014199164750257781, 0.018550553422023663, 3.505190869468955, 5.925996797001777)
1608.0
(0.014202644970804429, 0.018548396471178157, 3.5071078279230856, 5.926716363075936)
1616.0
(0.01420178008112366, 0.018560434178003595, 3.505701853136711, 5.926086080485377)
1624.0
(0.01420015561685669, 0.018563193821747342, 3.5055009874643064, 5.92571050045537)
1632.0
(0.01420610191545166, 0.018565588176325427, 3.505887925915602, 5.92622169634191)
1640.0
(0.014209870111205811, 0.01856325650871901, 3.505945749653196, 5.9272728244077815)
1648.0
(0.01421169965442509, 0.01856560261380172, 3.5056826861008354, 5.927023327868918)
1656.0
(0.01421289811435486, 0.01857230844836185, 3.5059452939492006, 5.925982660972155)
1664.0
(0.014211329280868665, 0.018568415310579338, 3.506710261249086, 5.9258245281055215)
1672.0
(0.014212761733229417, 0.018574750802165953, 3.5059545834859214, 5.925010020392282)
1680.0
(0.014218453778295205, 0.018571105877491792, 3.5079308516606336, 5.926134688029357)
1688.0
(0.01422102275316286, 0.018576004398544673, 3.5063747853603005, 5.925283463496082)
1696.0
(0.014218566208010937, 0.018575517840726804, 3.5065832182834966, 5.9249988855890265)
1704.0
(0.014217916673257723, 0.018578854387121285, 3.5079766378224453, 5.923594276481699)
1712.0
(0.014210680629256248, 0.018584475475181522, 3.5064823682918105, 5.922591477771138)
1720.0
(0.014204338210499936, 0.01858534453298335, 3.50562952403669, 5.921580714208108)
1728.0
(0.014201999588559115, 0.018583798576392002, 3.504375518192344, 5.920725134660572)
1736.0
(0.014209111092343137, 0.018585377113147835, 3.504822934439423, 5.92109733984011)
1744.0
(0.01421526706599119, 0.018584378535247185, 3.504132560399025, 5.923380065726363)
1752.0
(0.014221347575402594, 0.018588013009935848, 3.5045191916552456, 5.923613808371804)
1760.0
(0.014220640635816554, 0.018591137640850783, 3.5027923368220955, 5.9228892887339875)
1768.0
(0.014216012522894443, 0.01859232110980491, 3.501282767132596, 5.92266618668496)
1776.0
(0.014210849142431314, 0.01859866154384879, 3.5010171449772445, 5.922426230169733)
1784.0
(0.014206228623322171, 0.01859643341104451, 3.4982141809804097, 5.921426951885223)
1792.0
(0.0142097285118923, 0.01859244269122029, 3.5000084071689184, 5.922519266340467)
1800.0
(0.014210335201301294, 0.01859743916843405, 3.4983383163941646, 5.921460866928101)
1808.0
(0.014209225478547277, 0.01859747476156318, 3.4975949016436605, 5.921127541999985)
1816.0
(0.014208779766359966, 0.018595565395201314, 3.4991855882761773, 5.921907470937361)
1824.0
(0.014207135463851618, 0.01859391249530084, 3.4995776086915527, 5.921982933860678)
1832.0
(0.014211721144561106, 0.018595835778485392, 3.498993480723837, 5.9211855245673135)
1840.0
(0.014220164533380666, 0.018600178164135502, 3.4974473369069945, 5.920531826101857)
1848.0
(0.014218488518838496, 0.018597055232619106, 3.4987775436763107, 5.921255489875531)
1856.0
(0.01422418583514375, 0.018597034675929915, 3.4985252797859423, 5.9217732351736965)
1864.0
(0.014223605816113793, 0.01859411651172524, 3.499441525874994, 5.92331140061729)
1872.0
(0.01421987705552306, 0.018589772523804424, 3.500560145682477, 5.923591021273999)
1880.0
(0.01421911442325585, 0.01858995541004987, 3.5012448500778715, 5.924380175137924)
1888.0
(0.014222935590669072, 0.018594506465873382, 3.5008563703625515, 5.924204160392536)
1896.0
(0.014219104393595205, 0.018590295909646937, 3.5005223941402277, 5.924137403985031)
1904.0
(0.014215144121031623, 0.018587624250750733, 3.5024236844673315, 5.924906104179605)
1912.0
(0.014216140600280777, 0.018587159855409336, 3.5023966282606125, 5.924677497148513)
1920.0
(0.014217540061757065, 0.018583717719382654, 3.5037972382984717, 5.925364874210595)
1928.0
(0.01421542334919102, 0.01858814735393034, 3.5008079020445013, 5.923185267724281)
1936.0
(0.0142201417116511, 0.018593679673802967, 3.500592497641167, 5.922125908572978)
1944.0
(0.014220586608420255, 0.018598277076151647, 3.499023930948289, 5.920602692932379)
1952.0
(0.014221491247871946, 0.01860088968701824, 3.498148013134392, 5.919423932445293)
1960.0
(0.014222822860890593, 0.01860149730569399, 3.496634653913296, 5.918733131594774)
1968.0
(0.014226266750338, 0.018606650496245866, 3.4970825818868785, 5.918698339809773)
1976.0
(0.014225830340002592, 0.0186113710173946, 3.4949573720655134, 5.917974502809586)
1984.0
(0.014224881366235818, 0.0186096963818304, 3.495183954277192, 5.917886103970938)
1992.0
(0.014227693417399339, 0.018608022644663196, 3.4967972383499144, 5.918642116546631)
2000.0
(0.01423036533769, 0.01861227470332466, 3.4956089680888263, 5.918487429143898)
2008.0
(0.014228182606924017, 0.018615015610352083, 3.493944323252118, 5.9171879688898725)
2016.0
(0.014226479674594252, 0.018620793400613546, 3.4915756199199692, 5.916306146991111)
2024.0
(0.014229216489870621, 0.018619219401740023, 3.493614170494981, 5.917545170295895)
2032.0
(0.014229167282531804, 0.018622388684239367, 3.493468552009732, 5.917288578257841)
2040.0
(0.014228032880617919, 0.018618973843149915, 3.493632529862225, 5.918202148750424)
2048.0
(0.014225787625929288, 0.01861851207430422, 3.493627717058946, 5.917839365710544)
2056.0
(0.014226077997653536, 0.018617174657708416, 3.4933516341586444, 5.918045319328012)
2064.0
(0.014223902730453377, 0.018617785889999367, 3.493303005299513, 5.917991444871232)
2072.0
(0.014223183233942907, 0.018614090239652218, 3.49330057822741, 5.917972528017485)
2080.0
(0.014227408792687676, 0.01861635346262138, 3.492398600925431, 5.917093178321576)
2088.0
(0.014229807569339413, 0.018616472155410072, 3.491155325911427, 5.9167812835169205)
2096.0
(0.014231057621680237, 0.018615468512314205, 3.4907427822229073, 5.916421413421631)
2104.0
(0.014230624951283782, 0.01861697473845469, 3.492381737087712, 5.916809083837451)
2112.0
(0.014230185619809736, 0.018617931175491778, 3.4934379118793415, 5.917374717064623)
2120.0
(0.014234395761347187, 0.018618220933072242, 3.4946002296935346, 5.918101715862303)
2128.0
(0.014233818093388882, 0.018617970083151764, 3.4938326471307306, 5.917833096079166)
2136.0
(0.014232615410767792, 0.018615818407085597, 3.494185251976127, 5.917911275109248)
2144.0
(0.014236113293915132, 0.018615655451948637, 3.49563113109773, 5.918350691245834)
2152.0
(0.014233748188891865, 0.018614508614960435, 3.495269756846958, 5.918729234624792)
2160.0
(0.014231628551448426, 0.018621677676882848, 3.4955683387953416, 5.919129751705156)
2168.0
(0.014233967725768992, 0.018620165931920857, 3.4964402659850964, 5.919898613410838)
2176.0
(0.01423839470481024, 0.01861963417524862, 3.498225849626702, 5.920151116647126)
2184.0
(0.014237266958574218, 0.018618512913648428, 3.4964819302524095, 5.919758761886262)
2192.0
(0.01423766404734294, 0.018619848544175734, 3.4946595113927668, 5.918624004017223)
2200.0
(0.014236793443191023, 0.018617249776186114, 3.4951600415119226, 5.919177986573482)
2208.0
(0.01423710637683185, 0.018614431342094513, 3.4958625864035815, 5.920120867581144)
2216.0
(0.014235884021158716, 0.018612133273337904, 3.496503577815543, 5.9208900448229675)
2224.0
(0.014233098327376242, 0.018613639181022306, 3.495581491019136, 5.920497877196172)
2232.0
(0.014230266275087595, 0.01861181289398753, 3.4957681042807445, 5.920915116582598)
2240.0
(0.01422471120406061, 0.01861186819173804, 3.494860980858582, 5.920879267288696)
2248.0
(0.014225797775095009, 0.01861800708972147, 3.4945440199358244, 5.920679792444757)
2256.0
(0.014224549835974732, 0.01861690420162466, 3.4941464700462963, 5.921044826507568)
2264.0
(0.014224621740167883, 0.018618507998519464, 3.4940359424537335, 5.920882070568246)
2272.0
(0.01422585950349617, 0.01862127098238856, 3.4938120749958776, 5.92096965020163)
2280.0
(0.014225302298325653, 0.018620273462948842, 3.493609205826179, 5.921406234060968)
2288.0
(0.0142249923519477, 0.018618446617772302, 3.4946435395018147, 5.922268638212091)
2296.0
(0.014228736624224228, 0.01861945404733508, 3.494646570748753, 5.921884359584914)
2304.0
(0.01422815253804949, 0.018616817433634594, 3.4963887018315933, 5.922092256249028)
2312.0
(0.014223302236287748, 0.018614083654523807, 3.496316376225702, 5.922154597578378)
2320.0
(0.014224391922827203, 0.01861565135171058, 3.49743483812129, 5.9225590384702915)
2328.0
(0.014221071283091682, 0.018616807698815765, 3.4969748364735955, 5.921952077787217)
2336.0
(0.014222094933346967, 0.018613984626916755, 3.498846775842608, 5.9228782832825955)
2344.0
(0.01422373832105444, 0.018611516429997654, 3.4999790021351407, 5.924056552705311)
2352.0
(0.01422379209906795, 0.018611760120948822, 3.50050050525342, 5.923847836963201)
2360.0
(0.014225499987272664, 0.018613087021048327, 3.499171065317618, 5.922810986235335)
2368.0
(0.014225331836164219, 0.018611990681944864, 3.4990633609720354, 5.922799463625307)
2376.0
(0.014222198749824678, 0.018613211444889744, 3.498289540310034, 5.922323906981705)
2384.0
(0.01422243368106921, 0.018611181970826257, 3.499414213525013, 5.923405422414825)
2392.0
(0.014222597172134026, 0.01861114942081889, 3.4989618341128033, 5.923225302696228)
2400.0
(0.014219077602258778, 0.01860885041262935, 3.4982540171803826, 5.922954484869871)
2408.0
(0.01421977837031783, 0.018608104714281416, 3.4997418668885896, 5.9238270702741005)
2416.0
(0.014219204485363526, 0.018606260469556088, 3.5000449895071903, 5.923517261794691)
2424.0
(0.014220766067142513, 0.018605975202349606, 3.499935812856022, 5.923546744020362)
2432.0
(0.014218979980795675, 0.018604642548651996, 3.5007998489942707, 5.924631673781598)
2440.0
(0.014220237424787991, 0.018603508289384403, 3.500924537384432, 5.925061271081563)
2448.0
(0.014218781098661828, 0.01860129165512173, 3.500986239809167, 5.925120588234271)
2456.0
(0.014220266719652909, 0.018599250115094078, 3.5016345095324826, 5.92622751694221)
2464.0
(0.014220985882102853, 0.018597286254294063, 3.5019216915550357, 5.92618919576256)
2472.0
(0.014219073736560894, 0.018596659717206133, 3.5017368778105706, 5.925815699177404)
2480.0
(0.01421739235512532, 0.018595570194632607, 3.5023465539864786, 5.926000194917537)
2488.0
(0.014217145101405655, 0.0185953961051786, 3.5024757423462014, 5.92595263169362)
2496.0
(0.014215903802555128, 0.01859316331707399, 3.5038624190674805, 5.926593020320319)
2504.0
(0.014217715252735642, 0.01859156003325234, 3.5047968542499905, 5.927274424558992)
2512.0
(0.014220061710666174, 0.018589861367845018, 3.506154191304767, 5.927476407611181)
2520.0
(0.014218648901237441, 0.01859193325484346, 3.505206390272213, 5.926878354217433)
2528.0
(0.014217642143224086, 0.018593669736244725, 3.5050231718490554, 5.9263589164059995)
2536.0
(0.014219500923674244, 0.018593612021510778, 3.503962828678155, 5.925709436524589)
2544.0
(0.01421781996158546, 0.018595023718756588, 3.503451374257246, 5.925691803420973)
2552.0
(0.014217052760714003, 0.018592619757396067, 3.503601513057947, 5.92630934715271)
2560.0
(0.01421357680863693, 0.018594618308635503, 3.501423124212342, 5.92488051797742)
2568.0
(0.014216201927569075, 0.018595271519432667, 3.5011804962750546, 5.924628303658148)
2576.0
(0.014214180108528214, 0.01859889820524683, 3.4995415631462548, 5.923702386141562)
2584.0
(0.01421083475727765, 0.01859832789127606, 3.499464271981039, 5.923724791150034)
2592.0
(0.01421407214850977, 0.01859770330211367, 3.499589159305279, 5.923561605306772)
2600.0
(0.014216103041807147, 0.01859576309418816, 3.5006857459530507, 5.924165210840893)
2608.0
(0.01421608941444798, 0.01859272241025079, 3.501564549379028, 5.924388051397575)
2616.0
(0.01421484999145936, 0.01859397943295703, 3.50170045509571, 5.9244877928640785)
2624.0
(0.014215228647459773, 0.018591342566036347, 3.5024430802527893, 5.924911670047099)
2632.0
(0.014214774758499686, 0.018590575217306535, 3.5014598203427862, 5.9245041327043015)
2640.0
(0.014214059155815174, 0.018589476356903743, 3.5014065147526674, 5.924271756428606)
2648.0
(0.01421450232466928, 0.018589577384074674, 3.5014801147472427, 5.923752652593405)
2656.0
(0.014215380697085857, 0.018588859544118597, 3.5024960578024924, 5.923851056141896)
2664.0
(0.01421458931288261, 0.018589608529367675, 3.5030794293580656, 5.924064303586583)
2672.0
(0.014211542881009075, 0.01858930167045273, 3.502549017721148, 5.923769243439632)
2680.0
(0.014213268251549666, 0.018590037985279435, 3.5015940758444013, 5.923545931066785)
2688.0
(0.014215880834090047, 0.018589080734902227, 3.5016910018128526, 5.923750740130506)
2696.0
(0.014215642838815755, 0.0185877564947998, 3.501843662656976, 5.924024981154493)
2704.0
(0.014216531716789169, 0.01858673393748555, 3.5017910186520016, 5.924197777885954)
2712.0
(0.014215135005400127, 0.018585293299962353, 3.5029839873313904, 5.925043850786546)
2720.0
(0.01421742372969125, 0.01858561420198947, 3.5034571148433296, 5.92563720182939)
2728.0
(0.014218406490198818, 0.018590713640077118, 3.5033194774772687, 5.925569841039111)
2736.0
(0.014218305999380326, 0.018588930989309922, 3.503814586745059, 5.925957215423139)
2744.0
(0.014218560258601878, 0.018590798476140633, 3.5034282394619876, 5.925893880600153)
2752.0
(0.014219467566349751, 0.018588649488004417, 3.5046233854432036, 5.926728686733522)
2760.0
(0.01422202495298397, 0.01859268289822995, 3.504295586850602, 5.926944058754541)
2768.0
(0.01422282585635479, 0.01859155811375461, 3.5044345381624074, 5.92721573145314)
2776.0
(0.014220866396263373, 0.018594450998316293, 3.5032927846086435, 5.9266097134557265)
2784.0
(0.014224446492720082, 0.018598705397978223, 3.503597487009699, 5.92606649016241)
2792.0
(0.01422675126119043, 0.018601881491978077, 3.502825600760324, 5.925878879002163)
2800.0
(0.01423010070085022, 0.01860424001962184, 3.503713685902435, 5.926403552378685)
2808.0
(0.014229714168530631, 0.01860524650688226, 3.5026286894624885, 5.925656213001772)
2816.0
(0.014230852546619191, 0.01860425901181447, 3.503059065713423, 5.925452896961072)
2824.0
(0.014232976328072215, 0.01860689499678098, 3.5022825043080217, 5.92469539076595)
2832.0
(0.014236963977702376, 0.018607513762600995, 3.5000198908255133, 5.924281161939594)
2840.0
(0.014234371012215122, 0.018605350752710793, 3.5004479255569114, 5.9243600180979525)
2848.0
(0.014234274132188363, 0.018603326848831942, 3.499891402006817, 5.923977703607383)
2856.0
(0.014236438436358637, 0.018601875740480067, 3.5008216503612157, 5.924526177305083)
2864.0
(0.014234777941713133, 0.01860001493218565, 3.501453788167587, 5.924321198529852)
2872.0
(0.014233876271521534, 0.018601426220438505, 3.5013778044117823, 5.92382737133238)
2880.0
(0.014233009506986295, 0.018598621534223474, 3.5017674583477327, 5.924455317764071)
2888.0
(0.01423271535118572, 0.018597728536802655, 3.5032159847449202, 5.924785930148804)
2896.0
(0.014233904087281191, 0.018597544949466093, 3.5032648146973497, 5.9245752408156385)
2904.0
(0.0142343171789155, 0.01859593787775487, 3.5048287373322706, 5.925227761268616)
2912.0
(0.014236521801321783, 0.018597377933395567, 3.5051400883557045, 5.9248646683888895)
2920.0
(0.014240621999734976, 0.018601381726283107, 3.503254405136317, 5.924188525298906)
2928.0
(0.014238541479182317, 0.018600408410026116, 3.5033809989284754, 5.924324897069697)
2936.0
(0.014238888512274542, 0.01860038933710167, 3.5038409122954244, 5.924404475999915)
2944.0
(0.01424110046567355, 0.018598056557908055, 3.503987457047956, 5.9243233455875055)
2952.0
(0.01424518673584189, 0.018596698100456496, 3.5050910008920204, 5.924859616563126)
2960.0
(0.01424288608386056, 0.0185973667113077, 3.5053105951962125, 5.92471562305872)
2968.0
(0.01424452104972739, 0.01859883058363549, 3.505559359186439, 5.924507029594913)
2976.0
(0.014244526036910761, 0.01860027642305532, 3.505578190008373, 5.9241701131212166)
2984.0
(0.014246168628869672, 0.018598777198719517, 3.5057502137148444, 5.924414959820834)
2992.0
(0.014243129342967958, 0.018596781768812784, 3.506762196222941, 5.925148935953776)
3000.0
(0.014244494982813053, 0.01859541637910716, 3.507003990893668, 5.925465596483109)
3008.0
(0.01424565497405595, 0.018593697063012636, 3.506490707397461, 5.925405017893257)
3016.0
(0.014245362101708901, 0.01859296708082507, 3.5070381379001354, 5.926073102093247)
3024.0
(0.014244891122422117, 0.018594941983356008, 3.5061993259238693, 5.925798199736663)
3032.0
(0.014245193807868544, 0.018597952239367617, 3.506220965008987, 5.925651374616121)
3040.0
(0.014243577530459182, 0.01859746695635114, 3.505397625169729, 5.925177505322955)
3048.0
(0.01423981333521343, 0.01859742326378055, 3.5045310701999366, 5.923923070518134)
3056.0
(0.014238923546227413, 0.018595745409854744, 3.5044148111467885, 5.92422546232338)
3064.0
(0.014239579291684604, 0.018597282220972726, 3.503806445747614, 5.923875348021586)
3072.0
(0.014239316227036971, 0.01859690128937657, 3.502361670407382, 5.923055041920055)
3080.0
(0.014241380451936235, 0.01859489713537399, 3.503206983749113, 5.923939599892019)
3088.0
(0.014239058341028739, 0.01859551301049853, 3.50137788072729, 5.922552889939735)
3096.0
(0.01424052772077854, 0.018593996973799504, 3.502910202311486, 5.922978780933263)
3104.0
(0.014238232696833369, 0.018593436926735225, 3.502670435182233, 5.922803990332204)
3112.0
(0.014238034674010159, 0.018590729899606768, 3.503725812374017, 5.923260670441848)
3120.0
(0.014237771211155712, 0.0185902902555457, 3.5041870619634836, 5.923459707928435)
3128.0
(0.01424013963421144, 0.01859115271213876, 3.5048042845969296, 5.923420003482273)
3136.0
(0.01424208189074339, 0.01858902792788016, 3.5053582233933698, 5.9237368731704985)
3144.0
(0.014241919285214741, 0.018587078729307663, 3.5051970227720775, 5.923905314527793)
3152.0
(0.014243542145792676, 0.01858733817911546, 3.5043043860906287, 5.92299299119394)
3160.0
(0.014240310767819373, 0.018584944858767067, 3.5047107862703726, 5.922753812086703)
3168.0
(0.014242499310487862, 0.018585237867660698, 3.5046768188476562, 5.922911568312561)
3176.0
(0.014243484512356198, 0.01858389845202579, 3.5050743027548097, 5.923346494310465)
3184.0
(0.014241749428451739, 0.018582032270590645, 3.505000034968058, 5.923016665274637)
3192.0
(0.01424060615936665, 0.018581187088937568, 3.505212607383728, 5.92285524725914)
3200.0
(0.014241650052120969, 0.018579699360030042, 3.505642181620039, 5.923600142138855)
3208.0
(0.014242722638278844, 0.018584238334314458, 3.5039413894586895, 5.922681080168159)
3216.0
(0.01424195506190969, 0.018583774589377586, 3.503000602532853, 5.922803364084022)
3224.0
(0.014239910121848252, 0.018585621277767753, 3.5019049166452767, 5.922060167435372)
3232.0
(0.014235872608833732, 0.018584836766911125, 3.5011712038958516, 5.921192938015785)
3240.0
(0.014236023440781734, 0.018585615819866747, 3.5006112406406498, 5.920606963152956)
3248.0
(0.014236405112479568, 0.018584010156047628, 3.5000686686513465, 5.920449781769324)
3256.0
(0.014234937172747824, 0.018583730922745886, 3.4983125854940975, 5.920315666525972)
3264.0
(0.014234573745403628, 0.018581706475177963, 3.4991070821990595, 5.9207162518955965)
3272.0
(0.014233934244980413, 0.01858118124439102, 3.498824032341562, 5.9204762830966855)
3280.0
(0.014232913247702114, 0.018579372682662142, 3.499489608472281, 5.920529076652805)
3288.0
(0.014232149121944216, 0.01857896412786022, 3.4988650280295066, 5.920314278417421)
3296.0
(0.014231885510724632, 0.018577817922106776, 3.498341711035075, 5.9201433260273415)
3304.0
(0.014232475257536093, 0.018577290821351875, 3.498205692295867, 5.920123148655546)
3312.0
(0.01423315355348574, 0.018576881267834754, 3.4987417094678763, 5.919914421403265)
3320.0
(0.014232180791604479, 0.018577401438853162, 3.498744783493189, 5.91963088283172)
3328.0
(0.01423169883847131, 0.018579395977362467, 3.4985566110633832, 5.919458271502305)
3336.0
(0.014232443959425502, 0.018578564220827046, 3.4977525563901692, 5.919609370984529)
3344.0
(0.014234472129036821, 0.018578234194086943, 3.497701047428468, 5.919705694785835)
3352.0
(0.014234140597102672, 0.01857664802553161, 3.498080208755675, 5.920321484974452)
3360.0
(0.01423392816691566, 0.01857648860644307, 3.4980406948053355, 5.920463010420992)
3368.0
(0.01423441517369169, 0.018578740996774642, 3.498059949038718, 5.921003872749365)
3376.0
(0.01423412832163316, 0.01857736769328353, 3.498662633535146, 5.921052564120462)
3384.0
(0.014232738433686833, 0.018577423978447784, 3.4989348683717116, 5.921317858516045)
3392.0
(0.01423377325810138, 0.018577350395806658, 3.4987657316993266, 5.921598267274744)
3400.0
(0.014234638814635305, 0.018577070278970494, 3.499038253591654, 5.921816716171766)
3408.0
(0.014234425047063027, 0.018578193237677412, 3.4986621965010776, 5.921532907865645)
3416.0
(0.014232166969283984, 0.018578392398222253, 3.4984825225633998, 5.921623598749393)
3424.0
(0.014231526746737102, 0.018577548989583928, 3.498186511037511, 5.921445772086546)
3432.0
(0.014230998156924938, 0.018576067056438068, 3.4972327709198, 5.920880885456883)
3440.0
(0.014230451307772849, 0.01857425285397203, 3.4977607527907653, 5.921367638625568)
3448.0
(0.014229982579631498, 0.018575634557383234, 3.4986771593491235, 5.921304416877252)
3456.0
(0.014232680464177406, 0.018576770886436583, 3.498994245264877, 5.921840070852231)
3464.0
(0.014232097366385673, 0.018578677582643338, 3.497868728527825, 5.9209292583201885)
3472.0
(0.014233776678143318, 0.018577774789282, 3.4977842473435676, 5.921271694665668)
3480.0
(0.014230855078993132, 0.018577522392102697, 3.4971505682402793, 5.92087015865046)
3488.0
(0.014233600874107223, 0.018577372431344445, 3.4970576239396016, 5.921061200462708)
3496.0
(0.014232474456106625, 0.01857736955221396, 3.496570116308726, 5.920543536747972)
3504.0
(0.01423287395369058, 0.01858085351937914, 3.496809763897524, 5.920559805998226)
3512.0
(0.014233306759173328, 0.01857984909466334, 3.498317965594205, 5.920753825794566)
3520.0
(0.014232792888725532, 0.018579127586963222, 3.4989280538494083, 5.920846443868278)
3528.0
(0.01423344312550041, 0.018578649149300054, 3.49933957999648, 5.920932264888988)
3536.0
(0.014231871913758855, 0.018577323481090313, 3.499609494586023, 5.9210836698992795)
3544.0
(0.014230175543521474, 0.018577415582119224, 3.49904275692261, 5.921020949209058)
3552.0
(0.01423339909735247, 0.018577443020207456, 3.4986232398601063, 5.9211672568589115)
3560.0
(0.01423443951908884, 0.018578452647816445, 3.4983934826915037, 5.920749998947965)
3568.0
(0.014233865067310648, 0.01857780658515008, 3.4986191030583393, 5.920919987979351)
3576.0
(0.014237825493063795, 0.01857635793654307, 3.500549743218081, 5.9214757436088155)
3584.0
(0.014237981059647907, 0.01857450679990447, 3.500488732068204, 5.921570481595589)
3592.0
(0.014239335018083594, 0.018575683621212074, 3.501032999886407, 5.921971765094333)
3600.0
(0.014240467139538474, 0.018576681296204916, 3.5012550084395313, 5.922115809108624)
3608.0
(0.014240733367272149, 0.018575519708483777, 3.5012521168826956, 5.921904171462607)
3616.0
(0.014238377828706059, 0.018577004438154417, 3.5015172384695763, 5.922112327011479)
3624.0
(0.014235939217697178, 0.018577876305621598, 3.5002686163402337, 5.921484876834349)
3632.0
(0.014238727172918382, 0.018577020974289905, 3.5001308598361174, 5.921543102474003)
3640.0
(0.014241717073889479, 0.018578320760555714, 3.5006774522756277, 5.921879809153707)
3648.0
(0.014244335404341248, 0.018577810325522606, 3.500190653477508, 5.922137117490205)
3656.0
(0.014245241048132436, 0.018576636093924542, 3.500472564364104, 5.921842135716734)
3664.0
(0.014244649703605112, 0.018574570387092895, 3.5012521541196535, 5.922212410596461)
3672.0
(0.014243572043087797, 0.01857390719638143, 3.501092789484107, 5.922385414786961)
3680.0
(0.014241635440631359, 0.01857565593507739, 3.500655550243022, 5.921500479063088)
3688.0
(0.014238419275860026, 0.01857458349338306, 3.500557604806248, 5.921650532520179)
3696.0
(0.014238340721375265, 0.018573035743853276, 3.500938285246781, 5.921616848807613)
3704.0
(0.014235824105468985, 0.0185738556158521, 3.500409008613948, 5.921354135562634)
3712.0
(0.014233011035431467, 0.018572718021594728, 3.5006061671882547, 5.921570417957922)
3720.0
(0.014233326259116554, 0.01857229241684333, 3.5013463359022343, 5.9217346645731785)
3728.0
(0.01423393717505699, 0.018571765557606163, 3.501056387286625, 5.92147548295701)
3736.0
(0.014234787535132644, 0.018570259452918833, 3.5016397054378805, 5.9220636532856865)
3744.0
(0.014235359176515895, 0.01857249557700412, 3.5015897334003245, 5.921848618399614)
3752.0
(0.01423590724654536, 0.018573444280579793, 3.5011020979982743, 5.921652996793706)
3760.0
(0.014234447238051642, 0.01857589037443742, 3.5010200948978434, 5.921472856193591)
3768.0
(0.014231713107660766, 0.018574431112466913, 3.501359222298962, 5.921968103465387)
3776.0
(0.01423107617677549, 0.018572615779077574, 3.5013993109003434, 5.922081534000582)
3784.0
(0.014232543199559937, 0.018571748840273013, 3.5013775423106264, 5.921988659267184)
3792.0
(0.01423329007948083, 0.01857115149511925, 3.501052261653699, 5.921961594631798)
3800.0
(0.014234268647340701, 0.01857166315309773, 3.500467737181848, 5.921590000641446)
3808.0
(0.014231787557936295, 0.018571215045340716, 3.5004315061389275, 5.921427966663672)
3816.0
(0.014234052342418025, 0.018571965546705656, 3.500928930657678, 5.921497085603211)
3824.0
(0.014235438891980345, 0.018572072556050527, 3.5013244614969463, 5.921721225491646)
3832.0
(0.014236013476932523, 0.018573661231337572, 3.501621854801973, 5.921644681692124)
3840.0
(0.014235745801354116, 0.018572369101510312, 3.501749656800173, 5.921488879871963)
3848.0
(0.01423491876844967, 0.018572875234653237, 3.5009775038082074, 5.921191070089696)
3856.0
(0.014235371219957655, 0.018572771145941625, 3.500658913428739, 5.9209666222519015)
3864.0
(0.014234935980017453, 0.01857276849190595, 3.5004998312508766, 5.920838713645935)
3872.0
(0.014234027175131827, 0.018571128895344992, 3.5008901881188463, 5.921198915697865)
3880.0
(0.014232250260334901, 0.018573391455101524, 3.5003844641854243, 5.921031197402703)
3888.0
(0.014234015613398097, 0.018576420714342665, 3.500147075868485, 5.921055879925801)
3896.0
(0.014231460410974277, 0.018576687607038175, 3.4996223718416495, 5.92080060184979)
3904.0
(0.01423144402665625, 0.01857470460144872, 3.499985191719664, 5.921429747208983)
3912.0
(0.014233848353447221, 0.01857697479215371, 3.499848262631163, 5.921640706548885)
3920.0
(0.014233483991142354, 0.018576717226047514, 3.4994117276488885, 5.921494929707949)
3928.0
(0.014233486069844408, 0.018577217001854752, 3.499499679096346, 5.921725100618068)
3936.0
(0.014232204387959788, 0.018576921035448758, 3.4989569622411207, 5.921430385620551)
3944.0
(0.014231191921671736, 0.018577886321539887, 3.49902641724961, 5.921535787312125)
3952.0
(0.014230774899264281, 0.018577376170761637, 3.4991198799826884, 5.92164848501032)
3960.0
(0.014229929529495934, 0.018577582957176125, 3.4993957973295644, 5.921684528550794)
3968.0
(0.014230121214387732, 0.01857816245551791, 3.499518068263708, 5.921807188383291)
3976.0
(0.014229019073316827, 0.01857768057476674, 3.49945696051341, 5.9215165400600815)
3984.0
(0.014227326237799709, 0.01857816618592593, 3.499209335189544, 5.921743361410015)
3992.0
(0.014226900794936511, 0.018578786748288303, 3.4994260478019714, 5.92179020690918)
4000.0
(0.014226852146417918, 0.018577026601117364, 3.5003150118563227, 5.922510327931174)
4008.0
(0.014227174670825566, 0.01857683256320349, 3.5006656689472884, 5.922579008269595)
4016.0
(0.014227988513213594, 0.01857598789773943, 3.5014277533081843, 5.92297762004329)
4024.0
(0.014229833639962651, 0.018577919285855473, 3.501288882323674, 5.923004055780078)
4032.0
(0.014232581537165152, 0.018578491367581964, 3.5015169913225836, 5.923214961514614)
4040.0
(0.01423179203936583, 0.01857737689760784, 3.5013988804911436, 5.923049297257374)
4048.0
(0.014231087537261222, 0.018577810709610884, 3.501336639449441, 5.92319566775591)
4056.0
(0.014231843698581121, 0.018578843433428038, 3.5006550236011114, 5.922841335844806)
4064.0
(0.014229419043060514, 0.018579539738049416, 3.5000398205867684, 5.922276456604304)
4072.0
(0.014228744046515824, 0.01857797623134741, 3.5002696738523595, 5.9223381079879465)
4080.0
(0.01423091575135293, 0.018579449590434168, 3.50003957001897, 5.9224753118541145)
4088.0
(0.014230331249713837, 0.01858084072960914, 3.4993666945956647, 5.922090025618672)
4096.0
(0.014228873924131172, 0.01858066456781662, 3.4987685657151726, 5.921947984899926)
4104.0
(0.014228524412485507, 0.018579227886866886, 3.49924586858267, 5.922191241371956)
4112.0
(0.014228558589801439, 0.018577120130736837, 3.49980362503274, 5.922139914984842)
4120.0
(0.014229088306442686, 0.01857927994586923, 3.499839568322943, 5.921907907308534)
4128.0
(0.014226790655285546, 0.01857878620621687, 3.499437310478904, 5.9215671827069105)
4136.0
(0.01422889779421828, 0.018577813426314194, 3.499795678039315, 5.922055837270376)
4144.0
(0.014226103029694378, 0.018576170176022224, 3.49962851077835, 5.921884571656097)
4152.0
(0.014227406232329475, 0.018575052671171845, 3.500260990858078, 5.92251335474161)
4160.0
(0.014228926425227542, 0.018578907894512803, 3.499782397971272, 5.92218003849608)
4168.0
(0.014230580873844666, 0.018579486178078402, 3.4996106898647614, 5.922178493148979)
4176.0
(0.014231068489469772, 0.018579039397188527, 3.500224907129262, 5.922527979710362)
4184.0
(0.014230432989702238, 0.01857828440556943, 3.5002479703371763, 5.923459987603981)
4192.0
(0.01423058818221624, 0.018577749563993527, 3.499249753043765, 5.9230825760251)
4200.0
(0.014231949380247648, 0.01857869031849224, 3.4997400924733384, 5.922930185332498)
4208.0
(0.01423370745587164, 0.018580840648285562, 3.499595385574978, 5.922913853538557)
4216.0
(0.01423420763697213, 0.01858006495444686, 3.4990392941417117, 5.922480645504865)
4224.0
(0.0142347244371862, 0.018580319825840207, 3.4988660744773417, 5.922655763608071)
4232.0
(0.014235117453772563, 0.01857927605863352, 3.499513955836026, 5.922853126166002)
4240.0
(0.014233372446198397, 0.018578553338789328, 3.4991863667403686, 5.922588533376345)
4248.0
(0.014233196542382092, 0.01858231037178832, 3.498271994572833, 5.922076083663711)
4256.0
(0.01423460797233419, 0.018581577371368955, 3.498946238190327, 5.922394939479863)
4264.0
(0.014238254655426198, 0.018582548245313812, 3.4983423966147034, 5.922607965683669)
4272.0
(0.014239630913016776, 0.018582662402052866, 3.4981332983926077, 5.922110363256151)
4280.0
(0.014239208612212544, 0.018581857328768835, 3.4981475000950826, 5.922531317419081)
4288.0
(0.014238090129039017, 0.018581661722005587, 3.498030539997463, 5.92235211864308)
4296.0
(0.014236610321109532, 0.018581077659035425, 3.4978205457495934, 5.922466921540441)
4304.0
(0.01423617360364697, 0.01858233060611845, 3.4974857301128153, 5.922203125007077)
4312.0
(0.014236112530931034, 0.01858347778316971, 3.4973767156954163, 5.921899472342597)
4320.0
(0.014236343759621208, 0.018582374187384773, 3.49754342838929, 5.9218923609269964)
4328.0
(0.01423627191952615, 0.018584340862548558, 3.4974077988374717, 5.921767775862859)
4336.0
(0.014235314276426384, 0.01858485510480515, 3.4978130193046444, 5.92134916804333)
4344.0
(0.014236564413360105, 0.01858543373412124, 3.4979386404156685, 5.921496754183488)
4352.0
(0.014237941556789441, 0.01858533789795137, 3.4976717502698986, 5.92132246647406)
4360.0
(0.014235488792929636, 0.018583046130857234, 3.4981597242774543, 5.921720928324884)
4368.0
(0.014237813175048578, 0.01858170627801377, 3.4991272419854536, 5.921977531321524)
4376.0
(0.014237716416284265, 0.0185810909104536, 3.498959280713631, 5.9220475584921175)
4384.0
(0.014239824930321615, 0.01858075020449884, 3.49892282876812, 5.92242539688972)
4392.0
(0.014238905810484868, 0.018580845111081167, 3.4988266524401577, 5.922773955085061)
4400.0
(0.014236875268120973, 0.018579226340787333, 3.4993346252372173, 5.92288626603336)
4408.0
(0.014237537206150909, 0.018579414115771686, 3.499254933301953, 5.923024269981661)
4416.0
(0.01423812291370225, 0.01857999291055111, 3.4986384721173085, 5.922731952253345)
4424.0
(0.014238028544683333, 0.018580314110572923, 3.4985448823508802, 5.922725217867414)
4432.0
(0.014238264106744936, 0.018579009474052235, 3.498675226520848, 5.922854359944662)
4440.0
(0.014238083039714708, 0.018580418663739235, 3.4980447768307417, 5.922706565410971)
4448.0
(0.014237138531782052, 0.018581009882440255, 3.497037518174259, 5.922055050971478)
4456.0
(0.014235765543496117, 0.018580868673728226, 3.496932939389273, 5.922038459436013)
4464.0
(0.014234865676405126, 0.018580369553842423, 3.496735401358289, 5.922586768599017)
4472.0
(0.014235535268639722, 0.01858058875528571, 3.496876731940678, 5.922427503551756)
4480.0
(0.014235849649380917, 0.018580497689455387, 3.4967038040705116, 5.922293996215929)
4488.0
(0.014235812720084078, 0.018578475607425732, 3.4973657559669737, 5.922659807782156)
4496.0
(0.014236668926894333, 0.01857814816445704, 3.4973799996011845, 5.922781083765928)
4504.0
(0.014237104690906171, 0.018579950225542704, 3.4978364697584867, 5.92231880096679)
4512.0
(0.014237684119200875, 0.018580793319336566, 3.4970239187763856, 5.922265196268538)
4520.0
(0.01423678520237638, 0.01858201837812703, 3.4966678181301156, 5.921900598404686)
4528.0
(0.014235944314765766, 0.018581382192410893, 3.496712481954531, 5.922210626921746)
4536.0
(0.014236501087499963, 0.01858130773936496, 3.4966341248700314, 5.922103920453031)
4544.0
(0.014235786851838147, 0.018580914123497213, 3.4962617802075218, 5.921896341186416)
4552.0
(0.014235676200784166, 0.018582120369905853, 3.4960956920657242, 5.92197690679316)
4560.0
(0.014237027099415616, 0.01858078779662926, 3.495948300887741, 5.922105877704253)
4568.0
(0.014236761060475672, 0.018580336489006286, 3.496180609806434, 5.9221272827028395)
4576.0
(0.01423582217449649, 0.01857892371667497, 3.496318034476635, 5.922173774679294)
4584.0
(0.014234465443035735, 0.018579932801943033, 3.4961892723621806, 5.923341306659818)
4592.0
(0.014233297425221997, 0.0185798474368001, 3.4958935140526815, 5.923079370415729)
4600.0
(0.014233978119435874, 0.018578404036601458, 3.4958949010405274, 5.923363956312339)
4608.0
(0.01423417694772573, 0.018578200709240985, 3.495774353810778, 5.923422471282801)
4616.0
(0.014234770569833568, 0.018577809078436553, 3.4959615951590886, 5.923486765693216)
4624.0
(0.014236687301083035, 0.01857742412348692, 3.4957103613950635, 5.923526664266109)
4632.0
(0.014239366122359275, 0.018578011657378806, 3.4946360390761804, 5.923161201641477)
4640.0
(0.014239824625215195, 0.018577701846297798, 3.4954675126198853, 5.923450649707945)
4648.0
(0.014239578281614323, 0.018578403323318504, 3.4953616279916666, 5.923365089901534)
4656.0
(0.014241295241105043, 0.018579110887624307, 3.4949929706023855, 5.923439083132081)
4664.0
(0.0142420845004032, 0.018579112830633085, 3.4951622498362034, 5.923510789871216)
4672.0
(0.014244459463730026, 0.018581066253752273, 3.4945742550059262, 5.923152231558776)
4680.0
(0.014243625258653655, 0.018581279603319307, 3.4942432300222612, 5.923078759131578)
4688.0
(0.01424206672647273, 0.018579868270362995, 3.4945583375999023, 5.923009061732121)
4696.0
(0.014239641243336775, 0.01858076868146809, 3.4939728841489677, 5.922650085825499)
4704.0
(0.01424069175534751, 0.018579160877549128, 3.494612944348761, 5.92330121346362)
4712.0
(0.014241137835757749, 0.018579492652115708, 3.4944835759825628, 5.923192865565672)
4720.0
(0.01424129388968205, 0.01857800673247748, 3.4952351441843255, 5.923493223948729)
4728.0
(0.014240799406394066, 0.018578888882757168, 3.4951670415498115, 5.9236750828253255)
4736.0
(0.014241069304871361, 0.01857738646307168, 3.4957912346162843, 5.9239971279896935)
4744.0
(0.014242739173908654, 0.018578772053660767, 3.4959742380713776, 5.924064563179658)
4752.0
(0.014243346024426416, 0.01858207485140671, 3.495628061214415, 5.924045701387549)
4760.0
(0.014242050599629743, 0.01858134154048393, 3.49547428932766, 5.924139851691739)
4768.0
(0.014244263338070167, 0.018580447424528704, 3.4966960596279484, 5.9248103927727325)
4776.0
(0.01424290845404954, 0.01857930309365603, 3.4966308544312033, 5.92488782541409)
4784.0
(0.014242312944376036, 0.018579015814489834, 3.4967781283421586, 5.924902974862686)
4792.0
(0.014242854071297403, 0.018583218409286707, 3.4965697451432547, 5.924577937920888)
4800.0
(0.01424352521394025, 0.018583138442548334, 3.4971292510802257, 5.9250237699753034)
4808.0
(0.014244535261242797, 0.018582314020627037, 3.498190729721044, 5.92522182100239)
4816.0
(0.014242520485179605, 0.01858347358965114, 3.497554582940603, 5.925127160687549)
4824.0
(0.01424299123026764, 0.018584289576873164, 3.4980499369419173, 5.925101020478255)
4832.0
(0.014244202781364526, 0.018583932581981075, 3.4977923042518047, 5.924759638605039)
4840.0
(0.014244856520671152, 0.018583267248036786, 3.4984089014160356, 5.925011034452482)
4848.0
(0.014244342873337272, 0.01858362858344472, 3.4973613245679678, 5.924571698737105)
4856.0
(0.014245100589372428, 0.018583273967161827, 3.497893413822902, 5.924775805128248)
4864.0
(0.014244628878466664, 0.018583475231551638, 3.497952795968267, 5.925174099275435)
4872.0
(0.014245219901059583, 0.01858298990681061, 3.49825614202218, 5.9253073833027825)
4880.0
(0.014245892558909857, 0.018585573480560138, 3.4983162423397633, 5.92493484687493)
4888.0
(0.014245116048199103, 0.01858385301395298, 3.4985379280607685, 5.925060802035862)
4896.0
(0.014245307375971579, 0.018585887930803676, 3.497821867757676, 5.924442148130831)
4904.0
(0.014246765351875272, 0.01858521863505528, 3.497590741816095, 5.92443141952788)
4912.0
(0.014245322986744914, 0.018584861141144916, 3.4975993978298776, 5.924387194470661)
4920.0
(0.014244318497573167, 0.018584063485003865, 3.497591691744792, 5.9245078563690186)
4928.0
(0.01424303825547383, 0.018584083275404215, 3.497099061839198, 5.924459205454327)
4936.0
(0.0142428230653529, 0.018584827068024348, 3.4967514295794047, 5.924258877158551)
4944.0
(0.014243881362346531, 0.01858580873184586, 3.4973099582222242, 5.924143321294585)
4952.0
(0.014242725145802994, 0.018586021852065492, 3.4969062778257554, 5.923893244035782)
4960.0
(0.014243150732511345, 0.01858497608471441, 3.4971883415983878, 5.92385336128026)
4968.0
(0.014244163051762213, 0.01858368488557122, 3.4975417070450123, 5.923886061481341)
4976.0
(0.014245053858523572, 0.018583566981747013, 3.4978338684737205, 5.924086545481919)
4984.0
(0.01424380153916407, 0.01858223539660626, 3.4980211078356476, 5.9242679851177416)
4992.0
(0.014244429754576845, 0.018581025423064123, 3.4986884757995607, 5.924768032073975)
5000.0
(0.014245560710635752, 0.018581987132352252, 3.498583192261644, 5.924548235945046)
5008.0
(0.014244914334534127, 0.01858120241953288, 3.498787097003091, 5.924526357574706)
5016.0
(0.014245889677992877, 0.018581231814840803, 3.499249341001936, 5.925072893974887)
5024.0
(0.014246512927670223, 0.018581963777608103, 3.499117332346299, 5.924894089539593)
5032.0
(0.01424762634731773, 0.018581554729069284, 3.49934226558322, 5.925245973798964)
5040.0
(0.014247952568518314, 0.018581070437783773, 3.4998439597630084, 5.925589630229727)
5048.0
(0.014249868761540753, 0.01858026144964613, 3.500104472606997, 5.925950033000753)
5056.0
(0.014249039264528163, 0.018579840142365637, 3.500250096946343, 5.925931794948488)
5064.0
(0.014247394268997536, 0.01858062407069803, 3.500654430795543, 5.925987124819109)
5072.0
(0.014248623482234383, 0.018579589298773524, 3.5009819984436037, 5.926287367212491)
5080.0
(0.014248398417509838, 0.018580771954984126, 3.500501476743686, 5.925853997656384)
5088.0
(0.014247958249365944, 0.01857994973539775, 3.5006744169178337, 5.925872942716398)
5096.0
(0.014248942899884461, 0.018580894791544265, 3.500785565675239, 5.925808133002732)
5104.0
(0.01424756280004251, 0.01858001827951355, 3.500975064082138, 5.92584443801259)
5112.0
(0.014245629291002435, 0.018578703974083444, 3.5001646786928178, 5.925598428398371)
5120.0
(0.014245763637162, 0.01857814702292344, 3.5004252040999915, 5.925612703314438)
5128.0
(0.014244903290609769, 0.018578890183136847, 3.49995493628897, 5.9255438541697565)
5136.0
(0.0142468788514842, 0.01858164627362435, 3.499931783735474, 5.92520065886051)
5144.0
(0.014246374851969357, 0.018582447034423438, 3.4996013452547676, 5.925001432436593)
5152.0
(0.014247679712171125, 0.018581716952613785, 3.499735335046931, 5.9250984288001245)
5160.0
(0.01424841776704549, 0.018580965234252088, 3.499803434953601, 5.924991444537514)
5168.0
(0.014247410886180544, 0.0185799372163239, 3.5004274240785627, 5.925362082132048)
5176.0
(0.014246100274570326, 0.018578659255534685, 3.5006881378315113, 5.925612886746724)
5184.0
(0.014247186799654537, 0.018578832787092988, 3.5010962941797197, 5.925756586718449)
5192.0
(0.014246855799420753, 0.018577855801586562, 3.500920021717365, 5.925648960700402)
5200.0
(0.01424667259481413, 0.01857648486507654, 3.5008867358282414, 5.925697536146219)
5208.0
(0.014246683939406089, 0.018575939157475827, 3.5009253398041054, 5.925566831249401)
5216.0
(0.014247735160596735, 0.01857767627661107, 3.50144546466436, 5.925856902807449)
5224.0
(0.014247960047644464, 0.018577773687063027, 3.501622179232606, 5.925923962840976)
5232.0
(0.0142474715451443, 0.018577286259159685, 3.501331452012972, 5.925972135558383)
5240.0
(0.014247927514570496, 0.018576618912872187, 3.501420571673207, 5.926251242800457)
5248.0
(0.014245920204588886, 0.018575360833783566, 3.5022334577104637, 5.926479768535318)
5256.0
(0.014246693541490807, 0.018574210951495675, 3.5026640584041284, 5.926917372503541)
5264.0
(0.014248609881540399, 0.01857480168408778, 3.5023474389396054, 5.926845378325814)
5272.0
(0.014247602706349413, 0.018573217759957544, 3.5027999473340583, 5.927040086370526)
5280.0
(0.014247571489990767, 0.018574170315050147, 3.50289046926686, 5.927085354901658)
5288.0
(0.014247799412930114, 0.01857581765925509, 3.5022883397214724, 5.927030255787322)
5296.0
(0.014246951584490216, 0.018574588939365373, 3.5027906394831914, 5.927320491854062)
5304.0
(0.014246099285824279, 0.018575248742627108, 3.5029222871883805, 5.9275160977639345)
5312.0
(0.014247592237588357, 0.018574650344899614, 3.5030731459309283, 5.927523577123656)
5320.0
(0.014245693317465362, 0.018574766366771783, 3.5022071005703808, 5.926931772146139)
5328.0
(0.014246230194273972, 0.01857610025963046, 3.5023153829074154, 5.9269877452364215)
5336.0
(0.014245262787669265, 0.018576297273063862, 3.5020950761383878, 5.9269116224643)
5344.0
(0.014246101744340697, 0.018575316273764766, 3.5030001581873416, 5.927220544829319)
5352.0
(0.014247420580692447, 0.01857601270620642, 3.50267994439424, 5.927165435677144)
5360.0
(0.014247320839172153, 0.018575501796329146, 3.503436501441876, 5.927458486684921)
5368.0
(0.014247417972120282, 0.018575973007612927, 3.503116841117541, 5.927351622354417)
5376.0
(0.01424710728199659, 0.01857571225547258, 3.5028563923857012, 5.927125064968886)
5384.0
(0.014246227623152004, 0.018575276676312383, 3.5030135064874983, 5.9271419373747145)
5392.0
(0.014245855308333553, 0.018574540927687882, 3.5028019173940024, 5.927036186500832)
5400.0
(0.01424570500220364, 0.018578191536711777, 3.5020043225683404, 5.926243275580322)
5408.0
(0.01424545715138483, 0.018579437529729383, 3.5020106599461203, 5.926263480278027)
5416.0
(0.014245074868125568, 0.018579172938843713, 3.5024657091208264, 5.926353180302983)
5424.0
(0.014243939223133165, 0.01857996419865518, 3.502046238164663, 5.926101228098806)
5432.0
(0.014243240822947171, 0.018579130910265185, 3.5020140314803405, 5.926136223708882)
5440.0
(0.01424294221153612, 0.018579853235780604, 3.501701611254184, 5.925925267425403)
5448.0
(0.014242228444812596, 0.0185800352143266, 3.501657855475753, 5.925895576253315)
5456.0
(0.014243266128684892, 0.018581198221656818, 3.501150882785177, 5.9260081330295185)
5464.0
(0.014242494655899338, 0.01858118769394585, 3.5003131272500023, 5.925582077070984)
5472.0
(0.014241509410123653, 0.018580626347158093, 3.500073816828484, 5.925613984574366)
5480.0
(0.014241085029641071, 0.01858185740585326, 3.499971441555301, 5.925387332460276)
5488.0
(0.01423886210782678, 0.01858106646679544, 3.500008764225323, 5.925585523963495)
5496.0
(0.014240061262409811, 0.01858036207726259, 3.5004009989111924, 5.926007371309192)
5504.0
(0.01423893962538908, 0.01857938014311765, 3.500326826541275, 5.926114676825713)
5512.0
(0.014237800668363844, 0.018578543939857764, 3.5002992108248283, 5.926311427268429)
5520.0
(0.014238606945053842, 0.018577963895695288, 3.5007693270698472, 5.926340405399306)
5528.0
(0.01423718777179647, 0.01857935714395767, 3.5002769855405553, 5.9260851330839825)
5536.0
(0.014236033582231031, 0.01857822730841538, 3.5003602972622385, 5.926150069436297)
5544.0
(0.014236032582637273, 0.018578535419053466, 3.5004206844296855, 5.925920986648252)
5552.0
(0.014235884261066624, 0.018579560988047982, 3.4997182746585325, 5.925714645111303)
5560.0
(0.014234818374906755, 0.018580156736135122, 3.4998538922304396, 5.925894348100684)
5568.0
(0.01423429417794409, 0.018579800821471846, 3.499619433322288, 5.926184934044158)
5576.0
(0.014234642974346446, 0.01858044623633996, 3.4990585868201487, 5.926153221922823)
5584.0
(0.01423447139339499, 0.018579074818767184, 3.4998756307730177, 5.926474874111716)
5592.0
(0.014234910168471771, 0.01857877129339463, 3.500525177887508, 5.926827554021563)
5600.0
(0.014236387672116357, 0.018578628220411175, 3.5002880695032834, 5.926703237432896)
5608.0
(0.014238488986436523, 0.01858023854327091, 3.499767098331723, 5.926654675747255)
5616.0
(0.01423749314364495, 0.018579158986762025, 3.4996874627483687, 5.926653928471833)
5624.0
(0.014238643021611224, 0.018579038554732002, 3.4993574378842656, 5.926675281741402)
5632.0
(0.014237313372050493, 0.018579640577065522, 3.4989122272383235, 5.926492791818389)
5640.0
(0.014236925518691696, 0.01857838718021578, 3.49946499411175, 5.926755555966083)
5648.0
(0.014235686941933258, 0.018577364236093484, 3.499222252291365, 5.926601927216353)
5656.0
(0.014236197751445313, 0.018576973480697315, 3.4995940364686784, 5.926861390555646)
5664.0
(0.014236658662247456, 0.018576744799767536, 3.4995481742622148, 5.926919191949627)
5672.0
(0.014237606086629356, 0.018576914940112824, 3.499310465933571, 5.92686893973552)
5680.0
(0.014237666402391344, 0.018576513906226274, 3.4990882333656237, 5.927066504536131)
5688.0
(0.014237128456269031, 0.018575911861272734, 3.499466643239675, 5.92733725269189)
5696.0
(0.014236950656055517, 0.01857679355147025, 3.4987952017015025, 5.927062633161291)
5704.0
(0.014236155389782847, 0.018577255681418468, 3.498294689074284, 5.926634017158957)
5712.0
(0.014235670009736762, 0.018577144366466434, 3.498384905528355, 5.92649774217939)
5720.0
(0.014235481458666679, 0.018576268334455172, 3.4982033268699433, 5.92652714985043)
5728.0
(0.014235469925491713, 0.018576477063949864, 3.4980347203077797, 5.926396835465478)
5736.0
(0.014236095565110353, 0.01857803432595289, 3.498154238405998, 5.926275081953299)
5744.0
(0.014235444231813055, 0.018578687065580413, 3.4977196569402955, 5.926295437633742)
5752.0
(0.014235220372109664, 0.01857939434528745, 3.4977437992890676, 5.926166301965713)
5760.0
(0.014235691031807407, 0.018578784298619606, 3.498037933807267, 5.926279993890558)
5768.0
(0.01423610704724036, 0.01857929517927792, 3.498017319681902, 5.92620467611297)
5776.0
(0.014235691789357132, 0.018580720942779638, 3.497790103466514, 5.926047109469339)
5784.0
(0.014235339324092766, 0.01858067418522278, 3.4979634331076186, 5.926121608328424)
5792.0
(0.014233828793362616, 0.018579722919258267, 3.4979368778754925, 5.926083600274448)
5800.0
(0.01423447885406893, 0.01858005814613875, 3.4981223170750724, 5.926020842281583)
5808.0
(0.014234938332268096, 0.018579727666612394, 3.4981171205906296, 5.925999858520382)
5816.0
(0.014234340912979825, 0.01858060654226403, 3.497480551947604, 5.9257512249789395)
5824.0
(0.014236470049431932, 0.018582874870362885, 3.4985802362108696, 5.926868989565343)
