(26.53449535369873, 59.90857696533203, 40.260643005371094, 85.0711898803711)
0.0
(1.5684103965759277, 3.523563861846924, 2.4882123470306396, 5.339683532714844)
8.0
(1.5328430533409119, 3.5561004877090454, 2.3732640743255615, 5.152002573013306)
16.0
(1.5630629062652588, 3.5772653420766196, 2.4189871152242026, 5.214363257090251)
24.0
(1.584344744682312, 3.6325817108154297, 2.429760694503784, 5.221188187599182)
32.0
(1.5954236745834351, 3.623939037322998, 2.451141834259033, 5.252275085449218)
40.0
(1.606538712978363, 3.6728011767069497, 2.430781126022339, 5.244750897089641)
48.0
(1.604820932660784, 3.6612675871167863, 2.4427007266453336, 5.259013312203543)
56.0
(1.6092093586921692, 3.663317710161209, 2.4557271897792816, 5.25246787071228)
64.0
(1.600925087928772, 3.652755710813734, 2.431985192828708, 5.2461699379815)
72.0
(1.6070456147193908, 3.658739113807678, 2.4399800062179566, 5.245142555236816)
80.0
(1.6160454208200628, 3.6833459680730645, 2.4299951033158735, 5.237999439239502)
88.0
(1.620963950951894, 3.6887130737304688, 2.4344815810521445, 5.24570103486379)
96.0
(1.6304191809434156, 3.699749102959266, 2.4371844988602858, 5.261669892531175)
104.0
(1.6300574115344457, 3.70632917540414, 2.4231051206588745, 5.257676976067679)
112.0
(1.633285101254781, 3.7186928749084474, 2.4183539549509683, 5.2619267781575525)
120.0
(1.63345105946064, 3.718771070241928, 2.416029706597328, 5.261551111936569)
128.0
(1.6375947349211748, 3.727755714865292, 2.417013546999763, 5.272090098437141)
136.0
(1.6366069051954482, 3.7272774113549128, 2.417107025782267, 5.266035318374634)
0.0
(0.013613225892186165, 0.017898252233862877, 3.2446982860565186, 5.843245983123779)
144.0
(1.6370813470137746, 3.7318055127796375, 2.4123534528832686, 5.265162668730083)
152.0
(1.63443763256073, 3.729399633407593, 2.406199240684509, 5.260015845298767)
160.0
(1.6306240501857938, 3.7191412108285085, 2.4046697389511835, 5.260146118345714)
168.0
(1.6298003521832554, 3.7184988260269165, 2.4037884040312334, 5.257549242539839)
176.0
(1.6244904113852459, 3.7076432601265283, 2.4096339474553647, 5.273535251617432)
184.0
(1.6282365719477336, 3.708593408266703, 2.4157020151615143, 5.280299961566925)
192.0
(1.6302742195129394, 3.713978443145752, 2.4188107776641847, 5.270636138916015)
200.0
(1.6389884260984569, 3.7331309501941385, 2.4213178708003116, 5.275531108562763)
208.0
(1.6416196425755818, 3.7362046153457076, 2.4222877467120134, 5.274725066290961)
216.0
(1.635746227843421, 3.725971349648067, 2.4205217020852223, 5.2732188020433695)
224.0
(1.6361648378701046, 3.725695330521156, 2.419756798908628, 5.272389921648749)
232.0
(1.6378647168477376, 3.7281104723612466, 2.4151204506556194, 5.270325088500977)
240.0
(1.6405384156011766, 3.739976483006631, 2.4125885655803065, 5.269080884994999)
248.0
(1.6418720036745071, 3.743846520781517, 2.4113579839468002, 5.2635805159807205)
256.0
(1.6397084611834902, 3.7382552262508506, 2.4107344078295156, 5.2602002548448965)
264.0
(1.6427247769692366, 3.7443665125790764, 2.4111214735928703, 5.262666996787576)
272.0
(1.6476071970803396, 3.751113952909197, 2.416543436050415, 5.268686703273228)
280.0
(1.6500089764595032, 3.7594452500343323, 2.4174201024903192, 5.26451928085751)
288.0
(1.648293897912309, 3.7567420907922693, 2.4146980079444678, 5.261425688460067)
296.0
(1.6489134117176658, 3.76223791900434, 2.410371002398039, 5.259011017648797)
304.0
(1.6484184662501018, 3.764486783590072, 2.4054103753505607, 5.255244707449888)
312.0
(1.6462982326745987, 3.7583681762218477, 2.4060398280620574, 5.256572186946869)
320.0
(1.6463554690523845, 3.75822435355768, 2.4079884029016263, 5.253113595450797)
328.0
(1.649248529048193, 3.767091688655672, 2.4064009757269, 5.251475311460949)
336.0
(1.652319073677063, 3.7782549026400543, 2.401833467705305, 5.243065933848536)
344.0
(1.651834179054607, 3.7773045734925703, 2.4013581817800347, 5.2410944591869)
352.0
(1.6516730149586996, 3.775656615363227, 2.40482161309984, 5.2421156459384495)
360.0
(1.6497940265614053, 3.773876703303793, 2.402742888616479, 5.238568513289742)
368.0
(1.6506872557579202, 3.774424852208888, 2.4018652946391006, 5.237852370485347)
376.0
(1.6503987237811089, 3.7740717132886252, 2.4027523199717202, 5.236792763074239)
384.0
(1.6513793565789048, 3.7761575153895786, 2.4043618708240744, 5.241208426806391)
392.0
(1.651412467956543, 3.7757185745239257, 2.406284155845642, 5.241650876998901)
400.0
(1.6506847821029962, 3.774642551646513, 2.4037679550694486, 5.240151526881199)
408.0
(1.649804576085164, 3.77190015407709, 2.4058650869589586, 5.239510398644668)
416.0
(1.6502982850344676, 3.7711738190560973, 2.405715564511857, 5.237923082315697)
424.0
(1.6506058088055364, 3.7689845826890735, 2.4081121859727084, 5.2394158751876265)
432.0
(1.6506939042698254, 3.7724322709170255, 2.4057086381045254, 5.24047438881614)
440.0
(1.6496699729136057, 3.7685274183750153, 2.408041613442557, 5.243180675165994)
448.0
(1.6503661891870332, 3.770545474269934, 2.407770462203444, 5.242134947525828)
456.0
(1.64979664621682, 3.7724858070241996, 2.403483567566707, 5.2385244040653625)
464.0
(1.6523020388716358, 3.781468092384985, 2.4017423451957054, 5.237040762173927)
472.0
(1.6534924666086832, 3.7861351490020754, 2.398922920227051, 5.237157527605692)
480.0
(1.6548707739251558, 3.7889364703756865, 2.3976439921582333, 5.234715242854884)
488.0
(1.6545156721145875, 3.7889654674837665, 2.3942726658236597, 5.232948541641235)
496.0
(1.6539056944468664, 3.78658888453529, 2.395255471032763, 5.234100750514439)
504.0
(1.65349405631423, 3.7848377600312233, 2.396367736160755, 5.2321217730641365)
512.0
(1.6534304215357853, 3.7830990351163423, 2.3978144095494196, 5.234776995732234)
520.0
(1.6518688599268596, 3.7798621221022173, 2.3976195725527676, 5.234282291296757)
528.0
(1.6514957947517508, 3.7771391904176173, 2.3996795576010177, 5.234726428985596)
536.0
(1.650559209725436, 3.7746073217952953, 2.399643231840695, 5.236030599650214)
544.0
(1.6494375104489534, 3.7733875392139824, 2.398368109827456, 5.23690224384916)
552.0
(1.6479153769356865, 3.7699126482009886, 2.398714246068682, 5.239474548612322)
560.0
(1.6487611179620447, 3.7730405867939263, 2.3972710320647335, 5.239383281116754)
568.0
(1.6492550124724705, 3.7745032476054297, 2.3973382545842066, 5.238733741972181)
576.0
(1.6488978274881023, 3.7731450093935615, 2.3973817727337146, 5.237783131534106)
584.0
(1.6487041276854437, 3.772849534008954, 2.3960331066234692, 5.237104377231082)
592.0
(1.6490646775563558, 3.771414686838786, 2.398576021194458, 5.239573237101237)
600.0
(1.6481517678812931, 3.7694906874706873, 2.3970629823835274, 5.243263602256775)
608.0
(1.6478268233212559, 3.769759463025378, 2.395191242168476, 5.242488966359721)
616.0
(1.6480913911110315, 3.772058511391664, 2.395585741752233, 5.240839407994197)
624.0
(1.6472343010238455, 3.773088778121562, 2.3921661558030527, 5.237346208548244)
632.0
(1.6467143803834916, 3.7715078979730605, 2.3918534368276596, 5.237487059831619)
640.0
(1.6484767066107855, 3.7730364151942877, 2.3926487999197876, 5.237265033486449)
648.0
(1.6489259600639343, 3.7725866277043414, 2.393800744196264, 5.238277778392884)
656.0
(1.6484637188624187, 3.7736804284245133, 2.3912478699741593, 5.235941117068371)
664.0
(1.6475203803607397, 3.7708472325688316, 2.3923361017590477, 5.237792940366836)
672.0
(1.6475523948669433, 3.7696299580966723, 2.3938365459442137, 5.238666175393497)
680.0
(1.64768682108369, 3.7707456599834352, 2.392934655034265, 5.2380884636280145)
688.0
(1.6475553183720029, 3.77172091911579, 2.390901658726835, 5.236864610650073)
696.0
(1.6471042429858989, 3.771333708004518, 2.389559293335134, 5.235778358849612)
704.0
(1.6475788542393888, 3.7714248051804105, 2.3926450134663098, 5.238144558467222)
712.0
(1.6474714477856953, 3.7719419532352023, 2.3923517889446684, 5.23932957649231)
720.0
(1.6473312037331718, 3.7723446154332425, 2.391661455343058, 5.240303039550781)
728.0
(1.6467409509679545, 3.7710516245468804, 2.3912965085195457, 5.237552622090215)
736.0
(1.6481549201473114, 3.774571854581115, 2.3914773284748034, 5.238183795764882)
744.0
(1.6472281559984734, 3.772700827172462, 2.3919443171075048, 5.23856233535929)
752.0
(1.646223977992409, 3.7701647833773966, 2.3928224011471397, 5.238483986101652)
760.0
(1.6457626161475976, 3.769494116306305, 2.3915907392899194, 5.2381385465463)
768.0
(1.6476639914758426, 3.7738482878380215, 2.3925706774918076, 5.240916699478307)
776.0
(1.6471956384425261, 3.7723928689956665, 2.392564960888454, 5.2414034678011525)
784.0
(1.6470792413962008, 3.7712555341046268, 2.3927477586148966, 5.242457664374149)
792.0
(1.6473079562187194, 3.7717167568206786, 2.3927648210525514, 5.242393140792847)
800.0
(1.6476577768231382, 3.7724687746255703, 2.3925748390726524, 5.244751344812979)
808.0
(1.6485216231907116, 3.774966838313084, 2.3911056448431576, 5.24332322326361)
816.0
(1.6495669536220217, 3.7761234473256233, 2.3925808818594922, 5.244233640652259)
824.0
(1.6488319635391235, 3.774920791387558, 2.3917279908290277, 5.242638629216414)
832.0
(1.6486983571733747, 3.7746874741145544, 2.391190274556478, 5.241744422912598)
840.0
(1.6482738863747075, 3.77459302488363, 2.389729421093779, 5.2404425459088015)
848.0
(1.6478384688635852, 3.773021167683824, 2.389909124820032, 5.242296922986752)
856.0
(1.6481378078460693, 3.7727390858862133, 2.391560450748161, 5.244656050646746)
864.0
(1.6480282359166976, 3.772257861741092, 2.3914173086848827, 5.244699832496293)
872.0
(1.6476369380950928, 3.772090044888583, 2.390447883172469, 5.242615886168046)
880.0
(1.6484367117151484, 3.774814730291968, 2.3889126090316086, 5.242859513909967)
888.0
(1.648753481251853, 3.7764593000922884, 2.388452042426382, 5.242972833769662)
896.0
(1.6476813459818342, 3.774250608629885, 2.3876459176561475, 5.24202029050979)
904.0
(1.6468956961966397, 3.7730605623178315, 2.3874886642422593, 5.2406764448734755)
912.0
(1.6472029271333113, 3.7732969760894775, 2.388096519138502, 5.24061863111413)
920.0
(1.6471026837825775, 3.772392945042972, 2.388927899557969, 5.240418454696393)
928.0
(1.6479794265877488, 3.77446488233713, 2.3890489981724667, 5.240989990723439)
936.0
(1.6486370159407793, 3.776246978064715, 2.3889376308958408, 5.240732374837843)
944.0
(1.6488367058649784, 3.7773996741831803, 2.3882507576661953, 5.240143463391216)
952.0
(1.648581031958262, 3.7772813618183134, 2.388379395008087, 5.240498665968577)
960.0
(1.6483623321391334, 3.7761399923277295, 2.388909343845588, 5.2402326016386676)
968.0
(1.6475965038674776, 3.775158477611229, 2.3879180189038887, 5.241435942102651)
976.0
(1.646744238651865, 3.77364608136619, 2.3896567084924962, 5.241273224838381)
984.0
(1.6472227583008427, 3.7740704167273735, 2.390605722704241, 5.242587301038927)
992.0
(1.6472991962432861, 3.775643491744995, 2.3889271068572997, 5.241661041259766)
1000.0
(1.6472987381238786, 3.7767876784006753, 2.387983447029477, 5.241013485287863)
1008.0
(1.6473692993479452, 3.7779770648385598, 2.3865297141037587, 5.2383806386331875)
1016.0
(1.6481021223589778, 3.7795988470315933, 2.3864376712590456, 5.238067761063576)
1024.0
(1.6481110550636469, 3.7793532674626786, 2.387252981348555, 5.239314559818238)
1032.0
(1.6482222566237816, 3.7788192675663876, 2.3879364802287175, 5.240790572533241)
1040.0
(1.647934648826832, 3.777773098181222, 2.388618997035136, 5.240891511203679)
1048.0
(1.6474520762761433, 3.7765636588587905, 2.3891047185117547, 5.240232377341299)
1056.0
(1.6467671537757815, 3.7745775315994607, 2.38998412010365, 5.240806579589844)
1064.0
(1.6466905572521153, 3.774005222676405, 2.3922696700736656, 5.241784803902925)
1072.0
(1.6463690431029707, 3.7737000553696243, 2.3914734063325107, 5.240480232238769)
1080.0
(1.6467458947616465, 3.7749666431370903, 2.3906221565078285, 5.240102838067448)
1088.0
(1.6456750039636654, 3.7735808330730802, 2.3895344594969368, 5.237720468618574)
1096.0
(1.646113901898481, 3.7745306785555854, 2.390968248464059, 5.238770177398902)
1104.0
(1.6460587052132587, 3.7739336113277955, 2.3919099303458236, 5.2405387995054395)
1112.0
(1.6460059481007712, 3.77386041028159, 2.3915349687848773, 5.240880816323417)
1120.0
(1.6453875607632575, 3.772323801162395, 2.3918328657217907, 5.240611587010377)
1128.0
(1.6449065309175304, 3.771981225886815, 2.390752182879918, 5.238950215594869)
1136.0
(1.6448748428504785, 3.7716334716423408, 2.391465672246226, 5.24025517577058)
1144.0
(1.644009332689974, 3.769960176613596, 2.390816176931063, 5.240150620539983)
1152.0
(1.6438670224156873, 3.769188012747929, 2.39138100065034, 5.242158804268673)
1160.0
(1.6437144548925635, 3.769463354594087, 2.3907937889229762, 5.242198823249503)
1168.0
(1.6439364913369523, 3.769978734100757, 2.39070902389734, 5.24193337498879)
1176.0
(1.6440434133684314, 3.770453454674901, 2.38980036651766, 5.24068731875033)
1184.0
(1.6444978761992999, 3.770969424471759, 2.390160078970378, 5.240918133882868)
1192.0
(1.6445530335108438, 3.770263746579488, 2.390546007156372, 5.242652467091879)
1200.0
(1.6454951155264645, 3.7721850682568077, 2.3918202728625166, 5.242306775604653)
1208.0
(1.6453950875683834, 3.771890903774061, 2.3929420693924555, 5.242035755985661)
1216.0
(1.64546594978158, 3.7715278092552635, 2.3948398618137134, 5.242866042392706)
1224.0
(1.6455767402401218, 3.7713076325206014, 2.3942740613763984, 5.242150795924199)
1232.0
(1.6464663228681011, 3.7737850958301173, 2.3939622417573005, 5.241471349039386)
1240.0
(1.6458746638053503, 3.7721945964373074, 2.3946583836506576, 5.242157498995463)
1248.0
(1.645104746150363, 3.770947275647692, 2.394269786822568, 5.242808208344089)
1256.0
(1.6449276050434838, 3.7712324042863483, 2.3926346799995324, 5.240987107723574)
1264.0
(1.6457719870333403, 3.772992213567098, 2.392213618980264, 5.239465356622852)
1272.0
(1.6462020345032216, 3.7743801459670068, 2.3916166231036184, 5.239341196417809)
1280.0
(1.6460520221579888, 3.773970871978665, 2.390864253784559, 5.238438715845902)
1288.0
(1.6457245614793565, 3.7734601041417064, 2.3914158152945246, 5.2378115065303845)
1296.0
(1.6455036782048231, 3.77339615412285, 2.3908886777842704, 5.237985461767466)
1304.0
(1.6461918702939662, 3.7747870233000778, 2.3907773422031866, 5.238233069094216)
1312.0
(1.6458006418112552, 3.773792281295314, 2.3911090951977356, 5.239353448694403)
1320.0
(1.6462011832788765, 3.7749578924064178, 2.3911849619394325, 5.240112163934363)
1328.0
(1.6468422455701999, 3.7774024951957657, 2.3910477232790277, 5.239541016652913)
1336.0
(1.646402684705598, 3.7770053900423504, 2.39007458232698, 5.237839928695133)
1344.0
(1.6465227328813994, 3.7771114019247203, 2.3912253224638085, 5.238372754768507)
1352.0
(1.6457292570787319, 3.77589311319239, 2.390781814911786, 5.236959331175861)
1360.0
(1.6459593103643049, 3.777361827984191, 2.389922006785521, 5.236955645488717)
1368.0
(1.6458350662575212, 3.7768333457237064, 2.389318724011266, 5.2372351108595385)
1376.0
(1.6460172564997149, 3.7759786410138787, 2.3905311567934953, 5.239317954620185)
1384.0
(1.6465574324816123, 3.77698744713575, 2.390836622523165, 5.2392153904355805)
1392.0
(1.6465322869164603, 3.776766199384417, 2.3910011155264717, 5.23954413822719)
1400.0
(1.6461495147510008, 3.7758451198989693, 2.3904917375607924, 5.239616895263845)
1408.0
(1.6462543091531527, 3.776382839612368, 2.3899196824111506, 5.239957814836233)
1416.0
(1.6456701273328802, 3.7756807750530457, 2.3887306773260737, 5.238474272610096)
1424.0
(1.645277305688272, 3.774790546747559, 2.388849487517799, 5.23928557827486)
1432.0
(1.6446871883339351, 3.7738358974456787, 2.388066832224528, 5.238704517152574)
1440.0
(1.6444271499939387, 3.7738029140135203, 2.3875746450371507, 5.23805687572416)
1448.0
(1.6438641246858534, 3.772615888616541, 2.3875791358423757, 5.239570253497952)
1456.0
(1.643839915593465, 3.773290647183611, 2.3867583965343204, 5.238067540966097)
1464.0
(1.6434902561747509, 3.7721580927786618, 2.3877924810285154, 5.2387828127197595)
1472.0
(1.6429865753328479, 3.7707040271243533, 2.38852194450997, 5.239466249620592)
1480.0
(1.6432874548819758, 3.772024349499774, 2.387985280765, 5.238918665916689)
1488.0
(1.6442807670583062, 3.7746036039954203, 2.387758360827033, 5.238470299358674)
1496.0
(1.6443707708348618, 3.7750310035462076, 2.387549561388949, 5.236870687058631)
1504.0
(1.6452705103253562, 3.777965308497192, 2.387474464991736, 5.236654839187703)
1512.0
(1.6452196246699282, 3.7777764182341724, 2.3885021548522145, 5.236630108481959)
1520.0
(1.6451609477946896, 3.778063420849945, 2.3880138010254703, 5.236952866559253)
1528.0
(1.644814709822337, 3.777261028687159, 2.3882325055698552, 5.237223118543625)
1536.0
(1.6456488173242678, 3.7786994474539486, 2.388886319540943, 5.2372660809847975)
1544.0
(1.6457141490326714, 3.778366559559537, 2.3889775349921787, 5.237080822285917)
1552.0
(1.6455765332931127, 3.777825519366142, 2.38907151222229, 5.236915612832094)
1560.0
(1.6457284171970523, 3.7779516821004906, 2.390716617204705, 5.237555155948717)
1568.0
(1.645476289206955, 3.777008504431865, 2.3908433744750046, 5.238369605262872)
1576.0
(1.6456965593376545, 3.777348072841914, 2.390773886381978, 5.2384840695544925)
1584.0
(1.6455783634329562, 3.7768907978307062, 2.3905537775413475, 5.238403730056993)
1592.0
(1.6458978694677353, 3.7774736309051513, 2.3909938752651216, 5.239239931106567)
1600.0
(1.6463656413614454, 3.7781567585408986, 2.3914153682651804, 5.239067077636719)
1608.0
(1.6459745103769963, 3.777171556312259, 2.391094970231009, 5.239468399841006)
1616.0
(1.6458608158703507, 3.7768635209558044, 2.390823575663449, 5.238918729603584)
1624.0
(1.6456235804978538, 3.776056748979232, 2.3913058311331508, 5.239421991740956)
1632.0
(1.6456126655020364, 3.7752299355297554, 2.3920371253315995, 5.239542058619057)
1640.0
(1.6460283635889443, 3.7764995051819144, 2.3919678787583285, 5.239307373472788)
1648.0
(1.646564499191616, 3.777496603951938, 2.3918195669201836, 5.239191357064362)
1656.0
(1.6463566325031793, 3.777048043333567, 2.3920164566773634, 5.239209943092787)
1664.0
(1.6463293321965413, 3.7762907053294934, 2.3928204598038962, 5.239774293306342)
1672.0
(1.6465992876461575, 3.7769967771711803, 2.392902570679074, 5.239550940195719)
1680.0
(1.646801888660232, 3.7769620350751834, 2.394148655977294, 5.240568683045735)
1688.0
(1.6466463646798764, 3.777044008362968, 2.393423368346016, 5.240305279785732)
1696.0
(1.6467758769720373, 3.777959385948002, 2.3929087578410835, 5.2394225765282)
1704.0
(1.6470249111407271, 3.7784769379089926, 2.3929036978249236, 5.239194228270343)
1712.0
(1.6474604623262272, 3.779400239988815, 2.393748170276021, 5.239433157721231)
1720.0
(1.6488632206563596, 3.7822282866195396, 2.3943791257010565, 5.239710754818386)
1728.0
(1.6490799864316317, 3.782721428277855, 2.3939048793458717, 5.239169169131512)
1736.0
(1.6492459735739122, 3.7829812207353224, 2.3938403960761674, 5.239045552157481)
1744.0
(1.6488306429832493, 3.781838540072855, 2.393857399622599, 5.239880960281581)
1752.0
(1.648955022205006, 3.7818677566268226, 2.393834060972387, 5.239556167342446)
1760.0
(1.6489491058151107, 3.7820481984324044, 2.3935829751631794, 5.23943162503825)
1768.0
(1.649404843111296, 3.783283049995835, 2.3934803835980527, 5.241556090277594)
1776.0
(1.649721016263748, 3.7841727070744264, 2.3937001100035524, 5.241841754571205)
1784.0
(1.6495922724051135, 3.7836773938366344, 2.3938381459031786, 5.242445334792137)
1792.0
(1.6493384647369385, 3.782852617899577, 2.3936931800842287, 5.242280339135064)
1800.0
(1.6493638474329384, 3.7827932560338384, 2.3937950619554096, 5.242519806971592)
1808.0
(1.6493070971073034, 3.7825760494769933, 2.393504345469538, 5.242148884592602)
1816.0
(1.6491817638539432, 3.78182879351733, 2.3939133181906582, 5.242684878801045)
1824.0
(1.649314919934002, 3.7823339508089955, 2.3945209386567363, 5.242800171198283)
1832.0
(1.649690782505533, 3.7837089476378067, 2.3940902823987216, 5.241900609887165)
1840.0
(1.6491800231851024, 3.782687653710832, 2.3939048087958135, 5.242029260247301)
1848.0
(1.6490958415228745, 3.782149439227992, 2.394632197659591, 5.243163435623564)
1856.0
(1.6487831020559875, 3.7815766078719766, 2.3948143398301283, 5.243904967164789)
1864.0
(1.6494956327299786, 3.7831075303574915, 2.394874366939577, 5.243416356225299)
1872.0
(1.649201254641756, 3.7820692295723775, 2.3950751314771934, 5.243770885467529)
1880.0
(1.648937962822995, 3.78151639639321, 2.3947177236363038, 5.24255186420376)
1888.0
(1.6497119463948762, 3.782880249908705, 2.395531580920964, 5.242785027258507)
1896.0
(1.6497030498600807, 3.7830561750075398, 2.3952851035013922, 5.242791247968914)
1904.0
(1.64916733219035, 3.7820315031825746, 2.3946017800015884, 5.242658900416545)
1912.0
(1.6493117640415826, 3.782078296939532, 2.394567730029424, 5.242686796188354)
1920.0
(1.6492347375980552, 3.782295142961241, 2.3938221842421537, 5.242506209250802)
1928.0
(1.6492190760029248, 3.78168673751768, 2.394889943855853, 5.243726669264234)
1936.0
(1.649291739542298, 3.7823170457847817, 2.3942656958544695, 5.243062894530747)
1944.0
(1.6490541760061608, 3.7818540451956575, 2.3939254274133774, 5.243189798026789)
1952.0
(1.6488692395541134, 3.7812842952961825, 2.3940787461339212, 5.244848953947729)
1960.0
(1.6485425907421887, 3.780879101132959, 2.394027599474279, 5.243972565100445)
1968.0
(1.648783650475475, 3.7817875875635187, 2.3942828805823075, 5.243531503175435)
1976.0
(1.649040657185739, 3.7820441972824836, 2.394499106753257, 5.243623037492076)
1984.0
(1.6491910932533234, 3.7824960377321664, 2.39424335621447, 5.243243370668955)
1992.0
(1.6491479229927064, 3.7832105712890627, 2.3937695837020874, 5.242143495559692)
2000.0
(1.6497141241552344, 3.7840333963295376, 2.3939645755813417, 5.242349605636293)
2008.0
(1.6496993729046412, 3.78427682509498, 2.3936537144676087, 5.241892580002073)
2016.0
(1.649837815243265, 3.784731426729044, 2.393503837434671, 5.241725284591494)
2024.0
(1.649455646830281, 3.783664131727744, 2.3935825571300477, 5.241669692392424)
2032.0
(1.6493271336835973, 3.783476656558467, 2.3930809329537786, 5.241083289127724)
2040.0
(1.6493627126328647, 3.783850803039968, 2.393548011779785, 5.2403085976839066)
2048.0
(1.649512786345723, 3.7839796487459414, 2.3935555177903827, 5.240617598077202)
2056.0
(1.6493475196897522, 3.783347411673198, 2.3939030272092006, 5.241055401720742)
2064.0
(1.649124439158495, 3.783251294758329, 2.3934082469424687, 5.240488357985802)
2072.0
(1.6488944860605093, 3.7832087223346416, 2.3924120261118964, 5.239632320404053)
2080.0
(1.648959405120762, 3.783770851705266, 2.392056234951677, 5.239206228219686)
2088.0
(1.6489569053395103, 3.783866270807863, 2.3921305423474495, 5.239674069499242)
2096.0
(1.6485981229593545, 3.7831385489199096, 2.391847240607548, 5.239451328611192)
2104.0
(1.648496438608025, 3.783349065166531, 2.391555504365401, 5.239450339115027)
2112.0
(1.6486203877431043, 3.783920249399149, 2.391758719930109, 5.239565313087319)
2120.0
(1.6485955759994966, 3.783667126096281, 2.391639966713755, 5.2391614447859)
2128.0
(1.6486859156397844, 3.7845492193314914, 2.390944082638744, 5.238599537910147)
2136.0
(1.6487204196737772, 3.7840908027406948, 2.391824406474384, 5.238239000092691)
2144.0
(1.6482447917576617, 3.783432009494881, 2.391497618203713, 5.238103937482302)
2152.0
(1.6483384088233666, 3.783381382624308, 2.39157803411837, 5.238483605561433)
2160.0
(1.6479312146281844, 3.7826471372724018, 2.3911224669635955, 5.238690019093756)
2168.0
(1.647740021786269, 3.7822916244759277, 2.391180059489082, 5.238739763989168)
2176.0
(1.6474211792369464, 3.7817367031460716, 2.3913680153451997, 5.239498547145298)
2184.0
(1.6471549524878064, 3.78115649379953, 2.391255363930751, 5.239060226148062)
2192.0
(1.6469800012761897, 3.7803682084517045, 2.3916777844862502, 5.239160418076949)
2200.0
(1.6471455144709435, 3.780665769957114, 2.391312873881796, 5.23796738748965)
2208.0
(1.6470754430612502, 3.7805229868699497, 2.3915321344933353, 5.237479132435382)
2216.0
(1.647284256468574, 3.78102449976283, 2.391546128465117, 5.237490060518113)
2224.0
(1.647518379286626, 3.781464866412583, 2.391526553793193, 5.237459683503729)
2232.0
(1.6475769979613168, 3.781248057740075, 2.392358841214861, 5.238021421432495)
2240.0
(1.6474072911985405, 3.780709494051136, 2.3930146795999114, 5.239173430989221)
2248.0
(1.6471339645960652, 3.779918778027203, 2.393397478347129, 5.239510930176323)
2256.0
(1.646961903824823, 3.779658230791665, 2.393201823790587, 5.239687033339861)
2264.0
(1.6467422251130495, 3.778920332310905, 2.3934836815780316, 5.239878196111867)
2272.0
(1.6469433240723192, 3.778603982925415, 2.3946835124701784, 5.240651088848448)
2280.0
(1.6473300744603563, 3.779491186975599, 2.39486649820021, 5.2411419778437045)
2288.0
(1.6470624519972852, 3.778905501349047, 2.3948653176271124, 5.24090482964333)
2296.0
(1.646957154903147, 3.7782860224445662, 2.3949256911873817, 5.241072790490256)
2304.0
(1.6466035496404838, 3.777530926734106, 2.3954818298247447, 5.24156392734356)
2312.0
(1.6464644448510533, 3.7771121986981098, 2.3956768923792344, 5.241816254319816)
2320.0
(1.6464576078034758, 3.776655360185813, 2.3958827720065297, 5.242115001088565)
2328.0
(1.6468084013625368, 3.7779968135977446, 2.395521684868695, 5.24154397722793)
2336.0
(1.646665023048583, 3.7775747385448155, 2.3958431608440933, 5.241788192006915)
2344.0
(1.6467308029025591, 3.7782945065271285, 2.3953959512061815, 5.241184463306349)
2352.0
(1.646423740306143, 3.7777445017281224, 2.3951140694699045, 5.241545266620183)
2360.0
(1.6472154924192943, 3.779418366986352, 2.3950300297221623, 5.241589088697691)
2368.0
(1.6471781473769884, 3.7788023699815025, 2.39562249344206, 5.242124735706985)
2376.0
(1.647498276809718, 3.779272508301191, 2.395506049962652, 5.241937936552419)
2384.0
(1.6472145765521455, 3.7790110430191195, 2.3949057449863904, 5.241518424107478)
2392.0
(1.647168153921763, 3.779071346124013, 2.3946378080050152, 5.241385695139567)
2400.0
(1.6470127062148034, 3.7785607065473283, 2.3947151515174943, 5.2422120880050915)
2408.0
(1.6471878637541209, 3.7790502057170237, 2.394461370461824, 5.241902553482561)
2416.0
(1.6470519103626213, 3.779060396030791, 2.3941309160918687, 5.241552812431512)
2424.0
(1.646882645001537, 3.7785207825271705, 2.394061563830627, 5.24180985281342)
2432.0
(1.6470274295963225, 3.778387785739586, 2.394385144749626, 5.243074737611364)
2440.0
(1.6468455378526177, 3.777944144859813, 2.39423198014303, 5.243501653858259)
2448.0
(1.6470672928937484, 3.7786187061657737, 2.3940646267869186, 5.243358051349752)
2456.0
(1.6471592776187054, 3.778165209603, 2.3945713283179644, 5.243862717182605)
2464.0
(1.6470124956859353, 3.7779177037643383, 2.3945313857982846, 5.243966996091084)
2472.0
(1.6469190309124608, 3.7775115951415033, 2.3946092943991384, 5.24487197629867)
2480.0
(1.6467633032722104, 3.7768628367273753, 2.3951589010919405, 5.244706655238602)
2488.0
(1.6467967400184045, 3.7769618202478457, 2.394910218623968, 5.244481994555547)
2496.0
(1.6467276960135269, 3.776877033824738, 2.3947683119545347, 5.244377667911517)
2504.0
(1.6467558521374015, 3.7770716468240044, 2.3946252226070235, 5.2442878477133)
2512.0
(1.6466987015709045, 3.776543613464113, 2.395595681478107, 5.244694522070506)
2520.0
(1.6464169519611551, 3.776154512091528, 2.394952165929577, 5.244281261782103)
2528.0
(1.6462635768324796, 3.775571978054588, 2.395050534690592, 5.244910064179814)
2536.0
(1.6459761813001812, 3.7749087877993315, 2.394845811825878, 5.244609559856871)
2544.0
(1.646173384869734, 3.7752437658818163, 2.395290377745434, 5.24484013614236)
2552.0
(1.6458132576197386, 3.7744542494416238, 2.395504841953516, 5.245589782297611)
2560.0
(1.6457267394318387, 3.774749966053948, 2.3951684188248583, 5.245143183295229)
2568.0
(1.64570349899138, 3.7745174961800902, 2.396047768385514, 5.24551238480562)
2576.0
(1.6457219673753154, 3.7749462555805597, 2.3956454169270422, 5.244832796208999)
2584.0
(1.645534931877513, 3.7745553689238465, 2.3959360409665993, 5.24499484050421)
2592.0
(1.6456636714935302, 3.7745204947544977, 2.3970894366044266, 5.245141199552096)
2600.0
(1.6451785919125095, 3.773591951358538, 2.3968491685902413, 5.245560333041325)
2608.0
(1.6452818828256124, 3.7741407159636147, 2.3962613296800432, 5.2448402413534465)
2616.0
(1.6458484861182003, 3.775500163072493, 2.396083415281482, 5.244523334793929)
2624.0
(1.6456346711126866, 3.7750806989640813, 2.3959470019876776, 5.24453957392452)
2632.0
(1.6455427809195085, 3.774485964486093, 2.3962120554663917, 5.244732761383057)
2640.0
(1.6455156302524117, 3.774339026194685, 2.3962944065336016, 5.2447439306092045)
2648.0
(1.6457697824541344, 3.7748360289148537, 2.3962548396673546, 5.245117629867003)
2656.0
(1.6456707676609714, 3.7748889915935986, 2.3960153856076993, 5.244868444608854)
2664.0
(1.6455925988579938, 3.7742883552334265, 2.3963666447622334, 5.2455400221362085)
2672.0
(1.645500567777833, 3.774261276045842, 2.396273793747176, 5.245426996430354)
2680.0
(1.6451624014547892, 3.7735266046864644, 2.3958780070145926, 5.245419855628695)
2688.0
(1.645329086646128, 3.774099489347871, 2.3956114283655094, 5.245419175405531)
2696.0
(1.6456353424568853, 3.7749590316467736, 2.395738799896466, 5.245472170192109)
2704.0
(1.6459866136224572, 3.7758246108142326, 2.395454837157663, 5.245704033381819)
2712.0
(1.6456882406683528, 3.7753299327457652, 2.394983147873598, 5.2452357853160185)
2720.0
(1.6456219003347359, 3.7752013605011525, 2.3951390901269103, 5.245356839423305)
2728.0
(1.6459088562524806, 3.775935138875281, 2.3950127579315366, 5.245300796296862)
2736.0
(1.6466157001934663, 3.777685484455209, 2.3950191996883023, 5.245106306437501)
2744.0
(1.6466236367475156, 3.777947205443715, 2.3946510366229123, 5.244694073532903)
2752.0
(1.6466598172118698, 3.778045605922091, 2.394529339887094, 5.244509131666542)
2760.0
(1.6465330399529783, 3.7779286328078694, 2.394326723379896, 5.244587300140734)
2768.0
(1.646449411980357, 3.77784405111923, 2.3942357030313364, 5.244234517946711)
2776.0
(1.6466190808120815, 3.7781478200835745, 2.3946053899567703, 5.244061938647566)
2784.0
(1.6466058509739216, 3.7784756425458585, 2.3943504590359663, 5.243282711608362)
2792.0
(1.6464362832478114, 3.777918190956116, 2.39481151172093, 5.243776960372925)
2800.0
(1.646455606164416, 3.778078056808211, 2.3949313870182745, 5.2434721713052515)
2808.0
(1.64638943428343, 3.777693126689304, 2.3949520973996683, 5.243518168276006)
2816.0
(1.6460954754615977, 3.777087880936966, 2.3949410685736465, 5.2432637957608055)
2824.0
(1.6463944342850292, 3.7780525313932345, 2.39487191984209, 5.243123632366374)
2832.0
(1.6462398297350171, 3.7780388644043827, 2.3941924538410886, 5.242379081081337)
2840.0
(1.6460153400228266, 3.7774950379735968, 2.3941593036222995, 5.242342518956474)
2848.0
(1.6457813898054492, 3.77689914342736, 2.394227561496553, 5.242127604177352)
2856.0
(1.645531095273002, 3.776344314633801, 2.394160429192655, 5.241887570759437)
2864.0
(1.645634508398582, 3.777023738473239, 2.393829051498583, 5.241221210086578)
2872.0
(1.6452916198306613, 3.776281843582789, 2.3937578082084654, 5.241086022059123)
2880.0
(1.645408956297877, 3.776563304282952, 2.3937322756590276, 5.24079029844078)
2888.0
(1.6455727436924508, 3.777147921409396, 2.393868042619189, 5.24025915340824)
2896.0
(1.6452198580276867, 3.7765203441798523, 2.3932286957407127, 5.240164884194198)
2904.0
(1.6449719883583405, 3.7763134928850026, 2.3930192655259437, 5.239613044392931)
2912.0
(1.6450836171842602, 3.7765899102981777, 2.3934220764734975, 5.239871662610198)
2920.0
(1.645012597894408, 3.776275434129225, 2.393455920975065, 5.240271899218116)
2928.0
(1.645315969347629, 3.776961382468325, 2.393468861359017, 5.239820488142382)
2936.0
(1.6455328461268675, 3.7769774742748425, 2.393949842971304, 5.240498992411987)
2944.0
(1.6453524246448423, 3.776580223869179, 2.393832198326504, 5.240551942086155)
2952.0
(1.6456054329872132, 3.777067799825926, 2.3939911926114883, 5.240241103558927)
2960.0
(1.645583254950387, 3.7772299536476237, 2.3936385870622496, 5.2397029689058785)
2968.0
(1.6455799273906215, 3.7772538463274636, 2.393722438684074, 5.240050838839624)
2976.0
(1.6454036034463877, 3.7767417488404957, 2.393718797463834, 5.240741548205828)
2984.0
(1.645253183369968, 3.776205449180807, 2.3936767590874655, 5.24088644471398)
2992.0
(1.6452507565816243, 3.776171896616618, 2.393534799575806, 5.240813902537028)
3000.0
(1.6451752106560038, 3.7760564957527403, 2.393340695411601, 5.240448315092858)
3008.0
(1.6450642774212583, 3.775958068807182, 2.3933787769600947, 5.240749531146386)
3016.0
(1.6449516261065449, 3.775808013305462, 2.393506069031973, 5.241367752589877)
3024.0
(1.6451495800924176, 3.776310338193949, 2.393870239207487, 5.241122552776085)
3032.0
(1.6453769040735144, 3.776809394987006, 2.394107839308287, 5.241628161229586)
3040.0
(1.6456935943893873, 3.777602512379644, 2.39409612482927, 5.241570117279614)
3048.0
(1.6454334337049754, 3.777139286096183, 2.3940626189346714, 5.241590121653692)
3056.0
(1.6452976527475502, 3.776845630715472, 2.3940105494257677, 5.241085980019433)
3064.0
(1.6452464420969288, 3.776513352369269, 2.394010379910469, 5.241155633081992)
3072.0
(1.6454034031211555, 3.776894122284728, 2.3941631688700094, 5.2411256331902045)
3080.0
(1.64530934632751, 3.7765587790642376, 2.394106500507019, 5.240869226850994)
3088.0
(1.645118192184803, 3.7759544387344244, 2.394355787479292, 5.240574985819578)
3096.0
(1.6452465979094357, 3.7762153265402487, 2.3942938612908433, 5.240186503253033)
3104.0
(1.6452075969284174, 3.776071886783394, 2.394127122540707, 5.2397527437283635)
3112.0
(1.6449812354185642, 3.7758072663576177, 2.393684040583097, 5.239430553485185)
3120.0
(1.6450372135547726, 3.775789585259869, 2.39371373037548, 5.239221061891912)
3128.0
(1.6452280286015297, 3.776401328797243, 2.3935287631287867, 5.2389466689557445)
3136.0
(1.645202397693508, 3.7761316062839887, 2.393945058186849, 5.238874892848745)
3144.0
(1.6456864521588166, 3.7773622092861814, 2.3938857552968913, 5.238495660917408)
3152.0
(1.6458202528048165, 3.777407411382168, 2.3945772985868814, 5.238724188261394)
3160.0
(1.6460199356079102, 3.777570210321985, 2.394858919610881, 5.239299569467102)
3168.0
(1.6458215145980681, 3.7769703534748453, 2.3951093111590716, 5.239581162142813)
3176.0
(1.6457377213928568, 3.776907441005036, 2.3950788327796975, 5.2391005796403745)
3184.0
(1.6454343075740308, 3.7761815341194174, 2.3953070353744623, 5.23906471735254)
3192.0
(1.6453615888953208, 3.7757432574033736, 2.395304796099663, 5.239374761581421)
3200.0
(1.645398112901131, 3.776282264110156, 2.3948442858650796, 5.2389088093193985)
3208.0
(1.645044945958835, 3.775525491629074, 2.3947793274969604, 5.238619974003503)
3216.0
(1.6448436120603576, 3.7752966354265993, 2.3946690115680176, 5.238769915796095)
3224.0
(1.6448163328194383, 3.7749332874128134, 2.395070269556329, 5.239323129748354)
3232.0
(1.6452317555745444, 3.7757326667691453, 2.3953619644965656, 5.239391171490705)
3240.0
(1.6452228136250537, 3.7760144613059285, 2.395101196072959, 5.239305076927974)
3248.0
(1.6452241889967671, 3.775804449943711, 2.3952674051467557, 5.239536676711474)
3256.0
(1.645462843132954, 3.7762309949772033, 2.395745157026777, 5.23959611677656)
3264.0
(1.6455553461112136, 3.776552599624783, 2.3956590491577, 5.239650474492379)
3272.0
(1.64558413959131, 3.7767107486724854, 2.3956930625729447, 5.239548970431816)
3280.0
(1.6454576491729476, 3.776750479301397, 2.395638172353851, 5.239336965147886)
3288.0
(1.6457481838545753, 3.7774629459797757, 2.3954802658951397, 5.239247016536379)
3296.0
(1.6455884975613462, 3.777112761074925, 2.3957147067164684, 5.238994552205896)
3304.0
(1.6455434863118157, 3.777160073248085, 2.3955703518816813, 5.238614283898026)
3312.0
(1.6452060196773115, 3.77644277825413, 2.3956796468022357, 5.238415442317365)
3320.0
(1.6452309082333858, 3.7765870294891872, 2.3955446051863523, 5.23784056191261)
3328.0
(1.6452871681117325, 3.7770994418530726, 2.395231510523698, 5.23773665965604)
3336.0
(1.645145066902398, 3.777056473864323, 2.3949400032536263, 5.23725670262387)
3344.0
(1.6454354954221084, 3.7780440826689143, 2.3948887373211845, 5.236469743359914)
3352.0
(1.6453967063199906, 3.777535313084012, 2.3952599667367482, 5.236591809136527)
3360.0
(1.6452457986931337, 3.7771285769492033, 2.395017194634662, 5.236065707127442)
3368.0
(1.6449996744286957, 3.776851239927572, 2.3946434078623335, 5.235550644273442)
3376.0
(1.6450907189231674, 3.777431118854676, 2.3946642188033875, 5.235548917847041)
3384.0
(1.6448282790633868, 3.777155786190393, 2.3942614838762104, 5.234927508066285)
3392.0
(1.6445914333006915, 3.776643771564259, 2.3941611318027274, 5.235049366670497)
3400.0
(1.6445789832464406, 3.776270458396052, 2.3945312583950202, 5.235572104163013)
3408.0
(1.644454648958157, 3.7758931700463036, 2.3945981914600667, 5.235832711293491)
3416.0
(1.6443918336217649, 3.7756022537980125, 2.394893172745393, 5.2360043904491675)
3424.0
(1.6442330531029157, 3.775068068004155, 2.3950845033694534, 5.236811184382939)
3432.0
(1.644451930911042, 3.7756381528322085, 2.395250990224439, 5.2366613742917085)
3440.0
(1.6444778525359116, 3.776016016294121, 2.39467337900414, 5.236119885455705)
3448.0
(1.6443326313186575, 3.775911961992582, 2.3943626996543674, 5.235798614996451)
3456.0
(1.6441869600815806, 3.7755325347116306, 2.394186553999128, 5.2356889143276435)
3464.0
(1.6441280339170712, 3.7754081328343685, 2.3939463746163154, 5.235643300043273)
3472.0
(1.6441605060950093, 3.7752630924356394, 2.3941533280515124, 5.236158821500581)
3480.0
(1.644171189277544, 3.77489629032415, 2.3944078202641337, 5.236603121145056)
3488.0
(1.6439617932251989, 3.7747493826824687, 2.3939778892071897, 5.235972807118221)
3496.0
(1.643900603464205, 3.7745994008295067, 2.393812361917539, 5.236037064905036)
3504.0
(1.6439468521192024, 3.774789150863682, 2.393458412013999, 5.235617970008242)
3512.0
(1.6439854703166268, 3.7747365935282273, 2.3937798527154057, 5.2358221357518975)
3520.0
(1.6439731326503277, 3.775084609617722, 2.393411955865873, 5.235140736681534)
3528.0
(1.6439401496589454, 3.7754082582654998, 2.393121900601624, 5.234906566628504)
3536.0
(1.6439925895049394, 3.775348680013997, 2.3931891030167347, 5.235111036365242)
3544.0
(1.6440298116958894, 3.7752413486575223, 2.3932955780544796, 5.235051943375184)
3552.0
(1.6440732923786292, 3.7752432057027066, 2.3933091431521296, 5.23480573075541)
3560.0
(1.6440855764487399, 3.7755126145923086, 2.39276584488394, 5.234616550094878)
3568.0
(1.6443662896785693, 3.775418477303763, 2.393482671754739, 5.23542828527873)
3576.0
(1.6444990275693792, 3.7756364632930075, 2.3934877924621105, 5.235281616449356)
3584.0
(1.6447315741753525, 3.775938895869096, 2.393544115308664, 5.235438251282962)
3592.0
(1.64463276386261, 3.7754905276828343, 2.3935987848705715, 5.235429650412666)
3600.0
(1.6448867461105143, 3.7762080518210808, 2.393859618518939, 5.235005997236975)
3608.0
(1.6447725256459902, 3.7761024178656855, 2.3935830529812163, 5.2348255963452095)
3616.0
(1.6444618033520697, 3.775475282542753, 2.3935937192003194, 5.235210953432467)
3624.0
(1.644423473248923, 3.775061169910011, 2.3937983402596696, 5.2356696811541585)
3632.0
(1.6445366010561093, 3.775582077215006, 2.3934204463120343, 5.235043386312632)
3640.0
(1.6444652415158456, 3.775461142523247, 2.393412273181112, 5.235194416422593)
3648.0
(1.6444469147751055, 3.7753665436801036, 2.3934943383840817, 5.235126744735684)
3656.0
(1.644662155334606, 3.775477853924947, 2.3939430500222088, 5.235670435376563)
3664.0
(1.6446089147222847, 3.7752292249716963, 2.3939402222893076, 5.235983720791885)
3672.0
(1.6447223883608113, 3.7754031134688337, 2.394015431922415, 5.235824758073558)
3680.0
(1.6447859133660405, 3.7755861939163373, 2.394003418676248, 5.236085173882011)
3688.0
(1.6447429313804165, 3.7752134887687054, 2.3942411978007394, 5.236427959425625)
3696.0
(1.6445033570860168, 3.774785710719955, 2.3940841734538068, 5.236382047764426)
3704.0
(1.644636263878181, 3.7751412417354255, 2.3939597668318915, 5.236261865188336)
3712.0
(1.64464631747174, 3.7753418804496848, 2.393740413522208, 5.235899720140683)
3720.0
(1.6446735262870789, 3.7750940701480586, 2.3940366071692862, 5.236304890955978)
3728.0
(1.6447431487240678, 3.7754077742901297, 2.393720715663673, 5.2361101379231165)
3736.0
(1.6448885365429087, 3.7757619853712554, 2.3936098248530655, 5.2359634138580065)
3744.0
(1.6447777051661314, 3.7757581535941247, 2.3934481326959283, 5.235793982995853)
3752.0
(1.6446370850218104, 3.775507511483862, 2.39330360483616, 5.235947881860936)
3760.0
(1.6447826330322621, 3.7762985872361816, 2.39277918576688, 5.235575135346431)
3768.0
(1.6447763225789798, 3.7761760677321483, 2.392744195158199, 5.235582750732616)
3776.0
(1.644497162947947, 3.775619565810512, 2.392405893535493, 5.235534699220234)
3784.0
(1.6444970744068612, 3.7754907904797967, 2.3926794916265623, 5.23555997554763)
3792.0
(1.6445727461262754, 3.775385793384753, 2.3931453895568846, 5.235693999842594)
3800.0
(1.6446060012368595, 3.775402227369677, 2.393073653974453, 5.235605071572697)
3808.0
(1.6447924830378726, 3.7756882543583834, 2.3933118764209547, 5.23567549387614)
3816.0
(1.6449891697911538, 3.776378971762238, 2.3931349650586498, 5.235365571337265)
3824.0
(1.6451112390311127, 3.776496404396965, 2.393283551819389, 5.235403204262878)
3832.0
(1.6453699047366779, 3.777152308821678, 2.393307680884997, 5.235467773675919)
3840.0
(1.6454737783717515, 3.7773763746828646, 2.393020525791541, 5.235295378988349)
3848.0
(1.6455078008758577, 3.777308580786361, 2.393199552638897, 5.235360027843491)
3856.0
(1.6455981237794548, 3.777303003129505, 2.393386961757273, 5.235430039234043)
3864.0
(1.6454905527682344, 3.7769872895942247, 2.393488910572588, 5.235233329544383)
3872.0
(1.6454930371844891, 3.777041659895907, 2.393340928284163, 5.235209211369151)
3880.0
(1.6453150613808338, 3.776566916041904, 2.3933178730952887, 5.235260929099817)
3888.0
(1.6453935189413584, 3.776632066135289, 2.3932393404982175, 5.234957124173519)
3896.0
(1.6453957765317353, 3.7767904943130057, 2.393102372278933, 5.234793875061098)
3904.0
(1.6451986226079898, 3.7762541727054337, 2.393222351015711, 5.234919129705137)
3912.0
(1.6455809744036927, 3.777375276234685, 2.3930908611842563, 5.234722891632392)
3920.0
(1.6455716856142655, 3.7778370312420755, 2.3925502130310305, 5.234132148097829)
3928.0
(1.6456645055999601, 3.778090020020803, 2.3925145331437028, 5.234198511131411)
3936.0
(1.645635996097, 3.7780482237044017, 2.3927052881848256, 5.234207577927843)
3944.0
(1.6455124148473084, 3.777849372099286, 2.3926785252837517, 5.234329623249378)
3952.0
(1.6455219938297465, 3.777812396637117, 2.392725641077215, 5.234161345163981)
3960.0
(1.6454637906243723, 3.7776586413383484, 2.392646110826923, 5.234152857334383)
3968.0
(1.645565284809596, 3.7778861824895293, 2.3923247129144802, 5.233836414828387)
3976.0
(1.6455957001471615, 3.7778540639034714, 2.3924575263716608, 5.233680589132041)
3984.0
(1.6455652708997708, 3.7777573737448344, 2.392528768053991, 5.233922570406316)
3992.0
(1.6452763600349427, 3.777613079547882, 2.391874038696289, 5.233275095939637)
4000.0
(1.6452397648207917, 3.7777253624921787, 2.391717713274166, 5.232742494213843)
4008.0
(1.6449466259830976, 3.777194355113573, 2.3916829814948883, 5.232863759614557)
4016.0
(1.6447268759991018, 3.776789648632406, 2.391828068682024, 5.232678244649534)
4024.0
(1.6447520738556272, 3.7769733771445257, 2.3916878397502597, 5.232235573586964)
4032.0
(1.6446519181279853, 3.7767317450872744, 2.391750150623888, 5.232409078767984)
4040.0
(1.6446263794842444, 3.7766868766588657, 2.392020983658289, 5.232372269800058)
4048.0
(1.6446248986547045, 3.776497310905532, 2.39231820454494, 5.232610080839379)
4056.0
(1.6448134812783068, 3.7768684813356774, 2.3924215830217195, 5.232826267640422)
4064.0
(1.6448654824015199, 3.7768050907637143, 2.3925625762677147, 5.232765381369001)
4072.0
(1.6447945636861465, 3.7769213980319454, 2.3922782837175856, 5.232408347784304)
4080.0
(1.6445449084451753, 3.7765857412857087, 2.3919554596544477, 5.2321390779051065)
4088.0
(1.6444357591681182, 3.776487034279853, 2.391748639754951, 5.23186719417572)
4096.0
(1.6445048915015326, 3.7766829517617326, 2.3917313124004163, 5.231764341655531)
4104.0
(1.6444651296630444, 3.7768280436556627, 2.3913272354853294, 5.231599822582438)
4112.0
(1.6445263471418214, 3.7765687317524144, 2.391574315654421, 5.23181249007438)
4120.0
(1.6446410473002944, 3.7767042550005656, 2.3917434132376383, 5.232280198917833)
4128.0
(1.6449634994252278, 3.7776665263295865, 2.391594063613124, 5.231811137909585)
4136.0
(1.644937164995201, 3.7775156603816855, 2.391942004899721, 5.231979128937003)
4144.0
(1.6450062268960912, 3.777775719446024, 2.3918096279592644, 5.231812207914731)
4152.0
(1.6446312310603948, 3.777062488977726, 2.391706030643903, 5.231718494341924)
4160.0
(1.6446033906112933, 3.7771555517090487, 2.3915516561372723, 5.231742741736706)
4168.0
(1.6445887876653122, 3.7768652466521866, 2.3918180662096686, 5.231939102954791)
4176.0
(1.6444733908709788, 3.7764897337379235, 2.391789369327844, 5.2318559486141165)
4184.0
(1.6443686799238657, 3.776421766244728, 2.391456068927095, 5.2313860372732615)
4192.0
(1.6443983854566302, 3.7764379596710205, 2.3914369737534296, 5.231392784118652)
4200.0
(1.6443030145231763, 3.7764264059610695, 2.391443325086238, 5.231434775849259)
4208.0
(1.6442236076948538, 3.7764745781046165, 2.3911474203475285, 5.231358280218077)
4216.0
(1.6444270703377146, 3.777085106481205, 2.3909042978828605, 5.231207241614659)
4224.0
(1.644495783546246, 3.7772974449655283, 2.3908479619341674, 5.231272215203211)
4232.0
(1.6446004532418161, 3.7774004927221334, 2.390831352179905, 5.2313021479912525)
4240.0
(1.6444583911231234, 3.7770142891986223, 2.390922941057022, 5.231545776970642)
4248.0
(1.6448514907431782, 3.7779581560228106, 2.390853148205836, 5.231304437594306)
4256.0
(1.644755694700674, 3.7778959654509237, 2.3909109439456215, 5.231280933401598)
4264.0
(1.6446026657404524, 3.7776123905896246, 2.390607957089885, 5.231314672512955)
4272.0
(1.6446559834703107, 3.7779382153092143, 2.39016186277443, 5.230689528278101)
4280.0
(1.6446302310744327, 3.777862626225201, 2.3900951658611866, 5.230359063219669)
4288.0
(1.6446921947504112, 3.778237817007736, 2.3898271621938525, 5.230364442537617)
4296.0
(1.644648746043776, 3.7784222461920245, 2.389318950557354, 5.229840178471958)
4304.0
(1.6447538031275506, 3.7784413778273205, 2.3895448205201215, 5.23017811819441)
4312.0
(1.6445620126194425, 3.7782143473625185, 2.389524232016669, 5.23001751281597)
4320.0
(1.6446916356324708, 3.778542636282563, 2.389719177306029, 5.230292280588485)
4328.0
(1.6446875138036439, 3.778731313578757, 2.3894539895532754, 5.230043697181223)
4336.0
(1.6445008852205223, 3.7783702078445183, 2.3893236793426738, 5.229774455778287)
4344.0
(1.6445121125263327, 3.7783519327640533, 2.3892781226073994, 5.229579154182883)
4352.0
(1.644482490775782, 3.7786773375414926, 2.3888904772767234, 5.228974726440709)
4360.0
(1.6445562909374307, 3.7787750575131986, 2.3890084761839647, 5.2289453731788385)
4368.0
(1.6445353739440332, 3.778739259709388, 2.3887877751965845, 5.228884333448392)
4376.0
(1.644329619668696, 3.77838375229035, 2.38859472440107, 5.228586403992924)
4384.0
(1.6443220552850941, 3.778258777055584, 2.388496388937389, 5.228620517015023)
4392.0
(1.6445033504746176, 3.7784166158329358, 2.3889794817837804, 5.229040138938211)
4400.0
(1.6445588557127384, 3.7784566706191822, 2.3889611727962046, 5.229097175078903)
4408.0
(1.6445836910735006, 3.7785955477451934, 2.388815798189329, 5.2290631092113)
4416.0
(1.644303690675801, 3.778036510319218, 2.3887381493290767, 5.228833547768067)
4424.0
(1.6442435104063702, 3.7778797739249272, 2.3886396979597073, 5.228974776147505)
4432.0
(1.6440937858444076, 3.7775682586807386, 2.3885516901273984, 5.2288547146427735)
4440.0
(1.6440700884345625, 3.7774146568003317, 2.3887487971525396, 5.229208249839948)
4448.0
(1.6443289246550583, 3.778022664667674, 2.3886097560451103, 5.228896894403591)
4456.0
(1.6441194951320635, 3.777667726667124, 2.3885761542132253, 5.229270218093762)
4464.0
(1.6441670905712038, 3.778083194773611, 2.3884725587739073, 5.229055779991081)
4472.0
(1.6440838494471142, 3.777926261935915, 2.388579243847302, 5.229316810199193)
4480.0
(1.6440640694317332, 3.7777292039942614, 2.3885482101304434, 5.2292066232405885)
4488.0
(1.6440397172211751, 3.7777364478840947, 2.3885498585650082, 5.229438824161516)
4496.0
(1.6439332587257371, 3.7773708666196724, 2.388449650251209, 5.229117887269964)
4504.0
(1.6442899329865233, 3.7781545494465116, 2.3886200853273376, 5.229539594751723)
4512.0
(1.644327159898471, 3.778488239355847, 2.388418956351491, 5.2294175207087426)
4520.0
(1.644499290747693, 3.7787395892631883, 2.38871939864681, 5.2294990948990465)
4528.0
(1.6444836003439767, 3.7786902216586697, 2.388594953261145, 5.229318175576561)
4536.0
(1.6442995694741396, 3.7782704481776332, 2.3884388233574345, 5.2293097267688164)
4544.0
(1.6444102615798923, 3.778487792124019, 2.388769591839326, 5.229731048557167)
4552.0
(1.6443978924500315, 3.778567904338502, 2.388623880085192, 5.229590700383772)
4560.0
(1.6441973746344838, 3.778161239289987, 2.3885259736857773, 5.229677166078638)
4568.0
(1.6441460130931613, 3.7780637157546892, 2.3883447205270087, 5.229403023953204)
4576.0
(1.6438680283894298, 3.7777070300117215, 2.387898567459346, 5.229120286971487)
4584.0
(1.6438309382063172, 3.777398202477432, 2.388096162666427, 5.229340779241369)
4592.0
(1.6438480681958405, 3.7775387921540635, 2.3879578611125116, 5.229183287413224)
4600.0
(1.6441216454323795, 3.778100756307443, 2.38796147538556, 5.229162564708127)
4608.0
(1.6441583185096753, 3.7780636596514405, 2.3879718090467272, 5.229242723157542)
4616.0
(1.644151050120489, 3.7778661259317894, 2.3881283709747154, 5.229485656150897)
4624.0
(1.6441326567546073, 3.777921529219764, 2.387971695223003, 5.2291010500853545)
4632.0
(1.6440295459895298, 3.7776374890886504, 2.3879213731864404, 5.228993869649953)
4640.0
(1.6439670357154281, 3.77741630598518, 2.3879927464483526, 5.229268643613937)
4648.0
(1.6437684594560735, 3.7769456770002225, 2.3879851266690544, 5.229225121822553)
4656.0
(1.6435238740456453, 3.776595400700643, 2.3877686501367217, 5.228944599321735)
4664.0
(1.6434589622363651, 3.7764845041379536, 2.387770017532453, 5.229066371917725)
4672.0
(1.6436643349818694, 3.7771477128705406, 2.387691857672145, 5.228762628278162)
4680.0
(1.6434678850320419, 3.776932818897755, 2.3874424610528524, 5.228463998019898)
4688.0
(1.6433727341169393, 3.776857335076015, 2.3872915520578672, 5.228098685737363)
4696.0
(1.6433747354007902, 3.776821772257487, 2.387371348280485, 5.228288426691172)
4704.0
(1.643388910487876, 3.7767457771787014, 2.3874103820587056, 5.228589044969231)
4712.0
(1.6433521319243867, 3.776849450095225, 2.3872040223267117, 5.228238587460275)
4720.0
(1.643239311155329, 3.7765944262244777, 2.387107928190538, 5.228470109239246)
4728.0
(1.6434017748043344, 3.7767615435091226, 2.3873483848732873, 5.229082784942679)
4736.0
(1.643352245399964, 3.77657772196083, 2.3874325864833685, 5.229162910937458)
4744.0
(1.643220518775259, 3.776149362426013, 2.3878620754588735, 5.2292201671536125)
4752.0
(1.6433607339859009, 3.7764070963659204, 2.3878398101870753, 5.229256678028267)
4760.0
(1.6437205640261605, 3.7773909060747033, 2.387863257187325, 5.228990782027276)
4768.0
(1.6437279593006051, 3.7772081593173232, 2.3881363728936993, 5.2292872417711935)
4776.0
(1.6437273119205615, 3.7772139721490867, 2.388184888705761, 5.229223035251017)
4784.0
(1.6437697133954259, 3.7769426543246922, 2.3883131290716, 5.22945923160432)
4792.0
(1.6436877870559692, 3.776763138373693, 2.3881503550211587, 5.229719061851501)
4800.0
(1.6435738093841095, 3.7765020253059274, 2.3881035902337504, 5.229660810131003)
4808.0
(1.6434841270858662, 3.776488176215923, 2.3880576489375676, 5.229521124069873)
4816.0
(1.643564558740872, 3.776841539648635, 2.3877518074231756, 5.229306417911207)
4824.0
(1.643566900136455, 3.776731380563698, 2.3879320747804957, 5.229428401056504)
4832.0
(1.6434612402246018, 3.7764535092125255, 2.388051311634789, 5.229787296894168)
4840.0
(1.6434099914217153, 3.776325236846118, 2.38793679904623, 5.229902958319132)
4848.0
(1.6434829631786567, 3.776262978156277, 2.388092309678406, 5.2304226853309395)
4856.0
(1.643435355864073, 3.776066606766299, 2.3883410900046953, 5.230442922366293)
4864.0
(1.6434210521247, 3.776086618160379, 2.388285410228034, 5.230213122219092)
4872.0
(1.6435222909098766, 3.7766016760810475, 2.3879269490476513, 5.230013504966361)
4880.0
(1.643432973449632, 3.776375859536828, 2.387888557977255, 5.230234384926954)
4888.0
(1.6433800466699537, 3.776059484559726, 2.3879729984632503, 5.2306071519851685)
4896.0
(1.6432654268395452, 3.7758878105810765, 2.387678281712493, 5.230447240988155)
4904.0
(1.6432520995699234, 3.7756898364337337, 2.388000733689299, 5.230666449481579)
4912.0
(1.6432614970013377, 3.775655906568698, 2.3881208423676528, 5.230902076349026)
4920.0
(1.6433863984299946, 3.7757696110706824, 2.388313144058376, 5.230896067309689)
4928.0
(1.6433814308052124, 3.7759531985612123, 2.388042676004444, 5.23070769565032)
4936.0
(1.6432985374071065, 3.775714335703927, 2.387983456398677, 5.230907153928936)
4944.0
(1.6432239098387118, 3.77575672616481, 2.38776394546706, 5.230773948120955)
4952.0
(1.6431595981121063, 3.7757003368869904, 2.387581240746283, 5.2305850413537796)
4960.0
(1.6430365520974863, 3.7754002335374865, 2.3874726011365315, 5.230644137003187)
4968.0
(1.6431060619292919, 3.775729467631153, 2.387347234023729, 5.2304439491014385)
4976.0
(1.643119980205885, 3.775754070588138, 2.3874711056582236, 5.230659517009607)
4984.0
(1.643005435856489, 3.7755773346393537, 2.3876089392564235, 5.230618925430836)
4992.0
(1.6430665264129638, 3.775758325958252, 2.387594220352173, 5.23082972946167)
5000.0
(1.6431770414209212, 3.775743612847008, 2.3880079101068903, 5.231174462900375)
5008.0
(1.6433584745230667, 3.7759491032200376, 2.3885246418309554, 5.231615315974234)
5016.0
(1.643369702207055, 3.7756844246463412, 2.3887783102928455, 5.232023419847914)
5024.0
(1.6431586050646103, 3.7754491402727623, 2.388388085251582, 5.231976819152104)
5032.0
(1.6432336349335928, 3.775717026089865, 2.38829496966468, 5.232052516180372)
5040.0
(1.6432406001159015, 3.7757502569449497, 2.3882213598574777, 5.231831472762602)
5048.0
(1.6432781979630264, 3.775949107317985, 2.388099965792668, 5.231926280486433)
5056.0
(1.6431099692415476, 3.7758409852665182, 2.387963447902252, 5.231770446891845)
5064.0
(1.6431373955699549, 3.776259823928496, 2.3877021179590314, 5.231536407199944)
5072.0
(1.643052333921898, 3.776050270636251, 2.387810484443124, 5.231642001444899)
5080.0
(1.6430524958754487, 3.776208073088208, 2.387748413490799, 5.23132025595731)
5088.0
(1.6430021548757747, 3.7761957836300835, 2.3878070364941606, 5.231402737005165)
5096.0
(1.6428910196761726, 3.7759728614813106, 2.387850153035131, 5.23136187122907)
5104.0
(1.6431521735094337, 3.776578685673936, 2.3878123275177767, 5.231169604359658)
5112.0
(1.6431332977488637, 3.776376037299633, 2.3879516959190368, 5.2311986170709135)
5120.0
(1.643027799921735, 3.7762092859622283, 2.387637233213404, 5.231210396181961)
5128.0
(1.6430304483089864, 3.776468230185108, 2.3873691971056927, 5.230842733680274)
5136.0
(1.643057540823846, 3.7763951840704744, 2.3875007670181536, 5.230976552651793)
5144.0
(1.6430456010821444, 3.7764909763513885, 2.3873945633817164, 5.230601261121146)
5152.0
(1.6429360949715903, 3.7761388956114303, 2.3874801258708156, 5.230824270174485)
5160.0
(1.6429171923882453, 3.7763693247786247, 2.3871844833480313, 5.230561402560019)
5168.0
(1.6429754700137438, 3.776500435479826, 2.3873716355107115, 5.2310104937604995)
5176.0
(1.6429901680460683, 3.776244874353762, 2.3877304854952257, 5.231450962431637)
5184.0
(1.6430818692928837, 3.7762579275022485, 2.38770512660222, 5.231324969528269)
5192.0
(1.6430441566614005, 3.776124478853666, 2.3877994596041168, 5.231797668016874)
5200.0
(1.6430859598695957, 3.7759921949946205, 2.3879666057416737, 5.231970193016181)
5208.0
(1.643070927975368, 3.7761692759449494, 2.387689901275869, 5.2317045393165635)
5216.0
(1.642940059920365, 3.775912862459332, 2.3875346388239955, 5.2315841933304466)
5224.0
(1.6429302477326233, 3.7757437936392035, 2.3874942406966415, 5.231766624188205)
5232.0
(1.642905783835258, 3.7756340128774863, 2.3875763867647595, 5.231891176354794)
5240.0
(1.6428449742677735, 3.775470362930763, 2.387575543144854, 5.231908341733421)
5248.0
(1.6427454806898283, 3.775123674212707, 2.3877481753786225, 5.232227549705331)
5256.0
(1.6426718428866842, 3.7749657094659774, 2.387835452259493, 5.232164219157674)
5264.0
(1.6427191995163426, 3.774833159671025, 2.3880455298561247, 5.232712357829301)
5272.0
(1.6425267813783704, 3.774455628973065, 2.387867629889286, 5.232435235832677)
5280.0
(1.6424914320730766, 3.7744007016815324, 2.387686836557201, 5.232383281488461)
5288.0
(1.642481496326873, 3.774327042599819, 2.387846855238485, 5.232375470533111)
5296.0
(1.6423578447526037, 3.7740813797595454, 2.3876787940121704, 5.232248103456799)
5304.0
(1.6424288638384945, 3.773968824421067, 2.387787292879748, 5.232337805161993)
5312.0
(1.6424519528123669, 3.7739811775379613, 2.3877381862554334, 5.232586862090835)
5320.0
(1.6424524707121175, 3.7741140431469984, 2.3875708365225576, 5.232624639619936)
5328.0
(1.642619923315663, 3.774682557564983, 2.3873217445442165, 5.23225849786441)
5336.0
(1.6426072491857107, 3.77469842448206, 2.3872367514821584, 5.232195753537252)
5344.0
(1.642529310845117, 3.7744931629420395, 2.3871506828541893, 5.232200785068119)
5352.0
(1.6425616390669524, 3.7746438880464925, 2.386964375937163, 5.232064896910938)
5360.0
(1.6424695397276103, 3.7743524968535285, 2.387033694902582, 5.232093213389776)
5368.0
(1.6424273789993353, 3.7742035960157714, 2.387167094364053, 5.232184851453418)
5376.0
(1.6424276619751068, 3.7741969159595326, 2.387084837299931, 5.232127117366706)
5384.0
(1.6422509443158566, 3.7738102554213753, 2.3871408400266745, 5.232245670228047)
5392.0
(1.6423910658447831, 3.7740212867878102, 2.3876028541282373, 5.232284347392895)
5400.0
(1.6423300361844915, 3.774097234539732, 2.3874791186942153, 5.232243933621243)
5408.0
(1.6424416817801741, 3.7744286289243263, 2.3874304530539576, 5.232167996895366)
5416.0
(1.642678987663404, 3.775077523735069, 2.3874001066944945, 5.232122033746545)
5424.0
(1.6426686720925332, 3.775091301183462, 2.3875951370188693, 5.232278792952929)
5432.0
(1.6427742311183144, 3.775248955979067, 2.3877326979356654, 5.23241444756003)
5440.0
(1.6428502090877024, 3.7753081699825066, 2.3878040534284146, 5.232379285949618)
5448.0
(1.6428945311003766, 3.775395100417375, 2.3878941105957256, 5.232292672406194)
5456.0
(1.6429134558444491, 3.7753504530402613, 2.3878652826060662, 5.23234817538394)
5464.0
(1.6429196097697432, 3.7753709603471366, 2.387827309948659, 5.2325551976934515)
5472.0
(1.6429037085414804, 3.775282255924531, 2.387787089382645, 5.23251534622081)
5480.0
(1.6428079196732523, 3.7751161183282167, 2.387739082814653, 5.232501140488828)
5488.0
(1.6426999813604564, 3.774769548071871, 2.387855498551281, 5.232687598926705)
5496.0
(1.6427407105301701, 3.7751006432050884, 2.387677068627158, 5.232470253872317)
5504.0
(1.6426439871808787, 3.7750689066373386, 2.3875886971787894, 5.232539954829112)
5512.0
(1.6427166612251944, 3.7750877321630285, 2.3875466205071714, 5.232569199714108)
5520.0
(1.6427096019777996, 3.77487678224202, 2.3876009629190227, 5.232642042654123)
5528.0
(1.6427256604495075, 3.774973242958157, 2.387427514688128, 5.2325171004830064)
5536.0
(1.642738743777915, 3.775031213636522, 2.387508444627814, 5.232453860245742)
5544.0
(1.642822475185999, 3.7754092182137438, 2.387285742361195, 5.232222401786606)
5552.0
(1.6429623708450536, 3.77562423438477, 2.3872661168626745, 5.232710985828646)
5560.0
(1.642892376787361, 3.7753496420109407, 2.387453010027436, 5.232850122040715)
5568.0
(1.6428853413637947, 3.7753281148639606, 2.387576302975801, 5.2329634128718325)
5576.0
(1.642963275868435, 3.7751573341282185, 2.3878613963168127, 5.233144521713257)
5584.0
(1.6429373051475558, 3.7751561766530313, 2.3876963882828304, 5.233049789723409)
5592.0
(1.6429807342801774, 3.7749804741995674, 2.3878764826910834, 5.233212938989912)
5600.0
(1.6429107291212095, 3.774874824600111, 2.3878064628334426, 5.233076834304526)
5608.0
(1.6429385933441314, 3.7747719848257866, 2.388043760234474, 5.233295211764822)
5616.0
(1.6427511595730082, 3.7744428060132784, 2.387831087641492, 5.233296853549789)
5624.0
(1.6427388689057394, 3.7744146659970284, 2.3877078575844113, 5.233444425192746)
5632.0
(1.6427340507507324, 3.774295271203873, 2.3877038681760747, 5.233345435528045)
5640.0
(1.6425872840219449, 3.773945712165184, 2.387848044589964, 5.23353040589827)
5648.0
(1.6425307071866544, 3.7737302038254796, 2.3879088374141926, 5.233679082133983)
5656.0
(1.642640609694066, 3.773876478106289, 2.388057010321967, 5.233658408714553)
5664.0
(1.6427264986993226, 3.7740519537744133, 2.3880885750349554, 5.233464500631701)
5672.0
(1.6427659187518375, 3.774166289517577, 2.387955323071547, 5.233403455707389)
5680.0
(1.6427339613856813, 3.7740444382534752, 2.3879623255481532, 5.233532719806612)
5688.0
(1.6426138733879905, 3.773796752932366, 2.387872376803602, 5.23324663786406)
5696.0
(1.642646412194026, 3.773793313479858, 2.3878868030799554, 5.233568614194637)
5704.0
(1.6426897446314495, 3.7738767561792326, 2.3878807136658526, 5.2334497669497795)
5712.0
(1.642934032753631, 3.7743406599218194, 2.3879807675635063, 5.233682112260298)
5720.0
(1.6431170220814604, 3.7748007777682897, 2.3878817475041862, 5.2334712484029415)
5728.0
(1.6431400750970242, 3.7749179839422844, 2.387673629377676, 5.233276650496607)
5736.0
(1.6430712280831297, 3.774694538714162, 2.387643378425109, 5.233118970414058)
5744.0
(1.643129194893658, 3.7750052510448557, 2.3874830725461615, 5.232908317210446)
5752.0
(1.643196343878905, 3.7749312887589137, 2.387723567088445, 5.233028546969096)
5760.0
(1.6431135951067306, 3.774737755898464, 2.387622875909369, 5.232957611798248)
5768.0
(1.643199822909284, 3.7746525959955357, 2.3878758531528166, 5.233231646862717)
5776.0
(1.643325295520851, 3.7749542659084168, 2.387957241525294, 5.233610361608397)
5784.0
(1.6432927497842693, 3.774992789682104, 2.3880079493996846, 5.233820728175548)
5792.0
(1.6431412777407417, 3.7747753620147706, 2.3878530946271175, 5.233548493878595)
5800.0
(1.6429707550805461, 3.7744306102600307, 2.3878798162970005, 5.233410447097022)
5808.0
(1.6428472546468575, 3.774177181343593, 2.387707460697284, 5.233360459748783)
5816.0
(1.642936619919735, 3.7744252406633816, 2.387656929073753, 5.233033933482328)
5824.0
(1.6431085066123967, 3.774774262557981, 2.3879970019972974, 5.233771497359756)
(1.6431085066123967, 3.774774262557981, 2.3879970019972974, 5.233771497359756)
