(11.02316951751709, 26.986587055530016, 17.120567321777344, 39.740203857421875)
(11.229780197143555, 27.686065277805355, 17.654619216918945, 40.867034912109375)
(11.231292883555094, 27.695123617372825, 18.13548215230306, 41.121534983317055)
(10.999066352844238, 27.624784079056862, 17.774651050567627, 40.822543144226074)
(11.017661380767823, 27.775293004706885, 17.810425186157225, 40.64744186401367)
(11.049993594487509, 27.90130457842869, 18.047924359639484, 40.93528620402018)
(11.077407564435687, 27.872948503843155, 18.026812144688197, 40.809920174734934)
(11.116152048110962, 27.84121779863414, 18.101269245147705, 40.85631275177002)
(11.11834520763821, 27.854141401609066, 18.007610109117294, 40.71704779730903)
(11.133424758911133, 27.834296834567645, 18.056015014648438, 40.78949127197266)
(11.033417268232865, 27.852050651692288, 17.93915471163663, 40.741879203102805)
(10.999505519866943, 27.823923251696346, 17.871720949808758, 40.730675061543785)
(11.029683956733116, 27.86746389539888, 17.934357716487003, 40.70975024883564)
(11.011889287403651, 27.883189979330332, 17.88960702078683, 40.616394315447124)
(10.983193842569987, 27.875824103805407, 17.874429575602214, 40.545118459065755)
(10.976876199245453, 27.893912588353686, 17.854938983917236, 40.46800899505615)
(10.912972814896527, 27.861485702700662, 17.73560843748205, 40.33934985890108)
(10.897670798831516, 27.865002930613727, 17.713145309024387, 40.40183236863878)
(10.953475123957583, 27.87229703478502, 17.762931873923854, 40.45756149291992)
(10.951297044754028, 27.881576652493777, 17.731552934646608, 40.362060356140134)
(11.004450162251791, 27.888927229148397, 17.781317165919713, 40.4345334370931)
(10.982967094941573, 27.85260064997508, 17.766791473735463, 40.39448634060946)
(10.99943615042645, 27.881528948500637, 17.766547949417777, 40.35075560860012)
(10.987350126107534, 27.90194500542204, 17.736015915870667, 40.37142610549927)
(10.989290981292724, 27.915066363470732, 17.74307071685791, 40.429833221435544)
(10.998642077812782, 27.917050205187234, 17.721516352433426, 40.40724020737868)
(11.00348566196583, 27.894914315093075, 17.736177338494194, 40.41191835756655)
(11.000120963369097, 27.888095675434535, 17.7228878225599, 40.4536646434239)
(11.012472777531064, 27.893444948731407, 17.721376517723346, 40.48037548722892)
(11.016948477427166, 27.897446515785823, 17.7533153851827, 40.50085894266764)
(11.007605860310216, 27.860740010246367, 17.763326306496896, 40.52523926765688)
(10.994761154055595, 27.861826624343017, 17.7234368622303, 40.526004791259766)
(10.98963958566839, 27.86428542122264, 17.720984401124895, 40.52456364487157)
(10.999567536746754, 27.879130184394256, 17.742499603944665, 40.5582638908835)
(10.99778972353254, 27.854048831156714, 17.756748717171806, 40.59257943289621)
(11.002857075797188, 27.859451614779836, 17.734072658750748, 40.564882596333824)
(11.029041625357962, 27.880437171674412, 17.74422328536575, 40.59147736832902)
(11.023233790146676, 27.865870874820853, 17.73579790717677, 40.58004499736585)
(11.01918353789892, 27.85218720887806, 17.72071474026411, 40.58986693162184)
(11.015666806697846, 27.852817675668046, 17.711029601097106, 40.57135610580444)
(11.017673678514434, 27.841997000819912, 17.74962506643156, 40.590400881883575)
(11.018657604853312, 27.849755058702158, 17.751051652999152, 40.57464772179013)
(11.009739033011503, 27.842784290658894, 17.733925863753917, 40.55787135279456)
(11.019892898472873, 27.846305692409725, 17.746820731596515, 40.55856869437478)
(11.010335540771484, 27.848554777202327, 17.724123530917698, 40.536900583903)
(10.998552249825519, 27.836595185961706, 17.728105441383693, 40.54718224898629)
(10.989579657290845, 27.839790718560838, 17.73208279305316, 40.55282852497507)
(10.984224140644073, 27.839335482951398, 17.724604229132336, 40.543481985727944)
(10.977160590035576, 27.842793628248014, 17.705795385399643, 40.525788054174306)
(10.970146417617798, 27.837667153514857, 17.701935482025146, 40.52265625)
(10.967803609137441, 27.83645828050089, 17.705815838832482, 40.54242713778627)
(10.977368189738346, 27.858085290228466, 17.724634482310368, 40.57233803088848)
(10.979903149154952, 27.871439647068627, 17.744384855594276, 40.57772496061505)
(10.966478612687853, 27.855360208777935, 17.732881387074787, 40.58246400621202)
(10.978142443570224, 27.861496865216345, 17.761415776339444, 40.62408239191229)
(10.974196553230286, 27.85796268931745, 17.7625390291214, 40.64151552745274)
(10.992208196405779, 27.87018550746024, 17.78128381361041, 40.6566605818899)
(10.989236124630633, 27.8707811937021, 17.77392208165136, 40.65050013311978)
(10.973731218758276, 27.876492553950587, 17.770622075614284, 40.61555843029992)
(10.983549650510152, 27.87455816822563, 17.77662059466044, 40.61984386444092)
(10.973684490704146, 27.864518285837928, 17.756772010052792, 40.599712621970255)
(10.966661345574163, 27.869319046305286, 17.740927280918246, 40.603807818505075)
(10.965340985192192, 27.883950192227516, 17.73255183204772, 40.591179802304225)
(10.959532260894775, 27.89367017346154, 17.712850496172905, 40.571025133132935)
(10.952401777414176, 27.898867356320334, 17.709319026653585, 40.565059544489934)
(10.940788254593357, 27.88995531191518, 17.69674964384599, 40.538999037309125)
(10.947280634695025, 27.89306667922832, 17.69957583697874, 40.56854020303755)
(10.962210830520181, 27.89529956310585, 17.72460125474369, 40.58937179341036)
(10.958772369053053, 27.886941441959756, 17.72886191934779, 40.582472980886266)
(10.954462344305856, 27.874085509608285, 17.71369673865182, 40.56612265450614)
(10.950370566945681, 27.880628973755357, 17.701725261312134, 40.55643489998831)
(10.951276633474562, 27.88741732778442, 17.704645646942986, 40.58986234664917)
(10.937408747738354, 27.89952938297724, 17.697282281640458, 40.57217804373127)
(10.938617119917998, 27.902063594423502, 17.69581131032995, 40.56121774621912)
(10.934995911916097, 27.89897267076855, 17.701443112691244, 40.55507064819336)
(10.935737302428798, 27.906227492729794, 17.695258278595773, 40.55711224204615)
(10.940862903347263, 27.91877182626021, 17.70994670669754, 40.57347607302975)
(10.943183990625235, 27.91735351899003, 17.708407658797043, 40.57204412802672)
(10.939177621769, 27.910220394037914, 17.698719736895985, 40.56915881965734)
(10.937036257982253, 27.911471044399867, 17.705079352855684, 40.57693972587585)
(10.945859920831374, 27.919146208628295, 17.726624535925595, 40.60544303611473)
(10.94486248783949, 27.909380694260584, 17.720248838750326, 40.590018481743044)
(10.936924825231713, 27.917706523797165, 17.70673507092947, 40.58098326533674)
(10.938979773294358, 27.924098397524464, 17.70694052605402, 40.58893276396252)
(10.941921172422521, 27.925714586318918, 17.70712739159079, 40.59187734267291)
(10.943396839984628, 27.92566212798709, 17.702433774637623, 40.57390603353811)
(10.941559314727783, 27.926444926963264, 17.698289509477288, 40.57441663193977)
(10.945510858839208, 27.933847515450054, 17.70133463902907, 40.5750037540089)
(10.945568936594416, 27.937382549674542, 17.697504482912212, 40.5529467979174)
(10.933510881000094, 27.932129712562592, 17.672958617740207, 40.52132114834256)
(10.92464350606059, 27.9337454355299, 17.65406104496547, 40.5048593374399)
(10.916882478672525, 27.93532498178166, 17.64436250147612, 40.49009990692139)
(10.913589533939156, 27.93281412946631, 17.64402437722811, 40.47585973431987)
(10.915915027577826, 27.929592075903656, 17.64342680383236, 40.485508614398064)
(10.922234133670205, 27.927040053575812, 17.650059137846295, 40.48977789627878)
(10.921235551436743, 27.9211264001446, 17.649562845627468, 40.48855825265249)
(10.916715941478296, 27.919216857013808, 17.636109057160997, 40.479906259123815)
(10.919575063549743, 27.915787452382812, 17.63630556573673, 40.493445649438975)
(10.918295995153562, 27.920747184605336, 17.631894766682326, 40.48215658014471)
(10.922975769042969, 27.92129428371572, 17.64841000556946, 40.500736503601075)
(10.923075189684877, 27.91722148889249, 17.654013935882265, 40.50446119402895)
(10.92368024003272, 27.908970612977082, 17.65998175564934, 40.51162031585095)
(10.928699993392796, 27.901200516092292, 17.66921170243939, 40.51503616629295)
(10.92525135095303, 27.893248670276975, 17.658755788436302, 40.5115546813378)
(10.925747635251, 27.887195858119853, 17.65854485829671, 40.5162978762672)
(10.92592088681347, 27.887491720524622, 17.65144349044224, 40.51641820511728)
(10.934740057615477, 27.88728116520438, 17.661827595434456, 40.53149699273511)
(10.939741982354057, 27.89095910942858, 17.66573862676267, 40.53547407079626)
(10.941761638046405, 27.893643275557384, 17.667260484957914, 40.53705715914385)
(10.950475341623479, 27.904599367572754, 17.685995994914663, 40.562637883966616)
(10.941855065457455, 27.900277855746733, 17.667618562509347, 40.542869911537515)
(10.945879220962524, 27.89499864994803, 17.666981075491226, 40.54328826495579)
(10.948246656265933, 27.895581356952455, 17.671395841952975, 40.55412262097924)
(10.947316479264645, 27.89764017778221, 17.66488240057962, 40.54357046830027)
(10.947008472940196, 27.896616355328103, 17.661220940299657, 40.53923077790633)
(10.944083254912805, 27.896705680483013, 17.6657084021075, 40.53263828672212)
(10.941431726145948, 27.896490155517895, 17.669063021994045, 40.543423872727615)
(10.942486657934674, 27.89352892106015, 17.6648658412998, 40.541032823465635)
(10.940431410525026, 27.891008009004693, 17.663077995556744, 40.54353217116925)
(10.93855611483256, 27.89153485698989, 17.655005367596946, 40.52776317596435)
(10.939318436236421, 27.889040581554298, 17.648861932360436, 40.522052796419004)
(10.941245313550604, 27.88716566956469, 17.65332945057603, 40.52768428990098)
(10.9415424936186, 27.881232008702682, 17.649136310670436, 40.524508003296894)
(10.937012049459643, 27.87718856341298, 17.640734018818026, 40.51729060757545)
(10.938111248016357, 27.878741367460343, 17.642454597473144, 40.51305993652344)
(10.938658702941169, 27.87848121358357, 17.64337911303081, 40.517062141781764)
(10.938540109499232, 27.875405707562305, 17.639872776241752, 40.50697287612074)
(10.93662979081273, 27.875951231427507, 17.638399355113506, 40.50707870721817)
(10.936543542285298, 27.883963889356462, 17.63797663163769, 40.498481809630874)
(10.93758252950815, 27.885787554353257, 17.64371633529663, 40.50122313866248)
(10.932051083513798, 27.882219062668014, 17.63378704595202, 40.491263032869526)
(10.932664080099626, 27.885663409073256, 17.636798735820886, 40.50661089926055)
(10.929625765721601, 27.884021038077204, 17.63341282005597, 40.502646568126245)
(10.932046591345944, 27.88530186343137, 17.641354197886454, 40.50688128684884)
(10.925410874684651, 27.884087219833205, 17.627603269506384, 40.492804463704424)
(10.926994428915137, 27.886756981920925, 17.631122680271375, 40.50017600900986)
(10.924537428974235, 27.884737436847328, 17.630957366776293, 40.49552304901346)
(10.926027774810791, 27.88041303460708, 17.636201395504717, 40.50731775035029)
(10.93139956494887, 27.88290864413856, 17.656494545422014, 40.512717377367636)
(10.933841950552804, 27.8884129241048, 17.66881763594491, 40.52200423649379)
(10.935302440156327, 27.888834812895592, 17.671415525125273, 40.52133506071483)
(10.939510224570691, 27.890932549468555, 17.67431884416392, 40.519638921173524)
(10.939619131021566, 27.8889703214226, 17.67506894865236, 40.51915828998272)
(10.943636493550407, 27.88667084480991, 17.675878319475387, 40.52085545327928)
(10.943830713732488, 27.883030037073116, 17.673022296510894, 40.522788554224476)
(10.944658263088906, 27.88082061861931, 17.676994617671184, 40.51939237934269)
(10.94833012016452, 27.88242823465808, 17.682282525665904, 40.52680865436995)
(10.951785187463503, 27.88634043481576, 17.687416289303755, 40.524020272332265)
(10.95412519314145, 27.89390097328329, 17.689364484492565, 40.53132163438221)
(10.95256186167399, 27.892091523967657, 17.68318104426066, 40.52767049153646)
(10.957079678971246, 27.89600500084618, 17.688114968356707, 40.53145844415324)
(10.962959797758804, 27.901817066322206, 17.6943950464851, 40.53433006688168)
(10.970884868522095, 27.903137318939635, 17.703129830703237, 40.542602962917755)
(10.975222185060575, 27.904332605786063, 17.712115987554775, 40.55286219212916)
(10.970892413969963, 27.907738499949613, 17.705504368197534, 40.541969397760205)
(10.976670256027809, 27.90629524245712, 17.72111005660815, 40.548933738317245)
(10.977609160599435, 27.906647424056942, 17.724892713461713, 40.561579151518025)
(10.978692266005504, 27.906555402657673, 17.724990392033057, 40.555719399754004)
(10.978285444607526, 27.908202150073144, 17.721333623682177, 40.549195487544225)
(10.980704137682915, 27.910706558533878, 17.718945807218553, 40.54845695495605)
(10.978497916867274, 27.912594122499947, 17.719152089231503, 40.544733130413555)
(10.97513167652083, 27.91137065153352, 17.711862899638987, 40.53641844384464)
(10.980430336817642, 27.91187203685643, 17.716487843566146, 40.54415900575603)
(10.979397520786378, 27.910019387749855, 17.715830145812618, 40.53945345994903)
(10.98076316949093, 27.91260565050504, 17.71381288586241, 40.53943772749467)
(10.982069816934057, 27.915222477816314, 17.710856914520264, 40.53642256863146)
(10.978931652571626, 27.916906412720124, 17.71106778790137, 40.53755838999491)
(10.982483174119677, 27.91826928532921, 17.71208297071003, 40.5396614755903)
(10.982328321806778, 27.918806279535698, 17.71089687573134, 40.53472401545598)
(10.978857124553008, 27.920701360343628, 17.705116894665885, 40.52570201649385)
(10.983688410262616, 27.923474045078677, 17.713200691847774, 40.538459331668605)
(10.981353720953297, 27.91676854053136, 17.711432285087053, 40.536292874535846)
(10.979898011753324, 27.92125388372945, 17.71367502488153, 40.53937574618124)
(10.979838067087634, 27.92053555701919, 17.71324390652536, 40.543649585767724)
(10.977416842324393, 27.923149441813653, 17.713880457196918, 40.54117603846959)
(10.976111138408834, 27.926274593397167, 17.70910290696404, 40.532212257385254)
(10.97613695920524, 27.9278101500721, 17.712292477235955, 40.531366035763156)
(10.980462650234779, 27.932845664926344, 17.718390652302947, 40.54042085368982)
(10.979980940259368, 27.926130058184338, 17.717030354718258, 40.537871866918806)
(10.981672459178501, 27.92992836691924, 17.718434879514906, 40.53824055989583)
(10.98576484595873, 27.93449231285784, 17.725836068885762, 40.54836671523626)
(10.98368141415355, 27.930663474429736, 17.726265168452002, 40.5434811770261)
(10.979633352144168, 27.934790376564717, 17.72055715029357, 40.53146451939651)
(10.982570282790972, 27.938627971190243, 17.718987470087797, 40.52027720990388)
(10.984650204632734, 27.938232263094996, 17.720763515781712, 40.53162464451145)
(10.986259009248467, 27.940488508757674, 17.72340146444177, 40.541774770264986)
(10.985960506500406, 27.94134150592727, 17.723530534754463, 40.54093382320302)
(10.987497573203228, 27.93907687495943, 17.728699445724487, 40.53946957689651)
(10.986733522364702, 27.936663079042557, 17.72501828935411, 40.5424401823175)
(10.99154671367846, 27.935801357014743, 17.73097518619738, 40.55273100200452)
(10.991353162296155, 27.933711590169754, 17.73792658800854, 40.560882288748054)
(10.992657408118248, 27.93197004399877, 17.741969401637714, 40.563218573729195)
(10.995351714791411, 27.928675405427846, 17.754233261464172, 40.5736357535723)
(10.995767426244992, 27.927891073766663, 17.75075405651761, 40.57271894474619)
(10.996234820439266, 27.92650073827925, 17.749242053887784, 40.57198423727965)
(10.996258978941002, 27.92875444418584, 17.750583089127833, 40.57431581069012)
(10.996257905427575, 27.92965621343264, 17.75114531444414, 40.57092767318493)
(10.99491992382088, 27.9283041004609, 17.748002163087477, 40.57282432402023)
(10.995576860916675, 27.930703065759097, 17.747044812494785, 40.5716027494651)
(10.993882026672363, 27.931217634073867, 17.74142421245575, 40.56403930664062)
(10.99435626452242, 27.930569034769977, 17.743625057277395, 40.565291618233296)
(10.994006919388724, 27.92999526270732, 17.742668949731506, 40.56222148933033)
(10.993624926787879, 27.93621722160646, 17.742503842696767, 40.55882073388311)
(10.995186319538192, 27.93582942364674, 17.742480273340263, 40.5556692796595)
(10.994043573519079, 27.9366717785578, 17.739313241912097, 40.555338082662445)
(10.998188282679585, 27.93794125651031, 17.74755996870763, 40.56542863197697)
(10.998278615555325, 27.938081925199796, 17.74767679868689, 40.56815785947053)
(11.000376978745827, 27.93512716749052, 17.74916307284282, 40.56586417785058)
(11.00002555984059, 27.933400373457317, 17.750967340606252, 40.571487791800614)
(11.00022965839931, 27.932598390408877, 17.74974821635655, 40.56811712355841)
(11.002104906109272, 27.93334595560196, 17.753569557768472, 40.574132982588495)
(11.002617557093782, 27.932496075972086, 17.753685002057058, 40.57957812975038)
(11.004752365076486, 27.93297411407613, 17.755424262212475, 40.59013402517972)
(11.00321187482816, 27.934591104478947, 17.75482618474515, 40.5905653338566)
(10.9997073927591, 27.93125042628673, 17.74960774710012, 40.58931340062341)
(10.999092896779379, 27.931802663674123, 17.748671968777973, 40.58640170980383)
(10.995527553118869, 27.935758154603807, 17.745056042473436, 40.57638606058288)
(10.994606665515025, 27.936237972703637, 17.74065707582946, 40.57153836521534)
(10.994228171431311, 27.93307279908446, 17.741198618118077, 40.57214817064538)
(10.995574886148626, 27.93106645989396, 17.744407224655152, 40.57708235653964)
(10.995929284333103, 27.930666092336885, 17.743196707505447, 40.578235816092516)
(10.995864193718713, 27.92987145953922, 17.749271929801047, 40.58016163594014)
(10.99730003895781, 27.92997366886525, 17.75549807783734, 40.584019528376146)
(10.99708418760981, 27.929990234427827, 17.754439920186996, 40.581721033368794)
(11.000109339820014, 27.92990315801939, 17.757694553799098, 40.579500664605035)
(10.999580201849474, 27.928643184884184, 17.75454397539122, 40.5758581077103)
(10.99607336153543, 27.926384616977266, 17.749783062199665, 40.56693291349033)
(10.99818271921392, 27.925221996610603, 17.753961107187102, 40.56736124607555)
(10.998371613598286, 27.92433701758853, 17.755386648219744, 40.575790371957304)
(10.997718510420427, 27.923132623793375, 17.754182156272556, 40.57417479805324)
(10.999904005042403, 27.923746081392938, 17.76235806271111, 40.57671727762594)
(10.99938651611065, 27.923077403063, 17.763058156802735, 40.58121150115441)
(10.999596720601357, 27.92244396314162, 17.76404043942562, 40.576921323849916)
(11.001333200014555, 27.921891870701575, 17.76456742001395, 40.57479160667484)
(11.001642143979986, 27.9220726461952, 17.76713118451707, 40.572319956028714)
(10.999826805066254, 27.92412942427405, 17.7629815966396, 40.56583462731313)
(10.997854500380246, 27.925764644428853, 17.75896356075625, 40.56402296557205)
(10.995950105811367, 27.923341585499923, 17.75413463897064, 40.558226561345975)
(10.993099039069778, 27.92356684498455, 17.747016368051952, 40.55402383844224)
(10.992489377657572, 27.92790584493911, 17.745016650358835, 40.55729182561239)
(10.994017480319961, 27.92978457958485, 17.748878926162405, 40.56012499480821)
(10.995925343726292, 27.92911559546517, 17.752221300582256, 40.57245289195668)
(10.995306837215345, 27.928983670152032, 17.750835359832386, 40.57344450774016)
(10.993960589659018, 27.927422228103318, 17.749246913878643, 40.5721724932311)
(10.993894907892967, 27.932874108642604, 17.750537113267548, 40.58081571617905)
(10.994736049233413, 27.932326765871007, 17.753661299139505, 40.57713589241834)
(10.996746159758162, 27.93094942068421, 17.753840662689825, 40.57932951768883)
(10.998272849667456, 27.930033356531357, 17.756802601198995, 40.585597376669604)
(10.999703225361774, 27.930806424941153, 17.756425233251118, 40.583999403988024)
(10.998773509979248, 27.931696394880845, 17.754885776519775, 40.577944046020505)
(10.997726972359585, 27.932540322333338, 17.752919835398398, 40.57881287654558)
(11.000802912409343, 27.932070979837285, 17.755333525793894, 40.57851873125349)
(11.000078107057353, 27.928463830797945, 17.753058169670254, 40.57829260543401)
(11.002880094558234, 27.92915547900161, 17.7611699254494, 40.588413358673336)
(11.003161677192239, 27.929393384993123, 17.7671693203496, 40.59274405685126)
(11.001541793346405, 27.929951314238668, 17.763077337294817, 40.58836990594864)
(10.997364719554144, 27.92889378488397, 17.75699506010063, 40.577755775896954)
(10.99904001775638, 27.931377016849627, 17.76449539495069, 40.57980577335801)
(10.998735238226224, 27.929117290932894, 17.768234175604743, 40.582903931960175)
(10.99746860907628, 27.92835462481583, 17.7647726389078, 40.58417785351093)
(10.999490569834508, 27.930292153182442, 17.76867678338997, 40.58912883773161)
(11.000312544917332, 27.930759914500705, 17.7697001850332, 40.587867445618144)
(11.001291924103132, 27.9289913930915, 17.768680235278925, 40.587633995955436)
(11.002223408583438, 27.928219788692356, 17.771279577052955, 40.58887022191828)
(11.00208677435821, 27.92879783240168, 17.772155455823214, 40.59560636124521)
(11.003066233226232, 27.93003799272046, 17.77278498957928, 40.599238560612044)
(11.001553608683611, 27.92797149980447, 17.769708858447128, 40.59921516104137)
(11.001234465570592, 27.928201754748088, 17.768122391914254, 40.602230897590296)
(11.00111722946167, 27.92652332498618, 17.76890219720323, 40.60481969840465)
(11.002462538966427, 27.924973613401193, 17.7733256622597, 40.61102181893808)
(11.003338683575281, 27.927364776281003, 17.77598736822825, 40.61148723025163)
(11.002193249323788, 27.928502751149782, 17.772806002813226, 40.60728829047259)
(11.000712020929916, 27.92910825895591, 17.771633773496298, 40.60875901721773)
(11.001926613550117, 27.92761963183351, 17.771952465502885, 40.60914854063605)
(11.001905156915837, 27.929348322276727, 17.774211533286355, 40.60505960637873)
(11.000251077223515, 27.928198567592116, 17.769910484120466, 40.60373328388601)
(10.998495177671797, 27.928207008601355, 17.76991969153339, 40.598532101737895)
(10.996463935152232, 27.927861878083636, 17.766007900238037, 40.59311121659313)
(10.99560096528795, 27.924551319465817, 17.762493512963736, 40.589940074524144)
(10.993391627924783, 27.928326881494684, 17.762333382878985, 40.58569665636335)
(10.996256324320077, 27.92976750533923, 17.766676128971195, 40.58667208036918)
(10.997773826545012, 27.928818149024714, 17.767729694961655, 40.589876323727005)
(10.995757999352769, 27.92851616025299, 17.76424905015386, 40.58826294214902)
(10.996380068886449, 27.92968671840986, 17.763121366500854, 40.585057366062216)
(10.9969157988565, 27.929228339074463, 17.76824127665737, 40.58401074325829)
(10.999218315511317, 27.928681853170126, 17.771335418407734, 40.588203070047015)
(10.998500724287398, 27.929342723266604, 17.770058751521624, 40.58851784363856)
(11.000467364986738, 27.927417734306573, 17.773456040355896, 40.58742904663086)
(11.002955146314363, 27.927860088699237, 17.77561363629404, 40.58870690421662)
(11.003159794314154, 27.928498192380886, 17.77674902225363, 40.58899103361985)
(11.002998291422001, 27.927734483670598, 17.775059221536434, 40.58758639306137)
(11.001463282598207, 27.927774119538352, 17.773091045144486, 40.59101423498702)
(11.001334489815878, 27.929257647400302, 17.77195856595609, 40.590291644932876)
(11.003008827871206, 27.92687429681281, 17.772881160787986, 40.59231044483833)
(11.00210752810462, 27.928183392072068, 17.768383779364118, 40.58695050255727)
(11.002856016159058, 27.929096964436624, 17.765521426458616, 40.585858602781556)
(11.003574665146644, 27.92826837405418, 17.768380556845102, 40.59234128496061)
(11.005521955106083, 27.929370218285243, 17.772102365557778, 40.596507872511076)
(11.002890103636776, 27.925884797725022, 17.768393656880562, 40.595794741525296)
(11.003459634780883, 27.927352355584844, 17.76735198020935, 40.597044995625815)
(11.002577654943117, 27.92825373992149, 17.767612935696725, 40.59359056846644)
(11.002207096049327, 27.929342257143468, 17.765765963800696, 40.59053642070846)
(11.002268444980333, 27.928706882481517, 17.763741499519977, 40.58966764443778)
(11.004089237828003, 27.930935620995754, 17.763526925915166, 40.59285222856622)
(11.007036035568987, 27.93068374826992, 17.766835469105203, 40.59644749125496)
(11.00771565219156, 27.930498726505018, 17.766356571047915, 40.59725196688783)
(11.005199393542659, 27.93158275992638, 17.762835191981413, 40.593764761760106)
(11.006041858103368, 27.93215723269651, 17.762741680269116, 40.59359176437576)
(11.004202145203031, 27.930647144349187, 17.762219379634917, 40.59486329902723)
(11.005201936537219, 27.929253235203156, 17.764020276838732, 40.59473720673592)
(11.003871896259271, 27.928167096132224, 17.760465502355643, 40.59330522592428)
(11.005189707646004, 27.92755855912501, 17.76093270534124, 40.59280477425991)
(11.006016348878415, 27.930509017728493, 17.76252105213202, 40.59246169263943)
(11.006874889325184, 27.930141104796128, 17.763712248225122, 40.5923938265272)
(11.008458237420944, 27.92922632965903, 17.76874151381235, 40.593848794604106)
(11.006647334823125, 27.92804924748016, 17.767214476307736, 40.59360257885124)
(11.005381205104502, 27.927374085865186, 17.76311999239756, 40.591247630796225)
(11.006894571976092, 27.929069819931026, 17.765984442249035, 40.60031946050296)
(11.005309460678818, 27.927671321809086, 17.76288953619691, 40.59673564037933)
(11.006759716570377, 27.927179052927563, 17.765306481719016, 40.596414029598236)
(11.00859769928121, 27.93024393567002, 17.765834710308326, 40.59867748367452)
(11.00826845257919, 27.92940647359098, 17.769012229042765, 40.597231254814574)
(11.00942322639489, 27.92967226896272, 17.768812471868085, 40.59904718546675)
(11.008520556084903, 27.92706999726268, 17.768381498478078, 40.598006589913076)
(11.010825540102445, 27.9284538379647, 17.772222633361817, 40.60404977651743)
(11.011859471081225, 27.931233481285716, 17.771817099097316, 40.6032457761238)
(11.010536731929953, 27.93151747602179, 17.769146458453722, 40.602269303908045)
(11.011173082561028, 27.931512657466357, 17.771612147005595, 40.603493341585484)
(11.012380130385193, 27.931977096307307, 17.77263753537349, 40.60433707193763)
(11.010254394646847, 27.931185086872024, 17.76820563403043, 40.601514030225346)
(11.00983789536168, 27.930842947837984, 17.76804862641856, 40.602239441655556)
(11.01022692473538, 27.929981872096235, 17.767691557665906, 40.60191388877041)
(11.00864558892923, 27.93164321382958, 17.76512853662531, 40.600604472575604)
(11.009680445322733, 27.930707672939924, 17.768827972297895, 40.60325228525493)
(11.009105046115705, 27.930764022775573, 17.765919093231656, 40.602894569510845)
(11.010803556158429, 27.933374295817583, 17.76836954695838, 40.6042895203545)
(11.009781207811939, 27.933217269600853, 17.765399980969526, 40.60280768736887)
(11.008461527570464, 27.932883586498857, 17.763967945730897, 40.59902975545127)
(11.007695867600342, 27.930026520788367, 17.76349547338345, 40.60259594537516)
(11.009510770966026, 27.929373894388863, 17.763527345657348, 40.60064293356503)
(11.008286024468386, 27.92785442075623, 17.76302681920116, 40.59984411871678)
(11.007793570122523, 27.927579105071583, 17.762693296399032, 40.599948224965594)
(11.008017570562334, 27.929237801755278, 17.765528945811635, 40.598381453978426)
(11.00807158337083, 27.927063722357847, 17.762900039207103, 40.59603081193081)
(11.009113682180212, 27.927694580596068, 17.763263146773628, 40.59342933323072)
(11.010228117077336, 27.925457696175574, 17.766238557120968, 40.596271349515526)
(11.010371774349158, 27.927026569288202, 17.766215230958263, 40.59481620238906)
(11.01107888112123, 27.92631467039535, 17.764828755937774, 40.594097970545974)
(11.011373656527018, 27.92575116382663, 17.76442525311664, 40.5940462238126)
(11.012066455568586, 27.92765339525734, 17.768194588252477, 40.59772565569197)
(11.012028717247508, 27.930954730450992, 17.766944665175217, 40.59242378952157)
(11.013160739432681, 27.930461907695836, 17.77333145520904, 40.59538414261558)
(11.014889772485404, 27.9298005133177, 17.779428344272688, 40.598790749612)
(11.01153472722587, 27.926662734624536, 17.773633614771782, 40.59417369002003)
(11.011809706352127, 27.926024510941474, 17.77297390413956, 40.59228431809117)
(11.011695118432634, 27.928098304279047, 17.7757515880499, 40.596717663025586)
(11.010539641233386, 27.926330288841314, 17.771237987764074, 40.590289684904725)
(11.008545858234001, 27.926880179332695, 17.768377583786094, 40.59044624840081)
(11.009587463230144, 27.92594702699865, 17.7712627479957, 40.59212519398639)
(11.009370893902249, 27.92509035382775, 17.773369473881193, 40.59531665378147)
(11.010868969386305, 27.9255575716163, 17.77709152295649, 40.59769191372097)
(11.009744823308282, 27.924431921307207, 17.775372829226498, 40.59231553683623)
(11.00923310955037, 27.925383254359957, 17.77461608119576, 40.58843374120959)
(11.011300059465261, 27.924702283797956, 17.777827296938217, 40.59109062152905)
(11.010797682200392, 27.923960468870636, 17.77764687472827, 40.590195977197936)
(11.011077170814973, 27.92450394745014, 17.773987178594037, 40.59279998404081)
(11.00956524945085, 27.923749769110334, 17.773800834323144, 40.59315834773009)
(11.00670501201049, 27.92300833362325, 17.76970884333486, 40.58755116877349)
(11.006521803899831, 27.92207274809459, 17.77135665242265, 40.58349192756301)
(11.007413816452026, 27.923711844683556, 17.77267176396138, 40.58920578827729)
(11.007143524457824, 27.921388897901696, 17.77080207115235, 40.59059619132399)
(11.007605378345776, 27.920589639989235, 17.77088616740319, 40.59054393153037)
(11.008342395199527, 27.921614266896377, 17.772328642673852, 40.59396902294006)
(11.007660340497837, 27.92237345516112, 17.7725301247867, 40.593361074274235)
(11.006442654927572, 27.92277531306436, 17.77025270843506, 40.58939219156901)
(11.007242015067566, 27.924024152778827, 17.770496700672393, 40.58874100827156)
(11.005603859848305, 27.921963262142153, 17.76712366756773, 40.583905318687705)
(11.004078173763537, 27.921963127333203, 17.764771660799703, 40.581276111501865)
(11.002265569088012, 27.922650181952683, 17.763536395372377, 40.578572577725616)
(11.003578819726643, 27.921927189913603, 17.764602578313728, 40.57746537861071)
(11.002713883016991, 27.921470601106986, 17.76307642428581, 40.573530712778485)
(11.002575763233045, 27.91972139066101, 17.762624298714844, 40.57060116872738)
(11.002030698811105, 27.920466986266458, 17.761277791414187, 40.56698730906992)
(11.000897120684385, 27.9199072921766, 17.75889485826095, 40.566214015086494)
(11.002248546055386, 27.91956590326199, 17.762917900085448, 40.56668718015993)
(11.002941024118137, 27.921901527160347, 17.764178683720722, 40.56606507177798)
(11.001826325744313, 27.922871309116776, 17.761597495362434, 40.56502383131082)
(11.00132402931292, 27.92297863897894, 17.760695091227895, 40.563207675501246)
(11.001747719732839, 27.92200687334896, 17.762643997957284, 40.5662520832758)
(11.001648791631062, 27.922471287245273, 17.762631291609544, 40.56746130723219)
(11.001759075447726, 27.922067252039916, 17.764513691368006, 40.56742792544158)
(11.00200241925765, 27.920666535448742, 17.76266128432994, 40.56498116863017)
(11.004274631577896, 27.921259254679786, 17.765276093519372, 40.56652346700809)
(11.004167685048834, 27.920255689089807, 17.765511791113063, 40.56716870535449)
(11.003247677525387, 27.921140415935778, 17.762905557849738, 40.56308530976501)
(11.003834022416008, 27.920046963275976, 17.765858219127463, 40.563491108441596)
(11.004203078128228, 27.917789202364403, 17.77070129308052, 40.56818972186418)
(11.004044585491545, 27.915103108388205, 17.7710937255591, 40.568288640161256)
(11.00457215010373, 27.91501940763594, 17.772863471717166, 40.57242293584915)
(11.008358404636382, 27.91539177990277, 17.778150961399078, 40.57554412841797)
(11.007924630457623, 27.91734538997566, 17.7790649418819, 40.576430456299434)
(11.009225606918335, 27.91678549007829, 17.78109534581502, 40.57832223503151)
(11.008150973923449, 27.916650506829995, 17.77982920275137, 40.57765009385481)
(11.00713848005427, 27.915253471197357, 17.777833794603254, 40.57501203706949)
(11.009113579031862, 27.91436801785893, 17.781063633200564, 40.57827786104179)
(11.00983628381062, 27.913388330225356, 17.781489271248503, 40.58249545919484)
(11.009875959494776, 27.913436656638424, 17.780121381511268, 40.58064323444039)
(11.01057038821426, 27.911718906951492, 17.780676787974787, 40.581021355647664)
(11.011482923129952, 27.911269008774184, 17.782128259430305, 40.581077155973624)
(11.011335522954058, 27.91239689306525, 17.783665505851186, 40.58513579019686)
(11.010793204435176, 27.912275553555116, 17.78181085563344, 40.58541376341288)
(11.011045018446099, 27.914487534119637, 17.781740130730046, 40.58726257953829)
(11.011457162676942, 27.912093849780177, 17.783673692846413, 40.588359149258594)
(11.009261711784031, 27.908970596487688, 17.779203044043648, 40.58603494985092)
(11.011188007262817, 27.910735418690987, 17.782131629392325, 40.587109375)
(11.012957621079225, 27.912120723442282, 17.78553479680648, 40.59140750078055)
(11.01271012990023, 27.910835194704827, 17.784485711754083, 40.595559053855546)
(11.01166970421823, 27.90997151828222, 17.782205885106865, 40.593847475553815)
(11.015115745881292, 27.910829777571678, 17.787718454238053, 40.59923436931892)
(11.016660169192724, 27.91095947254132, 17.791579861867994, 40.602252524239674)
(11.017200501684338, 27.911398875155324, 17.79124517055702, 40.601529699040135)
(11.016856865860275, 27.91004770525912, 17.79022254537067, 40.6009378297634)
(11.01617847943137, 27.908860581276826, 17.78760280789495, 40.596512571294255)
(11.017189326151362, 27.910170875289367, 17.788306836812, 40.601720216139306)
(11.019445161258473, 27.911660010420785, 17.791722149568447, 40.603917550479665)
(11.021281897182195, 27.91201750335554, 17.79454980098026, 40.60547983590426)
(11.021109902607474, 27.91390808730284, 17.79582408887162, 40.60678155974984)
(11.020250486436291, 27.91359977126633, 17.79355993671952, 40.60448269532105)
(11.020703991532049, 27.914679749262337, 17.792741911116735, 40.601810152991945)
(11.019025500985078, 27.913104980800075, 17.790273535528847, 40.600639706988666)
(11.019553239826813, 27.912787548245564, 17.792168524315073, 40.60330548917058)
(11.018282356085601, 27.913757152676, 17.79429159120277, 40.60245650785941)
(11.018108750050393, 27.913195048716442, 17.793920338566803, 40.603356235847734)
(11.02045229942568, 27.913424493145538, 17.801232841157695, 40.60862052495578)
(11.021024166852579, 27.91333001445494, 17.800979949688088, 40.60825119895497)
(11.018366378381712, 27.913052189652014, 17.795450403056012, 40.603825245428524)
(11.017242729527453, 27.914122927924772, 17.795320868764918, 40.6031937850149)
(11.01809157628447, 27.91445804368568, 17.795327857204768, 40.60334255270762)
(11.014919887099559, 27.914671188215376, 17.790557591953146, 40.59668493596731)
(11.014057518135418, 27.914588950843882, 17.78855847011913, 40.594705694372)
(11.013865144344685, 27.91456801408856, 17.786782634501556, 40.592758343062975)
(11.014347718312191, 27.91335738250877, 17.787481726564433, 40.595084514013784)
(11.013843107976978, 27.914443758405696, 17.785264826789668, 40.593394854267885)
(11.01398986846477, 27.91579376402968, 17.78474828359243, 40.59493194614445)
(11.012129199638796, 27.91470700851211, 17.78197615548466, 40.59050917893313)
(11.013154983520508, 27.915172693223234, 17.784174564173405, 40.594852387637836)
(11.014171060566401, 27.91436542842694, 17.78661575146703, 40.597480330157865)
(11.012913799711637, 27.913072185423953, 17.782958235059464, 40.59410019431795)
(11.012710890950498, 27.911280578853457, 17.783387101307213, 40.59654986884918)
(11.013187797334458, 27.910541754662862, 17.78619467417399, 40.60016574435764)
(11.013452616604892, 27.910371285370434, 17.787100328838747, 40.600492701562175)
(11.014915220505369, 27.909766233089282, 17.788997409618005, 40.602313843448606)
(11.015302903341668, 27.909649180909362, 17.789347132836483, 40.60047105027087)
(11.01526696461413, 27.909320583351093, 17.789114183266257, 40.600525776195106)
(11.015357079348721, 27.909396324035118, 17.788867736648726, 40.59987785423195)
(11.014794285882983, 27.91023760915641, 17.786830073908757, 40.59664153216178)
(11.014084948491737, 27.910034254456274, 17.785115945260948, 40.594922305718555)
(11.014019491370588, 27.910424732593, 17.785105684438648, 40.59630732140687)
(11.01439421680758, 27.909601875963645, 17.785949445238302, 40.59552907008751)
(11.01372332987578, 27.909813996673634, 17.784860776818316, 40.593563842773435)
(11.013647425976338, 27.908655620225186, 17.784219907317915, 40.59282328508423)
(11.01494229510749, 27.909436572872252, 17.78575322947977, 40.59954621781518)
(11.014665555233059, 27.908605273821, 17.78608114518563, 40.59953280916482)
(11.016192074479727, 27.912191073260466, 17.78829164340578, 40.60340356826782)
(11.016413495873891, 27.911573617886564, 17.787568012360605, 40.60447724044964)
(11.015830830954688, 27.912429847464363, 17.787069083283388, 40.60376518478721)
(11.014927250414896, 27.911365843161867, 17.78631494999953, 40.602985855854044)
(11.014433269826775, 27.911480521542234, 17.785105212121948, 40.60150275271163)
(11.014035441473856, 27.913183618412333, 17.787605314112422, 40.60176590714119)
(11.012545233584465, 27.915104612576823, 17.786605189708954, 40.59667846192705)
(11.012718381901962, 27.91625039065713, 17.788614807614856, 40.59643943446457)
(11.013226574760372, 27.915562906996833, 17.788730742567676, 40.5963530136367)
(11.014007634894792, 27.917388118356534, 17.790222381688576, 40.594537142215266)
(11.01468652008958, 27.91788932090949, 17.791549002570946, 40.59391544036222)
(11.015455309215344, 27.917195717907518, 17.793540051108913, 40.59404292056435)
(11.015421727124382, 27.918121247540917, 17.79383580824908, 40.59986637820717)
(11.01408626648365, 27.917691401732572, 17.791662352140094, 40.597987864752234)
(11.012808565315343, 27.91995222298185, 17.7895088554925, 40.59873687871829)
(11.013152372364212, 27.919941761281112, 17.789062878284177, 40.59834417769207)
(11.01348107457161, 27.919105941384533, 17.788728094100954, 40.60000029404958)
(11.013229352272969, 27.918041385013883, 17.789178634135986, 40.60166576647213)
(11.013182820126229, 27.918619226959965, 17.78847625938194, 40.60180558802181)
(11.013347612898295, 27.91899908925679, 17.78906061634514, 40.60330204934067)
(11.01346661729261, 27.919358064784802, 17.788338637549028, 40.60496122974995)
(11.014100816077793, 27.91905941568493, 17.788036012157953, 40.605867570700106)
(11.012515683233001, 27.92019527664009, 17.786605454276128, 40.60406896803114)
(11.01390548604225, 27.920645172234146, 17.78722489687941, 40.60693456504869)
(11.012769202717015, 27.921543982757843, 17.785222397475945, 40.60456705093384)
(11.01278161807538, 27.921632021458187, 17.786082655861822, 40.6043980838331)
(11.012830809184484, 27.920923111635407, 17.78691569347771, 40.607854570661274)
(11.01293156151859, 27.920117231759296, 17.786989674305964, 40.606987419050725)
(11.015245849524087, 27.922708289127385, 17.788831133183425, 40.60850679971338)
(11.016198277231647, 27.923254938152468, 17.789176143932536, 40.61036855453894)
(11.016655572512855, 27.922477498435235, 17.79000289237451, 40.61221337414946)
(11.016201634840531, 27.924145871996707, 17.789072842068144, 40.61120040585296)
(11.015002319889684, 27.925602347697986, 17.78739467359358, 40.61129553856388)
(11.015979235320984, 27.926064557391385, 17.789566895851426, 40.610539357667)
(11.016418650447125, 27.926102431119222, 17.790173067146515, 40.61190163179574)
(11.017415927741714, 27.92527647075648, 17.792926409918223, 40.61419344426157)
(11.016872012138366, 27.925346706096192, 17.792090812683107, 40.61331037902832)
(11.018310703917178, 27.926479360494767, 17.792638546454455, 40.613540268705755)
(11.020269381572525, 27.926743753290594, 17.794009653220613, 40.61511395367018)
(11.020376596014732, 27.927539068707315, 17.7947641490231, 40.61444777380638)
(11.021630975935194, 27.927459615726605, 17.797221490315028, 40.617157058110315)
(11.021762852621551, 27.929318518311863, 17.799738670575735, 40.61729909311427)
(11.021350416741353, 27.92878837784556, 17.799020288490023, 40.616984936559625)
(11.020542753283559, 27.930483274012627, 17.79844674932416, 40.61337044018025)
(11.0200609898004, 27.93217309002974, 17.79872654742143, 40.61617553140235)
(11.018979893217855, 27.93320239519166, 17.797963354114465, 40.61636276095227)
(11.01929622818442, 27.933754202060335, 17.799202634774, 40.618479530484066)
(11.019997801099505, 27.93387458039773, 17.79984053520307, 40.619392671230486)
(11.020857570692897, 27.93541792643577, 17.799585785716772, 40.61978993564844)
(11.020600417436448, 27.935114389908684, 17.797988322743198, 40.61762426424677)
(11.021167469395738, 27.934860536523527, 17.800364809741307, 40.61854761027177)
(11.020053745010523, 27.933436363852568, 17.80065460945796, 40.61739825646854)
(11.02156873174416, 27.933211127099476, 17.802516667417777, 40.620257939479146)
(11.020361180001117, 27.932671232283358, 17.80078236415723, 40.61980213187419)
(11.021827218155144, 27.933067436067756, 17.803673652148156, 40.62080001094627)
(11.022254115124888, 27.9317237012858, 17.80283061709248, 40.622197616077344)
(11.02200190103971, 27.93127316109251, 17.803765399639424, 40.622743701934816)
(11.022115960917409, 27.93234737149324, 17.804202938262883, 40.62526221101435)
(11.023014937324085, 27.931689118264842, 17.805806247667334, 40.627494366232916)
(11.02374025147914, 27.931144843797966, 17.808604807516357, 40.628655486535386)
(11.024090250939814, 27.93140056882278, 17.81081233861792, 40.62859339386452)
(11.025184143611362, 27.931955168551735, 17.812775264921644, 40.63099323817662)
(11.025005772086605, 27.931015335650525, 17.812037859579455, 40.629628475174705)
(11.02426868597968, 27.929034633367415, 17.811051645586566, 40.62816405613011)
(11.024532417456308, 27.929440669857104, 17.810020197521556, 40.627719568483755)
(11.024803970171059, 27.930164592395442, 17.809045391407267, 40.626396756091054)
(11.024203506505714, 27.930191352744544, 17.808662277797485, 40.630536464475234)
(11.022926298238463, 27.9293477145935, 17.806076373084117, 40.62679789340204)
(11.023042701240769, 27.928759889552612, 17.805613991013146, 40.62683333490128)
(11.023052538537174, 27.927545990183948, 17.807942284875693, 40.62773238963973)
(11.022570468066784, 27.929043085155435, 17.80731293324674, 40.62637589843978)
(11.022408308938285, 27.92736858657621, 17.80691884477562, 40.62813801275235)
(11.021284429884668, 27.927327361944638, 17.80636009885304, 40.62736628660515)
(11.021830745249487, 27.92568785866374, 17.806259180136454, 40.627990154358706)
(11.021921741918117, 27.927102281871914, 17.806301769270775, 40.63000006126205)
(11.022724246271023, 27.926827104283863, 17.806369908886627, 40.62979272477923)
(11.023575138162684, 27.928065897754013, 17.80618482872292, 40.63242845888491)
(11.023885143442207, 27.927824731109897, 17.806581980199336, 40.63390429315197)
(11.02454772998486, 27.92725326518041, 17.80725525929919, 40.635048468614414)
(11.023868395698225, 27.928168905656147, 17.806495153662468, 40.63334080395778)
(11.024449737632976, 27.927162582765096, 17.807141595027026, 40.63486026315128)
(11.02373042237868, 27.92717249114831, 17.80705691696307, 40.63625187305136)
(11.023739792051769, 27.92618113314866, 17.80725231450119, 40.637978117107906)
(11.025261655804009, 27.925867361861357, 17.80858354725393, 40.64005598246071)
(11.025155525137908, 27.92531227448608, 17.808136734649214, 40.63915936964272)
(11.02484820232148, 27.92702053929585, 17.807322312791058, 40.6384809594771)
(11.026270821311257, 27.92767148924328, 17.807660546736283, 40.63923577048562)
(11.025459556094964, 27.927787905305784, 17.806929735436412, 40.63876008381644)
(11.026190705057504, 27.92729500016349, 17.8064560993858, 40.639328472856164)
(11.026989284087692, 27.92756646217713, 17.80786758478037, 40.64098461627098)
(11.026506593511423, 27.92729382868251, 17.806454086992286, 40.63817752741735)
(11.026156266530355, 27.927757032446394, 17.806761928936382, 40.63735828571492)
(11.025555323353775, 27.92614387027382, 17.806033741655966, 40.636097976629685)
(11.0244375610694, 27.925271349367076, 17.80342536939967, 40.634928095490544)
(11.024193415077784, 27.925419624582236, 17.802869044751677, 40.63491379659236)
(11.024201924557763, 27.92391160374502, 17.80189347651009, 40.634609440784764)
(11.024079888207572, 27.923556008617318, 17.800993619646345, 40.63316071374076)
(11.023337862283363, 27.922040028674893, 17.799258451410793, 40.63195176558061)
(11.022128042377187, 27.921063785399525, 17.797418092069254, 40.63178761573873)
(11.02197247246019, 27.919695816916253, 17.795912768023477, 40.63219151742505)
(11.02097489986014, 27.9198676416672, 17.79383716853798, 40.63033487441692)
(11.02132390621489, 27.919169700694525, 17.79490052282283, 40.631260573125516)
(11.021750296805015, 27.918410932501175, 17.79435306387318, 40.63211239521579)
(11.021323553889307, 27.916637297190334, 17.794729535541837, 40.63246695032406)
(11.020912157817625, 27.91592908342081, 17.795983180193833, 40.63285635558652)
(11.022371272839646, 27.916203235716612, 17.797542008867584, 40.63605342388991)
(11.022438548740588, 27.916730960640432, 17.798063037269994, 40.63700364765368)
(11.023628319207507, 27.91801458506524, 17.802223018505945, 40.642163338469125)
(11.022367982597618, 27.918028065365743, 17.798804328158184, 40.64392648710238)
(11.020423593737483, 27.917191922132826, 17.79719536300313, 40.64205833421744)
(11.020326925902417, 27.917173229357566, 17.796704463427076, 40.64294994500456)
(11.021006856171981, 27.91796885074483, 17.797246556489362, 40.64128721154255)
(11.021972931921482, 27.916910409837726, 17.799426537421013, 40.642486214637756)
(11.02264527596882, 27.917443970739846, 17.79899829388491, 40.64200741455501)
(11.022429397774403, 27.917855337787213, 17.798182598034817, 40.640009421378274)
(11.021731112287453, 27.917472092121645, 17.79590026084623, 40.640139373884715)
(11.021646957561888, 27.918320131092425, 17.79698865002599, 40.63951160167826)
(11.020928337734045, 27.917381805425283, 17.79783362324595, 40.63991624106639)
(11.021469173562485, 27.91896352534772, 17.79877448163901, 40.63885094947422)
(11.021411693730036, 27.920294311767883, 17.797471566633746, 40.639841325082664)
(11.020056098291318, 27.919851444103028, 17.79514417419695, 40.63706094924718)
(11.020291163778712, 27.920122362975473, 17.79502369318253, 40.638831609742255)
(11.019759124456412, 27.918012369728153, 17.79487412781439, 40.63878017074012)
(11.020894223624234, 27.91909105644497, 17.79649794446955, 40.640898176514916)
(11.019910261744545, 27.918806277220003, 17.795211858489886, 40.63913865640861)
(11.018615004567016, 27.91835475225808, 17.792673154678734, 40.635188512364955)
(11.017819251044322, 27.917140470079772, 17.792271858150677, 40.6340902425475)
(11.017786109104575, 27.91722792731426, 17.793458969258214, 40.63358407577282)
(11.018384875477972, 27.916975362965196, 17.793869236031092, 40.63430743604093)
(11.019593190583974, 27.91810137438995, 17.79668658579783, 40.63811903980892)
(11.020046931725961, 27.917606265104936, 17.797637546102607, 40.63661152746541)
(11.021682632670682, 27.919112142154294, 17.80013359614781, 40.63762158946831)
(11.021760292501257, 27.918896612203422, 17.799246703218294, 40.63871218534124)
(11.021504105035984, 27.919391209864234, 17.79830191882212, 40.63936694223477)
(11.021306835289383, 27.91980392413994, 17.79736055259322, 40.63843277385801)
(11.021652505075394, 27.920765276649945, 17.798652163332015, 40.63951411430346)
(11.021648159821828, 27.920435611751177, 17.79866086800893, 40.64191072463989)
(11.021152294812703, 27.921413859446137, 17.797323022229897, 40.639158861411)
(11.022259345482354, 27.921485250977753, 17.800171403789836, 40.64033661015406)
(11.021815598900638, 27.92182146058232, 17.799185050660697, 40.639375930204125)
(11.022636096998555, 27.920685729237682, 17.801521204954742, 40.63969868539974)
(11.024082474669148, 27.921746621110014, 17.804092985736435, 40.6435577455631)
(11.02459975516442, 27.922130397045184, 17.80531859476574, 40.645076141105626)
(11.02487734082896, 27.921116648151425, 17.80761394940648, 40.64772474863973)
(11.0246926789221, 27.920390290338613, 17.80654035273351, 40.648002455109044)
(11.02591806327181, 27.9209388530569, 17.808605815780965, 40.64993197812235)
(11.026234221067584, 27.920107649255513, 17.80953136975648, 40.65114950586538)
(11.024967609567845, 27.92016827176644, 17.80877356677516, 40.6501821589743)
(11.025388596883786, 27.92080169093653, 17.810087330201092, 40.65147844950358)
(11.023610899148913, 27.920818942971195, 17.806939142174276, 40.64916072428518)
(11.023833549760452, 27.92038778700402, 17.81042194055812, 40.64971024205708)
(11.023556721695071, 27.919879606482727, 17.811160222495474, 40.647920748082605)
(11.023710140934238, 27.91884695704002, 17.81126052063781, 40.647256256698014)
(11.022499852667364, 27.917243028836708, 17.809555925465094, 40.64661309784776)
(11.023031555718974, 27.917388151613437, 17.81121901169564, 40.64550458420442)
(11.023427063505947, 27.917045039755408, 17.811333198732243, 40.64554057945535)
(11.02307269034847, 27.916728585556594, 17.81018715212422, 40.64455451965332)
(11.023352325826451, 27.9165460755806, 17.810496967579816, 40.6439203824398)
(11.02302902764446, 27.916591079322124, 17.80975022269982, 40.64340728195534)
(11.023315528422643, 27.916207293199896, 17.809988505576243, 40.64434370527681)
(11.023129149125172, 27.91623534245621, 17.811247532184307, 40.64555420019688)
(11.022440829467774, 27.916291487593867, 17.810080526733397, 40.64456125488281)
(11.022547502487232, 27.916332368520333, 17.809446950309194, 40.6434465231606)
(11.020997182794355, 27.916563418272386, 17.80807377086682, 40.64371760610188)
(11.020479461190048, 27.916198740776593, 17.807229427775, 40.64151466879875)
(11.020545180158509, 27.916635414914904, 17.80687461634698, 40.64051347013877)
(11.021826614652362, 27.916694450443497, 17.80945026155502, 40.64280954391237)
(11.023026566875718, 27.91795446427703, 17.810495751406613, 40.64390506532793)
(11.024348707893227, 27.918584760248784, 17.81402276135698, 40.64721994762179)
(11.025323332956805, 27.919707853380547, 17.816421888450876, 40.65149729700074)
(11.025600798874624, 27.919212388349255, 17.817668544757254, 40.65161405376831)
(11.026401115777924, 27.92038246871116, 17.820308153648075, 40.65092296450157)
(11.0267294825248, 27.9197034709586, 17.81929276424384, 40.65087652506318)
(11.027722371429252, 27.920233861381924, 17.820642576112853, 40.65213027067798)
(11.027887200860768, 27.920167078127285, 17.81989237507309, 40.65225165914219)
(11.027671488611164, 27.919917308236432, 17.818696399623054, 40.65162007387069)
(11.02655771151185, 27.919316583589126, 17.816790014505386, 40.6488651573658)
(11.026945402023387, 27.91935171001768, 17.81694383070733, 40.64735378080895)
(11.026786054034842, 27.919159291859426, 17.815463577104136, 40.64577796080402)
(11.02729389344923, 27.918765422270067, 17.816656863151774, 40.64800054214976)
(11.02719445554366, 27.917546893835482, 17.81595468521118, 40.647282908421865)
(11.026467391317205, 27.914899205071656, 17.814422613336134, 40.645301055908206)
(11.02544911210382, 27.91322790026329, 17.812888541088753, 40.643336570668886)
(11.025898808858125, 27.913393999327454, 17.813363203493854, 40.64255605635724)
(11.025887382619175, 27.91444241476975, 17.814142012301787, 40.64245282867808)
(11.025144513839933, 27.913913514890144, 17.81326280720245, 40.641973116364795)
(11.025503814403827, 27.91466955588629, 17.81442762228159, 40.64811489398663)
(11.024872859685285, 27.913624091154723, 17.812699169973442, 40.64576628607356)
(11.023956936561257, 27.913420151321723, 17.81238830894049, 40.645346565480615)
(11.024159868132283, 27.91292065809147, 17.81273536915801, 40.64650330828306)
(11.0234837991382, 27.912811749410505, 17.81143388835662, 40.645045085055386)
(11.023230426002094, 27.911707008725386, 17.81114017399213, 40.644490150276944)
(11.022981795595914, 27.91097437943356, 17.811022182790243, 40.647012629160066)
(11.023437155254719, 27.910255582501907, 17.811305581706844, 40.64637224496409)
(11.023401504591968, 27.91045578651616, 17.81133046483559, 40.64547694707714)
(11.022976028720237, 27.910335397749503, 17.810776969550773, 40.64631902900198)
(11.02215003822789, 27.909107440278202, 17.808883652542576, 40.64391127499667)
(11.021778608053788, 27.908782951939703, 17.80713534391233, 40.6418134773012)
(11.021371116090757, 27.909201487656834, 17.80822971148073, 40.63918488839602)
(11.021541597616618, 27.90920797189651, 17.807539573082558, 40.63963145835727)
