0.0
(10.879297412931919, 28.908061377188247, nan, nan)
1.0
(11.37410093843937, 29.124151960024214, nan, nan)
2.0
(11.604493183394274, 29.085195688017013, nan, nan)
3.0
0.0
(10.879297412931919, 28.908061377188247, nan, nan)
1.0
(11.37410093843937, 29.124151960024214, nan, nan)
2.0
(11.604493183394274, 29.085195688017013, nan, nan)
3.0
(11.60759773850441, 29.042079115997208, nan, nan)
4.0
(11.627585023641586, 29.073667111753032, nan, nan)
5.0
(11.634558220704397, 28.971997639362133, nan, nan)
6.0
(11.660067970199245, 28.93298841581973, nan, nan)
7.0
0.0
(10.879297412931919, 28.908061377188247, nan, nan)
1.0
(11.37410093843937, 29.124151960024214, nan, nan)
2.0
(11.604493183394274, 29.085195688017013, nan, nan)
3.0
(11.60759773850441, 29.042079115997208, nan, nan)
4.0
(11.627585023641586, 29.073667111753032, nan, nan)
5.0
0.0
(10.879297412931919, 28.908061377188247, nan, nan)
1.0
(11.37410093843937, 29.124151960024214, nan, nan)
2.0
0.0
(9.81284585595131, 30.288950321353788, nan, nan)
1.0
(10.43483892083168, 29.85030963785138, nan, nan)
2.0
(10.402180661757788, 29.125928471280588, nan, nan)
3.0
(10.879297412931919, 28.874293025921894, nan, nan)
4.0
(10.925156563520432, 29.01586060587732, nan, nan)
0.0
0.0
(9.81284585595131, 30.288950321353788, nan, nan)
1.0
(10.43483892083168, 29.85030963785138, nan, nan)
2.0
(10.402180661757788, 29.125928471280588, nan, nan)
3.0
(10.879297412931919, 28.874293025921894, nan, nan)
4.0
(10.925156563520432, 29.01586060587732, nan, nan)
5.0
