0.0
(1.4799309372901917, 3.615415361461672, 2.5243582725524902, 5.3110151290893555)
8.0
(1.480479370802641, 3.6190731859545435, 2.4764320850372314, 5.223186492919922)
16.0
(1.4837573344508808, 3.6339893830477017, 2.462623914082845, 5.213783899943034)
24.0
(1.4884509891271591, 3.612786063678251, 2.4468979239463806, 5.2129716873168945)
32.0
(1.4871513783931731, 3.611634891311982, 2.4254571914672853, 5.211108303070068)
40.0
(1.4682412122686703, 3.5973762442856874, 2.378411889076233, 5.189562082290649)
48.0
(1.4572635090776853, 3.6035214895362393, 2.3669818128858293, 5.187817709786551)
56.0
(1.4490590980276465, 3.6020146430625934, 2.3481189906597137, 5.166543245315552)
64.0
(1.4481266687313716, 3.587791773132633, 2.339432266023424, 5.1710327996148004)
72.0
(1.4373161517083646, 3.5880172022143113, 2.3246312856674196, 5.157265949249267)
80.0
(1.433799682693048, 3.585660150113169, 2.318388570438732, 5.147446849129417)
88.0
(1.446398905167977, 3.5831927715821705, 2.335479815800985, 5.1690638065338135)
96.0
(1.444366303200905, 3.5839859104448917, 2.336265105467576, 5.174655327430139)
104.0
(1.4417989828756876, 3.5800932661148095, 2.3393460852759227, 5.172121354511806)
112.0
(1.4458375483751298, 3.581858322990968, 2.345062335332235, 5.178263250986735)
120.0
(1.4500200753100216, 3.583550691487355, 2.3478908836841583, 5.182131677865982)
128.0
(1.4558593968258184, 3.581680584497942, 2.361870849833769, 5.1953865219565)
136.0
(1.4570332835945818, 3.5813494489162454, 2.3636240429348416, 5.201324674818251)
144.0
(1.4625030669726824, 3.582960587318801, 2.3649067000338904, 5.203322686647114)
152.0
(1.4682344418019055, 3.585185775828362, 2.372834300994873, 5.209256339073181)
160.0
(1.4661729073240644, 3.5834823209833906, 2.3676713761829196, 5.20425440016247)
168.0
(1.470133340832862, 3.588288244592381, 2.374517224051736, 5.218022693287242)
176.0
(1.4701844094240146, 3.5874168446260835, 2.3727307837942373, 5.21586505226467)
184.0
(1.4674659026786685, 3.5847299098764984, 2.3663677175839744, 5.209456980228424)
192.0
(1.4649547144770623, 3.5816091324093025, 2.3642896747589113, 5.202643947601318)
200.0
(1.4663563774755368, 3.5806190369723683, 2.3658018662379336, 5.202972632188064)
208.0
(1.4634923504458532, 3.577408168648202, 2.360181790811044, 5.198997232649061)
216.0
(1.4610578763697828, 3.5760185650797935, 2.359213556562151, 5.197239109448025)
224.0
(1.464192088051089, 3.5772778351880468, 2.365234876501149, 5.20289315848515)
232.0
(1.4656572697063288, 3.579588021687965, 2.366840918858846, 5.201993354161581)
240.0
(1.4648352895052201, 3.581768589624308, 2.361131583490679, 5.195715104379961)
248.0
(1.4646313504781574, 3.580537230711589, 2.3599348664283752, 5.194849073886871)
256.0
(1.4615254761143164, 3.5821516495506174, 2.354711062980421, 5.18905461918224)
264.0
(1.462286442737369, 3.582052848228726, 2.357581208733951, 5.194929697934319)
272.0
(1.4610057903187617, 3.585445083580518, 2.355911874771118, 5.199885163988386)
280.0
(1.46316264797416, 3.583994676604885, 2.357092175218794, 5.200736297501458)
288.0
(1.4623093202307418, 3.5842228940804746, 2.3584913240896688, 5.200271877082619)
296.0
(1.4601842825742144, 3.5850359145491875, 2.356322075191297, 5.197592057679829)
304.0
(1.458363121900803, 3.584706594742446, 2.3541366320389967, 5.194027680617112)
312.0
(1.4579056328162552, 3.583728336945478, 2.351822203397751, 5.192130291461945)
320.0
(1.4577282572664865, 3.581619906384434, 2.35010376209166, 5.189981158186749)
328.0
(1.458480574722801, 3.5794014146454356, 2.3493219443729947, 5.18910425049918)
336.0
(1.4611229517085607, 3.583590303374025, 2.351788354474445, 5.194203997767249)
344.0
(1.4609180092811584, 3.5811051521477864, 2.3502443703738125, 5.194234089417891)
352.0
(1.4578607438339128, 3.579081872151867, 2.3465342468685573, 5.192310375637478)
360.0
(1.456456914058198, 3.580026203793932, 2.3447439877883247, 5.191510428553042)
368.0
(1.456169009842771, 3.5781738765518014, 2.344488113484484, 5.193628301011755)
376.0
(1.4564332224739094, 3.576460223212752, 2.346556082367897, 5.192373762528102)
384.0
(1.453936180594016, 3.5778894805126287, 2.3449757391092727, 5.190008659752047)
392.0
(1.4530510354042052, 3.577890397782145, 2.3425239276885987, 5.188198280334473)
400.0
(1.4516776873200548, 3.577714125389259, 2.338809148938048, 5.184137110616646)
408.0
(1.4515705880923913, 3.577102397232733, 2.338329159296476, 5.187202132665194)
416.0
(1.4491917502205327, 3.57500059452034, 2.3333596508457974, 5.183337544495204)
424.0
(1.449625852621264, 3.574307124979469, 2.3320809337827892, 5.1832357424276845)
432.0
(1.4501862462271344, 3.5771160836545475, 2.331891090219671, 5.180805865201083)
440.0
(1.448534186663372, 3.5773988671341184, 2.332498529127666, 5.175083032676151)
448.0
(1.4486663429099216, 3.5772774355914176, 2.3348207013648854, 5.177359346757855)
456.0
(1.4482703562183628, 3.5765497887307576, 2.335048585102476, 5.178969934068877)
464.0
(1.4477671532560203, 3.576796970157084, 2.335424504037631, 5.177063723741951)
472.0
(1.447749321659406, 3.5773120920599353, 2.3356618841489154, 5.179126572608948)
480.0
(1.447540582692037, 3.577537014215555, 2.333596589135342, 5.17926715631954)
488.0
(1.4476998992744954, 3.5770819174128254, 2.334538155986417, 5.18036925408148)
496.0
(1.4476803236064457, 3.5763688956614628, 2.333269062496367, 5.181213522714282)
504.0
(1.4490622851299122, 3.5762698458824134, 2.3351666554808617, 5.1852521896362305)
512.0
(1.4482070844907027, 3.5764829108172376, 2.3350593640254096, 5.180951896080604)
520.0
(1.4481889236379752, 3.5761885552736787, 2.3363961017493047, 5.1816707813378535)
528.0
(1.4491781163126676, 3.57610090252676, 2.338375771223609, 5.1830276802404605)
536.0
(1.4478238698314219, 3.575938820240233, 2.336075446184944, 5.1820526123046875)
544.0
(1.4473406730786613, 3.5759177328321385, 2.335228494975878, 5.182446659475133)
552.0
(1.4486609518527984, 3.5766674257005793, 2.3379852056503294, 5.18349802834647)
560.0
(1.4489940332484916, 3.575553403326028, 2.338417496479733, 5.181705145768716)
568.0
(1.4502434036177065, 3.575584120525979, 2.341315802600649, 5.183185054196252)
576.0
(1.4499841737624717, 3.577767679085641, 2.3410167204190606, 5.183547816864432)
584.0
(1.449083364291771, 3.57671202246673, 2.3401627798338196, 5.183209187275654)
592.0
(1.448489324649175, 3.576087397845117, 2.3379467646280925, 5.183476626078288)
600.0
(1.4484490316949392, 3.575723585815228, 2.338877160298197, 5.182617156129134)
608.0
(1.45010132468366, 3.575701097752398, 2.340741287578236, 5.184387244187392)
616.0
(1.4499019274535851, 3.575461303752329, 2.340763645294385, 5.181556328749045)
624.0
(1.450155159906496, 3.5757765316217216, 2.3410170621509794, 5.181452588190006)
632.0
(1.450174422375858, 3.577268971308856, 2.342200291156769, 5.182064193487167)
640.0
(1.4510201547800758, 3.5774432579609807, 2.3432824552795033, 5.184267161804953)
648.0
(1.4504610437263803, 3.576050306787259, 2.341276756147059, 5.18315065779337)
656.0
(1.4502008174916348, 3.576955718678823, 2.34023576472179, 5.181480976472418)
664.0
(1.4510896542952174, 3.576564210646159, 2.341183012440091, 5.182916459583101)
672.0
(1.452527429864687, 3.576854521051584, 2.34328787467059, 5.1855401207419005)
680.0
(1.451438931878223, 3.5751390602306574, 2.3421895559443984, 5.183845902598182)
688.0
(1.4510969466519081, 3.575451176983929, 2.341475755318828, 5.182437403448697)
696.0
(1.4507384618574923, 3.5749239745406487, 2.3414335467598657, 5.181246692484075)
704.0
(1.4507191022125523, 3.575088153521962, 2.3407940971717407, 5.182270328650314)
712.0
(1.4503113600942823, 3.5756514771607573, 2.3419203678766887, 5.181447654300266)
720.0
(1.4509168634047875, 3.5761014671797953, 2.343246449481, 5.1814544436695815)
728.0
(1.4513806815704573, 3.577190114877279, 2.3430748530056165, 5.181408514147219)
736.0
(1.451040738612734, 3.5769684957447163, 2.341585277229227, 5.180531681224864)
744.0
(1.4514015114053767, 3.577207054993818, 2.34228837236445, 5.182815506103191)
752.0
(1.450067306741288, 3.577783744404235, 2.340534032018561, 5.181048935338071)
760.0
(1.4505265185143799, 3.5776980332236534, 2.3422789350152016, 5.183773949742317)
768.0
(1.4516564828065253, 3.5786185107779347, 2.344300262706796, 5.186353983338346)
776.0
(1.4521609052103392, 3.578999982317526, 2.345169904280682, 5.186175044702024)
784.0
(1.452138932591135, 3.5789421979586544, 2.344678770412098, 5.185190460898659)
792.0
(1.4521349601447582, 3.5807536913101528, 2.344109435081482, 5.190733742713928)
800.0
(1.4520543638137307, 3.580934513374533, 2.3453234941652505, 5.190685319428397)
808.0
(1.4511041718662954, 3.5799727432274153, 2.343979840185128, 5.19036434210983)
816.0
(1.4509555175177102, 3.5803493193150095, 2.344147404420723, 5.190282307782219)
824.0
(1.4506616267160728, 3.581129414269496, 2.3437572603042307, 5.188511142363915)
832.0
(1.4504901490041189, 3.5810994585478984, 2.3435552528926302, 5.187585730779738)
840.0
(1.4503810936409347, 3.5805555445898536, 2.342824731232985, 5.18731231959361)
848.0
(1.4501519783217216, 3.5813471812209525, 2.341873692574902, 5.1852441769894035)
856.0
(1.4505914053707212, 3.5814768108770783, 2.3418761248941773, 5.185601424287866)
864.0
(1.4510558635133122, 3.5808413951207876, 2.342512555078629, 5.187612026109608)
872.0
(1.4512980455024675, 3.580210877212544, 2.3429705944928254, 5.18963304866444)
880.0
(1.4511715345554523, 3.5799957646824887, 2.3431906678655126, 5.188611851082192)
888.0
(1.4518203355504997, 3.5805464847677984, 2.344267583319119, 5.190318013940539)
896.0
(1.451212316158071, 3.5798656598127545, 2.343263765351962, 5.189728914108952)
904.0
(1.450032353401184, 3.5798845625660864, 2.3405588049637642, 5.1865471915194865)
912.0
(1.4493096591985744, 3.5794446196993555, 2.3400435136712114, 5.185859261388364)
920.0
(1.4493978773725444, 3.5794382994217613, 2.3399411994835426, 5.1856528315050845)
928.0
(1.4496903747447536, 3.5796320763867646, 2.3402029652880807, 5.185295333210219)
936.0
(1.4511663098582777, 3.5801408587433348, 2.3422789432234685, 5.186670214442883)
944.0
(1.4508607170912398, 3.5804171729706007, 2.3429958640026447, 5.186421458460703)
952.0
(1.4502308410902818, 3.580039216752145, 2.3419535994529723, 5.18565540711085)
960.0
(1.449791158526397, 3.5793476771763233, 2.340623857561222, 5.18534595710187)
968.0
(1.4491351129578762, 3.579166041162702, 2.339368001359408, 5.1833758588697085)
976.0
(1.4489604673249934, 3.5789433230209786, 2.3388836984711934, 5.182080811601344)
984.0
(1.4482098381605841, 3.578618308120735, 2.337190047387154, 5.181360860024729)
992.0
(1.447715714275837, 3.5791901213023407, 2.337120843887329, 5.1793170738220216)
1000.0
(1.4481947004558549, 3.579656378748521, 2.337055255496313, 5.180110515110076)
1008.0
(1.4483578503131866, 3.57984365911356, 2.3368966541891023, 5.179368180552806)
1016.0
(1.4487277775770053, 3.579928214838782, 2.3370663933455944, 5.178348675370216)
1024.0
(1.4482837793554446, 3.5802306991352113, 2.3361931937609532, 5.178135979083157)
1032.0
(1.448283728555991, 3.5794061689844994, 2.336296994869526, 5.178028656886174)
1040.0
(1.448978219607859, 3.5792664776286736, 2.336667539509198, 5.1791211666951655)
1048.0
(1.4488425397060134, 3.579258077295692, 2.336523843534065, 5.179410049409578)
1056.0
(1.4490292616244544, 3.5791347704202474, 2.3364635947951697, 5.17979569901201)
1064.0
(1.4492325058290318, 3.578748166495778, 2.3370956289234446, 5.180053194956993)
1072.0
(1.4491367124297, 3.5787898775316798, 2.3364229325894956, 5.179917844136556)
1080.0
(1.4491939501398627, 3.5795279035779473, 2.336518126375535, 5.181086077409632)
1088.0
(1.4491972323969333, 3.579283715747562, 2.3364263990499676, 5.181975371646185)
1096.0
(1.4503144464199094, 3.579166606924595, 2.338227014610733, 5.182871127474135)
1104.0
(1.450745940208435, 3.5791545263922306, 2.338980017806129, 5.183624775289632)
1112.0
(1.4513431217521429, 3.579763343249764, 2.339932189668928, 5.1836117710386)
1120.0
(1.4517710213648511, 3.5794856994018813, 2.3402837607877474, 5.184592365373111)
1128.0
(1.4514572135579418, 3.5793420379527885, 2.3395615446735434, 5.183785703820242)
1136.0
(1.4523262938002606, 3.5798061768820806, 2.340354064127782, 5.184184577915218)
1144.0
(1.4528904259722266, 3.5793725418818543, 2.340868651866913, 5.1840883824560375)
1152.0
(1.453028700115352, 3.5793639632966925, 2.341317285340408, 5.184199359499175)
1160.0
(1.453203027685211, 3.5788556299835035, 2.342211221995419, 5.185345842413707)
1168.0
(1.4530074044453853, 3.5787050778545537, 2.3422484608734546, 5.185649154948539)
1176.0
(1.4526412951684482, 3.578563079819026, 2.3415483365187773, 5.185124374724723)
1184.0
(1.4533268257275525, 3.5782622792161956, 2.342801286070139, 5.186352985817314)
1192.0
(1.4532740365962187, 3.578276735472691, 2.3424079418182373, 5.185979344050089)
1200.0
(1.4534468079935636, 3.5777145899449656, 2.342116098530245, 5.184818694133632)
1208.0
(1.453992722506978, 3.577885642038897, 2.342852186215551, 5.185751623228977)
1216.0
(1.4539458011490067, 3.578245016016699, 2.342323574365354, 5.185339410320606)
1224.0
(1.453610447320071, 3.5779844877972584, 2.341051542913759, 5.184902466736831)
1232.0
(1.454186877752504, 3.5783128257948267, 2.342024323248094, 5.186448017243416)
1240.0
(1.4543640949787238, 3.577697761336219, 2.342221322732094, 5.187775266476167)
1248.0
(1.4539430115822773, 3.57796219901755, 2.3417246645423258, 5.1872881385171485)
1256.0
(1.4540936414010917, 3.5777855086912402, 2.3421165550811383, 5.187951932979535)
1264.0
(1.454687978439736, 3.5782749767364206, 2.3426700208172107, 5.187849239733234)
1272.0
(1.4544159846380353, 3.578025158579289, 2.341530427336693, 5.1868649303913115)
1280.0
(1.4545142128138069, 3.578424879419358, 2.341628354528676, 5.187165026338945)
1288.0
(1.454421322148891, 3.5779744952630903, 2.342022086367195, 5.1872701085644)
1296.0
(1.4543569451826481, 3.577642686905595, 2.342098057635723, 5.187360696266034)
1304.0
(1.4539504283811988, 3.5773034727177224, 2.341548054683499, 5.186672763126652)
1312.0
(1.4539989325584788, 3.5772278409551572, 2.341436264731667, 5.186773655631326)
1320.0
(1.454242656792862, 3.5776446249535527, 2.3419402435601477, 5.186961113688457)
1328.0
(1.4546749447277205, 3.577409373411945, 2.3435504907619453, 5.187994277405882)
1336.0
(1.4542526944673486, 3.5775878406617982, 2.3427360895134153, 5.1866947412490845)
1344.0
(1.454461824920403, 3.5772951546856655, 2.342683542409592, 5.186031606775769)
1352.0
(1.4538287044009741, 3.577226146389244, 2.3413163044873406, 5.185197622635785)
1360.0
(1.453717872326137, 3.5770885504853043, 2.341244682233933, 5.185962437189113)
1368.0
(1.4538420705601227, 3.576645910245129, 2.3419417364652766, 5.1859385440515915)
1376.0
(1.4539659926829311, 3.5765414933119453, 2.342656801201705, 5.186334949008303)
1384.0
(1.4540861458357037, 3.575844071660318, 2.3431032594593093, 5.186548359092625)
1392.0
(1.4540224001663071, 3.575938561708641, 2.3431139768872944, 5.18746930531093)
1400.0
(1.4536941949362783, 3.5753415971189138, 2.34297860075127, 5.186206484382803)
1408.0
(1.4536005065350208, 3.5750547543915543, 2.34217514560721, 5.185446423999334)
1416.0
(1.4540205270554243, 3.575034877821995, 2.3431268006228327, 5.186487894379691)
1424.0
(1.4542141946334413, 3.575490742935811, 2.3437949585515025, 5.186906076676353)
1432.0
(1.4546526260260078, 3.57537389286194, 2.344066219859653, 5.187821539243062)
1440.0
(1.455008690816592, 3.5755150293949223, 2.3443757934464933, 5.187999675287068)
1448.0
(1.455413367926747, 3.5761980498090122, 2.344736580010299, 5.189037273218344)
1456.0
(1.4544866071617018, 3.5756944591225452, 2.343211964831326, 5.1873241825833345)
1464.0
(1.4547717280928856, 3.5754831094976534, 2.3433210707229115, 5.187200831330341)
1472.0
(1.4551920225894128, 3.5749981428748048, 2.3442609297262655, 5.188554194166854)
1480.0
(1.4548683612737605, 3.575007985801442, 2.3438631206430416, 5.187703404375302)
1488.0
(1.4547838533625883, 3.575289321366384, 2.3433672068590785, 5.1868084101753436)
1496.0
(1.4551171590673162, 3.5749856591941507, 2.343857619356602, 5.187493364861671)
1504.0
(1.4553456517754408, 3.575022035968998, 2.3440632794899914, 5.1879025918466075)
1512.0
(1.45552011610646, 3.5747450242364636, 2.3441837423726133, 5.188861769124081)
1520.0
(1.4555130483514351, 3.5747276455406207, 2.344099966019236, 5.188972158581799)
1528.0
(1.4555952867570643, 3.575045953032913, 2.3446941040456295, 5.188932138184707)
1536.0
(1.4551927729128555, 3.5751253520332265, 2.344205951443608, 5.188234205690691)
1544.0
(1.4554099249701524, 3.575143298605137, 2.344049993249559, 5.187923283921075)
1552.0
(1.4557733435279283, 3.575271608091109, 2.3450409424610625, 5.18895060465886)
1560.0
(1.4562916451951071, 3.5756579315908885, 2.3457311160710392, 5.189605121709863)
1568.0
(1.455223168137715, 3.5757682174361385, 2.3445244561597174, 5.188725822468094)
1576.0
(1.4551031559780994, 3.5759451420091968, 2.344058729181386, 5.188024063303013)
1584.0
(1.45480855093829, 3.5757857992753226, 2.3438134409075406, 5.187471540729005)
1592.0
(1.454982534572482, 3.575786160529073, 2.3442342126369478, 5.188214406967163)
1600.0
(1.4550471532329992, 3.5761937414809757, 2.34417384418089, 5.1873498722095395)
1608.0
(1.4547630302829317, 3.5763069405590433, 2.3441641000237796, 5.187060020937778)
1616.0
(1.4548608748416596, 3.5758550237171502, 2.3444569886024365, 5.186853136335101)
1624.0
(1.454938110986761, 3.5762735158799304, 2.3447684213226916, 5.188175601117751)
1632.0
(1.455006108669246, 3.5765194613922957, 2.3450222864383603, 5.188215579056158)
1640.0
(1.4553784631843705, 3.5767838118914894, 2.345960441144925, 5.1890969808819225)
1648.0
(1.4559403407400933, 3.5771453662704977, 2.3472443145254385, 5.190217082627154)
1656.0
(1.4560270536189468, 3.576922195578838, 2.3472334066262612, 5.1901275882354145)
1664.0
(1.4565310533465952, 3.5770199674522862, 2.34744427649028, 5.19003990848669)
1672.0
(1.4567663383271012, 3.5773628953371897, 2.347597245942979, 5.189542836234683)
1680.0
(1.457190486845247, 3.577362672506491, 2.348745035334221, 5.1902457142328196)
1688.0
(1.457533108949099, 3.577550920467859, 2.3491874078534685, 5.190181158623606)
1696.0
(1.4578633985958749, 3.5777666969351403, 2.349895612734584, 5.191850073460682)
1704.0
(1.4578621797959939, 3.57789025522305, 2.349547032997987, 5.191304556677275)
1712.0
(1.4582294082572294, 3.5779751346641704, 2.350077395106471, 5.192199487464372)
1720.0
(1.4580481380086254, 3.577419558309267, 2.3499475485748715, 5.192237962175299)
1728.0
(1.4580674976591141, 3.577309759291763, 2.3498118736776887, 5.191952032976985)
1736.0
(1.457610644160881, 3.577808104746039, 2.349578117011884, 5.192149927856725)
1744.0
(1.4571838975292908, 3.5776686213613895, 2.3487162165445823, 5.191785213609808)
1752.0
(1.4569907303560863, 3.5773906773749427, 2.3478548461740667, 5.190741790424694)
1760.0
(1.457088463210682, 3.5772441967719852, 2.347923561458674, 5.192110484541811)
1768.0
(1.4574290126696363, 3.5773398451618745, 2.3486931227348946, 5.192945140976089)
1776.0
(1.4571882957433906, 3.5771703184825303, 2.3482617391064564, 5.1921396383790155)
1784.0
(1.4575440059415996, 3.577341956010025, 2.348847185926778, 5.19259249312537)
1792.0
(1.4576228650079832, 3.576793417713515, 2.348940422270033, 5.192834754519993)
1800.0
(1.458076752095887, 3.5769083906145407, 2.349437486808912, 5.193556464878859)
1808.0
(1.4582025963763834, 3.5770058401186557, 2.3493538879612994, 5.193243974105902)
1816.0
(1.458045975288801, 3.576912353420569, 2.349697070163593, 5.192688360548856)
1824.0
(1.4581111169473053, 3.576699269700638, 2.3499740284082673, 5.192877467542757)
1832.0
(1.4582991094368956, 3.5763275400820014, 2.35031447617904, 5.192983314265375)
1840.0
(1.4585425407339485, 3.576437575947104, 2.35133966016563, 5.193593448374695)
1848.0
(1.4586519929740964, 3.5762829783284444, 2.3514764853592576, 5.194186648418164)
1856.0
(1.458432196547545, 3.5764333531055708, 2.351230043198418, 5.1938205276947675)
1864.0
(1.4582753454645474, 3.5767847281236773, 2.3508677441849666, 5.1933581340007295)
1872.0
(1.4583137953217993, 3.5767484444969653, 2.3514837508505964, 5.193696137692066)
1880.0
(1.4583741801522545, 3.5764858957929815, 2.3516618801375566, 5.193671866998834)
1888.0
(1.458223204823989, 3.5761929842582614, 2.351619700339273, 5.193965243890819)
1896.0
(1.4581179283872372, 3.5756916043513036, 2.3513286895110825, 5.193685070807192)
1904.0
(1.4578511382620705, 3.5760507045665544, 2.3509178480842623, 5.1933362573759325)
1912.0
(1.4580812047235667, 3.5762671482309423, 2.3519036461909613, 5.193302420775096)
1920.0
(1.458208406398158, 3.576468674057029, 2.352054068656383, 5.194244847752741)
1928.0
(1.4582898727010105, 3.5762375942478015, 2.3518486151025315, 5.193757543879107)
1936.0
(1.458543557689023, 3.576013475160048, 2.3529179930196378, 5.1948816491743175)
1944.0
(1.458838316230256, 3.5761354271694716, 2.353519835433022, 5.195475011575417)
1952.0
(1.4589350723794527, 3.576102218047764, 2.353758682523455, 5.195512364835155)
1960.0
(1.4588262580516862, 3.576247725646443, 2.3539448831139542, 5.1948940463182405)
1968.0
(1.4585926740577346, 3.576266393564598, 2.3533187752310565, 5.1943453545512455)
1976.0
(1.4584243425859078, 3.57609658801072, 2.353468938219932, 5.193382393929266)
1984.0
(1.45835266651279, 3.575751466078192, 2.3537460742705316, 5.1936711537311355)
1992.0
(1.4584722433388233, 3.57545826363034, 2.3538733739852904, 5.194262079238891)
2000.0
(1.458365293553626, 3.5754198690481385, 2.354168639240037, 5.1939034727940045)
2008.0
(1.458435194685109, 3.5755068535165417, 2.354066388947623, 5.193877329902043)
2016.0
(1.458415805262775, 3.5755067474549076, 2.353709064453487, 5.193729743655963)
2024.0
(1.4587851646612948, 3.575519189558564, 2.354001336210356, 5.194191754333616)
2032.0
(1.4587266134865144, 3.5756185401909577, 2.3540320574068554, 5.194093982846129)
2040.0
(1.4587893900170457, 3.5756011671661483, 2.3539441786706448, 5.193603543564677)
2048.0
(1.4586085409853708, 3.5761012929007334, 2.354176832080351, 5.193376008638612)
2056.0
(1.458894957896582, 3.5761093381003723, 2.354530380677807, 5.193944165872973)
2064.0
(1.4589112372529554, 3.5756736584471707, 2.3543189961937863, 5.194393067746549)
2072.0
(1.4590485113457992, 3.5755365684525153, 2.3544566163649927, 5.194930768013)
2080.0
(1.4591281945563823, 3.575589502600102, 2.354564203613106, 5.1950556948723925)
2088.0
(1.4588673665607703, 3.575324501038023, 2.35389872270686, 5.194590433863283)
2096.0
(1.458993700435633, 3.575168497336896, 2.35406143855686, 5.1944335440719085)
2104.0
(1.4593482056181089, 3.5750746731540524, 2.35456530975573, 5.194962257688696)
2112.0
(1.4597050211058473, 3.5752949688822757, 2.355096974462833, 5.195738743836025)
2120.0
(1.4594559596109211, 3.5751571512844236, 2.354269950013412, 5.195134365468993)
2128.0
(1.4594760569517085, 3.5747009909250433, 2.3547539005565286, 5.195611073283221)
2136.0
(1.4596113857549073, 3.5747700041043724, 2.3545466510217583, 5.195693192197315)
2144.0
(1.4592217208616796, 3.5746912459258344, 2.3539374078516624, 5.19605210988495)
2152.0
(1.459143475525909, 3.574666975528101, 2.353509106459441, 5.195753977033827)
2160.0
(1.4592149593623363, 3.57455206668955, 2.3541110371311653, 5.196463137975038)
2168.0
(1.459120230995776, 3.5746217574448966, 2.353618833948584, 5.196013461141026)
2176.0
(1.4592757689265103, 3.574628373241411, 2.3537809455787744, 5.1962205062419065)
2184.0
(1.4589604434903956, 3.574474478577765, 2.3533586002614375, 5.196349258840519)
2192.0
(1.4591855030439116, 3.5742037788450602, 2.35372783834284, 5.196679699637673)
2200.0
(1.4592794774613087, 3.574006693726062, 2.353566322637641, 5.196500963059025)
2208.0
(1.459263168329151, 3.573665298628003, 2.3543106115251673, 5.196906036418268)
2216.0
(1.459400671688344, 3.5735529736538143, 2.3546919959912196, 5.197134297528713)
2224.0
(1.4595312386697765, 3.5733398119732485, 2.3549491094432, 5.19672000707264)
2232.0
(1.4596795685589314, 3.5732267024150723, 2.35547303046499, 5.197416520118713)
2240.0
(1.4598223191563344, 3.5734753241789385, 2.3553030100581487, 5.197633105240683)
2248.0
(1.459723166725103, 3.5733767129913607, 2.355294088945321, 5.19724465431051)
2256.0
(1.4596496187282113, 3.573370255016946, 2.3552031264288265, 5.196943486958427)
2264.0
(1.459496482131137, 3.5731161893987697, 2.3551441481415654, 5.196846595952208)
2272.0
(1.4593743595114925, 3.572950699917041, 2.3546365051938776, 5.196086025238037)
2280.0
(1.4593300101431934, 3.5732538230453317, 2.3544823289751173, 5.196018700833087)
2288.0
(1.459205311038353, 3.5733410240987014, 2.3538846587470186, 5.195448102851363)
2296.0
(1.45919466825823, 3.573045764059851, 2.353893799914254, 5.195432133144802)
2304.0
(1.4590224453012837, 3.5728067097342135, 2.3537646833175607, 5.195518706496611)
2312.0
(1.4591027231565836, 3.5728317237952374, 2.3538811453457535, 5.1956068334908325)
2320.0
(1.4594039698083376, 3.5728324062472523, 2.354429348227904, 5.195684567349883)
2328.0
(1.4593300624967438, 3.5728781622612744, 2.3542653526345343, 5.195900912154211)
2336.0
(1.4590935967481178, 3.572935296995393, 2.3541433241587044, 5.195726860098464)
2344.0
(1.458991878849714, 3.573195880812498, 2.3539588459494976, 5.195491185804614)
2352.0
(1.459013072994806, 3.5729435748770935, 2.353983205859944, 5.195529805199574)
2360.0
(1.4587660023590197, 3.572883548392221, 2.353712497530757, 5.195291706033655)
2368.0
(1.458688098523352, 3.5727446180514244, 2.3534109086701362, 5.195813562733557)
2376.0
(1.4587757691190948, 3.572725245849819, 2.353591346900735, 5.19666290923253)
2384.0
(1.458873123104955, 3.572530010919851, 2.3538910074776234, 5.197070110601725)
2392.0
(1.4585509428630272, 3.5723265174298264, 2.353578320344289, 5.1968415180842085)
2400.0
(1.458372335819113, 3.5726811691852465, 2.353529176046682, 5.1963730000974335)
2408.0
(1.4581875464330052, 3.5727816381712314, 2.353267237050644, 5.195987267209994)
2416.0
(1.4583008429988382, 3.572665499663315, 2.353495469581176, 5.196305131754859)
2424.0
(1.4581170880823935, 3.5726505290081367, 2.353382986627127, 5.195988579800255)
2432.0
(1.4579937973227657, 3.572618679979988, 2.352936432791538, 5.195581723822922)
2440.0
(1.4578806949548082, 3.5729588482021275, 2.3534390528996787, 5.1963312002568465)
2448.0
(1.4577802871551109, 3.5728823462639854, 2.3529709317396827, 5.195801564070612)
2456.0
(1.4578067712824454, 3.572892309259466, 2.3528974574881714, 5.195751314039354)
2464.0
(1.4578016216122216, 3.5725963422271523, 2.3530846452250063, 5.19576040132146)
2472.0
(1.4576830524831048, 3.572567535076419, 2.352841665667872, 5.195535732084705)
2480.0
(1.4578469932989675, 3.5728224544894114, 2.3528917694398443, 5.195617447328721)
2488.0
(1.457854835364299, 3.572631064734047, 2.352908894037589, 5.195423485376896)
2496.0
(1.4580505442457459, 3.572589973168249, 2.3533054510244544, 5.195528973405734)
2504.0
(1.4580078224657447, 3.5724518005665775, 2.3532676036190834, 5.195395680749492)
2512.0
(1.4577950385354814, 3.572139165514036, 2.353202691910759, 5.195253105769082)
2520.0
(1.4578982490008767, 3.5720574485575276, 2.353181585480895, 5.195462026173556)
2528.0
(1.4578725430021526, 3.572243105761659, 2.3530476191066416, 5.195571801639882)
2536.0
(1.458116566774043, 3.5722029440248346, 2.3535344315774784, 5.196189784403867)
2544.0
(1.4581844679147098, 3.571900674800799, 2.3534341269525987, 5.1961764870766185)
2552.0
(1.458293848671019, 3.571923125138124, 2.353515100479126, 5.196115897595883)
2560.0
(1.4581573821859568, 3.571972539793741, 2.3536941351548903, 5.19600865402697)
2568.0
(1.4581739335372952, 3.5721558274176806, 2.353964913705861, 5.196022706002182)
2576.0
(1.4579152811560838, 3.5721523356773472, 2.3534750768643784, 5.195628344828131)
2584.0
(1.4580217408545224, 3.5724494809761618, 2.3537300633795466, 5.196127074736136)
2592.0
(1.4578555392302, 3.572584768750663, 2.353355767910297, 5.195460357666016)
2600.0
(1.4577610399231222, 3.572473525284929, 2.353389944766928, 5.194936976111008)
2608.0
(1.4576238711857286, 3.5723383020045016, 2.3533502201056993, 5.194989205864956)
2616.0
(1.4578875124954231, 3.5724631149082944, 2.353898038951362, 5.195289729571924)
2624.0
(1.4578246412895008, 3.572423729449451, 2.3536707869416675, 5.1955216387484935)
2632.0
(1.457884613356807, 3.5724390687848797, 2.3534729805859653, 5.195297299009381)
2640.0
(1.457838985810107, 3.572358182075232, 2.3535063043461824, 5.1948256780733875)
2648.0
(1.4578211647738892, 3.5722767820996055, 2.3540648537946036, 5.195539812007582)
2656.0
(1.457898514004083, 3.5727235788932457, 2.3541378767282755, 5.195196355069363)
2664.0
(1.457797548215011, 3.5728495964293563, 2.353864689786991, 5.194837236118888)
2672.0
(1.4579611654824285, 3.5728251115002165, 2.3542808966850166, 5.195130392330796)
2680.0
(1.4577188881868053, 3.5729733192112794, 2.3535966050057184, 5.195277920791081)
2688.0
(1.457874976651251, 3.5728624021072286, 2.3536760495749003, 5.195505736489678)
2696.0
(1.4581118570806006, 3.5731487435239315, 2.353906134881917, 5.195941013697336)
2704.0
(1.4578302134059171, 3.573247457114379, 2.353434578858997, 5.195268445310339)
2712.0
(1.4580630314700744, 3.5733098964836296, 2.353646523812238, 5.195300421995275)
2720.0
(1.4578992698636573, 3.573656491891296, 2.3533506819929197, 5.195324601316033)
2728.0
(1.4578266201965642, 3.5733068232220413, 2.353061038151122, 5.195013702961436)
2736.0
(1.4578496642171814, 3.573209072359361, 2.3531744222946833, 5.19491377238282)
2744.0
(1.458096704662366, 3.573409543132619, 2.353281793206237, 5.194888471170914)
2752.0
(1.4579739077367644, 3.573449874889332, 2.352949071276015, 5.194909580894138)
2760.0
(1.4579276821301508, 3.573713012707887, 2.3527205624332317, 5.194690201323845)
2768.0
(1.4583529068387895, 3.5739459192604306, 2.3532485742046787, 5.194849969330713)
2776.0
(1.4583061447945134, 3.573945556091625, 2.352997860004162, 5.1951900473956405)
2784.0
(1.4580451017165594, 3.573982552212345, 2.352350224054987, 5.194891232815718)
2792.0
(1.4581083183203425, 3.573736922610427, 2.3526219190870012, 5.19509298324585)
2800.0
(1.4580077327724197, 3.5736795015385927, 2.3522644287500625, 5.194700844267494)
2808.0
(1.458236788420684, 3.573745410102359, 2.3532223389907316, 5.195317226377401)
2816.0
(1.4584523089251167, 3.5739976719933937, 2.353917697333749, 5.195649691411524)
2824.0
(1.458382489906866, 3.573746730933877, 2.353769544154237, 5.195506114744197)
2832.0
(1.458496380544884, 3.57380540003415, 2.354007342163946, 5.196118858498587)
2840.0
(1.458453541035565, 3.5737729760506847, 2.3539709870734913, 5.196223079488519)
2848.0
(1.4584195011136245, 3.5738124671551184, 2.3539389876090513, 5.195753446146219)
2856.0
(1.4585531904627491, 3.573968525286057, 2.3544053565190493, 5.195677722632552)
2864.0
(1.4584282511497606, 3.5739400447128467, 2.35417188973812, 5.1953362156753755)
2872.0
(1.458708166351749, 3.5739494366474616, 2.354793883694543, 5.195827392737071)
2880.0
(1.4587757469792115, 3.5739799937786385, 2.3546875097745015, 5.195990846427854)
2888.0
(1.4586912249703763, 3.573754763808029, 2.3544975756281645, 5.195828612996729)
2896.0
(1.4586067963853355, 3.5738360621812566, 2.354175462538874, 5.195677216059577)
2904.0
(1.4586294554378634, 3.5738000326741, 2.3545809309561174, 5.196165117588672)
2912.0
(1.4589187726786692, 3.5740373716338656, 2.3550149349317158, 5.196191779881308)
2920.0
(1.4587903758460055, 3.574151013040088, 2.35497952419552, 5.196072393427781)
2928.0
(1.4587177364637807, 3.5742073529400322, 2.3550004478371434, 5.1958339818491925)
2936.0
(1.45879800921387, 3.574356913762584, 2.3550974843294723, 5.195786008368367)
2944.0
(1.458898018389375, 3.574394304757992, 2.354983974601518, 5.195565072501578)
2952.0
(1.4590831811162266, 3.5743556874198363, 2.355301014152733, 5.195982978150651)
2960.0
(1.4587561137311542, 3.5743461946220583, 2.3547669189638203, 5.19583480634458)
2968.0
(1.4587981661441185, 3.5744172079746304, 2.355133673837108, 5.19628131645982)
2976.0
(1.4588114544949007, 3.5745645382806703, 2.355128017251677, 5.196336775618648)
2984.0
(1.458624379201369, 3.574959097244884, 2.354984919017649, 5.196004316768544)
2992.0
(1.458621416648229, 3.5748406293587425, 2.355369915644328, 5.196432591756185)
3000.0
(1.4587035050536408, 3.5751755142311525, 2.3553966848140067, 5.196465785199023)
3008.0
(1.4585717421430175, 3.5751666247712937, 2.3554254292809365, 5.196467890347347)
3016.0
(1.4588393435158111, 3.5751441348457047, 2.355751778082873, 5.196867711960324)
3024.0
(1.4588081639722028, 3.5751273331476594, 2.355735737289791, 5.197365024788084)
3032.0
(1.4587562719458027, 3.574748795169485, 2.355778996567977, 5.197826175940664)
3040.0
(1.4587996083059962, 3.574762142897741, 2.3560946457029326, 5.197827459320309)
3048.0
(1.4587338664885903, 3.574951932564237, 2.355927052922274, 5.19811739347368)
3056.0
(1.45873984622504, 3.5749648043335647, 2.3559507003963462, 5.197912486352746)
3064.0
(1.4590100460530568, 3.575209963254217, 2.356323660661777, 5.198467745135228)
3072.0
(1.4588784464768, 3.575202506209323, 2.3558751186767184, 5.198125186523834)
3080.0
(1.4589964401150615, 3.5752847899490483, 2.3558115557685415, 5.198271972527776)
3088.0
(1.4591901859302236, 3.5754965972097885, 2.3561014574627546, 5.198735100354335)
3096.0
(1.459386379890067, 3.5755281445511353, 2.3566079526832424, 5.199187407788542)
3104.0
(1.459273468693455, 3.5755662049592245, 2.3562951841820174, 5.198939609037267)
3112.0
(1.4593626451606934, 3.57550721135632, 2.356370586615342, 5.199224946437738)
3120.0
(1.459089334701638, 3.5753419164073152, 2.355727971362336, 5.198783112303985)
3128.0
(1.4590814241341181, 3.575295921052861, 2.3556949265149174, 5.198489636790995)
3136.0
(1.4590401368703854, 3.5753101748761162, 2.355414638689153, 5.19806396930879)
3144.0
(1.459118066724333, 3.575320012898303, 2.3562246270591234, 5.198809157773323)
3152.0
(1.4590699164550516, 3.5753371817741515, 2.356238415271421, 5.198776909067661)
3160.0
(1.4589072211146956, 3.575614576257075, 2.3559632030400364, 5.198035400323193)
3168.0
(1.45873756603495, 3.5756445098845417, 2.3555428147015705, 5.197927657542961)
3176.0
(1.458782040144331, 3.5754310320678817, 2.3558753782780326, 5.1974819880634096)
3184.0
(1.4588751109844462, 3.5756243401438987, 2.3560819440617, 5.197619191984784)
3192.0
(1.4586801118031145, 3.5755455259104587, 2.355747202634811, 5.1972475945949554)
3200.0
(1.458754701358719, 3.575579157930578, 2.355558080863477, 5.197014537535403)
3208.0
(1.4586328802565438, 3.5752694722923444, 2.355328838030497, 5.196817511942849)
3216.0
(1.4586997123680103, 3.5750239487983926, 2.3554514004633975, 5.196523994133431)
3224.0
(1.458793116253939, 3.5751884995900296, 2.3554356818151945, 5.196605122915589)
3232.0
(1.4587519065281491, 3.575277590288727, 2.3552334591194435, 5.19610366821289)
3240.0
(1.458678725391186, 3.5752429713142133, 2.355008242752752, 5.195993459870663)
3248.0
(1.458710918024512, 3.5750579199405013, 2.3550827450482794, 5.1958633933664835)
3256.0
(1.4587812884254199, 3.5750208672794392, 2.3552835659653533, 5.196120082163343)
3264.0
(1.458827100767046, 3.5750738076920867, 2.3554416140017707, 5.196732208606375)
3272.0
(1.4589242377295726, 3.5751442279442345, 2.3556152396085785, 5.196955135391979)
3280.0
(1.4589820583226327, 3.5751798757126556, 2.355933000861583, 5.197095867491116)
3288.0
(1.4589253535620796, 3.574896958717118, 2.3562424917822904, 5.197234257911015)
3296.0
(1.4588875463886353, 3.574948572722932, 2.356171296237456, 5.197195738914804)
3304.0
(1.4587831299230096, 3.5747344428926957, 2.356169592931075, 5.196950806511773)
3312.0
(1.4587643957461218, 3.574604582554735, 2.356337871896215, 5.1973776644970995)
3320.0
(1.4586214293152666, 3.5746047282011855, 2.355896443128586, 5.197232965093392)
3328.0
(1.4584392808931623, 3.574508164904158, 2.355500848459111, 5.196954855244223)
3336.0
(1.4584560214082876, 3.574247796784178, 2.3559553126969406, 5.198008425498123)
3344.0
(1.45845423642377, 3.574637864099158, 2.3559245050380224, 5.197876039154489)
3352.0
(1.4584655093827419, 3.5745520290683306, 2.3560238520304364, 5.198281883058094)
3360.0
(1.4583381626958518, 3.574460957559687, 2.355692028149856, 5.197998129556978)
3368.0
(1.4583891886705753, 3.5743640922338797, 2.355765069830474, 5.198254866622635)
3376.0
(1.4583747211852536, 3.574389631261867, 2.355601799403522, 5.198164326642986)
3384.0
(1.458365550950029, 3.574430146941381, 2.355500301100173, 5.198123199759789)
3392.0
(1.4581608566817115, 3.5742224009167733, 2.3554133908888875, 5.198605498145608)
3400.0
(1.458042230614474, 3.574045096465482, 2.3552243480100317, 5.19839230725463)
3408.0
(1.4581009728498147, 3.5738444202983484, 2.35530255270786, 5.198689092238558)
3416.0
(1.4579875228108368, 3.573880737559768, 2.3551445792768604, 5.198883116802323)
3424.0
(1.4578880462578405, 3.5739369117192514, 2.3548265264862347, 5.1987937180312365)
3432.0
(1.4577669954923695, 3.5737414035963524, 2.3547947384590326, 5.198523250845976)
3440.0
(1.4577296230328332, 3.5735296081000136, 2.354787245150785, 5.198466870734974)
3448.0
(1.4577969362165917, 3.573561804879419, 2.3550472099471977, 5.198467188411289)
3456.0
(1.4575472220296672, 3.5733412265179396, 2.3548549785349717, 5.19914126010745)
3464.0
(1.457605728630646, 3.573479071850505, 2.354675420418313, 5.199288904392225)
3472.0
(1.4574681249500692, 3.573258054245456, 2.354598640025347, 5.199223817628005)
3480.0
(1.4572358488216313, 3.5731578099925394, 2.354249828452364, 5.198816325686393)
3488.0
(1.457102360438291, 3.573012730610446, 2.3539263727463084, 5.1987386731861385)
3496.0
(1.4571493064738028, 3.5729968635509395, 2.3538742751291353, 5.198837110441025)
3504.0
(1.4571797569751197, 3.57282205161454, 2.3540221194743025, 5.198888176937581)
3512.0
(1.4573089477352121, 3.573058633957661, 2.354075805165551, 5.199388367479497)
3520.0
(1.4572202653334796, 3.5728525414149015, 2.353875679223716, 5.199072436680869)
3528.0
(1.4571881759321796, 3.5729831433728125, 2.3538809410587156, 5.199353573009439)
3536.0
(1.4570687420111208, 3.5729372991820108, 2.35356964322299, 5.19929599223772)
3544.0
(1.4571104901297405, 3.573015287497867, 2.3537715501613445, 5.19906946130701)
3552.0
(1.457108973117357, 3.573116873617623, 2.353896079974228, 5.199302302585559)
3560.0
(1.4571413649705494, 3.5729234832749586, 2.3541054175039045, 5.199919254790507)
3568.0
(1.4574266185263125, 3.5728986491478074, 2.3544133130869342, 5.200265821461176)
3576.0
(1.4574212825557749, 3.572971314117052, 2.354417748749256, 5.1999068302767615)
3584.0
(1.4571921011320998, 3.5730236099856154, 2.3539768056508428, 5.199621425705126)
3592.0
(1.4569349290430547, 3.5728706921799738, 2.3535840140448676, 5.199818840026856)
3600.0
(1.4566583121298686, 3.572975098750878, 2.353109022994792, 5.199571336716612)
3608.0
(1.4568512482420268, 3.5728854027594936, 2.353312489205757, 5.199611535114524)
3616.0
(1.4568084842190312, 3.5727646913087177, 2.353231804260355, 5.19981955534575)
3624.0
(1.4568627015872149, 3.5727966361148313, 2.353181756540542, 5.2001173107634555)
3632.0
(1.4570993856086836, 3.5730135392583104, 2.3536977526905773, 5.200532379779187)
3640.0
(1.4569360329034298, 3.572829098522719, 2.353477133993517, 5.200391557132988)
3648.0
(1.4570465743932994, 3.572938704038373, 2.353647575336682, 5.2004252930438755)
3656.0
(1.4570689968049007, 3.5730648280139286, 2.353859825946358, 5.200210469258404)
3664.0
(1.4572015815051294, 3.573058272223892, 2.354034175540367, 5.200642515111853)
3672.0
(1.4572632096221914, 3.5730111063212227, 2.353901653704436, 5.200278597292693)
3680.0
(1.457256539977295, 3.5729788716443887, 2.3541153103048527, 5.200384613748745)
3688.0
(1.457294880021444, 3.5728154453650403, 2.3541400174557903, 5.200628021578768)
3696.0
(1.4573001585273198, 3.572892519126552, 2.3543424920438434, 5.200881066126648)
3704.0
(1.457523026423336, 3.572870006540473, 2.3544196553271393, 5.200696472463937)
3712.0
(1.4573479691019622, 3.5727683117704365, 2.354167547020861, 5.200670214622251)
3720.0
(1.4573190470781705, 3.5727953273507667, 2.353947975093203, 5.20033716336852)
3728.0
(1.4573484369946497, 3.5728501282576217, 2.3540972075574658, 5.2004903123516595)
3736.0
(1.4573384121729014, 3.5727254912619313, 2.3542368371262508, 5.200379349227644)
3744.0
(1.4574767069807693, 3.5726191900034676, 2.3541786304669086, 5.2006647683409994)
3752.0
(1.4573922929928658, 3.5725632139608026, 2.3538795303791127, 5.200469404585818)
3760.0
(1.4575197057929008, 3.572706005254695, 2.3539642776400167, 5.200054534175087)
3768.0
(1.4575931095218255, 3.572777712944971, 2.3541020766153173, 5.199886277570563)
3776.0
(1.4575269054660838, 3.5727865273916937, 2.354483627113681, 5.200248907786847)
3784.0
(1.4573565947387037, 3.572782796732304, 2.3543393229633445, 5.199623947908104)
3792.0
(1.4575928596760097, 3.572791588950047, 2.3546563655451727, 5.199849120692203)
3800.0
(1.4576340194071542, 3.572821528101969, 2.354718534385457, 5.199881148939373)
3808.0
(1.4576063212983514, 3.572903049652069, 2.3547861511102512, 5.199858443542096)
3816.0
(1.4576910166186767, 3.5730326487618873, 2.354822956368514, 5.1998384148505945)
3824.0
(1.457566058399284, 3.5731567162651188, 2.354474774979848, 5.19950794327483)
3832.0
(1.4572491434713204, 3.573042527900843, 2.3538946146766344, 5.198734185099601)
3840.0
(1.4572311706701584, 3.572972204723149, 2.3538108392465635, 5.19906417247907)
3848.0
(1.4573129201114672, 3.573119387293765, 2.353756528672341, 5.199214805705913)
3856.0
(1.4573946821023218, 3.573218468596861, 2.3539183988827848, 5.199319126689903)
3864.0
(1.4573942103754145, 3.5732275389281396, 2.3538869087361105, 5.199243161303938)
3872.0
(1.457482990346004, 3.573565888074722, 2.3541675159611652, 5.199637098410695)
3880.0
(1.4574574455158946, 3.5735082371117346, 2.3539796478954362, 5.199357079870907)
3888.0
(1.4575779790812204, 3.5735681918372433, 2.3539854554914594, 5.199514152088205)
3896.0
(1.457668639322529, 3.5738110144905137, 2.3539484148142766, 5.199560409686605)
3904.0
(1.457636362478777, 3.5737353111790857, 2.3539066924151713, 5.199597642465603)
3912.0
(1.4576965384033262, 3.5736991029571974, 2.354059831950129, 5.199901169173572)
3920.0
(1.4577280014844387, 3.573597949230712, 2.3541249719025403, 5.199853178439946)
3928.0
(1.4578211588739622, 3.5736541304377836, 2.3541697113494564, 5.199963475630535)
3936.0
(1.4576937493548916, 3.573470287103797, 2.354056778108856, 5.200034433639558)
3944.0
(1.4576028656621693, 3.573517980158252, 2.3538236352596207, 5.199626856969918)
3952.0
(1.4576492678637456, 3.573514306510038, 2.353754776174372, 5.199900294795181)
3960.0
(1.4575839906390156, 3.573772530800129, 2.353679174857755, 5.199886783476798)
3968.0
(1.4575038334313533, 3.5737899978763927, 2.353696861017638, 5.199933843593482)
3976.0
(1.4574840628657955, 3.5736668295114367, 2.353926435531861, 5.199953572338365)
3984.0
(1.4577684953719199, 3.5737851321243586, 2.3545681145004855, 5.2004450356554175)
3992.0
(1.4577119702398778, 3.5736201117558037, 2.3545658082962038, 5.2006884288787845)
4000.0
(1.4577308727536136, 3.573726493815408, 2.354237861500053, 5.200155648404729)
4008.0
(1.457699602165545, 3.57377818501243, 2.3542548009598874, 5.1998812316423395)
4016.0
(1.4578049060097982, 3.573742222795687, 2.3543912255266313, 5.199746975604867)
4024.0
(1.458020932277635, 3.573797127039921, 2.3547157905404528, 5.199933822192843)
4032.0
(1.4579699286877519, 3.573631544931312, 2.3546611936965793, 5.19955261060507)
4040.0
(1.458107621567287, 3.573631255781149, 2.3550000765578076, 5.199785988321417)
4048.0
(1.4579578305078447, 3.5736336756263207, 2.3545672263384336, 5.199173953641331)
4056.0
(1.4579174613330776, 3.573585135064817, 2.354648361525198, 5.199249199994906)
4064.0
(1.457925875493726, 3.57354679507583, 2.3544725008704104, 5.1992861489181665)
4072.0
(1.4579673754818299, 3.5737198873197853, 2.354545121099435, 5.1994046884424545)
4080.0
(1.4579776837372034, 3.5736587116384464, 2.3545191819887106, 5.200145881003363)
4088.0
(1.4580498325813096, 3.5740054812527835, 2.354539828840643, 5.200398709625006)
4096.0
(1.4580624934438375, 3.5740752584160678, 2.3543753763388473, 5.200442578127975)
4104.0
(1.4578520991343005, 3.5740932170300397, 2.3538768374966277, 5.199790275514358)
4112.0
(1.4578637765304556, 3.574206273149408, 2.353720423318807, 5.1997865167636315)
4120.0
(1.457770174773511, 3.5744015601322983, 2.3534877702247265, 5.199744199597558)
4128.0
(1.45779511992544, 3.574600843853335, 2.353680403596889, 5.1995683777032555)
4136.0
(1.4578987080531922, 3.574608509763246, 2.353756242737347, 5.199636663709368)
4144.0
(1.4577467438544152, 3.5744412896787097, 2.35367247180902, 5.199433271595509)
4152.0
(1.4578044436442164, 3.574346422726614, 2.353740683885721, 5.19976460658587)
4160.0
(1.4578256778090106, 3.574371630480072, 2.3535760483220076, 5.199555969055234)
4168.0
(1.457644061453041, 3.5743204390678276, 2.3534803285452597, 5.199542941718266)
4176.0
(1.4575978851882496, 3.574083959404363, 2.3535103656593748, 5.19953483286141)
4184.0
(1.4574976170023206, 3.573941267456338, 2.3534227395785674, 5.199280533171792)
4192.0
(1.4574951236588614, 3.57408048377828, 2.3535626924605597, 5.199525926680792)
4200.0
(1.4573728971239959, 3.5741109524789243, 2.35352008424331, 5.199035951846453)
4208.0
(1.4575190172306274, 3.5739862610238133, 2.353590578010458, 5.199198169092978)
4216.0
(1.4574929766752052, 3.573725812566195, 2.353489767872926, 5.199038594058066)
4224.0
(1.45752101892954, 3.5735800250520704, 2.353481565846838, 5.199179926982223)
4232.0
(1.4575179863650845, 3.5735435825005775, 2.353550672531128, 5.199091905018069)
4240.0
(1.457390317416236, 3.5736037509369547, 2.3535452939696233, 5.198874991716862)
4248.0
(1.457387469372803, 3.5736387861155166, 2.353464512896717, 5.199072482890653)
4256.0
(1.4572755056546955, 3.5737879672271933, 2.3533175680471854, 5.199236462755901)
4264.0
(1.4573094312394603, 3.5738363661693726, 2.3531955748461604, 5.19914686278011)
4272.0
(1.457494535499087, 3.5740969415390356, 2.353439603787716, 5.1996027910820795)
4280.0
(1.4575031830359306, 3.5742123192236672, 2.3533628195969025, 5.199396163669984)
4288.0
(1.4575938328379137, 3.574156639667188, 2.353334699485111, 5.199605063575162)
4296.0
(1.457534274730319, 3.574260109710541, 2.353276280665486, 5.199447737307353)
4304.0
(1.4574779018151516, 3.5743904679769467, 2.353120099635646, 5.199074946882995)
4312.0
(1.4574894844795818, 3.574394362480057, 2.3532154458540457, 5.199328508200469)
4320.0
(1.457294139398224, 3.5746473040827684, 2.3533631741670056, 5.198722860509058)
4328.0
(1.457071914760279, 3.5743999671208373, 2.353019213324543, 5.198649116987672)
4336.0
(1.4570235881549658, 3.574449963332806, 2.3529340922283644, 5.1983977391574925)
4344.0
(1.456925103755887, 3.574356669517182, 2.3527650846277965, 5.19817755502813)
4352.0
(1.4567464467992477, 3.57455287337271, 2.352503109853202, 5.198132976916952)
4360.0
(1.456739692515506, 3.574480752008139, 2.3524794914783578, 5.1978906109219505)
4368.0
(1.4568652907417068, 3.574466827943468, 2.3526134303544515, 5.1978271430327645)
4376.0
(1.4568702038241563, 3.574193330901715, 2.352582114456344, 5.197882829791438)
4384.0
(1.4569573735034531, 3.574288789571551, 2.3527547731208456, 5.198129517567397)
4392.0
(1.4571482152153146, 3.5742499074240937, 2.3529778640920465, 5.198554059808904)
4400.0
(1.4571620006039874, 3.574322709413161, 2.3528437973583243, 5.198391234160768)
4408.0
(1.4572573396903665, 3.5742221977342563, 2.3531014910642654, 5.19853722444479)
4416.0
(1.4573241382513944, 3.574565167397676, 2.3533058744227047, 5.198759211769587)
4424.0
(1.4571642896920336, 3.5745707840658603, 2.352930643067894, 5.19825681280143)
4432.0
(1.4573227005230414, 3.5746228988086632, 2.3534931127015537, 5.1984877002131835)
4440.0
(1.4572063793006131, 3.574770733452771, 2.35331284571037, 5.198303130890825)
4448.0
(1.4572868456853356, 3.57486157444237, 2.3534043310360593, 5.198257739924871)
4456.0
(1.45716657779283, 3.5748230605194213, 2.3532544583829926, 5.1981223441366655)
4464.0
(1.457122315474401, 3.574869312533205, 2.352911479144702, 5.197711263018559)
4472.0
(1.4571866202966444, 3.5748928458052407, 2.3529735526868274, 5.197882438557489)
4480.0
(1.4572702741081065, 3.5750843188612165, 2.353031968050462, 5.19813231010913)
4488.0
(1.4571860635726053, 3.5749853430620235, 2.3529406896265375, 5.198029677638804)
4496.0
(1.4571044599607614, 3.5748919746006593, 2.35275176744478, 5.19780125457059)
4504.0
(1.457138192595531, 3.5750246721480177, 2.3528994304914, 5.197920511800347)
4512.0
(1.4571062738784646, 3.5751016812020686, 2.3527294298188877, 5.198073199786971)
4520.0
(1.4573095305279793, 3.575091912009622, 2.353018996572326, 5.198418406631416)
4528.0
(1.457582928306001, 3.575122513426703, 2.353322151476744, 5.198717697587593)
4536.0
(1.457678713665252, 3.5752183103566897, 2.3536160861102626, 5.198819586928462)
4544.0
(1.4578301611966953, 3.5752763577822964, 2.353764233983045, 5.199266947426151)
4552.0
(1.457715219050123, 3.575135917400691, 2.3537223063017194, 5.199080120889764)
4560.0
(1.4575706035707752, 3.574999915436787, 2.353901738669534, 5.199083788382402)
4568.0
(1.4574487626396275, 3.575095114820444, 2.353527142868175, 5.198464341930576)
4576.0
(1.457733883192506, 3.575210806750345, 2.354018440213295, 5.198601096920526)
4584.0
(1.4577492671509238, 3.575328180761801, 2.3539491871092793, 5.198782419909168)
4592.0
(1.4579029112535975, 3.575335549919342, 2.3539963199781333, 5.198630420850671)
4600.0
(1.4580448302310995, 3.5755695393441624, 2.354181533886327, 5.198814715776178)
4608.0
(1.4580576705457433, 3.5757595267527913, 2.3541764547754616, 5.198789061045523)
4616.0
(1.4578965046800751, 3.5755812282575254, 2.3537356148129103, 5.198586298932666)
4624.0
(1.4577774436362667, 3.5752673693090564, 2.353479934274018, 5.198319442531606)
4632.0
(1.457637735713145, 3.575305204704277, 2.3535294952063723, 5.198234956017856)
4640.0
(1.457649126277015, 3.575222068804601, 2.3536337854119465, 5.198194682700704)
4648.0
(1.4579252261169178, 3.575278137909614, 2.354031453837234, 5.198672692800305)
4656.0
(1.4577749422903126, 3.57533394870728, 2.3538215536605023, 5.198490778332509)
4664.0
(1.4576811051532015, 3.5752554981642883, 2.353689963686956, 5.198462091896632)
4672.0
(1.4576189406661906, 3.575269297521898, 2.3535326236333605, 5.198432840852656)
4680.0
(1.4577034756464966, 3.57518145632732, 2.3534685393649157, 5.198509353012762)
4688.0
(1.4577388759873795, 3.575246369944943, 2.3532550521766105, 5.1983655347937825)
4696.0
(1.4574717219133362, 3.575329151182461, 2.352744835574611, 5.1982653887093475)
4704.0
(1.4574500090602298, 3.5753340018771103, 2.3526262484098734, 5.197974792765438)
4712.0
(1.457437127828598, 3.5753720100606086, 2.3525913218320427, 5.198003810947224)
4720.0
(1.4573196256044754, 3.5753636486961713, 2.3523534518207994, 5.197801603681948)
4728.0
(1.4573137763560422, 3.5753634213054872, 2.3523364292608724, 5.197802497728451)
4736.0
(1.4571969953521107, 3.5753004217760394, 2.3520922110012368, 5.197592210206777)
4744.0
(1.4572028627725764, 3.5754008760206046, 2.3520294472023293, 5.197457775925145)
4752.0
(1.4571940774677181, 3.575363351903865, 2.3518333403002316, 5.197537797238646)
4760.0
(1.4571564190414728, 3.5754971534332807, 2.35169365542047, 5.197441911537375)
4768.0
(1.457154418880017, 3.5754401758891987, 2.3517533578665013, 5.197668242494465)
4776.0
(1.4570062906671328, 3.5752409650884207, 2.351423476053321, 5.1973987056260125)
4784.0
(1.456998584465511, 3.5753648417101225, 2.3513391666698933, 5.197233965878494)
4792.0
(1.4570875673368573, 3.5752379048449794, 2.3513978525002797, 5.197317044734955)
4800.0
(1.4571316341641738, 3.5750677292147395, 2.351586608045708, 5.197674817927863)
4808.0
(1.4572937347341415, 3.575191011777905, 2.351858929542212, 5.198054687525347)
4816.0
(1.4576009687153657, 3.5753333442685395, 2.35220602100366, 5.198487405950948)
4824.0
(1.4574433980842694, 3.5754665844401035, 2.3519892605724713, 5.198609506057588)
4832.0
(1.4574998245997863, 3.575542463836728, 2.352012211429186, 5.1988202433940796)
4840.0
(1.457515425353062, 3.575563379958506, 2.352056611095718, 5.1986867594640245)
4848.0
(1.4575419129168574, 3.575619010064256, 2.35212980581469, 5.198550164601359)
4856.0
(1.457492603810112, 3.5756300864275232, 2.352257868961284, 5.19829661124631)
4864.0
(1.457464386787027, 3.575625951467431, 2.352254383669698, 5.198155649777116)
4872.0
(1.4574999641932425, 3.5756576054169145, 2.3522839464125087, 5.198403127857896)
4880.0
(1.4575073871694493, 3.575512986154366, 2.352328439390991, 5.198049614745544)
4888.0
(1.4574795273418715, 3.575390897119341, 2.3522795403704926, 5.198168669650757)
4896.0
(1.4574966836738936, 3.5755765498558487, 2.3523400281031797, 5.197987658359098)
4904.0
(1.457558300321867, 3.5756550045182727, 2.352603222725834, 5.198195351063235)
4912.0
(1.4573738136063745, 3.5755665034918804, 2.3524187526082603, 5.197837289174398)
4920.0
(1.4573586200690503, 3.575385497000212, 2.3524560878029117, 5.198021495497072)
4928.0
(1.457248195631481, 3.575297104932327, 2.3521996267031233, 5.197805037568029)
4936.0
(1.457279379796056, 3.5753201273320308, 2.3521291260580415, 5.197927721881558)
4944.0
(1.457384394701444, 3.5753678322431077, 2.3521397864876348, 5.198270706830002)
4952.0
(1.457330334931612, 3.5753667403616314, 2.3520638181317235, 5.198339806833575)
4960.0
(1.4573662452723668, 3.5752868870245695, 2.352149752603061, 5.198582421946257)
4968.0
(1.4573734419186781, 3.5753187192653186, 2.35233560865715, 5.198750374784807)
4976.0
(1.457311373963402, 3.5752902421694874, 2.352208996278325, 5.19874796706639)
4984.0
(1.4573825060819776, 3.575200703806477, 2.35211565441046, 5.198695990519646)
4992.0
(1.457336243224144, 3.575313031568476, 2.35233235244751, 5.198794539642334)
5000.0
(1.4573363500019423, 3.5750563834571403, 2.35231552070703, 5.198833285810086)
5008.0
(1.457456246600672, 3.57497681968489, 2.352478996608436, 5.199002931372781)
5016.0
(1.4574084201246311, 3.57511156721359, 2.352401283516246, 5.1987126017831695)
5024.0
(1.4573697542182402, 3.5750482415734064, 2.3523980555360002, 5.198719314247701)
5032.0
(1.457212670774214, 3.5749786853819394, 2.3520275793378316, 5.198453188699389)
5040.0
(1.4573058800184406, 3.5748685951128603, 2.3521352241231974, 5.19851417737982)
5048.0
(1.4573824783975753, 3.574890645621098, 2.352074958101104, 5.198729663710051)
5056.0
(1.4573131682701397, 3.574901512904274, 2.351898893172519, 5.198573092148767)
5064.0
(1.4574084963872793, 3.574844008116164, 2.352003841370062, 5.1987964678261935)
5072.0
(1.4573646989746356, 3.574852513399258, 2.3517003066896454, 5.198582381150854)
5080.0
(1.4573102373770386, 3.574827836239219, 2.351611466902607, 5.198554727266419)
5088.0
(1.4571870664950444, 3.574929388380648, 2.351458645690367, 5.19836287296361)
5096.0
(1.4572950037762662, 3.5749875912094935, 2.351848662086415, 5.1982903480529785)
5104.0
(1.457278515648021, 3.5750304322925532, 2.351929466116223, 5.197979303219695)
5112.0
(1.457272040389944, 3.5749464705035314, 2.351954006403685, 5.1978382594883445)
5120.0
(1.4573090540916425, 3.5750219864417927, 2.3518699401998298, 5.197608780377369)
5128.0
(1.4571926711225807, 3.5748765039334987, 2.352088323634733, 5.197703832406493)
5136.0
(1.4572188935791537, 3.574792820396439, 2.352213898120364, 5.197724734643014)
5144.0
(1.457173219193583, 3.574816176989129, 2.3521027054105486, 5.19741261745832)
5152.0
(1.4573108729697013, 3.5748289727420097, 2.3525027086568433, 5.197562373700992)
5160.0
(1.4573944345601018, 3.574825439013997, 2.3527176594217494, 5.197906058639195)
5168.0
(1.4573038823706843, 3.5748011874079975, 2.3526288199093095, 5.197870642177104)
5176.0
(1.4573708006790207, 3.5747872693227123, 2.352710709527687, 5.197841246186951)
5184.0
(1.457301355244015, 3.5747700997964866, 2.3525660269433066, 5.197686233579286)
5192.0
(1.457217157116303, 3.5747570677191716, 2.3523548364639284, 5.197339002902691)
5200.0
(1.4572948780248425, 3.5746624686781545, 2.352466740732735, 5.197434636305005)
5208.0
(1.4572764357403378, 3.574699287691025, 2.3524825521773356, 5.197225042647379)
5216.0
(1.4572579199605111, 3.5745883934599534, 2.3524007304339096, 5.197197018137022)
5224.0
(1.4573137455075889, 3.5746490728240956, 2.3528406514304856, 5.197294802476142)
5232.0
(1.4573789138602846, 3.574715092724922, 2.352936105509751, 5.197496561967689)
5240.0
(1.4573755887927624, 3.5746527705215954, 2.353013987948255, 5.197656004167184)
5248.0
(1.457245874543259, 3.574724768787181, 2.352914597164369, 5.197396253704843)
5256.0
(1.4570601267632561, 3.574556536462666, 2.3525497322749223, 5.196948837726675)
5264.0
(1.4571428216078033, 3.5746203192238317, 2.3524912677151297, 5.196911533975094)
5272.0
(1.457399110868573, 3.57486066472198, 2.3527773300806682, 5.197195042985858)
5280.0
(1.4572047963287573, 3.5748871260590405, 2.352482099937058, 5.197061871255941)
5288.0
(1.4572254743348256, 3.5748373139881062, 2.352505273689316, 5.197205101255204)
5296.0
(1.4572684840941141, 3.5747643588049534, 2.352640086169696, 5.197126497869937)
5304.0
(1.457229745417205, 3.5746178636074823, 2.352620114404035, 5.196893065090639)
5312.0
(1.4572963833808898, 3.5745411046874467, 2.352536978398947, 5.196975642039363)
5320.0
(1.4574485004015334, 3.574577985876179, 2.352699816405952, 5.197200356303035)
5328.0
(1.4574041763122292, 3.574380485145772, 2.3527723252326473, 5.197124537678136)
5336.0
(1.4574534758635445, 3.574353931652102, 2.352758688484123, 5.196957749520947)
5344.0
(1.4573849419574567, 3.5742507657072706, 2.352582545202053, 5.196729078421144)
5352.0
(1.4574280190045263, 3.574286696468883, 2.3525983579123197, 5.196756296015497)
5360.0
(1.457560327176099, 3.5743034468895347, 2.3527058314992844, 5.197230616198567)
5368.0
(1.4575926862612723, 3.5742900321303033, 2.352552375623158, 5.197000594366164)
5376.0
(1.4574775198615677, 3.5741231733452516, 2.3523275671529555, 5.196958195401513)
5384.0
(1.45761039449615, 3.5741156549924082, 2.3523163742410675, 5.196908333888747)
5392.0
(1.457598821995435, 3.574139084606876, 2.3522969860500758, 5.1969646581013995)
5400.0
(1.4574910314125422, 3.57430920801132, 2.3522102603545556, 5.196718703360247)
5408.0
(1.4572857639902275, 3.574388861173436, 2.351818422094934, 5.196184240732799)
5416.0
(1.4572229611310987, 3.574395280361237, 2.351706448909456, 5.196124797725396)
5424.0
(1.4574145322695748, 3.5744596259969015, 2.3519346619214154, 5.196294725555735)
5432.0
(1.4574726568206269, 3.5745591276163564, 2.3520489576984853, 5.196092874162337)
5440.0
(1.4575371569058093, 3.57459680560101, 2.3521776391896205, 5.196242484402202)
5448.0
(1.457559346628329, 3.5746192699748724, 2.352317181150934, 5.196367517594369)
5456.0
(1.4574639374611145, 3.5745320635608477, 2.3520817854393976, 5.1961729830215475)
5464.0
(1.4574769551250322, 3.5744252024880447, 2.3520234474661756, 5.19614869669864)
5472.0
(1.4575085232183882, 3.57446227975337, 2.3521793483817666, 5.196294830489332)
5480.0
(1.457577031301253, 3.574457120425956, 2.3522523766703927, 5.196200474358161)
5488.0
(1.457569483271766, 3.574292949322091, 2.352332098862316, 5.196298121017834)
5496.0
(1.4577005418060824, 3.5743247708770047, 2.3525913641896357, 5.19656425645185)
5504.0
(1.4575866823921355, 3.5743162562165773, 2.352339562553107, 5.196494789704875)
5512.0
(1.4575484868085038, 3.574234040067462, 2.3525902437127155, 5.1963816110638605)
5520.0
(1.4575777504965124, 3.5742695770072688, 2.3527111482689245, 5.196455163997093)
5528.0
(1.4574856759840353, 3.5743967867249604, 2.3526504963119597, 5.196175372669463)
5536.0
(1.4574890393242348, 3.574382837779962, 2.3526312228061075, 5.196265941058402)
5544.0
(1.4575795798484634, 3.5744158907312396, 2.3527202104628944, 5.196618983656254)
5552.0
(1.457573502183818, 3.5742282116463127, 2.3526743590402948, 5.196587804753146)
5560.0
(1.4577167902420136, 3.5742112492070808, 2.3528713166028603, 5.196744563935817)
5568.0
(1.4576343099454383, 3.5743590111552583, 2.3527049382071583, 5.196524914915285)
5576.0
(1.457475530981676, 3.5742429044808044, 2.3525627356204057, 5.196592324784287)
5584.0
(1.4573478397296393, 3.574326409602956, 2.3525437360498866, 5.196449130389824)
5592.0
(1.4574314551906926, 3.5743757384591928, 2.352613959653037, 5.196499691690717)
5600.0
(1.4575710023478332, 3.574456578688715, 2.352704529415354, 5.196434505315718)
5608.0
(1.4576208664481116, 3.574452811846834, 2.352731004739419, 5.196571868369382)
5616.0
(1.4575641995261437, 3.574393874230809, 2.3525670816006397, 5.196662668822331)
5624.0
(1.4577203008388593, 3.574323320141784, 2.3528375070203436, 5.196949001740325)
5632.0
(1.457732826006328, 3.5743022465300744, 2.352756053167032, 5.196969771554284)
5640.0
(1.457595244514368, 3.5742138014509033, 2.3524511711455607, 5.196732176599692)
5648.0
(1.4575516971031037, 3.5743919217716984, 2.3524208483635283, 5.196510979950513)
5656.0
(1.4576117477805939, 3.574427973170972, 2.3523750557737837, 5.196427294763468)
5664.0
(1.4577016331707304, 3.5744791145110493, 2.3525062326988144, 5.19647528725047)
5672.0
(1.4577303551767073, 3.574550735178265, 2.3525719867625705, 5.196565397692399)
5680.0
(1.4576927480063862, 3.5746685817662986, 2.352605439104276, 5.196657723347681)
5688.0
(1.4576588308313088, 3.574789541663875, 2.352469798889053, 5.196665652012557)
5696.0
(1.4574806389057955, 3.574739245277492, 2.352175736326991, 5.196584827936715)
5704.0
(1.4575195546348054, 3.574822708686958, 2.3521458571698486, 5.19696160658401)
5712.0
(1.4574823460170439, 3.5747586072528574, 2.352014770040979, 5.19682361962912)
5720.0
(1.4576435757686472, 3.5748243392979417, 2.35229731671637, 5.197029894956663)
5728.0
(1.4575758143282669, 3.5749400510068825, 2.352222090818227, 5.19700867029081)
5736.0
(1.457530567676742, 3.574988641415888, 2.3521797806439624, 5.197030562876327)
5744.0
(1.4574998152210417, 3.5749005459506322, 2.3519553720370783, 5.1969750905733285)
5752.0
(1.4575385640271836, 3.5748191564327563, 2.3520409180058373, 5.196942306889428)
5760.0
(1.4574165449435106, 3.574874745235443, 2.351791938697085, 5.196644585936146)
5768.0
(1.457412728394828, 3.574798872500738, 2.3519118978045985, 5.196862636840905)
5776.0
(1.4573566192248386, 3.5746485186332255, 2.3518694921153216, 5.196899850668584)
5784.0
(1.4574596832984883, 3.5746974732729737, 2.3520504160480606, 5.19711652908536)
5792.0
(1.4574069146863347, 3.5747000894006877, 2.351991407789033, 5.197028006849618)
5800.0
(1.4573966919883223, 3.574652626630164, 2.351855174569059, 5.196888850740165)
5808.0
(1.4574966961633224, 3.574641682158737, 2.35202412526578, 5.197152804147755)
5816.0
(1.4574499898129603, 3.574562899718374, 2.3519913098969303, 5.197268174899803)
5824.0
(1.4577492775905838, 3.575234065990881, 2.3523901205205155, 5.198199383862082)
